[0.016s] Invoking command in '/home/hiromasa/ros2_ws/build/mypkg': CMAKE_PREFIX_PATH=/opt/ros/humble /usr/bin/cmake --build /home/hiromasa/ros2_ws/build/mypkg -- -j8 -l8
[0.061s] [35m[1mConsolidate compiler generated dependencies of target mypkg[0m
[0.077s] [ 50%] [32mBuilding CXX object CMakeFiles/mypkg.dir/src/mypkg.cpp.o[0m
[3.190s] [01m[K/home/hiromasa/ros2_ws/src/mypkg/src/mypkg.cpp:[m[K In function ‘[01m[Kvoid route_search(int*, int*, int*, int*, int*, int (*)[2], int**)[m[K’:
[3.191s] [01m[K/home/hiromasa/ros2_ws/src/mypkg/src/mypkg.cpp:681:82:[m[K [01;31m[Kerror: [m[K‘[01m[Ky_rotata[m[K’ was not declared in this scope; did you mean ‘[01m[Ky_rotate[m[K’?
[3.191s]   681 |                fprintf(gp, "%d,%d,%d\n", x_rotate(x_pixels, y_pixels) , [01;31m[Ky_rotata[m[K(x_pixels, y_pixels), 10); // 端点に辿り着いたら,持ち上げたアームを紙にくっつける
[3.191s]       |                                                                         [01;31m[K^~~~~~~~[m[K
[3.191s]       |                                                                         [32m[Ky_rotate[m[K
[3.195s] [01m[K/home/hiromasa/ros2_ws/src/mypkg/src/mypkg.cpp:687:74:[m[K [01;31m[Kerror: [m[K‘[01m[Ky_rotata[m[K’ was not declared in this scope; did you mean ‘[01m[Ky_rotate[m[K’?
[3.195s]   687 |                fprintf(gp, "%d,%d,%d\n", x_rotate(x_pixels, y_pixels) , [01;31m[Ky_rotata[m[K(x_pixels, y_pixels), z_pixels); //
[3.195s]       |                                                                         [01;31m[K^~~~~~~~[m[K
[3.195s]       |                                                                         [32m[Ky_rotate[m[K
[3.205s] [01m[K/home/hiromasa/ros2_ws/src/mypkg/src/mypkg.cpp:758:90:[m[K [01;31m[Kerror: [m[K‘[01m[Ky_rotata[m[K’ was not declared in this scope; did you mean ‘[01m[Ky_rotate[m[K’?
[3.205s]   758 |                fprintf(gp, "%d,%d,%d\n", x_rotate(x_pixels, y_pixels) , [01;31m[Ky_rotata[m[K(x_pixels, y_pixels), z_pixels); //
[3.205s]       |                                                                         [01;31m[K^~~~~~~~[m[K
[3.205s]       |                                                                         [32m[Ky_rotate[m[K
[4.092s] gmake[2]: *** [CMakeFiles/mypkg.dir/build.make:76: CMakeFiles/mypkg.dir/src/mypkg.cpp.o] エラー 1
[4.092s] gmake[1]: *** [CMakeFiles/Makefile2:137: CMakeFiles/mypkg.dir/all] エラー 2
[4.093s] gmake: *** [Makefile:146: all] エラー 2
[4.095s] Invoked command in '/home/hiromasa/ros2_ws/build/mypkg' returned '2': CMAKE_PREFIX_PATH=/opt/ros/humble /usr/bin/cmake --build /home/hiromasa/ros2_ws/build/mypkg -- -j8 -l8
