[1.350s] DEBUG:colcon:Command line arguments: ['/usr/bin/colcon', 'build']
[1.350s] DEBUG:colcon:Parsed command line arguments: Namespace(log_base=None, log_level=None, verb_name='build', build_base='build', install_base='install', merge_install=False, symlink_install=False, test_result_base=None, continue_on_error=False, executor='parallel', parallel_workers=8, event_handlers=None, ignore_user_meta=False, metas=['./colcon.meta'], base_paths=['.'], packages_ignore=None, packages_ignore_regex=None, paths=None, packages_up_to=None, packages_up_to_regex=None, packages_above=None, packages_above_and_dependencies=None, packages_above_depth=None, packages_select_by_dep=None, packages_skip_by_dep=None, packages_skip_up_to=None, packages_select_build_failed=False, packages_skip_build_finished=False, packages_select_test_failures=False, packages_skip_test_passed=False, packages_select=None, packages_skip=None, packages_select_regex=None, packages_skip_regex=None, packages_start=None, packages_end=None, allow_overriding=[], cmake_args=None, cmake_target=None, cmake_target_skip_unavailable=False, cmake_clean_cache=False, cmake_clean_first=False, cmake_force_configure=False, ament_cmake_args=None, catkin_cmake_args=None, catkin_skip_building_tests=False, verb_parser=<colcon_defaults.argument_parser.defaults.DefaultArgumentsDecorator object at 0x7fac730b8ac0>, verb_extension=<colcon_core.verb.build.BuildVerb object at 0x7fac730b9ae0>, main=<bound method BuildVerb.main of <colcon_core.verb.build.BuildVerb object at 0x7fac730b9ae0>>)
[1.505s] Level 1:colcon.colcon_core.package_discovery:discover_packages(colcon_meta) check parameters
[1.505s] Level 1:colcon.colcon_core.package_discovery:discover_packages(recursive) check parameters
[1.505s] Level 1:colcon.colcon_core.package_discovery:discover_packages(ignore) check parameters
[1.506s] Level 1:colcon.colcon_core.package_discovery:discover_packages(path) check parameters
[1.506s] Level 1:colcon.colcon_core.package_discovery:discover_packages(colcon_meta) discover
[1.506s] Level 1:colcon.colcon_core.package_discovery:discover_packages(recursive) discover
[1.506s] INFO:colcon.colcon_core.package_discovery:Crawling recursively for packages in '/home/morita/ros2_ws'
[1.506s] Level 1:colcon.colcon_core.package_identification:_identify(.) by extensions ['ignore', 'ignore_ament_install']
[1.506s] Level 1:colcon.colcon_core.package_identification:_identify(.) by extension 'ignore'
[1.506s] Level 1:colcon.colcon_core.package_identification:_identify(.) by extension 'ignore_ament_install'
[1.506s] Level 1:colcon.colcon_core.package_identification:_identify(.) by extensions ['colcon_pkg']
[1.506s] Level 1:colcon.colcon_core.package_identification:_identify(.) by extension 'colcon_pkg'
[1.506s] Level 1:colcon.colcon_core.package_identification:_identify(.) by extensions ['colcon_meta']
[1.506s] Level 1:colcon.colcon_core.package_identification:_identify(.) by extension 'colcon_meta'
[1.506s] Level 1:colcon.colcon_core.package_identification:_identify(.) by extensions ['ros']
[1.506s] Level 1:colcon.colcon_core.package_identification:_identify(.) by extension 'ros'
[1.520s] Level 1:colcon.colcon_core.package_identification:_identify(.) by extensions ['cmake', 'python']
[1.520s] Level 1:colcon.colcon_core.package_identification:_identify(.) by extension 'cmake'
[1.520s] Level 1:colcon.colcon_core.package_identification:_identify(.) by extension 'python'
[1.520s] Level 1:colcon.colcon_core.package_identification:_identify(.) by extensions ['python_setup_py']
[1.520s] Level 1:colcon.colcon_core.package_identification:_identify(.) by extension 'python_setup_py'
[1.520s] Level 1:colcon.colcon_core.package_identification:_identify(CSV) by extensions ['ignore', 'ignore_ament_install']
[1.520s] Level 1:colcon.colcon_core.package_identification:_identify(CSV) by extension 'ignore'
[1.520s] Level 1:colcon.colcon_core.package_identification:_identify(CSV) by extension 'ignore_ament_install'
[1.520s] Level 1:colcon.colcon_core.package_identification:_identify(CSV) by extensions ['colcon_pkg']
[1.520s] Level 1:colcon.colcon_core.package_identification:_identify(CSV) by extension 'colcon_pkg'
[1.521s] Level 1:colcon.colcon_core.package_identification:_identify(CSV) by extensions ['colcon_meta']
[1.521s] Level 1:colcon.colcon_core.package_identification:_identify(CSV) by extension 'colcon_meta'
[1.521s] Level 1:colcon.colcon_core.package_identification:_identify(CSV) by extensions ['ros']
[1.521s] Level 1:colcon.colcon_core.package_identification:_identify(CSV) by extension 'ros'
[1.521s] Level 1:colcon.colcon_core.package_identification:_identify(CSV) by extensions ['cmake', 'python']
[1.521s] Level 1:colcon.colcon_core.package_identification:_identify(CSV) by extension 'cmake'
[1.521s] Level 1:colcon.colcon_core.package_identification:_identify(CSV) by extension 'python'
[1.521s] Level 1:colcon.colcon_core.package_identification:_identify(CSV) by extensions ['python_setup_py']
[1.521s] Level 1:colcon.colcon_core.package_identification:_identify(CSV) by extension 'python_setup_py'
[1.521s] Level 1:colcon.colcon_core.package_identification:_identify(Memo) by extensions ['ignore', 'ignore_ament_install']
[1.521s] Level 1:colcon.colcon_core.package_identification:_identify(Memo) by extension 'ignore'
[1.521s] Level 1:colcon.colcon_core.package_identification:_identify(Memo) by extension 'ignore_ament_install'
[1.521s] Level 1:colcon.colcon_core.package_identification:_identify(Memo) by extensions ['colcon_pkg']
[1.521s] Level 1:colcon.colcon_core.package_identification:_identify(Memo) by extension 'colcon_pkg'
[1.521s] Level 1:colcon.colcon_core.package_identification:_identify(Memo) by extensions ['colcon_meta']
[1.521s] Level 1:colcon.colcon_core.package_identification:_identify(Memo) by extension 'colcon_meta'
[1.521s] Level 1:colcon.colcon_core.package_identification:_identify(Memo) by extensions ['ros']
[1.521s] Level 1:colcon.colcon_core.package_identification:_identify(Memo) by extension 'ros'
[1.521s] Level 1:colcon.colcon_core.package_identification:_identify(Memo) by extensions ['cmake', 'python']
[1.521s] Level 1:colcon.colcon_core.package_identification:_identify(Memo) by extension 'cmake'
[1.522s] Level 1:colcon.colcon_core.package_identification:_identify(Memo) by extension 'python'
[1.522s] Level 1:colcon.colcon_core.package_identification:_identify(Memo) by extensions ['python_setup_py']
[1.522s] Level 1:colcon.colcon_core.package_identification:_identify(Memo) by extension 'python_setup_py'
[1.522s] Level 1:colcon.colcon_core.package_identification:_identify(Memo/reference) by extensions ['ignore', 'ignore_ament_install']
[1.522s] Level 1:colcon.colcon_core.package_identification:_identify(Memo/reference) by extension 'ignore'
[1.522s] Level 1:colcon.colcon_core.package_identification:_identify(Memo/reference) by extension 'ignore_ament_install'
[1.522s] Level 1:colcon.colcon_core.package_identification:_identify(Memo/reference) by extensions ['colcon_pkg']
[1.522s] Level 1:colcon.colcon_core.package_identification:_identify(Memo/reference) by extension 'colcon_pkg'
[1.522s] Level 1:colcon.colcon_core.package_identification:_identify(Memo/reference) by extensions ['colcon_meta']
[1.522s] Level 1:colcon.colcon_core.package_identification:_identify(Memo/reference) by extension 'colcon_meta'
[1.522s] Level 1:colcon.colcon_core.package_identification:_identify(Memo/reference) by extensions ['ros']
[1.522s] Level 1:colcon.colcon_core.package_identification:_identify(Memo/reference) by extension 'ros'
[1.522s] Level 1:colcon.colcon_core.package_identification:_identify(Memo/reference) by extensions ['cmake', 'python']
[1.522s] Level 1:colcon.colcon_core.package_identification:_identify(Memo/reference) by extension 'cmake'
[1.522s] Level 1:colcon.colcon_core.package_identification:_identify(Memo/reference) by extension 'python'
[1.523s] Level 1:colcon.colcon_core.package_identification:_identify(Memo/reference) by extensions ['python_setup_py']
[1.523s] Level 1:colcon.colcon_core.package_identification:_identify(Memo/reference) by extension 'python_setup_py'
[1.523s] Level 1:colcon.colcon_core.package_identification:_identify(Memo/setup) by extensions ['ignore', 'ignore_ament_install']
[1.523s] Level 1:colcon.colcon_core.package_identification:_identify(Memo/setup) by extension 'ignore'
[1.523s] Level 1:colcon.colcon_core.package_identification:_identify(Memo/setup) by extension 'ignore_ament_install'
[1.523s] Level 1:colcon.colcon_core.package_identification:_identify(Memo/setup) by extensions ['colcon_pkg']
[1.523s] Level 1:colcon.colcon_core.package_identification:_identify(Memo/setup) by extension 'colcon_pkg'
[1.523s] Level 1:colcon.colcon_core.package_identification:_identify(Memo/setup) by extensions ['colcon_meta']
[1.523s] Level 1:colcon.colcon_core.package_identification:_identify(Memo/setup) by extension 'colcon_meta'
[1.523s] Level 1:colcon.colcon_core.package_identification:_identify(Memo/setup) by extensions ['ros']
[1.523s] Level 1:colcon.colcon_core.package_identification:_identify(Memo/setup) by extension 'ros'
[1.524s] Level 1:colcon.colcon_core.package_identification:_identify(Memo/setup) by extensions ['cmake', 'python']
[1.524s] Level 1:colcon.colcon_core.package_identification:_identify(Memo/setup) by extension 'cmake'
[1.524s] Level 1:colcon.colcon_core.package_identification:_identify(Memo/setup) by extension 'python'
[1.524s] Level 1:colcon.colcon_core.package_identification:_identify(Memo/setup) by extensions ['python_setup_py']
[1.524s] Level 1:colcon.colcon_core.package_identification:_identify(Memo/setup) by extension 'python_setup_py'
[1.524s] Level 1:colcon.colcon_core.package_identification:_identify(Memo/tex) by extensions ['ignore', 'ignore_ament_install']
[1.524s] Level 1:colcon.colcon_core.package_identification:_identify(Memo/tex) by extension 'ignore'
[1.524s] Level 1:colcon.colcon_core.package_identification:_identify(Memo/tex) by extension 'ignore_ament_install'
[1.524s] Level 1:colcon.colcon_core.package_identification:_identify(Memo/tex) by extensions ['colcon_pkg']
[1.524s] Level 1:colcon.colcon_core.package_identification:_identify(Memo/tex) by extension 'colcon_pkg'
[1.524s] Level 1:colcon.colcon_core.package_identification:_identify(Memo/tex) by extensions ['colcon_meta']
[1.524s] Level 1:colcon.colcon_core.package_identification:_identify(Memo/tex) by extension 'colcon_meta'
[1.524s] Level 1:colcon.colcon_core.package_identification:_identify(Memo/tex) by extensions ['ros']
[1.524s] Level 1:colcon.colcon_core.package_identification:_identify(Memo/tex) by extension 'ros'
[1.524s] Level 1:colcon.colcon_core.package_identification:_identify(Memo/tex) by extensions ['cmake', 'python']
[1.524s] Level 1:colcon.colcon_core.package_identification:_identify(Memo/tex) by extension 'cmake'
[1.524s] Level 1:colcon.colcon_core.package_identification:_identify(Memo/tex) by extension 'python'
[1.524s] Level 1:colcon.colcon_core.package_identification:_identify(Memo/tex) by extensions ['python_setup_py']
[1.524s] Level 1:colcon.colcon_core.package_identification:_identify(Memo/tex) by extension 'python_setup_py'
[1.525s] Level 1:colcon.colcon_core.package_identification:_identify(Memo/tex/adrobo_abst) by extensions ['ignore', 'ignore_ament_install']
[1.525s] Level 1:colcon.colcon_core.package_identification:_identify(Memo/tex/adrobo_abst) by extension 'ignore'
[1.525s] Level 1:colcon.colcon_core.package_identification:_identify(Memo/tex/adrobo_abst) by extension 'ignore_ament_install'
[1.525s] Level 1:colcon.colcon_core.package_identification:_identify(Memo/tex/adrobo_abst) by extensions ['colcon_pkg']
[1.525s] Level 1:colcon.colcon_core.package_identification:_identify(Memo/tex/adrobo_abst) by extension 'colcon_pkg'
[1.525s] Level 1:colcon.colcon_core.package_identification:_identify(Memo/tex/adrobo_abst) by extensions ['colcon_meta']
[1.525s] Level 1:colcon.colcon_core.package_identification:_identify(Memo/tex/adrobo_abst) by extension 'colcon_meta'
[1.525s] Level 1:colcon.colcon_core.package_identification:_identify(Memo/tex/adrobo_abst) by extensions ['ros']
[1.525s] Level 1:colcon.colcon_core.package_identification:_identify(Memo/tex/adrobo_abst) by extension 'ros'
[1.525s] Level 1:colcon.colcon_core.package_identification:_identify(Memo/tex/adrobo_abst) by extensions ['cmake', 'python']
[1.525s] Level 1:colcon.colcon_core.package_identification:_identify(Memo/tex/adrobo_abst) by extension 'cmake'
[1.525s] Level 1:colcon.colcon_core.package_identification:_identify(Memo/tex/adrobo_abst) by extension 'python'
[1.525s] Level 1:colcon.colcon_core.package_identification:_identify(Memo/tex/adrobo_abst) by extensions ['python_setup_py']
[1.525s] Level 1:colcon.colcon_core.package_identification:_identify(Memo/tex/adrobo_abst) by extension 'python_setup_py'
[1.525s] Level 1:colcon.colcon_core.package_identification:_identify(Memo/tex/adrobo_abst/fig) by extensions ['ignore', 'ignore_ament_install']
[1.526s] Level 1:colcon.colcon_core.package_identification:_identify(Memo/tex/adrobo_abst/fig) by extension 'ignore'
[1.526s] Level 1:colcon.colcon_core.package_identification:_identify(Memo/tex/adrobo_abst/fig) by extension 'ignore_ament_install'
[1.526s] Level 1:colcon.colcon_core.package_identification:_identify(Memo/tex/adrobo_abst/fig) by extensions ['colcon_pkg']
[1.526s] Level 1:colcon.colcon_core.package_identification:_identify(Memo/tex/adrobo_abst/fig) by extension 'colcon_pkg'
[1.526s] Level 1:colcon.colcon_core.package_identification:_identify(Memo/tex/adrobo_abst/fig) by extensions ['colcon_meta']
[1.526s] Level 1:colcon.colcon_core.package_identification:_identify(Memo/tex/adrobo_abst/fig) by extension 'colcon_meta'
[1.526s] Level 1:colcon.colcon_core.package_identification:_identify(Memo/tex/adrobo_abst/fig) by extensions ['ros']
[1.526s] Level 1:colcon.colcon_core.package_identification:_identify(Memo/tex/adrobo_abst/fig) by extension 'ros'
[1.526s] Level 1:colcon.colcon_core.package_identification:_identify(Memo/tex/adrobo_abst/fig) by extensions ['cmake', 'python']
[1.526s] Level 1:colcon.colcon_core.package_identification:_identify(Memo/tex/adrobo_abst/fig) by extension 'cmake'
[1.526s] Level 1:colcon.colcon_core.package_identification:_identify(Memo/tex/adrobo_abst/fig) by extension 'python'
[1.526s] Level 1:colcon.colcon_core.package_identification:_identify(Memo/tex/adrobo_abst/fig) by extensions ['python_setup_py']
[1.526s] Level 1:colcon.colcon_core.package_identification:_identify(Memo/tex/adrobo_abst/fig) by extension 'python_setup_py'
[1.526s] Level 1:colcon.colcon_core.package_identification:_identify(Memo/tex/adrobo_abst/sty) by extensions ['ignore', 'ignore_ament_install']
[1.526s] Level 1:colcon.colcon_core.package_identification:_identify(Memo/tex/adrobo_abst/sty) by extension 'ignore'
[1.527s] Level 1:colcon.colcon_core.package_identification:_identify(Memo/tex/adrobo_abst/sty) by extension 'ignore_ament_install'
[1.527s] Level 1:colcon.colcon_core.package_identification:_identify(Memo/tex/adrobo_abst/sty) by extensions ['colcon_pkg']
[1.527s] Level 1:colcon.colcon_core.package_identification:_identify(Memo/tex/adrobo_abst/sty) by extension 'colcon_pkg'
[1.527s] Level 1:colcon.colcon_core.package_identification:_identify(Memo/tex/adrobo_abst/sty) by extensions ['colcon_meta']
[1.527s] Level 1:colcon.colcon_core.package_identification:_identify(Memo/tex/adrobo_abst/sty) by extension 'colcon_meta'
[1.527s] Level 1:colcon.colcon_core.package_identification:_identify(Memo/tex/adrobo_abst/sty) by extensions ['ros']
[1.527s] Level 1:colcon.colcon_core.package_identification:_identify(Memo/tex/adrobo_abst/sty) by extension 'ros'
[1.527s] Level 1:colcon.colcon_core.package_identification:_identify(Memo/tex/adrobo_abst/sty) by extensions ['cmake', 'python']
[1.527s] Level 1:colcon.colcon_core.package_identification:_identify(Memo/tex/adrobo_abst/sty) by extension 'cmake'
[1.527s] Level 1:colcon.colcon_core.package_identification:_identify(Memo/tex/adrobo_abst/sty) by extension 'python'
[1.527s] Level 1:colcon.colcon_core.package_identification:_identify(Memo/tex/adrobo_abst/sty) by extensions ['python_setup_py']
[1.527s] Level 1:colcon.colcon_core.package_identification:_identify(Memo/tex/adrobo_abst/sty) by extension 'python_setup_py'
[1.527s] Level 1:colcon.colcon_core.package_identification:_identify(Memo/tex/adrobo_abst/word) by extensions ['ignore', 'ignore_ament_install']
[1.527s] Level 1:colcon.colcon_core.package_identification:_identify(Memo/tex/adrobo_abst/word) by extension 'ignore'
[1.527s] Level 1:colcon.colcon_core.package_identification:_identify(Memo/tex/adrobo_abst/word) by extension 'ignore_ament_install'
[1.527s] Level 1:colcon.colcon_core.package_identification:_identify(Memo/tex/adrobo_abst/word) by extensions ['colcon_pkg']
[1.528s] Level 1:colcon.colcon_core.package_identification:_identify(Memo/tex/adrobo_abst/word) by extension 'colcon_pkg'
[1.528s] Level 1:colcon.colcon_core.package_identification:_identify(Memo/tex/adrobo_abst/word) by extensions ['colcon_meta']
[1.528s] Level 1:colcon.colcon_core.package_identification:_identify(Memo/tex/adrobo_abst/word) by extension 'colcon_meta'
[1.528s] Level 1:colcon.colcon_core.package_identification:_identify(Memo/tex/adrobo_abst/word) by extensions ['ros']
[1.528s] Level 1:colcon.colcon_core.package_identification:_identify(Memo/tex/adrobo_abst/word) by extension 'ros'
[1.528s] Level 1:colcon.colcon_core.package_identification:_identify(Memo/tex/adrobo_abst/word) by extensions ['cmake', 'python']
[1.528s] Level 1:colcon.colcon_core.package_identification:_identify(Memo/tex/adrobo_abst/word) by extension 'cmake'
[1.528s] Level 1:colcon.colcon_core.package_identification:_identify(Memo/tex/adrobo_abst/word) by extension 'python'
[1.528s] Level 1:colcon.colcon_core.package_identification:_identify(Memo/tex/adrobo_abst/word) by extensions ['python_setup_py']
[1.528s] Level 1:colcon.colcon_core.package_identification:_identify(Memo/tex/adrobo_abst/word) by extension 'python_setup_py'
[1.528s] Level 1:colcon.colcon_core.package_identification:_identify(Memo/tex/img) by extensions ['ignore', 'ignore_ament_install']
[1.528s] Level 1:colcon.colcon_core.package_identification:_identify(Memo/tex/img) by extension 'ignore'
[1.528s] Level 1:colcon.colcon_core.package_identification:_identify(Memo/tex/img) by extension 'ignore_ament_install'
[1.528s] Level 1:colcon.colcon_core.package_identification:_identify(Memo/tex/img) by extensions ['colcon_pkg']
[1.528s] Level 1:colcon.colcon_core.package_identification:_identify(Memo/tex/img) by extension 'colcon_pkg'
[1.528s] Level 1:colcon.colcon_core.package_identification:_identify(Memo/tex/img) by extensions ['colcon_meta']
[1.528s] Level 1:colcon.colcon_core.package_identification:_identify(Memo/tex/img) by extension 'colcon_meta'
[1.528s] Level 1:colcon.colcon_core.package_identification:_identify(Memo/tex/img) by extensions ['ros']
[1.528s] Level 1:colcon.colcon_core.package_identification:_identify(Memo/tex/img) by extension 'ros'
[1.528s] Level 1:colcon.colcon_core.package_identification:_identify(Memo/tex/img) by extensions ['cmake', 'python']
[1.529s] Level 1:colcon.colcon_core.package_identification:_identify(Memo/tex/img) by extension 'cmake'
[1.529s] Level 1:colcon.colcon_core.package_identification:_identify(Memo/tex/img) by extension 'python'
[1.529s] Level 1:colcon.colcon_core.package_identification:_identify(Memo/tex/img) by extensions ['python_setup_py']
[1.529s] Level 1:colcon.colcon_core.package_identification:_identify(Memo/tex/img) by extension 'python_setup_py'
[1.529s] Level 1:colcon.colcon_core.package_identification:_identify(build) by extensions ['ignore', 'ignore_ament_install']
[1.529s] Level 1:colcon.colcon_core.package_identification:_identify(build) by extension 'ignore'
[1.529s] Level 1:colcon.colcon_core.package_identification:_identify(build) ignored
[1.529s] Level 1:colcon.colcon_core.package_identification:_identify(image) by extensions ['ignore', 'ignore_ament_install']
[1.529s] Level 1:colcon.colcon_core.package_identification:_identify(image) by extension 'ignore'
[1.529s] Level 1:colcon.colcon_core.package_identification:_identify(image) by extension 'ignore_ament_install'
[1.529s] Level 1:colcon.colcon_core.package_identification:_identify(image) by extensions ['colcon_pkg']
[1.529s] Level 1:colcon.colcon_core.package_identification:_identify(image) by extension 'colcon_pkg'
[1.529s] Level 1:colcon.colcon_core.package_identification:_identify(image) by extensions ['colcon_meta']
[1.529s] Level 1:colcon.colcon_core.package_identification:_identify(image) by extension 'colcon_meta'
[1.529s] Level 1:colcon.colcon_core.package_identification:_identify(image) by extensions ['ros']
[1.529s] Level 1:colcon.colcon_core.package_identification:_identify(image) by extension 'ros'
[1.529s] Level 1:colcon.colcon_core.package_identification:_identify(image) by extensions ['cmake', 'python']
[1.529s] Level 1:colcon.colcon_core.package_identification:_identify(image) by extension 'cmake'
[1.530s] Level 1:colcon.colcon_core.package_identification:_identify(image) by extension 'python'
[1.530s] Level 1:colcon.colcon_core.package_identification:_identify(image) by extensions ['python_setup_py']
[1.530s] Level 1:colcon.colcon_core.package_identification:_identify(image) by extension 'python_setup_py'
[1.530s] Level 1:colcon.colcon_core.package_identification:_identify(image/build) by extensions ['ignore', 'ignore_ament_install']
[1.530s] Level 1:colcon.colcon_core.package_identification:_identify(image/build) by extension 'ignore'
[1.530s] Level 1:colcon.colcon_core.package_identification:_identify(image/build) ignored
[1.530s] Level 1:colcon.colcon_core.package_identification:_identify(image/install) by extensions ['ignore', 'ignore_ament_install']
[1.530s] Level 1:colcon.colcon_core.package_identification:_identify(image/install) by extension 'ignore'
[1.530s] Level 1:colcon.colcon_core.package_identification:_identify(image/install) ignored
[1.531s] Level 1:colcon.colcon_core.package_identification:_identify(image/log) by extensions ['ignore', 'ignore_ament_install']
[1.531s] Level 1:colcon.colcon_core.package_identification:_identify(image/log) by extension 'ignore'
[1.531s] Level 1:colcon.colcon_core.package_identification:_identify(image/log) ignored
[1.531s] Level 1:colcon.colcon_core.package_identification:_identify(image/output) by extensions ['ignore', 'ignore_ament_install']
[1.531s] Level 1:colcon.colcon_core.package_identification:_identify(image/output) by extension 'ignore'
[1.531s] Level 1:colcon.colcon_core.package_identification:_identify(image/output) by extension 'ignore_ament_install'
[1.531s] Level 1:colcon.colcon_core.package_identification:_identify(image/output) by extensions ['colcon_pkg']
[1.532s] Level 1:colcon.colcon_core.package_identification:_identify(image/output) by extension 'colcon_pkg'
[1.532s] Level 1:colcon.colcon_core.package_identification:_identify(image/output) by extensions ['colcon_meta']
[1.532s] Level 1:colcon.colcon_core.package_identification:_identify(image/output) by extension 'colcon_meta'
[1.532s] Level 1:colcon.colcon_core.package_identification:_identify(image/output) by extensions ['ros']
[1.532s] Level 1:colcon.colcon_core.package_identification:_identify(image/output) by extension 'ros'
[1.532s] Level 1:colcon.colcon_core.package_identification:_identify(image/output) by extensions ['cmake', 'python']
[1.532s] Level 1:colcon.colcon_core.package_identification:_identify(image/output) by extension 'cmake'
[1.532s] Level 1:colcon.colcon_core.package_identification:_identify(image/output) by extension 'python'
[1.532s] Level 1:colcon.colcon_core.package_identification:_identify(image/output) by extensions ['python_setup_py']
[1.532s] Level 1:colcon.colcon_core.package_identification:_identify(image/output) by extension 'python_setup_py'
[1.532s] Level 1:colcon.colcon_core.package_identification:_identify(image/output/mypkg) by extensions ['ignore', 'ignore_ament_install']
[1.532s] Level 1:colcon.colcon_core.package_identification:_identify(image/output/mypkg) by extension 'ignore'
[1.532s] Level 1:colcon.colcon_core.package_identification:_identify(image/output/mypkg) by extension 'ignore_ament_install'
[1.532s] Level 1:colcon.colcon_core.package_identification:_identify(image/output/mypkg) by extensions ['colcon_pkg']
[1.532s] Level 1:colcon.colcon_core.package_identification:_identify(image/output/mypkg) by extension 'colcon_pkg'
[1.533s] Level 1:colcon.colcon_core.package_identification:_identify(image/output/mypkg) by extensions ['colcon_meta']
[1.533s] Level 1:colcon.colcon_core.package_identification:_identify(image/output/mypkg) by extension 'colcon_meta'
[1.533s] Level 1:colcon.colcon_core.package_identification:_identify(image/output/mypkg) by extensions ['ros']
[1.533s] Level 1:colcon.colcon_core.package_identification:_identify(image/output/mypkg) by extension 'ros'
[1.533s] Level 1:colcon.colcon_core.package_identification:_identify(image/output/mypkg) by extensions ['cmake', 'python']
[1.533s] Level 1:colcon.colcon_core.package_identification:_identify(image/output/mypkg) by extension 'cmake'
[1.533s] Level 1:colcon.colcon_core.package_identification:_identify(image/output/mypkg) by extension 'python'
[1.533s] Level 1:colcon.colcon_core.package_identification:_identify(image/output/mypkg) by extensions ['python_setup_py']
[1.533s] Level 1:colcon.colcon_core.package_identification:_identify(image/output/mypkg) by extension 'python_setup_py'
[1.533s] Level 1:colcon.colcon_core.package_identification:_identify(image/output/simple_drawing) by extensions ['ignore', 'ignore_ament_install']
[1.533s] Level 1:colcon.colcon_core.package_identification:_identify(image/output/simple_drawing) by extension 'ignore'
[1.533s] Level 1:colcon.colcon_core.package_identification:_identify(image/output/simple_drawing) by extension 'ignore_ament_install'
[1.533s] Level 1:colcon.colcon_core.package_identification:_identify(image/output/simple_drawing) by extensions ['colcon_pkg']
[1.533s] Level 1:colcon.colcon_core.package_identification:_identify(image/output/simple_drawing) by extension 'colcon_pkg'
[1.533s] Level 1:colcon.colcon_core.package_identification:_identify(image/output/simple_drawing) by extensions ['colcon_meta']
[1.533s] Level 1:colcon.colcon_core.package_identification:_identify(image/output/simple_drawing) by extension 'colcon_meta'
[1.533s] Level 1:colcon.colcon_core.package_identification:_identify(image/output/simple_drawing) by extensions ['ros']
[1.534s] Level 1:colcon.colcon_core.package_identification:_identify(image/output/simple_drawing) by extension 'ros'
[1.534s] Level 1:colcon.colcon_core.package_identification:_identify(image/output/simple_drawing) by extensions ['cmake', 'python']
[1.534s] Level 1:colcon.colcon_core.package_identification:_identify(image/output/simple_drawing) by extension 'cmake'
[1.534s] Level 1:colcon.colcon_core.package_identification:_identify(image/output/simple_drawing) by extension 'python'
[1.534s] Level 1:colcon.colcon_core.package_identification:_identify(image/output/simple_drawing) by extensions ['python_setup_py']
[1.534s] Level 1:colcon.colcon_core.package_identification:_identify(image/output/simple_drawing) by extension 'python_setup_py'
[1.534s] Level 1:colcon.colcon_core.package_identification:_identify(install) by extensions ['ignore', 'ignore_ament_install']
[1.534s] Level 1:colcon.colcon_core.package_identification:_identify(install) by extension 'ignore'
[1.534s] Level 1:colcon.colcon_core.package_identification:_identify(install) ignored
[1.534s] Level 1:colcon.colcon_core.package_identification:_identify(log) by extensions ['ignore', 'ignore_ament_install']
[1.534s] Level 1:colcon.colcon_core.package_identification:_identify(log) by extension 'ignore'
[1.534s] Level 1:colcon.colcon_core.package_identification:_identify(log) ignored
[1.534s] Level 1:colcon.colcon_core.package_identification:_identify(output) by extensions ['ignore', 'ignore_ament_install']
[1.534s] Level 1:colcon.colcon_core.package_identification:_identify(output) by extension 'ignore'
[1.534s] Level 1:colcon.colcon_core.package_identification:_identify(output) by extension 'ignore_ament_install'
[1.534s] Level 1:colcon.colcon_core.package_identification:_identify(output) by extensions ['colcon_pkg']
[1.535s] Level 1:colcon.colcon_core.package_identification:_identify(output) by extension 'colcon_pkg'
[1.535s] Level 1:colcon.colcon_core.package_identification:_identify(output) by extensions ['colcon_meta']
[1.535s] Level 1:colcon.colcon_core.package_identification:_identify(output) by extension 'colcon_meta'
[1.535s] Level 1:colcon.colcon_core.package_identification:_identify(output) by extensions ['ros']
[1.535s] Level 1:colcon.colcon_core.package_identification:_identify(output) by extension 'ros'
[1.535s] Level 1:colcon.colcon_core.package_identification:_identify(output) by extensions ['cmake', 'python']
[1.535s] Level 1:colcon.colcon_core.package_identification:_identify(output) by extension 'cmake'
[1.535s] Level 1:colcon.colcon_core.package_identification:_identify(output) by extension 'python'
[1.535s] Level 1:colcon.colcon_core.package_identification:_identify(output) by extensions ['python_setup_py']
[1.535s] Level 1:colcon.colcon_core.package_identification:_identify(output) by extension 'python_setup_py'
[1.535s] Level 1:colcon.colcon_core.package_identification:_identify(output/route) by extensions ['ignore', 'ignore_ament_install']
[1.535s] Level 1:colcon.colcon_core.package_identification:_identify(output/route) by extension 'ignore'
[1.535s] Level 1:colcon.colcon_core.package_identification:_identify(output/route) by extension 'ignore_ament_install'
[1.535s] Level 1:colcon.colcon_core.package_identification:_identify(output/route) by extensions ['colcon_pkg']
[1.535s] Level 1:colcon.colcon_core.package_identification:_identify(output/route) by extension 'colcon_pkg'
[1.535s] Level 1:colcon.colcon_core.package_identification:_identify(output/route) by extensions ['colcon_meta']
[1.535s] Level 1:colcon.colcon_core.package_identification:_identify(output/route) by extension 'colcon_meta'
[1.535s] Level 1:colcon.colcon_core.package_identification:_identify(output/route) by extensions ['ros']
[1.535s] Level 1:colcon.colcon_core.package_identification:_identify(output/route) by extension 'ros'
[1.535s] Level 1:colcon.colcon_core.package_identification:_identify(output/route) by extensions ['cmake', 'python']
[1.535s] Level 1:colcon.colcon_core.package_identification:_identify(output/route) by extension 'cmake'
[1.536s] Level 1:colcon.colcon_core.package_identification:_identify(output/route) by extension 'python'
[1.536s] Level 1:colcon.colcon_core.package_identification:_identify(output/route) by extensions ['python_setup_py']
[1.536s] Level 1:colcon.colcon_core.package_identification:_identify(output/route) by extension 'python_setup_py'
[1.536s] Level 1:colcon.colcon_core.package_identification:_identify(scripts) by extensions ['ignore', 'ignore_ament_install']
[1.536s] Level 1:colcon.colcon_core.package_identification:_identify(scripts) by extension 'ignore'
[1.536s] Level 1:colcon.colcon_core.package_identification:_identify(scripts) by extension 'ignore_ament_install'
[1.536s] Level 1:colcon.colcon_core.package_identification:_identify(scripts) by extensions ['colcon_pkg']
[1.536s] Level 1:colcon.colcon_core.package_identification:_identify(scripts) by extension 'colcon_pkg'
[1.536s] Level 1:colcon.colcon_core.package_identification:_identify(scripts) by extensions ['colcon_meta']
[1.536s] Level 1:colcon.colcon_core.package_identification:_identify(scripts) by extension 'colcon_meta'
[1.536s] Level 1:colcon.colcon_core.package_identification:_identify(scripts) by extensions ['ros']
[1.536s] Level 1:colcon.colcon_core.package_identification:_identify(scripts) by extension 'ros'
[1.536s] Level 1:colcon.colcon_core.package_identification:_identify(scripts) by extensions ['cmake', 'python']
[1.536s] Level 1:colcon.colcon_core.package_identification:_identify(scripts) by extension 'cmake'
[1.536s] Level 1:colcon.colcon_core.package_identification:_identify(scripts) by extension 'python'
[1.536s] Level 1:colcon.colcon_core.package_identification:_identify(scripts) by extensions ['python_setup_py']
[1.536s] Level 1:colcon.colcon_core.package_identification:_identify(scripts) by extension 'python_setup_py'
[1.536s] Level 1:colcon.colcon_core.package_identification:_identify(scripts/tmp_code) by extensions ['ignore', 'ignore_ament_install']
[1.537s] Level 1:colcon.colcon_core.package_identification:_identify(scripts/tmp_code) by extension 'ignore'
[1.537s] Level 1:colcon.colcon_core.package_identification:_identify(scripts/tmp_code) by extension 'ignore_ament_install'
[1.537s] Level 1:colcon.colcon_core.package_identification:_identify(scripts/tmp_code) by extensions ['colcon_pkg']
[1.537s] Level 1:colcon.colcon_core.package_identification:_identify(scripts/tmp_code) by extension 'colcon_pkg'
[1.537s] Level 1:colcon.colcon_core.package_identification:_identify(scripts/tmp_code) by extensions ['colcon_meta']
[1.537s] Level 1:colcon.colcon_core.package_identification:_identify(scripts/tmp_code) by extension 'colcon_meta'
[1.537s] Level 1:colcon.colcon_core.package_identification:_identify(scripts/tmp_code) by extensions ['ros']
[1.537s] Level 1:colcon.colcon_core.package_identification:_identify(scripts/tmp_code) by extension 'ros'
[1.537s] Level 1:colcon.colcon_core.package_identification:_identify(scripts/tmp_code) by extensions ['cmake', 'python']
[1.537s] Level 1:colcon.colcon_core.package_identification:_identify(scripts/tmp_code) by extension 'cmake'
[1.537s] Level 1:colcon.colcon_core.package_identification:_identify(scripts/tmp_code) by extension 'python'
[1.537s] Level 1:colcon.colcon_core.package_identification:_identify(scripts/tmp_code) by extensions ['python_setup_py']
[1.537s] Level 1:colcon.colcon_core.package_identification:_identify(scripts/tmp_code) by extension 'python_setup_py'
[1.537s] Level 1:colcon.colcon_core.package_identification:_identify(src) by extensions ['ignore', 'ignore_ament_install']
[1.537s] Level 1:colcon.colcon_core.package_identification:_identify(src) by extension 'ignore'
[1.537s] Level 1:colcon.colcon_core.package_identification:_identify(src) by extension 'ignore_ament_install'
[1.537s] Level 1:colcon.colcon_core.package_identification:_identify(src) by extensions ['colcon_pkg']
[1.537s] Level 1:colcon.colcon_core.package_identification:_identify(src) by extension 'colcon_pkg'
[1.537s] Level 1:colcon.colcon_core.package_identification:_identify(src) by extensions ['colcon_meta']
[1.537s] Level 1:colcon.colcon_core.package_identification:_identify(src) by extension 'colcon_meta'
[1.537s] Level 1:colcon.colcon_core.package_identification:_identify(src) by extensions ['ros']
[1.538s] Level 1:colcon.colcon_core.package_identification:_identify(src) by extension 'ros'
[1.538s] Level 1:colcon.colcon_core.package_identification:_identify(src) by extensions ['cmake', 'python']
[1.538s] Level 1:colcon.colcon_core.package_identification:_identify(src) by extension 'cmake'
[1.538s] Level 1:colcon.colcon_core.package_identification:_identify(src) by extension 'python'
[1.538s] Level 1:colcon.colcon_core.package_identification:_identify(src) by extensions ['python_setup_py']
[1.538s] Level 1:colcon.colcon_core.package_identification:_identify(src) by extension 'python_setup_py'
[1.538s] Level 1:colcon.colcon_core.package_identification:_identify(src/improved) by extensions ['ignore', 'ignore_ament_install']
[1.538s] Level 1:colcon.colcon_core.package_identification:_identify(src/improved) by extension 'ignore'
[1.538s] Level 1:colcon.colcon_core.package_identification:_identify(src/improved) by extension 'ignore_ament_install'
[1.538s] Level 1:colcon.colcon_core.package_identification:_identify(src/improved) by extensions ['colcon_pkg']
[1.538s] Level 1:colcon.colcon_core.package_identification:_identify(src/improved) by extension 'colcon_pkg'
[1.538s] Level 1:colcon.colcon_core.package_identification:_identify(src/improved) by extensions ['colcon_meta']
[1.538s] Level 1:colcon.colcon_core.package_identification:_identify(src/improved) by extension 'colcon_meta'
[1.538s] Level 1:colcon.colcon_core.package_identification:_identify(src/improved) by extensions ['ros']
[1.538s] Level 1:colcon.colcon_core.package_identification:_identify(src/improved) by extension 'ros'
[1.542s] DEBUG:colcon.colcon_core.package_identification:Package 'src/improved' with type 'ros.ament_cmake' and name 'improved'
[1.542s] Level 1:colcon.colcon_core.package_identification:_identify(src/mypkg) by extensions ['ignore', 'ignore_ament_install']
[1.542s] Level 1:colcon.colcon_core.package_identification:_identify(src/mypkg) by extension 'ignore'
[1.542s] Level 1:colcon.colcon_core.package_identification:_identify(src/mypkg) by extension 'ignore_ament_install'
[1.542s] Level 1:colcon.colcon_core.package_identification:_identify(src/mypkg) by extensions ['colcon_pkg']
[1.542s] Level 1:colcon.colcon_core.package_identification:_identify(src/mypkg) by extension 'colcon_pkg'
[1.542s] Level 1:colcon.colcon_core.package_identification:_identify(src/mypkg) by extensions ['colcon_meta']
[1.542s] Level 1:colcon.colcon_core.package_identification:_identify(src/mypkg) by extension 'colcon_meta'
[1.542s] Level 1:colcon.colcon_core.package_identification:_identify(src/mypkg) by extensions ['ros']
[1.542s] Level 1:colcon.colcon_core.package_identification:_identify(src/mypkg) by extension 'ros'
[1.543s] DEBUG:colcon.colcon_core.package_identification:Package 'src/mypkg' with type 'ros.ament_cmake' and name 'mypkg'
[1.543s] Level 1:colcon.colcon_core.package_identification:_identify(src/rasta) by extensions ['ignore', 'ignore_ament_install']
[1.543s] Level 1:colcon.colcon_core.package_identification:_identify(src/rasta) by extension 'ignore'
[1.544s] Level 1:colcon.colcon_core.package_identification:_identify(src/rasta) by extension 'ignore_ament_install'
[1.544s] Level 1:colcon.colcon_core.package_identification:_identify(src/rasta) by extensions ['colcon_pkg']
[1.544s] Level 1:colcon.colcon_core.package_identification:_identify(src/rasta) by extension 'colcon_pkg'
[1.544s] Level 1:colcon.colcon_core.package_identification:_identify(src/rasta) by extensions ['colcon_meta']
[1.544s] Level 1:colcon.colcon_core.package_identification:_identify(src/rasta) by extension 'colcon_meta'
[1.544s] Level 1:colcon.colcon_core.package_identification:_identify(src/rasta) by extensions ['ros']
[1.544s] Level 1:colcon.colcon_core.package_identification:_identify(src/rasta) by extension 'ros'
[1.545s] DEBUG:colcon.colcon_core.package_identification:Package 'src/rasta' with type 'ros.ament_cmake' and name 'rasta'
[1.545s] Level 1:colcon.colcon_core.package_identification:_identify(src/rectagletest) by extensions ['ignore', 'ignore_ament_install']
[1.545s] Level 1:colcon.colcon_core.package_identification:_identify(src/rectagletest) by extension 'ignore'
[1.545s] Level 1:colcon.colcon_core.package_identification:_identify(src/rectagletest) by extension 'ignore_ament_install'
[1.545s] Level 1:colcon.colcon_core.package_identification:_identify(src/rectagletest) by extensions ['colcon_pkg']
[1.545s] Level 1:colcon.colcon_core.package_identification:_identify(src/rectagletest) by extension 'colcon_pkg'
[1.545s] Level 1:colcon.colcon_core.package_identification:_identify(src/rectagletest) by extensions ['colcon_meta']
[1.545s] Level 1:colcon.colcon_core.package_identification:_identify(src/rectagletest) by extension 'colcon_meta'
[1.545s] Level 1:colcon.colcon_core.package_identification:_identify(src/rectagletest) by extensions ['ros']
[1.545s] Level 1:colcon.colcon_core.package_identification:_identify(src/rectagletest) by extension 'ros'
[1.546s] DEBUG:colcon.colcon_core.package_identification:Package 'src/rectagletest' with type 'ros.ament_cmake' and name 'rectagletest'
[1.546s] Level 1:colcon.colcon_core.package_discovery:discover_packages(recursive) using defaults
[1.546s] Level 1:colcon.colcon_core.package_discovery:discover_packages(ignore) discover
[1.546s] Level 1:colcon.colcon_core.package_discovery:discover_packages(ignore) using defaults
[1.546s] Level 1:colcon.colcon_core.package_discovery:discover_packages(path) discover
[1.547s] Level 1:colcon.colcon_core.package_discovery:discover_packages(path) using defaults
[1.633s] Level 1:colcon.colcon_core.package_discovery:discover_packages(prefix_path) check parameters
[1.633s] Level 1:colcon.colcon_core.package_discovery:discover_packages(prefix_path) discover
[1.659s] DEBUG:colcon.colcon_installed_package_information.package_discovery:Found 270 installed packages in /opt/ros/humble
[1.660s] Level 1:colcon.colcon_core.package_discovery:discover_packages(prefix_path) using defaults
[1.735s] Level 5:colcon.colcon_core.verb:set package 'improved' build argument 'cmake_args' from command line to 'None'
[1.735s] Level 5:colcon.colcon_core.verb:set package 'improved' build argument 'cmake_target' from command line to 'None'
[1.735s] Level 5:colcon.colcon_core.verb:set package 'improved' build argument 'cmake_target_skip_unavailable' from command line to 'False'
[1.736s] Level 5:colcon.colcon_core.verb:set package 'improved' build argument 'cmake_clean_cache' from command line to 'False'
[1.736s] Level 5:colcon.colcon_core.verb:set package 'improved' build argument 'cmake_clean_first' from command line to 'False'
[1.736s] Level 5:colcon.colcon_core.verb:set package 'improved' build argument 'cmake_force_configure' from command line to 'False'
[1.736s] Level 5:colcon.colcon_core.verb:set package 'improved' build argument 'ament_cmake_args' from command line to 'None'
[1.736s] Level 5:colcon.colcon_core.verb:set package 'improved' build argument 'catkin_cmake_args' from command line to 'None'
[1.736s] Level 5:colcon.colcon_core.verb:set package 'improved' build argument 'catkin_skip_building_tests' from command line to 'False'
[1.736s] DEBUG:colcon.colcon_core.verb:Building package 'improved' with the following arguments: {'ament_cmake_args': None, 'build_base': '/home/morita/ros2_ws/build/improved', 'catkin_cmake_args': None, 'catkin_skip_building_tests': False, 'cmake_args': None, 'cmake_clean_cache': False, 'cmake_clean_first': False, 'cmake_force_configure': False, 'cmake_target': None, 'cmake_target_skip_unavailable': False, 'install_base': '/home/morita/ros2_ws/install/improved', 'merge_install': False, 'path': '/home/morita/ros2_ws/src/improved', 'symlink_install': False, 'test_result_base': None}
[1.747s] Level 5:colcon.colcon_core.verb:set package 'mypkg' build argument 'cmake_args' from command line to 'None'
[1.747s] Level 5:colcon.colcon_core.verb:set package 'mypkg' build argument 'cmake_target' from command line to 'None'
[1.747s] Level 5:colcon.colcon_core.verb:set package 'mypkg' build argument 'cmake_target_skip_unavailable' from command line to 'False'
[1.747s] Level 5:colcon.colcon_core.verb:set package 'mypkg' build argument 'cmake_clean_cache' from command line to 'False'
[1.747s] Level 5:colcon.colcon_core.verb:set package 'mypkg' build argument 'cmake_clean_first' from command line to 'False'
[1.747s] Level 5:colcon.colcon_core.verb:set package 'mypkg' build argument 'cmake_force_configure' from command line to 'False'
[1.747s] Level 5:colcon.colcon_core.verb:set package 'mypkg' build argument 'ament_cmake_args' from command line to 'None'
[1.747s] Level 5:colcon.colcon_core.verb:set package 'mypkg' build argument 'catkin_cmake_args' from command line to 'None'
[1.747s] Level 5:colcon.colcon_core.verb:set package 'mypkg' build argument 'catkin_skip_building_tests' from command line to 'False'
[1.747s] DEBUG:colcon.colcon_core.verb:Building package 'mypkg' with the following arguments: {'ament_cmake_args': None, 'build_base': '/home/morita/ros2_ws/build/mypkg', 'catkin_cmake_args': None, 'catkin_skip_building_tests': False, 'cmake_args': None, 'cmake_clean_cache': False, 'cmake_clean_first': False, 'cmake_force_configure': False, 'cmake_target': None, 'cmake_target_skip_unavailable': False, 'install_base': '/home/morita/ros2_ws/install/mypkg', 'merge_install': False, 'path': '/home/morita/ros2_ws/src/mypkg', 'symlink_install': False, 'test_result_base': None}
[1.758s] Level 5:colcon.colcon_core.verb:set package 'rasta' build argument 'cmake_args' from command line to 'None'
[1.758s] Level 5:colcon.colcon_core.verb:set package 'rasta' build argument 'cmake_target' from command line to 'None'
[1.758s] Level 5:colcon.colcon_core.verb:set package 'rasta' build argument 'cmake_target_skip_unavailable' from command line to 'False'
[1.758s] Level 5:colcon.colcon_core.verb:set package 'rasta' build argument 'cmake_clean_cache' from command line to 'False'
[1.758s] Level 5:colcon.colcon_core.verb:set package 'rasta' build argument 'cmake_clean_first' from command line to 'False'
[1.758s] Level 5:colcon.colcon_core.verb:set package 'rasta' build argument 'cmake_force_configure' from command line to 'False'
[1.758s] Level 5:colcon.colcon_core.verb:set package 'rasta' build argument 'ament_cmake_args' from command line to 'None'
[1.758s] Level 5:colcon.colcon_core.verb:set package 'rasta' build argument 'catkin_cmake_args' from command line to 'None'
[1.758s] Level 5:colcon.colcon_core.verb:set package 'rasta' build argument 'catkin_skip_building_tests' from command line to 'False'
[1.758s] DEBUG:colcon.colcon_core.verb:Building package 'rasta' with the following arguments: {'ament_cmake_args': None, 'build_base': '/home/morita/ros2_ws/build/rasta', 'catkin_cmake_args': None, 'catkin_skip_building_tests': False, 'cmake_args': None, 'cmake_clean_cache': False, 'cmake_clean_first': False, 'cmake_force_configure': False, 'cmake_target': None, 'cmake_target_skip_unavailable': False, 'install_base': '/home/morita/ros2_ws/install/rasta', 'merge_install': False, 'path': '/home/morita/ros2_ws/src/rasta', 'symlink_install': False, 'test_result_base': None}
[1.769s] Level 5:colcon.colcon_core.verb:set package 'rectagletest' build argument 'cmake_args' from command line to 'None'
[1.769s] Level 5:colcon.colcon_core.verb:set package 'rectagletest' build argument 'cmake_target' from command line to 'None'
[1.769s] Level 5:colcon.colcon_core.verb:set package 'rectagletest' build argument 'cmake_target_skip_unavailable' from command line to 'False'
[1.769s] Level 5:colcon.colcon_core.verb:set package 'rectagletest' build argument 'cmake_clean_cache' from command line to 'False'
[1.769s] Level 5:colcon.colcon_core.verb:set package 'rectagletest' build argument 'cmake_clean_first' from command line to 'False'
[1.769s] Level 5:colcon.colcon_core.verb:set package 'rectagletest' build argument 'cmake_force_configure' from command line to 'False'
[1.769s] Level 5:colcon.colcon_core.verb:set package 'rectagletest' build argument 'ament_cmake_args' from command line to 'None'
[1.769s] Level 5:colcon.colcon_core.verb:set package 'rectagletest' build argument 'catkin_cmake_args' from command line to 'None'
[1.769s] Level 5:colcon.colcon_core.verb:set package 'rectagletest' build argument 'catkin_skip_building_tests' from command line to 'False'
[1.769s] DEBUG:colcon.colcon_core.verb:Building package 'rectagletest' with the following arguments: {'ament_cmake_args': None, 'build_base': '/home/morita/ros2_ws/build/rectagletest', 'catkin_cmake_args': None, 'catkin_skip_building_tests': False, 'cmake_args': None, 'cmake_clean_cache': False, 'cmake_clean_first': False, 'cmake_force_configure': False, 'cmake_target': None, 'cmake_target_skip_unavailable': False, 'install_base': '/home/morita/ros2_ws/install/rectagletest', 'merge_install': False, 'path': '/home/morita/ros2_ws/src/rectagletest', 'symlink_install': False, 'test_result_base': None}
[1.779s] INFO:colcon.colcon_core.executor:Executing jobs using 'parallel' executor
[1.790s] DEBUG:colcon.colcon_parallel_executor.executor.parallel:run_until_complete
[1.791s] INFO:colcon.colcon_ros.task.ament_cmake.build:Building ROS package in '/home/morita/ros2_ws/src/improved' with build type 'ament_cmake'
[1.791s] INFO:colcon.colcon_cmake.task.cmake.build:Building CMake package in '/home/morita/ros2_ws/src/improved'
[1.808s] INFO:colcon.colcon_core.plugin_system:Skipping extension 'colcon_core.shell.bat': Not used on non-Windows systems
[1.808s] INFO:colcon.colcon_core.shell:Skip shell extension 'powershell' for command environment: Not usable outside of PowerShell
[1.808s] DEBUG:colcon.colcon_core.shell:Skip shell extension 'dsv' for command environment
[1.835s] INFO:colcon.colcon_ros.task.ament_cmake.build:Building ROS package in '/home/morita/ros2_ws/src/mypkg' with build type 'ament_cmake'
[1.835s] INFO:colcon.colcon_cmake.task.cmake.build:Building CMake package in '/home/morita/ros2_ws/src/mypkg'
[1.847s] INFO:colcon.colcon_core.shell:Skip shell extension 'powershell' for command environment: Not usable outside of PowerShell
[1.847s] DEBUG:colcon.colcon_core.shell:Skip shell extension 'dsv' for command environment
[1.874s] INFO:colcon.colcon_ros.task.ament_cmake.build:Building ROS package in '/home/morita/ros2_ws/src/rasta' with build type 'ament_cmake'
[1.874s] INFO:colcon.colcon_cmake.task.cmake.build:Building CMake package in '/home/morita/ros2_ws/src/rasta'
[1.887s] INFO:colcon.colcon_core.shell:Skip shell extension 'powershell' for command environment: Not usable outside of PowerShell
[1.887s] DEBUG:colcon.colcon_core.shell:Skip shell extension 'dsv' for command environment
[1.916s] INFO:colcon.colcon_ros.task.ament_cmake.build:Building ROS package in '/home/morita/ros2_ws/src/rectagletest' with build type 'ament_cmake'
[1.916s] INFO:colcon.colcon_cmake.task.cmake.build:Building CMake package in '/home/morita/ros2_ws/src/rectagletest'
[1.929s] INFO:colcon.colcon_core.shell:Skip shell extension 'powershell' for command environment: Not usable outside of PowerShell
[1.930s] DEBUG:colcon.colcon_core.shell:Skip shell extension 'dsv' for command environment
[1.972s] DEBUG:colcon.colcon_core.event_handler.log_command:Invoking command in '/home/morita/ros2_ws/build/improved': CMAKE_PREFIX_PATH=/opt/ros/humble /usr/bin/cmake --build /home/morita/ros2_ws/build/improved -- -j8 -l8
[2.009s] DEBUG:colcon.colcon_core.event_handler.log_command:Invoking command in '/home/morita/ros2_ws/build/mypkg': CMAKE_PREFIX_PATH=/opt/ros/humble /usr/bin/cmake --build /home/morita/ros2_ws/build/mypkg -- -j8 -l8
[2.014s] DEBUG:colcon.colcon_core.event_handler.log_command:Invoking command in '/home/morita/ros2_ws/build/rasta': CMAKE_PREFIX_PATH=/opt/ros/humble /usr/bin/cmake --build /home/morita/ros2_ws/build/rasta -- -j8 -l8
[2.018s] DEBUG:colcon.colcon_core.event_handler.log_command:Invoking command in '/home/morita/ros2_ws/build/rectagletest': CMAKE_PREFIX_PATH=/opt/ros/humble /usr/bin/cmake --build /home/morita/ros2_ws/build/rectagletest -- -j8 -l8
[2.235s] DEBUG:colcon.colcon_core.event_handler.log_command:Invoked command in '/home/morita/ros2_ws/build/rasta' returned '0': CMAKE_PREFIX_PATH=/opt/ros/humble /usr/bin/cmake --build /home/morita/ros2_ws/build/rasta -- -j8 -l8
[2.237s] DEBUG:colcon.colcon_core.event_handler.log_command:Invoked command in '/home/morita/ros2_ws/build/improved' returned '0': CMAKE_PREFIX_PATH=/opt/ros/humble /usr/bin/cmake --build /home/morita/ros2_ws/build/improved -- -j8 -l8
[2.237s] DEBUG:colcon.colcon_core.event_handler.log_command:Invoked command in '/home/morita/ros2_ws/build/rectagletest' returned '0': CMAKE_PREFIX_PATH=/opt/ros/humble /usr/bin/cmake --build /home/morita/ros2_ws/build/rectagletest -- -j8 -l8
[2.265s] DEBUG:colcon.colcon_core.event_handler.log_command:Invoking command in '/home/morita/ros2_ws/build/rasta': CMAKE_PREFIX_PATH=/opt/ros/humble /usr/bin/cmake --install /home/morita/ros2_ws/build/rasta
[2.267s] DEBUG:colcon.colcon_core.event_handler.log_command:Invoking command in '/home/morita/ros2_ws/build/improved': CMAKE_PREFIX_PATH=/opt/ros/humble /usr/bin/cmake --install /home/morita/ros2_ws/build/improved
[2.269s] DEBUG:colcon.colcon_core.event_handler.log_command:Invoking command in '/home/morita/ros2_ws/build/rectagletest': CMAKE_PREFIX_PATH=/opt/ros/humble /usr/bin/cmake --install /home/morita/ros2_ws/build/rectagletest
[2.281s] Level 1:colcon.colcon_core.environment:create_environment_scripts_only(improved)
[2.281s] DEBUG:colcon.colcon_core.event_handler.log_command:Invoked command in '/home/morita/ros2_ws/build/improved' returned '0': CMAKE_PREFIX_PATH=/opt/ros/humble /usr/bin/cmake --install /home/morita/ros2_ws/build/improved
[2.301s] Level 1:colcon.colcon_core.environment:checking '/home/morita/ros2_ws/install/improved' for CMake module files
[2.301s] Level 1:colcon.colcon_core.environment:checking '/home/morita/ros2_ws/install/improved' for CMake config files
[2.302s] Level 1:colcon.colcon_core.shell:create_environment_hook('improved', 'cmake_prefix_path')
[2.315s] INFO:colcon.colcon_core.shell:Creating environment hook '/home/morita/ros2_ws/install/improved/share/improved/hook/cmake_prefix_path.ps1'
[2.316s] INFO:colcon.colcon_core.shell:Creating environment descriptor '/home/morita/ros2_ws/install/improved/share/improved/hook/cmake_prefix_path.dsv'
[2.316s] INFO:colcon.colcon_core.shell:Creating environment hook '/home/morita/ros2_ws/install/improved/share/improved/hook/cmake_prefix_path.sh'
[2.317s] Level 1:colcon.colcon_core.environment:checking '/home/morita/ros2_ws/install/improved/lib'
[2.318s] Level 1:colcon.colcon_core.environment:checking '/home/morita/ros2_ws/install/improved/bin'
[2.318s] Level 1:colcon.colcon_core.environment:checking '/home/morita/ros2_ws/install/improved/lib/pkgconfig/improved.pc'
[2.318s] Level 1:colcon.colcon_core.environment:checking '/home/morita/ros2_ws/install/improved/lib/python3.10/site-packages'
[2.318s] Level 1:colcon.colcon_core.environment:checking '/home/morita/ros2_ws/install/improved/bin'
[2.332s] INFO:colcon.colcon_core.shell:Creating package script '/home/morita/ros2_ws/install/improved/share/improved/package.ps1'
[2.333s] INFO:colcon.colcon_core.shell:Creating package descriptor '/home/morita/ros2_ws/install/improved/share/improved/package.dsv'
[2.334s] INFO:colcon.colcon_core.shell:Creating package script '/home/morita/ros2_ws/install/improved/share/improved/package.sh'
[2.334s] INFO:colcon.colcon_core.shell:Creating package script '/home/morita/ros2_ws/install/improved/share/improved/package.bash'
[2.335s] INFO:colcon.colcon_core.shell:Creating package script '/home/morita/ros2_ws/install/improved/share/improved/package.zsh'
[2.336s] Level 1:colcon.colcon_core.environment:create_file_with_runtime_dependencies(/home/morita/ros2_ws/install/improved/share/colcon-core/packages/improved)
[2.337s] Level 1:colcon.colcon_core.environment:create_environment_scripts_only(rasta)
[2.339s] DEBUG:colcon.colcon_core.event_handler.log_command:Invoked command in '/home/morita/ros2_ws/build/rasta' returned '0': CMAKE_PREFIX_PATH=/opt/ros/humble /usr/bin/cmake --install /home/morita/ros2_ws/build/rasta
[2.354s] Level 1:colcon.colcon_core.environment:checking '/home/morita/ros2_ws/install/rasta' for CMake module files
[2.354s] Level 1:colcon.colcon_core.environment:checking '/home/morita/ros2_ws/install/rasta' for CMake config files
[2.355s] Level 1:colcon.colcon_core.shell:create_environment_hook('rasta', 'cmake_prefix_path')
[2.370s] INFO:colcon.colcon_core.shell:Creating environment hook '/home/morita/ros2_ws/install/rasta/share/rasta/hook/cmake_prefix_path.ps1'
[2.370s] INFO:colcon.colcon_core.shell:Creating environment descriptor '/home/morita/ros2_ws/install/rasta/share/rasta/hook/cmake_prefix_path.dsv'
[2.371s] INFO:colcon.colcon_core.shell:Creating environment hook '/home/morita/ros2_ws/install/rasta/share/rasta/hook/cmake_prefix_path.sh'
[2.371s] Level 1:colcon.colcon_core.environment:checking '/home/morita/ros2_ws/install/rasta/lib'
[2.371s] Level 1:colcon.colcon_core.environment:checking '/home/morita/ros2_ws/install/rasta/bin'
[2.371s] Level 1:colcon.colcon_core.environment:checking '/home/morita/ros2_ws/install/rasta/lib/pkgconfig/rasta.pc'
[2.372s] Level 1:colcon.colcon_core.environment:checking '/home/morita/ros2_ws/install/rasta/lib/python3.10/site-packages'
[2.372s] Level 1:colcon.colcon_core.environment:checking '/home/morita/ros2_ws/install/rasta/bin'
[2.385s] INFO:colcon.colcon_core.shell:Creating package script '/home/morita/ros2_ws/install/rasta/share/rasta/package.ps1'
[2.386s] INFO:colcon.colcon_core.shell:Creating package descriptor '/home/morita/ros2_ws/install/rasta/share/rasta/package.dsv'
[2.386s] INFO:colcon.colcon_core.shell:Creating package script '/home/morita/ros2_ws/install/rasta/share/rasta/package.sh'
[2.386s] INFO:colcon.colcon_core.shell:Creating package script '/home/morita/ros2_ws/install/rasta/share/rasta/package.bash'
[2.387s] INFO:colcon.colcon_core.shell:Creating package script '/home/morita/ros2_ws/install/rasta/share/rasta/package.zsh'
[2.387s] Level 1:colcon.colcon_core.environment:create_file_with_runtime_dependencies(/home/morita/ros2_ws/install/rasta/share/colcon-core/packages/rasta)
[2.388s] Level 1:colcon.colcon_core.environment:create_environment_scripts_only(rectagletest)
[2.389s] DEBUG:colcon.colcon_core.event_handler.log_command:Invoked command in '/home/morita/ros2_ws/build/rectagletest' returned '0': CMAKE_PREFIX_PATH=/opt/ros/humble /usr/bin/cmake --install /home/morita/ros2_ws/build/rectagletest
[2.404s] Level 1:colcon.colcon_core.environment:checking '/home/morita/ros2_ws/install/rectagletest' for CMake module files
[2.405s] Level 1:colcon.colcon_core.environment:checking '/home/morita/ros2_ws/install/rectagletest' for CMake config files
[2.408s] Level 1:colcon.colcon_core.shell:create_environment_hook('rectagletest', 'cmake_prefix_path')
[2.434s] INFO:colcon.colcon_core.shell:Creating environment hook '/home/morita/ros2_ws/install/rectagletest/share/rectagletest/hook/cmake_prefix_path.ps1'
[2.435s] INFO:colcon.colcon_core.shell:Creating environment descriptor '/home/morita/ros2_ws/install/rectagletest/share/rectagletest/hook/cmake_prefix_path.dsv'
[2.436s] INFO:colcon.colcon_core.shell:Creating environment hook '/home/morita/ros2_ws/install/rectagletest/share/rectagletest/hook/cmake_prefix_path.sh'
[2.436s] Level 1:colcon.colcon_core.environment:checking '/home/morita/ros2_ws/install/rectagletest/lib'
[2.436s] Level 1:colcon.colcon_core.environment:checking '/home/morita/ros2_ws/install/rectagletest/bin'
[2.436s] Level 1:colcon.colcon_core.environment:checking '/home/morita/ros2_ws/install/rectagletest/lib/pkgconfig/rectagletest.pc'
[2.437s] Level 1:colcon.colcon_core.environment:checking '/home/morita/ros2_ws/install/rectagletest/lib/python3.10/site-packages'
[2.437s] Level 1:colcon.colcon_core.environment:checking '/home/morita/ros2_ws/install/rectagletest/bin'
[2.451s] INFO:colcon.colcon_core.shell:Creating package script '/home/morita/ros2_ws/install/rectagletest/share/rectagletest/package.ps1'
[2.451s] INFO:colcon.colcon_core.shell:Creating package descriptor '/home/morita/ros2_ws/install/rectagletest/share/rectagletest/package.dsv'
[2.452s] INFO:colcon.colcon_core.shell:Creating package script '/home/morita/ros2_ws/install/rectagletest/share/rectagletest/package.sh'
[2.452s] INFO:colcon.colcon_core.shell:Creating package script '/home/morita/ros2_ws/install/rectagletest/share/rectagletest/package.bash'
[2.452s] INFO:colcon.colcon_core.shell:Creating package script '/home/morita/ros2_ws/install/rectagletest/share/rectagletest/package.zsh'
[2.452s] Level 1:colcon.colcon_core.environment:create_file_with_runtime_dependencies(/home/morita/ros2_ws/install/rectagletest/share/colcon-core/packages/rectagletest)
[2.468s] Level 1:colcon.colcon_core.environment:create_environment_scripts_only(improved)
[2.494s] Level 1:colcon.colcon_core.environment:checking '/home/morita/ros2_ws/install/improved' for CMake module files
[2.494s] Level 1:colcon.colcon_core.environment:checking '/home/morita/ros2_ws/install/improved' for CMake config files
[2.495s] Level 1:colcon.colcon_core.shell:create_environment_hook('improved', 'cmake_prefix_path')
[2.508s] INFO:colcon.colcon_core.shell:Creating environment hook '/home/morita/ros2_ws/install/improved/share/improved/hook/cmake_prefix_path.ps1'
[2.509s] INFO:colcon.colcon_core.shell:Creating environment descriptor '/home/morita/ros2_ws/install/improved/share/improved/hook/cmake_prefix_path.dsv'
[2.509s] INFO:colcon.colcon_core.shell:Creating environment hook '/home/morita/ros2_ws/install/improved/share/improved/hook/cmake_prefix_path.sh'
[2.510s] Level 1:colcon.colcon_core.environment:checking '/home/morita/ros2_ws/install/improved/lib'
[2.510s] Level 1:colcon.colcon_core.environment:checking '/home/morita/ros2_ws/install/improved/bin'
[2.510s] Level 1:colcon.colcon_core.environment:checking '/home/morita/ros2_ws/install/improved/lib/pkgconfig/improved.pc'
[2.510s] Level 1:colcon.colcon_core.environment:checking '/home/morita/ros2_ws/install/improved/lib/python3.10/site-packages'
[2.510s] Level 1:colcon.colcon_core.environment:checking '/home/morita/ros2_ws/install/improved/bin'
[2.524s] INFO:colcon.colcon_core.shell:Creating package script '/home/morita/ros2_ws/install/improved/share/improved/package.ps1'
[2.525s] INFO:colcon.colcon_core.shell:Creating package descriptor '/home/morita/ros2_ws/install/improved/share/improved/package.dsv'
[2.525s] INFO:colcon.colcon_core.shell:Creating package script '/home/morita/ros2_ws/install/improved/share/improved/package.sh'
[2.526s] INFO:colcon.colcon_core.shell:Creating package script '/home/morita/ros2_ws/install/improved/share/improved/package.bash'
[2.526s] INFO:colcon.colcon_core.shell:Creating package script '/home/morita/ros2_ws/install/improved/share/improved/package.zsh'
[2.527s] Level 1:colcon.colcon_core.environment:create_file_with_runtime_dependencies(/home/morita/ros2_ws/install/improved/share/colcon-core/packages/improved)
[2.542s] Level 1:colcon.colcon_core.environment:create_environment_scripts_only(rasta)
[2.556s] Level 1:colcon.colcon_core.environment:checking '/home/morita/ros2_ws/install/rasta' for CMake module files
[2.557s] Level 1:colcon.colcon_core.environment:checking '/home/morita/ros2_ws/install/rasta' for CMake config files
[2.557s] Level 1:colcon.colcon_core.shell:create_environment_hook('rasta', 'cmake_prefix_path')
[2.571s] INFO:colcon.colcon_core.shell:Creating environment hook '/home/morita/ros2_ws/install/rasta/share/rasta/hook/cmake_prefix_path.ps1'
[2.571s] INFO:colcon.colcon_core.shell:Creating environment descriptor '/home/morita/ros2_ws/install/rasta/share/rasta/hook/cmake_prefix_path.dsv'
[2.572s] INFO:colcon.colcon_core.shell:Creating environment hook '/home/morita/ros2_ws/install/rasta/share/rasta/hook/cmake_prefix_path.sh'
[2.572s] Level 1:colcon.colcon_core.environment:checking '/home/morita/ros2_ws/install/rasta/lib'
[2.572s] Level 1:colcon.colcon_core.environment:checking '/home/morita/ros2_ws/install/rasta/bin'
[2.572s] Level 1:colcon.colcon_core.environment:checking '/home/morita/ros2_ws/install/rasta/lib/pkgconfig/rasta.pc'
[2.573s] Level 1:colcon.colcon_core.environment:checking '/home/morita/ros2_ws/install/rasta/lib/python3.10/site-packages'
[2.573s] Level 1:colcon.colcon_core.environment:checking '/home/morita/ros2_ws/install/rasta/bin'
[2.586s] INFO:colcon.colcon_core.shell:Creating package script '/home/morita/ros2_ws/install/rasta/share/rasta/package.ps1'
[2.587s] INFO:colcon.colcon_core.shell:Creating package descriptor '/home/morita/ros2_ws/install/rasta/share/rasta/package.dsv'
[2.587s] INFO:colcon.colcon_core.shell:Creating package script '/home/morita/ros2_ws/install/rasta/share/rasta/package.sh'
[2.588s] INFO:colcon.colcon_core.shell:Creating package script '/home/morita/ros2_ws/install/rasta/share/rasta/package.bash'
[2.588s] INFO:colcon.colcon_core.shell:Creating package script '/home/morita/ros2_ws/install/rasta/share/rasta/package.zsh'
[2.588s] Level 1:colcon.colcon_core.environment:create_file_with_runtime_dependencies(/home/morita/ros2_ws/install/rasta/share/colcon-core/packages/rasta)
[2.603s] Level 1:colcon.colcon_core.environment:create_environment_scripts_only(rectagletest)
[2.617s] Level 1:colcon.colcon_core.environment:checking '/home/morita/ros2_ws/install/rectagletest' for CMake module files
[2.618s] Level 1:colcon.colcon_core.environment:checking '/home/morita/ros2_ws/install/rectagletest' for CMake config files
[2.618s] Level 1:colcon.colcon_core.shell:create_environment_hook('rectagletest', 'cmake_prefix_path')
[2.632s] INFO:colcon.colcon_core.shell:Creating environment hook '/home/morita/ros2_ws/install/rectagletest/share/rectagletest/hook/cmake_prefix_path.ps1'
[2.632s] INFO:colcon.colcon_core.shell:Creating environment descriptor '/home/morita/ros2_ws/install/rectagletest/share/rectagletest/hook/cmake_prefix_path.dsv'
[2.633s] INFO:colcon.colcon_core.shell:Creating environment hook '/home/morita/ros2_ws/install/rectagletest/share/rectagletest/hook/cmake_prefix_path.sh'
[2.633s] Level 1:colcon.colcon_core.environment:checking '/home/morita/ros2_ws/install/rectagletest/lib'
[2.633s] Level 1:colcon.colcon_core.environment:checking '/home/morita/ros2_ws/install/rectagletest/bin'
[2.633s] Level 1:colcon.colcon_core.environment:checking '/home/morita/ros2_ws/install/rectagletest/lib/pkgconfig/rectagletest.pc'
[2.634s] Level 1:colcon.colcon_core.environment:checking '/home/morita/ros2_ws/install/rectagletest/lib/python3.10/site-packages'
[2.634s] Level 1:colcon.colcon_core.environment:checking '/home/morita/ros2_ws/install/rectagletest/bin'
[2.647s] INFO:colcon.colcon_core.shell:Creating package script '/home/morita/ros2_ws/install/rectagletest/share/rectagletest/package.ps1'
[2.648s] INFO:colcon.colcon_core.shell:Creating package descriptor '/home/morita/ros2_ws/install/rectagletest/share/rectagletest/package.dsv'
[2.648s] INFO:colcon.colcon_core.shell:Creating package script '/home/morita/ros2_ws/install/rectagletest/share/rectagletest/package.sh'
[2.649s] INFO:colcon.colcon_core.shell:Creating package script '/home/morita/ros2_ws/install/rectagletest/share/rectagletest/package.bash'
[2.649s] INFO:colcon.colcon_core.shell:Creating package script '/home/morita/ros2_ws/install/rectagletest/share/rectagletest/package.zsh'
[2.650s] Level 1:colcon.colcon_core.environment:create_file_with_runtime_dependencies(/home/morita/ros2_ws/install/rectagletest/share/colcon-core/packages/rectagletest)
[6.558s] DEBUG:colcon.colcon_core.event_handler.log_command:Invoked command in '/home/morita/ros2_ws/build/mypkg' returned '2': CMAKE_PREFIX_PATH=/opt/ros/humble /usr/bin/cmake --build /home/morita/ros2_ws/build/mypkg -- -j8 -l8
[6.592s] Level 1:colcon.colcon_core.environment:create_environment_scripts_only(mypkg)
[6.606s] Level 1:colcon.colcon_core.environment:checking '/home/morita/ros2_ws/install/mypkg' for CMake module files
[6.609s] Level 1:colcon.colcon_core.environment:checking '/home/morita/ros2_ws/install/mypkg' for CMake config files
[6.609s] Level 1:colcon.colcon_core.shell:create_environment_hook('mypkg', 'cmake_prefix_path')
[6.622s] INFO:colcon.colcon_core.shell:Creating environment hook '/home/morita/ros2_ws/install/mypkg/share/mypkg/hook/cmake_prefix_path.ps1'
[6.623s] INFO:colcon.colcon_core.shell:Creating environment descriptor '/home/morita/ros2_ws/install/mypkg/share/mypkg/hook/cmake_prefix_path.dsv'
[6.623s] INFO:colcon.colcon_core.shell:Creating environment hook '/home/morita/ros2_ws/install/mypkg/share/mypkg/hook/cmake_prefix_path.sh'
[6.624s] Level 1:colcon.colcon_core.environment:checking '/home/morita/ros2_ws/install/mypkg/lib'
[6.624s] Level 1:colcon.colcon_core.environment:checking '/home/morita/ros2_ws/install/mypkg/bin'
[6.624s] Level 1:colcon.colcon_core.environment:checking '/home/morita/ros2_ws/install/mypkg/lib/pkgconfig/mypkg.pc'
[6.624s] Level 1:colcon.colcon_core.environment:checking '/home/morita/ros2_ws/install/mypkg/lib/python3.10/site-packages'
[6.624s] Level 1:colcon.colcon_core.environment:checking '/home/morita/ros2_ws/install/mypkg/bin'
[6.637s] INFO:colcon.colcon_core.shell:Creating package script '/home/morita/ros2_ws/install/mypkg/share/mypkg/package.ps1'
[6.638s] INFO:colcon.colcon_core.shell:Creating package descriptor '/home/morita/ros2_ws/install/mypkg/share/mypkg/package.dsv'
[6.638s] INFO:colcon.colcon_core.shell:Creating package script '/home/morita/ros2_ws/install/mypkg/share/mypkg/package.sh'
[6.638s] INFO:colcon.colcon_core.shell:Creating package script '/home/morita/ros2_ws/install/mypkg/share/mypkg/package.bash'
[6.639s] INFO:colcon.colcon_core.shell:Creating package script '/home/morita/ros2_ws/install/mypkg/share/mypkg/package.zsh'
[6.639s] Level 1:colcon.colcon_core.environment:create_file_with_runtime_dependencies(/home/morita/ros2_ws/install/mypkg/share/colcon-core/packages/mypkg)
[6.650s] DEBUG:colcon.colcon_parallel_executor.executor.parallel:closing loop
[6.650s] DEBUG:colcon.colcon_parallel_executor.executor.parallel:loop closed
[6.651s] DEBUG:colcon.colcon_parallel_executor.executor.parallel:run_until_complete finished with '2'
[6.651s] DEBUG:colcon.colcon_core.event_reactor:joining thread
[6.671s] INFO:colcon.colcon_core.plugin_system:Skipping extension 'colcon_notification.desktop_notification.terminal_notifier': Not used on non-Darwin systems
[6.671s] INFO:colcon.colcon_core.plugin_system:Skipping extension 'colcon_notification.desktop_notification.win32': Not used on non-Windows systems
[6.671s] INFO:colcon.colcon_notification.desktop_notification:Sending desktop notification using 'notify2'
[6.687s] DEBUG:colcon.colcon_core.event_reactor:joined thread
[6.701s] INFO:colcon.colcon_core.shell:Creating prefix script '/home/morita/ros2_ws/install/local_setup.ps1'
[6.702s] INFO:colcon.colcon_core.shell:Creating prefix util module '/home/morita/ros2_ws/install/_local_setup_util_ps1.py'
[6.704s] INFO:colcon.colcon_core.shell:Creating prefix chain script '/home/morita/ros2_ws/install/setup.ps1'
[6.719s] INFO:colcon.colcon_core.shell:Creating prefix script '/home/morita/ros2_ws/install/local_setup.sh'
[6.719s] INFO:colcon.colcon_core.shell:Creating prefix util module '/home/morita/ros2_ws/install/_local_setup_util_sh.py'
[6.720s] INFO:colcon.colcon_core.shell:Creating prefix chain script '/home/morita/ros2_ws/install/setup.sh'
[6.735s] INFO:colcon.colcon_core.shell:Creating prefix script '/home/morita/ros2_ws/install/local_setup.bash'
[6.735s] INFO:colcon.colcon_core.shell:Creating prefix chain script '/home/morita/ros2_ws/install/setup.bash'
[6.754s] INFO:colcon.colcon_core.shell:Creating prefix script '/home/morita/ros2_ws/install/local_setup.zsh'
[6.755s] INFO:colcon.colcon_core.shell:Creating prefix chain script '/home/morita/ros2_ws/install/setup.zsh'
