[0.936s] DEBUG:colcon:Command line arguments: ['/usr/bin/colcon', 'build']
[0.936s] DEBUG:colcon:Parsed command line arguments: Namespace(log_base=None, log_level=None, verb_name='build', build_base='build', install_base='install', merge_install=False, symlink_install=False, test_result_base=None, continue_on_error=False, executor='parallel', parallel_workers=8, event_handlers=None, ignore_user_meta=False, metas=['./colcon.meta'], base_paths=['.'], packages_ignore=None, packages_ignore_regex=None, paths=None, packages_up_to=None, packages_up_to_regex=None, packages_above=None, packages_above_and_dependencies=None, packages_above_depth=None, packages_select_by_dep=None, packages_skip_by_dep=None, packages_skip_up_to=None, packages_select_build_failed=False, packages_skip_build_finished=False, packages_select_test_failures=False, packages_skip_test_passed=False, packages_select=None, packages_skip=None, packages_select_regex=None, packages_skip_regex=None, packages_start=None, packages_end=None, allow_overriding=[], cmake_args=None, cmake_target=None, cmake_target_skip_unavailable=False, cmake_clean_cache=False, cmake_clean_first=False, cmake_force_configure=False, ament_cmake_args=None, catkin_cmake_args=None, catkin_skip_building_tests=False, verb_parser=<colcon_defaults.argument_parser.defaults.DefaultArgumentsDecorator object at 0x7f27f4f8bee0>, verb_extension=<colcon_core.verb.build.BuildVerb object at 0x7f27f4f89300>, main=<bound method BuildVerb.main of <colcon_core.verb.build.BuildVerb object at 0x7f27f4f89300>>)
[0.990s] Level 1:colcon.colcon_core.package_discovery:discover_packages(colcon_meta) check parameters
[0.990s] Level 1:colcon.colcon_core.package_discovery:discover_packages(recursive) check parameters
[0.990s] Level 1:colcon.colcon_core.package_discovery:discover_packages(ignore) check parameters
[0.990s] Level 1:colcon.colcon_core.package_discovery:discover_packages(path) check parameters
[0.990s] Level 1:colcon.colcon_core.package_discovery:discover_packages(colcon_meta) discover
[0.991s] Level 1:colcon.colcon_core.package_discovery:discover_packages(recursive) discover
[0.991s] INFO:colcon.colcon_core.package_discovery:Crawling recursively for packages in '/home/morita/ros2_ws'
[0.991s] Level 1:colcon.colcon_core.package_identification:_identify(.) by extensions ['ignore', 'ignore_ament_install']
[0.991s] Level 1:colcon.colcon_core.package_identification:_identify(.) by extension 'ignore'
[0.991s] Level 1:colcon.colcon_core.package_identification:_identify(.) by extension 'ignore_ament_install'
[0.991s] Level 1:colcon.colcon_core.package_identification:_identify(.) by extensions ['colcon_pkg']
[0.991s] Level 1:colcon.colcon_core.package_identification:_identify(.) by extension 'colcon_pkg'
[0.991s] Level 1:colcon.colcon_core.package_identification:_identify(.) by extensions ['colcon_meta']
[0.991s] Level 1:colcon.colcon_core.package_identification:_identify(.) by extension 'colcon_meta'
[0.991s] Level 1:colcon.colcon_core.package_identification:_identify(.) by extensions ['ros']
[0.991s] Level 1:colcon.colcon_core.package_identification:_identify(.) by extension 'ros'
[1.006s] Level 1:colcon.colcon_core.package_identification:_identify(.) by extensions ['cmake', 'python']
[1.006s] Level 1:colcon.colcon_core.package_identification:_identify(.) by extension 'cmake'
[1.006s] Level 1:colcon.colcon_core.package_identification:_identify(.) by extension 'python'
[1.006s] Level 1:colcon.colcon_core.package_identification:_identify(.) by extensions ['python_setup_py']
[1.006s] Level 1:colcon.colcon_core.package_identification:_identify(.) by extension 'python_setup_py'
[1.006s] Level 1:colcon.colcon_core.package_identification:_identify(CSV) by extensions ['ignore', 'ignore_ament_install']
[1.006s] Level 1:colcon.colcon_core.package_identification:_identify(CSV) by extension 'ignore'
[1.006s] Level 1:colcon.colcon_core.package_identification:_identify(CSV) by extension 'ignore_ament_install'
[1.006s] Level 1:colcon.colcon_core.package_identification:_identify(CSV) by extensions ['colcon_pkg']
[1.006s] Level 1:colcon.colcon_core.package_identification:_identify(CSV) by extension 'colcon_pkg'
[1.006s] Level 1:colcon.colcon_core.package_identification:_identify(CSV) by extensions ['colcon_meta']
[1.006s] Level 1:colcon.colcon_core.package_identification:_identify(CSV) by extension 'colcon_meta'
[1.006s] Level 1:colcon.colcon_core.package_identification:_identify(CSV) by extensions ['ros']
[1.006s] Level 1:colcon.colcon_core.package_identification:_identify(CSV) by extension 'ros'
[1.007s] Level 1:colcon.colcon_core.package_identification:_identify(CSV) by extensions ['cmake', 'python']
[1.007s] Level 1:colcon.colcon_core.package_identification:_identify(CSV) by extension 'cmake'
[1.007s] Level 1:colcon.colcon_core.package_identification:_identify(CSV) by extension 'python'
[1.007s] Level 1:colcon.colcon_core.package_identification:_identify(CSV) by extensions ['python_setup_py']
[1.007s] Level 1:colcon.colcon_core.package_identification:_identify(CSV) by extension 'python_setup_py'
[1.007s] Level 1:colcon.colcon_core.package_identification:_identify(Memo) by extensions ['ignore', 'ignore_ament_install']
[1.007s] Level 1:colcon.colcon_core.package_identification:_identify(Memo) by extension 'ignore'
[1.007s] Level 1:colcon.colcon_core.package_identification:_identify(Memo) by extension 'ignore_ament_install'
[1.007s] Level 1:colcon.colcon_core.package_identification:_identify(Memo) by extensions ['colcon_pkg']
[1.007s] Level 1:colcon.colcon_core.package_identification:_identify(Memo) by extension 'colcon_pkg'
[1.007s] Level 1:colcon.colcon_core.package_identification:_identify(Memo) by extensions ['colcon_meta']
[1.007s] Level 1:colcon.colcon_core.package_identification:_identify(Memo) by extension 'colcon_meta'
[1.007s] Level 1:colcon.colcon_core.package_identification:_identify(Memo) by extensions ['ros']
[1.007s] Level 1:colcon.colcon_core.package_identification:_identify(Memo) by extension 'ros'
[1.007s] Level 1:colcon.colcon_core.package_identification:_identify(Memo) by extensions ['cmake', 'python']
[1.008s] Level 1:colcon.colcon_core.package_identification:_identify(Memo) by extension 'cmake'
[1.008s] Level 1:colcon.colcon_core.package_identification:_identify(Memo) by extension 'python'
[1.008s] Level 1:colcon.colcon_core.package_identification:_identify(Memo) by extensions ['python_setup_py']
[1.008s] Level 1:colcon.colcon_core.package_identification:_identify(Memo) by extension 'python_setup_py'
[1.008s] Level 1:colcon.colcon_core.package_identification:_identify(Memo/setup) by extensions ['ignore', 'ignore_ament_install']
[1.008s] Level 1:colcon.colcon_core.package_identification:_identify(Memo/setup) by extension 'ignore'
[1.008s] Level 1:colcon.colcon_core.package_identification:_identify(Memo/setup) by extension 'ignore_ament_install'
[1.008s] Level 1:colcon.colcon_core.package_identification:_identify(Memo/setup) by extensions ['colcon_pkg']
[1.008s] Level 1:colcon.colcon_core.package_identification:_identify(Memo/setup) by extension 'colcon_pkg'
[1.008s] Level 1:colcon.colcon_core.package_identification:_identify(Memo/setup) by extensions ['colcon_meta']
[1.008s] Level 1:colcon.colcon_core.package_identification:_identify(Memo/setup) by extension 'colcon_meta'
[1.008s] Level 1:colcon.colcon_core.package_identification:_identify(Memo/setup) by extensions ['ros']
[1.008s] Level 1:colcon.colcon_core.package_identification:_identify(Memo/setup) by extension 'ros'
[1.008s] Level 1:colcon.colcon_core.package_identification:_identify(Memo/setup) by extensions ['cmake', 'python']
[1.008s] Level 1:colcon.colcon_core.package_identification:_identify(Memo/setup) by extension 'cmake'
[1.008s] Level 1:colcon.colcon_core.package_identification:_identify(Memo/setup) by extension 'python'
[1.008s] Level 1:colcon.colcon_core.package_identification:_identify(Memo/setup) by extensions ['python_setup_py']
[1.008s] Level 1:colcon.colcon_core.package_identification:_identify(Memo/setup) by extension 'python_setup_py'
[1.009s] Level 1:colcon.colcon_core.package_identification:_identify(Memo/tex) by extensions ['ignore', 'ignore_ament_install']
[1.009s] Level 1:colcon.colcon_core.package_identification:_identify(Memo/tex) by extension 'ignore'
[1.009s] Level 1:colcon.colcon_core.package_identification:_identify(Memo/tex) by extension 'ignore_ament_install'
[1.009s] Level 1:colcon.colcon_core.package_identification:_identify(Memo/tex) by extensions ['colcon_pkg']
[1.009s] Level 1:colcon.colcon_core.package_identification:_identify(Memo/tex) by extension 'colcon_pkg'
[1.009s] Level 1:colcon.colcon_core.package_identification:_identify(Memo/tex) by extensions ['colcon_meta']
[1.009s] Level 1:colcon.colcon_core.package_identification:_identify(Memo/tex) by extension 'colcon_meta'
[1.009s] Level 1:colcon.colcon_core.package_identification:_identify(Memo/tex) by extensions ['ros']
[1.009s] Level 1:colcon.colcon_core.package_identification:_identify(Memo/tex) by extension 'ros'
[1.009s] Level 1:colcon.colcon_core.package_identification:_identify(Memo/tex) by extensions ['cmake', 'python']
[1.009s] Level 1:colcon.colcon_core.package_identification:_identify(Memo/tex) by extension 'cmake'
[1.009s] Level 1:colcon.colcon_core.package_identification:_identify(Memo/tex) by extension 'python'
[1.009s] Level 1:colcon.colcon_core.package_identification:_identify(Memo/tex) by extensions ['python_setup_py']
[1.009s] Level 1:colcon.colcon_core.package_identification:_identify(Memo/tex) by extension 'python_setup_py'
[1.009s] Level 1:colcon.colcon_core.package_identification:_identify(Memo/tex/adrobo_abst) by extensions ['ignore', 'ignore_ament_install']
[1.009s] Level 1:colcon.colcon_core.package_identification:_identify(Memo/tex/adrobo_abst) by extension 'ignore'
[1.010s] Level 1:colcon.colcon_core.package_identification:_identify(Memo/tex/adrobo_abst) by extension 'ignore_ament_install'
[1.010s] Level 1:colcon.colcon_core.package_identification:_identify(Memo/tex/adrobo_abst) by extensions ['colcon_pkg']
[1.010s] Level 1:colcon.colcon_core.package_identification:_identify(Memo/tex/adrobo_abst) by extension 'colcon_pkg'
[1.010s] Level 1:colcon.colcon_core.package_identification:_identify(Memo/tex/adrobo_abst) by extensions ['colcon_meta']
[1.010s] Level 1:colcon.colcon_core.package_identification:_identify(Memo/tex/adrobo_abst) by extension 'colcon_meta'
[1.010s] Level 1:colcon.colcon_core.package_identification:_identify(Memo/tex/adrobo_abst) by extensions ['ros']
[1.010s] Level 1:colcon.colcon_core.package_identification:_identify(Memo/tex/adrobo_abst) by extension 'ros'
[1.010s] Level 1:colcon.colcon_core.package_identification:_identify(Memo/tex/adrobo_abst) by extensions ['cmake', 'python']
[1.010s] Level 1:colcon.colcon_core.package_identification:_identify(Memo/tex/adrobo_abst) by extension 'cmake'
[1.010s] Level 1:colcon.colcon_core.package_identification:_identify(Memo/tex/adrobo_abst) by extension 'python'
[1.010s] Level 1:colcon.colcon_core.package_identification:_identify(Memo/tex/adrobo_abst) by extensions ['python_setup_py']
[1.010s] Level 1:colcon.colcon_core.package_identification:_identify(Memo/tex/adrobo_abst) by extension 'python_setup_py'
[1.010s] Level 1:colcon.colcon_core.package_identification:_identify(Memo/tex/adrobo_abst/fig) by extensions ['ignore', 'ignore_ament_install']
[1.010s] Level 1:colcon.colcon_core.package_identification:_identify(Memo/tex/adrobo_abst/fig) by extension 'ignore'
[1.010s] Level 1:colcon.colcon_core.package_identification:_identify(Memo/tex/adrobo_abst/fig) by extension 'ignore_ament_install'
[1.010s] Level 1:colcon.colcon_core.package_identification:_identify(Memo/tex/adrobo_abst/fig) by extensions ['colcon_pkg']
[1.010s] Level 1:colcon.colcon_core.package_identification:_identify(Memo/tex/adrobo_abst/fig) by extension 'colcon_pkg'
[1.011s] Level 1:colcon.colcon_core.package_identification:_identify(Memo/tex/adrobo_abst/fig) by extensions ['colcon_meta']
[1.011s] Level 1:colcon.colcon_core.package_identification:_identify(Memo/tex/adrobo_abst/fig) by extension 'colcon_meta'
[1.011s] Level 1:colcon.colcon_core.package_identification:_identify(Memo/tex/adrobo_abst/fig) by extensions ['ros']
[1.011s] Level 1:colcon.colcon_core.package_identification:_identify(Memo/tex/adrobo_abst/fig) by extension 'ros'
[1.011s] Level 1:colcon.colcon_core.package_identification:_identify(Memo/tex/adrobo_abst/fig) by extensions ['cmake', 'python']
[1.011s] Level 1:colcon.colcon_core.package_identification:_identify(Memo/tex/adrobo_abst/fig) by extension 'cmake'
[1.011s] Level 1:colcon.colcon_core.package_identification:_identify(Memo/tex/adrobo_abst/fig) by extension 'python'
[1.011s] Level 1:colcon.colcon_core.package_identification:_identify(Memo/tex/adrobo_abst/fig) by extensions ['python_setup_py']
[1.011s] Level 1:colcon.colcon_core.package_identification:_identify(Memo/tex/adrobo_abst/fig) by extension 'python_setup_py'
[1.011s] Level 1:colcon.colcon_core.package_identification:_identify(Memo/tex/adrobo_abst/sty) by extensions ['ignore', 'ignore_ament_install']
[1.011s] Level 1:colcon.colcon_core.package_identification:_identify(Memo/tex/adrobo_abst/sty) by extension 'ignore'
[1.011s] Level 1:colcon.colcon_core.package_identification:_identify(Memo/tex/adrobo_abst/sty) by extension 'ignore_ament_install'
[1.011s] Level 1:colcon.colcon_core.package_identification:_identify(Memo/tex/adrobo_abst/sty) by extensions ['colcon_pkg']
[1.011s] Level 1:colcon.colcon_core.package_identification:_identify(Memo/tex/adrobo_abst/sty) by extension 'colcon_pkg'
[1.011s] Level 1:colcon.colcon_core.package_identification:_identify(Memo/tex/adrobo_abst/sty) by extensions ['colcon_meta']
[1.011s] Level 1:colcon.colcon_core.package_identification:_identify(Memo/tex/adrobo_abst/sty) by extension 'colcon_meta'
[1.011s] Level 1:colcon.colcon_core.package_identification:_identify(Memo/tex/adrobo_abst/sty) by extensions ['ros']
[1.011s] Level 1:colcon.colcon_core.package_identification:_identify(Memo/tex/adrobo_abst/sty) by extension 'ros'
[1.012s] Level 1:colcon.colcon_core.package_identification:_identify(Memo/tex/adrobo_abst/sty) by extensions ['cmake', 'python']
[1.012s] Level 1:colcon.colcon_core.package_identification:_identify(Memo/tex/adrobo_abst/sty) by extension 'cmake'
[1.012s] Level 1:colcon.colcon_core.package_identification:_identify(Memo/tex/adrobo_abst/sty) by extension 'python'
[1.012s] Level 1:colcon.colcon_core.package_identification:_identify(Memo/tex/adrobo_abst/sty) by extensions ['python_setup_py']
[1.012s] Level 1:colcon.colcon_core.package_identification:_identify(Memo/tex/adrobo_abst/sty) by extension 'python_setup_py'
[1.012s] Level 1:colcon.colcon_core.package_identification:_identify(Memo/tex/adrobo_abst/word) by extensions ['ignore', 'ignore_ament_install']
[1.012s] Level 1:colcon.colcon_core.package_identification:_identify(Memo/tex/adrobo_abst/word) by extension 'ignore'
[1.012s] Level 1:colcon.colcon_core.package_identification:_identify(Memo/tex/adrobo_abst/word) by extension 'ignore_ament_install'
[1.012s] Level 1:colcon.colcon_core.package_identification:_identify(Memo/tex/adrobo_abst/word) by extensions ['colcon_pkg']
[1.012s] Level 1:colcon.colcon_core.package_identification:_identify(Memo/tex/adrobo_abst/word) by extension 'colcon_pkg'
[1.012s] Level 1:colcon.colcon_core.package_identification:_identify(Memo/tex/adrobo_abst/word) by extensions ['colcon_meta']
[1.012s] Level 1:colcon.colcon_core.package_identification:_identify(Memo/tex/adrobo_abst/word) by extension 'colcon_meta'
[1.012s] Level 1:colcon.colcon_core.package_identification:_identify(Memo/tex/adrobo_abst/word) by extensions ['ros']
[1.012s] Level 1:colcon.colcon_core.package_identification:_identify(Memo/tex/adrobo_abst/word) by extension 'ros'
[1.012s] Level 1:colcon.colcon_core.package_identification:_identify(Memo/tex/adrobo_abst/word) by extensions ['cmake', 'python']
[1.012s] Level 1:colcon.colcon_core.package_identification:_identify(Memo/tex/adrobo_abst/word) by extension 'cmake'
[1.012s] Level 1:colcon.colcon_core.package_identification:_identify(Memo/tex/adrobo_abst/word) by extension 'python'
[1.012s] Level 1:colcon.colcon_core.package_identification:_identify(Memo/tex/adrobo_abst/word) by extensions ['python_setup_py']
[1.012s] Level 1:colcon.colcon_core.package_identification:_identify(Memo/tex/adrobo_abst/word) by extension 'python_setup_py'
[1.013s] Level 1:colcon.colcon_core.package_identification:_identify(Memo/tex/img) by extensions ['ignore', 'ignore_ament_install']
[1.013s] Level 1:colcon.colcon_core.package_identification:_identify(Memo/tex/img) by extension 'ignore'
[1.013s] Level 1:colcon.colcon_core.package_identification:_identify(Memo/tex/img) by extension 'ignore_ament_install'
[1.013s] Level 1:colcon.colcon_core.package_identification:_identify(Memo/tex/img) by extensions ['colcon_pkg']
[1.013s] Level 1:colcon.colcon_core.package_identification:_identify(Memo/tex/img) by extension 'colcon_pkg'
[1.013s] Level 1:colcon.colcon_core.package_identification:_identify(Memo/tex/img) by extensions ['colcon_meta']
[1.013s] Level 1:colcon.colcon_core.package_identification:_identify(Memo/tex/img) by extension 'colcon_meta'
[1.013s] Level 1:colcon.colcon_core.package_identification:_identify(Memo/tex/img) by extensions ['ros']
[1.013s] Level 1:colcon.colcon_core.package_identification:_identify(Memo/tex/img) by extension 'ros'
[1.013s] Level 1:colcon.colcon_core.package_identification:_identify(Memo/tex/img) by extensions ['cmake', 'python']
[1.013s] Level 1:colcon.colcon_core.package_identification:_identify(Memo/tex/img) by extension 'cmake'
[1.013s] Level 1:colcon.colcon_core.package_identification:_identify(Memo/tex/img) by extension 'python'
[1.013s] Level 1:colcon.colcon_core.package_identification:_identify(Memo/tex/img) by extensions ['python_setup_py']
[1.013s] Level 1:colcon.colcon_core.package_identification:_identify(Memo/tex/img) by extension 'python_setup_py'
[1.013s] Level 1:colcon.colcon_core.package_identification:_identify(build) by extensions ['ignore', 'ignore_ament_install']
[1.013s] Level 1:colcon.colcon_core.package_identification:_identify(build) by extension 'ignore'
[1.014s] Level 1:colcon.colcon_core.package_identification:_identify(build) ignored
[1.014s] Level 1:colcon.colcon_core.package_identification:_identify(image) by extensions ['ignore', 'ignore_ament_install']
[1.014s] Level 1:colcon.colcon_core.package_identification:_identify(image) by extension 'ignore'
[1.014s] Level 1:colcon.colcon_core.package_identification:_identify(image) by extension 'ignore_ament_install'
[1.014s] Level 1:colcon.colcon_core.package_identification:_identify(image) by extensions ['colcon_pkg']
[1.014s] Level 1:colcon.colcon_core.package_identification:_identify(image) by extension 'colcon_pkg'
[1.014s] Level 1:colcon.colcon_core.package_identification:_identify(image) by extensions ['colcon_meta']
[1.014s] Level 1:colcon.colcon_core.package_identification:_identify(image) by extension 'colcon_meta'
[1.014s] Level 1:colcon.colcon_core.package_identification:_identify(image) by extensions ['ros']
[1.014s] Level 1:colcon.colcon_core.package_identification:_identify(image) by extension 'ros'
[1.014s] Level 1:colcon.colcon_core.package_identification:_identify(image) by extensions ['cmake', 'python']
[1.014s] Level 1:colcon.colcon_core.package_identification:_identify(image) by extension 'cmake'
[1.014s] Level 1:colcon.colcon_core.package_identification:_identify(image) by extension 'python'
[1.014s] Level 1:colcon.colcon_core.package_identification:_identify(image) by extensions ['python_setup_py']
[1.014s] Level 1:colcon.colcon_core.package_identification:_identify(image) by extension 'python_setup_py'
[1.014s] Level 1:colcon.colcon_core.package_identification:_identify(image/build) by extensions ['ignore', 'ignore_ament_install']
[1.015s] Level 1:colcon.colcon_core.package_identification:_identify(image/build) by extension 'ignore'
[1.015s] Level 1:colcon.colcon_core.package_identification:_identify(image/build) ignored
[1.015s] Level 1:colcon.colcon_core.package_identification:_identify(image/install) by extensions ['ignore', 'ignore_ament_install']
[1.015s] Level 1:colcon.colcon_core.package_identification:_identify(image/install) by extension 'ignore'
[1.015s] Level 1:colcon.colcon_core.package_identification:_identify(image/install) ignored
[1.015s] Level 1:colcon.colcon_core.package_identification:_identify(image/log) by extensions ['ignore', 'ignore_ament_install']
[1.015s] Level 1:colcon.colcon_core.package_identification:_identify(image/log) by extension 'ignore'
[1.015s] Level 1:colcon.colcon_core.package_identification:_identify(image/log) ignored
[1.015s] Level 1:colcon.colcon_core.package_identification:_identify(image/output) by extensions ['ignore', 'ignore_ament_install']
[1.015s] Level 1:colcon.colcon_core.package_identification:_identify(image/output) by extension 'ignore'
[1.015s] Level 1:colcon.colcon_core.package_identification:_identify(image/output) by extension 'ignore_ament_install'
[1.015s] Level 1:colcon.colcon_core.package_identification:_identify(image/output) by extensions ['colcon_pkg']
[1.015s] Level 1:colcon.colcon_core.package_identification:_identify(image/output) by extension 'colcon_pkg'
[1.015s] Level 1:colcon.colcon_core.package_identification:_identify(image/output) by extensions ['colcon_meta']
[1.016s] Level 1:colcon.colcon_core.package_identification:_identify(image/output) by extension 'colcon_meta'
[1.016s] Level 1:colcon.colcon_core.package_identification:_identify(image/output) by extensions ['ros']
[1.016s] Level 1:colcon.colcon_core.package_identification:_identify(image/output) by extension 'ros'
[1.016s] Level 1:colcon.colcon_core.package_identification:_identify(image/output) by extensions ['cmake', 'python']
[1.016s] Level 1:colcon.colcon_core.package_identification:_identify(image/output) by extension 'cmake'
[1.016s] Level 1:colcon.colcon_core.package_identification:_identify(image/output) by extension 'python'
[1.016s] Level 1:colcon.colcon_core.package_identification:_identify(image/output) by extensions ['python_setup_py']
[1.016s] Level 1:colcon.colcon_core.package_identification:_identify(image/output) by extension 'python_setup_py'
[1.016s] Level 1:colcon.colcon_core.package_identification:_identify(image/output/mypkg) by extensions ['ignore', 'ignore_ament_install']
[1.016s] Level 1:colcon.colcon_core.package_identification:_identify(image/output/mypkg) by extension 'ignore'
[1.016s] Level 1:colcon.colcon_core.package_identification:_identify(image/output/mypkg) by extension 'ignore_ament_install'
[1.016s] Level 1:colcon.colcon_core.package_identification:_identify(image/output/mypkg) by extensions ['colcon_pkg']
[1.016s] Level 1:colcon.colcon_core.package_identification:_identify(image/output/mypkg) by extension 'colcon_pkg'
[1.016s] Level 1:colcon.colcon_core.package_identification:_identify(image/output/mypkg) by extensions ['colcon_meta']
[1.016s] Level 1:colcon.colcon_core.package_identification:_identify(image/output/mypkg) by extension 'colcon_meta'
[1.016s] Level 1:colcon.colcon_core.package_identification:_identify(image/output/mypkg) by extensions ['ros']
[1.016s] Level 1:colcon.colcon_core.package_identification:_identify(image/output/mypkg) by extension 'ros'
[1.017s] Level 1:colcon.colcon_core.package_identification:_identify(image/output/mypkg) by extensions ['cmake', 'python']
[1.017s] Level 1:colcon.colcon_core.package_identification:_identify(image/output/mypkg) by extension 'cmake'
[1.017s] Level 1:colcon.colcon_core.package_identification:_identify(image/output/mypkg) by extension 'python'
[1.017s] Level 1:colcon.colcon_core.package_identification:_identify(image/output/mypkg) by extensions ['python_setup_py']
[1.017s] Level 1:colcon.colcon_core.package_identification:_identify(image/output/mypkg) by extension 'python_setup_py'
[1.017s] Level 1:colcon.colcon_core.package_identification:_identify(image/output/simple_drawing) by extensions ['ignore', 'ignore_ament_install']
[1.017s] Level 1:colcon.colcon_core.package_identification:_identify(image/output/simple_drawing) by extension 'ignore'
[1.017s] Level 1:colcon.colcon_core.package_identification:_identify(image/output/simple_drawing) by extension 'ignore_ament_install'
[1.017s] Level 1:colcon.colcon_core.package_identification:_identify(image/output/simple_drawing) by extensions ['colcon_pkg']
[1.017s] Level 1:colcon.colcon_core.package_identification:_identify(image/output/simple_drawing) by extension 'colcon_pkg'
[1.017s] Level 1:colcon.colcon_core.package_identification:_identify(image/output/simple_drawing) by extensions ['colcon_meta']
[1.017s] Level 1:colcon.colcon_core.package_identification:_identify(image/output/simple_drawing) by extension 'colcon_meta'
[1.017s] Level 1:colcon.colcon_core.package_identification:_identify(image/output/simple_drawing) by extensions ['ros']
[1.017s] Level 1:colcon.colcon_core.package_identification:_identify(image/output/simple_drawing) by extension 'ros'
[1.017s] Level 1:colcon.colcon_core.package_identification:_identify(image/output/simple_drawing) by extensions ['cmake', 'python']
[1.017s] Level 1:colcon.colcon_core.package_identification:_identify(image/output/simple_drawing) by extension 'cmake'
[1.017s] Level 1:colcon.colcon_core.package_identification:_identify(image/output/simple_drawing) by extension 'python'
[1.017s] Level 1:colcon.colcon_core.package_identification:_identify(image/output/simple_drawing) by extensions ['python_setup_py']
[1.017s] Level 1:colcon.colcon_core.package_identification:_identify(image/output/simple_drawing) by extension 'python_setup_py'
[1.018s] Level 1:colcon.colcon_core.package_identification:_identify(install) by extensions ['ignore', 'ignore_ament_install']
[1.018s] Level 1:colcon.colcon_core.package_identification:_identify(install) by extension 'ignore'
[1.018s] Level 1:colcon.colcon_core.package_identification:_identify(install) ignored
[1.018s] Level 1:colcon.colcon_core.package_identification:_identify(log) by extensions ['ignore', 'ignore_ament_install']
[1.018s] Level 1:colcon.colcon_core.package_identification:_identify(log) by extension 'ignore'
[1.018s] Level 1:colcon.colcon_core.package_identification:_identify(log) ignored
[1.018s] Level 1:colcon.colcon_core.package_identification:_identify(scripts) by extensions ['ignore', 'ignore_ament_install']
[1.018s] Level 1:colcon.colcon_core.package_identification:_identify(scripts) by extension 'ignore'
[1.018s] Level 1:colcon.colcon_core.package_identification:_identify(scripts) by extension 'ignore_ament_install'
[1.018s] Level 1:colcon.colcon_core.package_identification:_identify(scripts) by extensions ['colcon_pkg']
[1.018s] Level 1:colcon.colcon_core.package_identification:_identify(scripts) by extension 'colcon_pkg'
[1.018s] Level 1:colcon.colcon_core.package_identification:_identify(scripts) by extensions ['colcon_meta']
[1.018s] Level 1:colcon.colcon_core.package_identification:_identify(scripts) by extension 'colcon_meta'
[1.018s] Level 1:colcon.colcon_core.package_identification:_identify(scripts) by extensions ['ros']
[1.019s] Level 1:colcon.colcon_core.package_identification:_identify(scripts) by extension 'ros'
[1.019s] Level 1:colcon.colcon_core.package_identification:_identify(scripts) by extensions ['cmake', 'python']
[1.019s] Level 1:colcon.colcon_core.package_identification:_identify(scripts) by extension 'cmake'
[1.019s] Level 1:colcon.colcon_core.package_identification:_identify(scripts) by extension 'python'
[1.019s] Level 1:colcon.colcon_core.package_identification:_identify(scripts) by extensions ['python_setup_py']
[1.019s] Level 1:colcon.colcon_core.package_identification:_identify(scripts) by extension 'python_setup_py'
[1.019s] Level 1:colcon.colcon_core.package_identification:_identify(scripts/tmp_code) by extensions ['ignore', 'ignore_ament_install']
[1.019s] Level 1:colcon.colcon_core.package_identification:_identify(scripts/tmp_code) by extension 'ignore'
[1.019s] Level 1:colcon.colcon_core.package_identification:_identify(scripts/tmp_code) by extension 'ignore_ament_install'
[1.019s] Level 1:colcon.colcon_core.package_identification:_identify(scripts/tmp_code) by extensions ['colcon_pkg']
[1.019s] Level 1:colcon.colcon_core.package_identification:_identify(scripts/tmp_code) by extension 'colcon_pkg'
[1.019s] Level 1:colcon.colcon_core.package_identification:_identify(scripts/tmp_code) by extensions ['colcon_meta']
[1.019s] Level 1:colcon.colcon_core.package_identification:_identify(scripts/tmp_code) by extension 'colcon_meta'
[1.019s] Level 1:colcon.colcon_core.package_identification:_identify(scripts/tmp_code) by extensions ['ros']
[1.019s] Level 1:colcon.colcon_core.package_identification:_identify(scripts/tmp_code) by extension 'ros'
[1.019s] Level 1:colcon.colcon_core.package_identification:_identify(scripts/tmp_code) by extensions ['cmake', 'python']
[1.019s] Level 1:colcon.colcon_core.package_identification:_identify(scripts/tmp_code) by extension 'cmake'
[1.019s] Level 1:colcon.colcon_core.package_identification:_identify(scripts/tmp_code) by extension 'python'
[1.020s] Level 1:colcon.colcon_core.package_identification:_identify(scripts/tmp_code) by extensions ['python_setup_py']
[1.020s] Level 1:colcon.colcon_core.package_identification:_identify(scripts/tmp_code) by extension 'python_setup_py'
[1.020s] Level 1:colcon.colcon_core.package_identification:_identify(src) by extensions ['ignore', 'ignore_ament_install']
[1.020s] Level 1:colcon.colcon_core.package_identification:_identify(src) by extension 'ignore'
[1.020s] Level 1:colcon.colcon_core.package_identification:_identify(src) by extension 'ignore_ament_install'
[1.020s] Level 1:colcon.colcon_core.package_identification:_identify(src) by extensions ['colcon_pkg']
[1.020s] Level 1:colcon.colcon_core.package_identification:_identify(src) by extension 'colcon_pkg'
[1.020s] Level 1:colcon.colcon_core.package_identification:_identify(src) by extensions ['colcon_meta']
[1.020s] Level 1:colcon.colcon_core.package_identification:_identify(src) by extension 'colcon_meta'
[1.020s] Level 1:colcon.colcon_core.package_identification:_identify(src) by extensions ['ros']
[1.020s] Level 1:colcon.colcon_core.package_identification:_identify(src) by extension 'ros'
[1.020s] Level 1:colcon.colcon_core.package_identification:_identify(src) by extensions ['cmake', 'python']
[1.020s] Level 1:colcon.colcon_core.package_identification:_identify(src) by extension 'cmake'
[1.020s] Level 1:colcon.colcon_core.package_identification:_identify(src) by extension 'python'
[1.020s] Level 1:colcon.colcon_core.package_identification:_identify(src) by extensions ['python_setup_py']
[1.020s] Level 1:colcon.colcon_core.package_identification:_identify(src) by extension 'python_setup_py'
[1.020s] Level 1:colcon.colcon_core.package_identification:_identify(src/mypkg) by extensions ['ignore', 'ignore_ament_install']
[1.021s] Level 1:colcon.colcon_core.package_identification:_identify(src/mypkg) by extension 'ignore'
[1.021s] Level 1:colcon.colcon_core.package_identification:_identify(src/mypkg) by extension 'ignore_ament_install'
[1.021s] Level 1:colcon.colcon_core.package_identification:_identify(src/mypkg) by extensions ['colcon_pkg']
[1.021s] Level 1:colcon.colcon_core.package_identification:_identify(src/mypkg) by extension 'colcon_pkg'
[1.021s] Level 1:colcon.colcon_core.package_identification:_identify(src/mypkg) by extensions ['colcon_meta']
[1.021s] Level 1:colcon.colcon_core.package_identification:_identify(src/mypkg) by extension 'colcon_meta'
[1.021s] Level 1:colcon.colcon_core.package_identification:_identify(src/mypkg) by extensions ['ros']
[1.021s] Level 1:colcon.colcon_core.package_identification:_identify(src/mypkg) by extension 'ros'
[1.024s] DEBUG:colcon.colcon_core.package_identification:Package 'src/mypkg' with type 'ros.ament_cmake' and name 'mypkg'
[1.024s] Level 1:colcon.colcon_core.package_discovery:discover_packages(recursive) using defaults
[1.024s] Level 1:colcon.colcon_core.package_discovery:discover_packages(ignore) discover
[1.024s] Level 1:colcon.colcon_core.package_discovery:discover_packages(ignore) using defaults
[1.024s] Level 1:colcon.colcon_core.package_discovery:discover_packages(path) discover
[1.024s] Level 1:colcon.colcon_core.package_discovery:discover_packages(path) using defaults
[1.114s] Level 1:colcon.colcon_core.package_discovery:discover_packages(prefix_path) check parameters
[1.114s] Level 1:colcon.colcon_core.package_discovery:discover_packages(prefix_path) discover
[1.144s] DEBUG:colcon.colcon_installed_package_information.package_discovery:Found 270 installed packages in /opt/ros/humble
[1.146s] Level 1:colcon.colcon_core.package_discovery:discover_packages(prefix_path) using defaults
[1.238s] Level 5:colcon.colcon_core.verb:set package 'mypkg' build argument 'cmake_args' from command line to 'None'
[1.239s] Level 5:colcon.colcon_core.verb:set package 'mypkg' build argument 'cmake_target' from command line to 'None'
[1.239s] Level 5:colcon.colcon_core.verb:set package 'mypkg' build argument 'cmake_target_skip_unavailable' from command line to 'False'
[1.239s] Level 5:colcon.colcon_core.verb:set package 'mypkg' build argument 'cmake_clean_cache' from command line to 'False'
[1.239s] Level 5:colcon.colcon_core.verb:set package 'mypkg' build argument 'cmake_clean_first' from command line to 'False'
[1.239s] Level 5:colcon.colcon_core.verb:set package 'mypkg' build argument 'cmake_force_configure' from command line to 'False'
[1.239s] Level 5:colcon.colcon_core.verb:set package 'mypkg' build argument 'ament_cmake_args' from command line to 'None'
[1.239s] Level 5:colcon.colcon_core.verb:set package 'mypkg' build argument 'catkin_cmake_args' from command line to 'None'
[1.239s] Level 5:colcon.colcon_core.verb:set package 'mypkg' build argument 'catkin_skip_building_tests' from command line to 'False'
[1.239s] DEBUG:colcon.colcon_core.verb:Building package 'mypkg' with the following arguments: {'ament_cmake_args': None, 'build_base': '/home/morita/ros2_ws/build/mypkg', 'catkin_cmake_args': None, 'catkin_skip_building_tests': False, 'cmake_args': None, 'cmake_clean_cache': False, 'cmake_clean_first': False, 'cmake_force_configure': False, 'cmake_target': None, 'cmake_target_skip_unavailable': False, 'install_base': '/home/morita/ros2_ws/install/mypkg', 'merge_install': False, 'path': '/home/morita/ros2_ws/src/mypkg', 'symlink_install': False, 'test_result_base': None}
[1.253s] INFO:colcon.colcon_core.executor:Executing jobs using 'parallel' executor
[1.268s] DEBUG:colcon.colcon_parallel_executor.executor.parallel:run_until_complete
[1.268s] INFO:colcon.colcon_ros.task.ament_cmake.build:Building ROS package in '/home/morita/ros2_ws/src/mypkg' with build type 'ament_cmake'
[1.268s] INFO:colcon.colcon_cmake.task.cmake.build:Building CMake package in '/home/morita/ros2_ws/src/mypkg'
[1.285s] INFO:colcon.colcon_core.plugin_system:Skipping extension 'colcon_core.shell.bat': Not used on non-Windows systems
[1.285s] INFO:colcon.colcon_core.shell:Skip shell extension 'powershell' for command environment: Not usable outside of PowerShell
[1.285s] DEBUG:colcon.colcon_core.shell:Skip shell extension 'dsv' for command environment
[1.323s] DEBUG:colcon.colcon_core.event_handler.log_command:Invoking command in '/home/morita/ros2_ws/build/mypkg': CMAKE_PREFIX_PATH=/opt/ros/humble /usr/bin/cmake --build /home/morita/ros2_ws/build/mypkg -- -j8 -l8
[6.405s] DEBUG:colcon.colcon_core.event_handler.log_command:Invoked command in '/home/morita/ros2_ws/build/mypkg' returned '0': CMAKE_PREFIX_PATH=/opt/ros/humble /usr/bin/cmake --build /home/morita/ros2_ws/build/mypkg -- -j8 -l8
[6.438s] DEBUG:colcon.colcon_core.event_handler.log_command:Invoking command in '/home/morita/ros2_ws/build/mypkg': CMAKE_PREFIX_PATH=/opt/ros/humble /usr/bin/cmake --install /home/morita/ros2_ws/build/mypkg
[6.448s] Level 1:colcon.colcon_core.environment:create_environment_scripts_only(mypkg)
[6.449s] DEBUG:colcon.colcon_core.event_handler.log_command:Invoked command in '/home/morita/ros2_ws/build/mypkg' returned '0': CMAKE_PREFIX_PATH=/opt/ros/humble /usr/bin/cmake --install /home/morita/ros2_ws/build/mypkg
[6.467s] Level 1:colcon.colcon_core.environment:checking '/home/morita/ros2_ws/install/mypkg' for CMake module files
[6.467s] Level 1:colcon.colcon_core.environment:checking '/home/morita/ros2_ws/install/mypkg' for CMake config files
[6.467s] Level 1:colcon.colcon_core.shell:create_environment_hook('mypkg', 'cmake_prefix_path')
[6.481s] INFO:colcon.colcon_core.shell:Creating environment hook '/home/morita/ros2_ws/install/mypkg/share/mypkg/hook/cmake_prefix_path.ps1'
[6.481s] INFO:colcon.colcon_core.shell:Creating environment descriptor '/home/morita/ros2_ws/install/mypkg/share/mypkg/hook/cmake_prefix_path.dsv'
[6.482s] INFO:colcon.colcon_core.shell:Creating environment hook '/home/morita/ros2_ws/install/mypkg/share/mypkg/hook/cmake_prefix_path.sh'
[6.482s] Level 1:colcon.colcon_core.environment:checking '/home/morita/ros2_ws/install/mypkg/lib'
[6.483s] Level 1:colcon.colcon_core.environment:checking '/home/morita/ros2_ws/install/mypkg/bin'
[6.483s] Level 1:colcon.colcon_core.environment:checking '/home/morita/ros2_ws/install/mypkg/lib/pkgconfig/mypkg.pc'
[6.483s] Level 1:colcon.colcon_core.environment:checking '/home/morita/ros2_ws/install/mypkg/lib/python3.10/site-packages'
[6.483s] Level 1:colcon.colcon_core.environment:checking '/home/morita/ros2_ws/install/mypkg/bin'
[6.497s] INFO:colcon.colcon_core.shell:Creating package script '/home/morita/ros2_ws/install/mypkg/share/mypkg/package.ps1'
[6.497s] INFO:colcon.colcon_core.shell:Creating package descriptor '/home/morita/ros2_ws/install/mypkg/share/mypkg/package.dsv'
[6.498s] INFO:colcon.colcon_core.shell:Creating package script '/home/morita/ros2_ws/install/mypkg/share/mypkg/package.sh'
[6.498s] INFO:colcon.colcon_core.shell:Creating package script '/home/morita/ros2_ws/install/mypkg/share/mypkg/package.bash'
[6.499s] INFO:colcon.colcon_core.shell:Creating package script '/home/morita/ros2_ws/install/mypkg/share/mypkg/package.zsh'
[6.500s] Level 1:colcon.colcon_core.environment:create_file_with_runtime_dependencies(/home/morita/ros2_ws/install/mypkg/share/colcon-core/packages/mypkg)
[6.533s] Level 1:colcon.colcon_core.environment:create_environment_scripts_only(mypkg)
[6.547s] Level 1:colcon.colcon_core.environment:checking '/home/morita/ros2_ws/install/mypkg' for CMake module files
[6.547s] Level 1:colcon.colcon_core.environment:checking '/home/morita/ros2_ws/install/mypkg' for CMake config files
[6.547s] Level 1:colcon.colcon_core.shell:create_environment_hook('mypkg', 'cmake_prefix_path')
[6.560s] INFO:colcon.colcon_core.shell:Creating environment hook '/home/morita/ros2_ws/install/mypkg/share/mypkg/hook/cmake_prefix_path.ps1'
[6.560s] INFO:colcon.colcon_core.shell:Creating environment descriptor '/home/morita/ros2_ws/install/mypkg/share/mypkg/hook/cmake_prefix_path.dsv'
[6.560s] INFO:colcon.colcon_core.shell:Creating environment hook '/home/morita/ros2_ws/install/mypkg/share/mypkg/hook/cmake_prefix_path.sh'
[6.561s] Level 1:colcon.colcon_core.environment:checking '/home/morita/ros2_ws/install/mypkg/lib'
[6.561s] Level 1:colcon.colcon_core.environment:checking '/home/morita/ros2_ws/install/mypkg/bin'
[6.561s] Level 1:colcon.colcon_core.environment:checking '/home/morita/ros2_ws/install/mypkg/lib/pkgconfig/mypkg.pc'
[6.561s] Level 1:colcon.colcon_core.environment:checking '/home/morita/ros2_ws/install/mypkg/lib/python3.10/site-packages'
[6.561s] Level 1:colcon.colcon_core.environment:checking '/home/morita/ros2_ws/install/mypkg/bin'
[6.573s] INFO:colcon.colcon_core.shell:Creating package script '/home/morita/ros2_ws/install/mypkg/share/mypkg/package.ps1'
[6.574s] INFO:colcon.colcon_core.shell:Creating package descriptor '/home/morita/ros2_ws/install/mypkg/share/mypkg/package.dsv'
[6.574s] INFO:colcon.colcon_core.shell:Creating package script '/home/morita/ros2_ws/install/mypkg/share/mypkg/package.sh'
[6.574s] INFO:colcon.colcon_core.shell:Creating package script '/home/morita/ros2_ws/install/mypkg/share/mypkg/package.bash'
[6.575s] INFO:colcon.colcon_core.shell:Creating package script '/home/morita/ros2_ws/install/mypkg/share/mypkg/package.zsh'
[6.575s] Level 1:colcon.colcon_core.environment:create_file_with_runtime_dependencies(/home/morita/ros2_ws/install/mypkg/share/colcon-core/packages/mypkg)
[6.576s] DEBUG:colcon.colcon_parallel_executor.executor.parallel:closing loop
[6.576s] DEBUG:colcon.colcon_parallel_executor.executor.parallel:loop closed
[6.576s] DEBUG:colcon.colcon_parallel_executor.executor.parallel:run_until_complete finished with '0'
[6.576s] DEBUG:colcon.colcon_core.event_reactor:joining thread
[6.594s] INFO:colcon.colcon_core.plugin_system:Skipping extension 'colcon_notification.desktop_notification.terminal_notifier': Not used on non-Darwin systems
[6.594s] INFO:colcon.colcon_core.plugin_system:Skipping extension 'colcon_notification.desktop_notification.win32': Not used on non-Windows systems
[6.594s] INFO:colcon.colcon_notification.desktop_notification:Sending desktop notification using 'notify2'
[6.608s] DEBUG:colcon.colcon_core.event_reactor:joined thread
[6.630s] INFO:colcon.colcon_core.shell:Creating prefix script '/home/morita/ros2_ws/install/local_setup.ps1'
[6.632s] INFO:colcon.colcon_core.shell:Creating prefix util module '/home/morita/ros2_ws/install/_local_setup_util_ps1.py'
[6.634s] INFO:colcon.colcon_core.shell:Creating prefix chain script '/home/morita/ros2_ws/install/setup.ps1'
[6.650s] INFO:colcon.colcon_core.shell:Creating prefix script '/home/morita/ros2_ws/install/local_setup.sh'
[6.651s] INFO:colcon.colcon_core.shell:Creating prefix util module '/home/morita/ros2_ws/install/_local_setup_util_sh.py'
[6.651s] INFO:colcon.colcon_core.shell:Creating prefix chain script '/home/morita/ros2_ws/install/setup.sh'
[6.667s] INFO:colcon.colcon_core.shell:Creating prefix script '/home/morita/ros2_ws/install/local_setup.bash'
[6.668s] INFO:colcon.colcon_core.shell:Creating prefix chain script '/home/morita/ros2_ws/install/setup.bash'
[6.682s] INFO:colcon.colcon_core.shell:Creating prefix script '/home/morita/ros2_ws/install/local_setup.zsh'
[6.683s] INFO:colcon.colcon_core.shell:Creating prefix chain script '/home/morita/ros2_ws/install/setup.zsh'
