[0.220s] Invoking command in '/home/morita/ros2_ws/build/improved': CMAKE_PREFIX_PATH=/opt/ros/humble /usr/bin/cmake --build /home/morita/ros2_ws/build/improved -- -j8 -l8
[0.310s] -- Found ament_cmake: 1.3.6 (/opt/ros/humble/share/ament_cmake/cmake)
[0.488s] -- Found rclcpp: 16.0.7 (/opt/ros/humble/share/rclcpp/cmake)
[0.535s] -- Found rosidl_generator_c: 3.1.5 (/opt/ros/humble/share/rosidl_generator_c/cmake)
[0.539s] -- Found rosidl_adapter: 3.1.5 (/opt/ros/humble/share/rosidl_adapter/cmake)
[0.550s] -- Found rosidl_generator_cpp: 3.1.5 (/opt/ros/humble/share/rosidl_generator_cpp/cmake)
[0.567s] -- Using all available rosidl_typesupport_c: rosidl_typesupport_fastrtps_c;rosidl_typesupport_introspection_c
[0.588s] -- Using all available rosidl_typesupport_cpp: rosidl_typesupport_fastrtps_cpp;rosidl_typesupport_introspection_cpp
[0.670s] -- Found rmw_implementation_cmake: 6.1.1 (/opt/ros/humble/share/rmw_implementation_cmake/cmake)
[0.671s] -- Found rmw_fastrtps_cpp: 6.2.5 (/opt/ros/humble/share/rmw_fastrtps_cpp/cmake)
[0.800s] -- Using RMW implementation 'rmw_fastrtps_cpp' as default
[0.974s] -- Found sensor_msgs: 4.2.3 (/opt/ros/humble/share/sensor_msgs/cmake)
[1.109s] -- Found image_transport: 3.1.7 (/opt/ros/humble/share/image_transport/cmake)
[1.152s] -- Found cv_bridge: 3.2.1 (/opt/ros/humble/share/cv_bridge/cmake)
[1.164s] -- Found ament_lint_auto: 0.12.9 (/opt/ros/humble/share/ament_lint_auto/cmake)
[1.235s] -- Added test 'cppcheck' to perform static code analysis on C / C++ code
[1.235s] -- Configured cppcheck include dirs: 
[1.235s] -- Configured cppcheck exclude dirs and/or files: 
[1.235s] -- Added test 'lint_cmake' to check CMake code style
[1.236s] -- Added test 'uncrustify' to check C / C++ code style
[1.236s] -- Configured uncrustify additional arguments: 
[1.237s] -- Added test 'xmllint' to check XML markup files
[1.238s] -- Configuring done
[1.256s] -- Generating done
[1.258s] -- Build files have been written to: /home/morita/ros2_ws/build/improved
[1.282s] [35m[1mConsolidate compiler generated dependencies of target improved[0m
[1.299s] [ 50%] [32mBuilding CXX object CMakeFiles/improved.dir/src/improved.cpp.o[0m
[5.716s] [100%] [32m[1mLinking CXX executable improved[0m
[6.337s] [100%] Built target improved
[6.350s] Invoked command in '/home/morita/ros2_ws/build/improved' returned '0': CMAKE_PREFIX_PATH=/opt/ros/humble /usr/bin/cmake --build /home/morita/ros2_ws/build/improved -- -j8 -l8
[6.371s] Invoking command in '/home/morita/ros2_ws/build/improved': CMAKE_PREFIX_PATH=/opt/ros/humble /usr/bin/cmake --install /home/morita/ros2_ws/build/improved
[6.377s] -- Install configuration: ""
[6.378s] -- Installing: /home/morita/ros2_ws/install/improved/lib/improved/improved
[6.379s] -- Set runtime path of "/home/morita/ros2_ws/install/improved/lib/improved/improved" to ""
[6.379s] -- Up-to-date: /home/morita/ros2_ws/install/improved/share/ament_index/resource_index/package_run_dependencies/improved
[6.379s] -- Up-to-date: /home/morita/ros2_ws/install/improved/share/ament_index/resource_index/parent_prefix_path/improved
[6.380s] -- Up-to-date: /home/morita/ros2_ws/install/improved/share/improved/environment/ament_prefix_path.sh
[6.380s] -- Installing: /home/morita/ros2_ws/install/improved/share/improved/environment/ament_prefix_path.dsv
[6.380s] -- Up-to-date: /home/morita/ros2_ws/install/improved/share/improved/environment/path.sh
[6.380s] -- Installing: /home/morita/ros2_ws/install/improved/share/improved/environment/path.dsv
[6.380s] -- Up-to-date: /home/morita/ros2_ws/install/improved/share/improved/local_setup.bash
[6.380s] -- Up-to-date: /home/morita/ros2_ws/install/improved/share/improved/local_setup.sh
[6.381s] -- Up-to-date: /home/morita/ros2_ws/install/improved/share/improved/local_setup.zsh
[6.381s] -- Installing: /home/morita/ros2_ws/install/improved/share/improved/local_setup.dsv
[6.381s] -- Installing: /home/morita/ros2_ws/install/improved/share/improved/package.dsv
[6.381s] -- Up-to-date: /home/morita/ros2_ws/install/improved/share/ament_index/resource_index/packages/improved
[6.381s] -- Up-to-date: /home/morita/ros2_ws/install/improved/share/improved/cmake/improvedConfig.cmake
[6.381s] -- Up-to-date: /home/morita/ros2_ws/install/improved/share/improved/cmake/improvedConfig-version.cmake
[6.382s] -- Up-to-date: /home/morita/ros2_ws/install/improved/share/improved/package.xml
[6.437s] Invoked command in '/home/morita/ros2_ws/build/improved' returned '0': CMAKE_PREFIX_PATH=/opt/ros/humble /usr/bin/cmake --install /home/morita/ros2_ws/build/improved
