[0.086s] Invoking command in '/home/morita/ros2_ws/build/improved': CMAKE_PREFIX_PATH=/opt/ros/humble /usr/bin/cmake --build /home/morita/ros2_ws/build/improved -- -j8 -l8
[0.202s] [35m[1mConsolidate compiler generated dependencies of target improved[0m
[0.240s] [ 50%] [32mBuilding CXX object CMakeFiles/improved.dir/src/improved.cpp.o[0m
[4.661s] [100%] [32m[1mLinking CXX executable improved[0m
[5.256s] [100%] Built target improved
[5.270s] Invoked command in '/home/morita/ros2_ws/build/improved' returned '0': CMAKE_PREFIX_PATH=/opt/ros/humble /usr/bin/cmake --build /home/morita/ros2_ws/build/improved -- -j8 -l8
[5.296s] Invoking command in '/home/morita/ros2_ws/build/improved': CMAKE_PREFIX_PATH=/opt/ros/humble /usr/bin/cmake --install /home/morita/ros2_ws/build/improved
[5.304s] -- Install configuration: ""
[5.304s] -- Installing: /home/morita/ros2_ws/install/improved/lib/improved/improved
[5.305s] -- Set runtime path of "/home/morita/ros2_ws/install/improved/lib/improved/improved" to ""
[5.305s] -- Up-to-date: /home/morita/ros2_ws/install/improved/share/ament_index/resource_index/package_run_dependencies/improved
[5.306s] -- Up-to-date: /home/morita/ros2_ws/install/improved/share/ament_index/resource_index/parent_prefix_path/improved
[5.306s] -- Up-to-date: /home/morita/ros2_ws/install/improved/share/improved/environment/ament_prefix_path.sh
[5.306s] -- Up-to-date: /home/morita/ros2_ws/install/improved/share/improved/environment/ament_prefix_path.dsv
[5.306s] -- Up-to-date: /home/morita/ros2_ws/install/improved/share/improved/environment/path.sh
[5.306s] -- Up-to-date: /home/morita/ros2_ws/install/improved/share/improved/environment/path.dsv
[5.306s] -- Up-to-date: /home/morita/ros2_ws/install/improved/share/improved/local_setup.bash
[5.307s] -- Up-to-date: /home/morita/ros2_ws/install/improved/share/improved/local_setup.sh
[5.307s] -- Up-to-date: /home/morita/ros2_ws/install/improved/share/improved/local_setup.zsh
[5.307s] -- Up-to-date: /home/morita/ros2_ws/install/improved/share/improved/local_setup.dsv
[5.307s] -- Installing: /home/morita/ros2_ws/install/improved/share/improved/package.dsv
[5.307s] -- Up-to-date: /home/morita/ros2_ws/install/improved/share/ament_index/resource_index/packages/improved
[5.307s] -- Up-to-date: /home/morita/ros2_ws/install/improved/share/improved/cmake/improvedConfig.cmake
[5.307s] -- Up-to-date: /home/morita/ros2_ws/install/improved/share/improved/cmake/improvedConfig-version.cmake
[5.307s] -- Up-to-date: /home/morita/ros2_ws/install/improved/share/improved/package.xml
[5.310s] Invoked command in '/home/morita/ros2_ws/build/improved' returned '0': CMAKE_PREFIX_PATH=/opt/ros/humble /usr/bin/cmake --install /home/morita/ros2_ws/build/improved
