-- Found ament_cmake: 1.3.5 (/opt/ros/humble/share/ament_cmake/cmake)
-- Found rclcpp: 16.0.6 (/opt/ros/humble/share/rclcpp/cmake)
-- Found rosidl_generator_c: 3.1.5 (/opt/ros/humble/share/rosidl_generator_c/cmake)
-- Found rosidl_adapter: 3.1.5 (/opt/ros/humble/share/rosidl_adapter/cmake)
-- Found rosidl_generator_cpp: 3.1.5 (/opt/ros/humble/share/rosidl_generator_cpp/cmake)
-- Using all available rosidl_typesupport_c: rosidl_typesupport_fastrtps_c;rosidl_typesupport_introspection_c
-- Using all available rosidl_typesupport_cpp: rosidl_typesupport_fastrtps_cpp;rosidl_typesupport_introspection_cpp
-- Found rmw_implementation_cmake: 6.1.1 (/opt/ros/humble/share/rmw_implementation_cmake/cmake)
-- Found rmw_fastrtps_cpp: 6.2.4 (/opt/ros/humble/share/rmw_fastrtps_cpp/cmake)
-- Using RMW implementation 'rmw_fastrtps_cpp' as default
-- Found sensor_msgs: 4.2.3 (/opt/ros/humble/share/sensor_msgs/cmake)
-- Found image_transport: 3.1.7 (/opt/ros/humble/share/image_transport/cmake)
-- Found cv_bridge: 3.2.1 (/opt/ros/humble/share/cv_bridge/cmake)
-- Found ament_lint_auto: 0.12.8 (/opt/ros/humble/share/ament_lint_auto/cmake)
-- Added test 'cppcheck' to perform static code analysis on C / C++ code
-- Configured cppcheck include dirs: 
-- Configured cppcheck exclude dirs and/or files: 
-- Added test 'lint_cmake' to check CMake code style
-- Added test 'uncrustify' to check C / C++ code style
-- Configured uncrustify additional arguments: 
-- Added test 'xmllint' to check XML markup files
-- Configuring done
-- Generating done
-- Build files have been written to: /home/morita/ros2_ws/build/mypkg
[35m[1mConsolidate compiler generated dependencies of target mypkg[0m
[ 50%] [32mBuilding CXX object CMakeFiles/mypkg.dir/src/mypkg.cpp.o[0m
[100%] [32m[1mLinking CXX executable mypkg[0m
[100%] Built target mypkg
-- Install configuration: ""
-- Installing: /home/morita/ros2_ws/install/mypkg/lib/mypkg/mypkg
-- Set runtime path of "/home/morita/ros2_ws/install/mypkg/lib/mypkg/mypkg" to ""
-- Up-to-date: /home/morita/ros2_ws/install/mypkg/share/ament_index/resource_index/package_run_dependencies/mypkg
-- Up-to-date: /home/morita/ros2_ws/install/mypkg/share/ament_index/resource_index/parent_prefix_path/mypkg
-- Installing: /home/morita/ros2_ws/install/mypkg/share/mypkg/environment/ament_prefix_path.sh
-- Installing: /home/morita/ros2_ws/install/mypkg/share/mypkg/environment/ament_prefix_path.dsv
-- Installing: /home/morita/ros2_ws/install/mypkg/share/mypkg/environment/path.sh
-- Installing: /home/morita/ros2_ws/install/mypkg/share/mypkg/environment/path.dsv
-- Up-to-date: /home/morita/ros2_ws/install/mypkg/share/mypkg/local_setup.bash
-- Up-to-date: /home/morita/ros2_ws/install/mypkg/share/mypkg/local_setup.sh
-- Up-to-date: /home/morita/ros2_ws/install/mypkg/share/mypkg/local_setup.zsh
-- Installing: /home/morita/ros2_ws/install/mypkg/share/mypkg/local_setup.dsv
-- Installing: /home/morita/ros2_ws/install/mypkg/share/mypkg/package.dsv
-- Up-to-date: /home/morita/ros2_ws/install/mypkg/share/ament_index/resource_index/packages/mypkg
-- Up-to-date: /home/morita/ros2_ws/install/mypkg/share/mypkg/cmake/mypkgConfig.cmake
-- Up-to-date: /home/morita/ros2_ws/install/mypkg/share/mypkg/cmake/mypkgConfig-version.cmake
-- Up-to-date: /home/morita/ros2_ws/install/mypkg/share/mypkg/package.xml
