[0.047s] Invoking command in '/home/morita/ros2_ws/build/mypkg': CMAKE_PREFIX_PATH=/opt/ros/humble /usr/bin/cmake --build /home/morita/ros2_ws/build/mypkg -- -j8 -l8
[0.154s] -- Found ament_cmake: 1.3.5 (/opt/ros/humble/share/ament_cmake/cmake)
[0.299s] -- Found rclcpp: 16.0.6 (/opt/ros/humble/share/rclcpp/cmake)
[0.339s] -- Found rosidl_generator_c: 3.1.5 (/opt/ros/humble/share/rosidl_generator_c/cmake)
[0.343s] -- Found rosidl_adapter: 3.1.5 (/opt/ros/humble/share/rosidl_adapter/cmake)
[0.351s] -- Found rosidl_generator_cpp: 3.1.5 (/opt/ros/humble/share/rosidl_generator_cpp/cmake)
[0.366s] -- Using all available rosidl_typesupport_c: rosidl_typesupport_fastrtps_c;rosidl_typesupport_introspection_c
[0.383s] -- Using all available rosidl_typesupport_cpp: rosidl_typesupport_fastrtps_cpp;rosidl_typesupport_introspection_cpp
[0.456s] -- Found rmw_implementation_cmake: 6.1.1 (/opt/ros/humble/share/rmw_implementation_cmake/cmake)
[0.458s] -- Found rmw_fastrtps_cpp: 6.2.4 (/opt/ros/humble/share/rmw_fastrtps_cpp/cmake)
[0.558s] -- Using RMW implementation 'rmw_fastrtps_cpp' as default
[0.709s] -- Found sensor_msgs: 4.2.3 (/opt/ros/humble/share/sensor_msgs/cmake)
[0.829s] -- Found image_transport: 3.1.7 (/opt/ros/humble/share/image_transport/cmake)
[0.868s] -- Found cv_bridge: 3.2.1 (/opt/ros/humble/share/cv_bridge/cmake)
[0.878s] -- Found ament_lint_auto: 0.12.8 (/opt/ros/humble/share/ament_lint_auto/cmake)
[0.941s] -- Added test 'cppcheck' to perform static code analysis on C / C++ code
[0.941s] -- Configured cppcheck include dirs: 
[0.941s] -- Configured cppcheck exclude dirs and/or files: 
[0.942s] -- Added test 'lint_cmake' to check CMake code style
[0.943s] -- Added test 'uncrustify' to check C / C++ code style
[0.943s] -- Configured uncrustify additional arguments: 
[0.943s] -- Added test 'xmllint' to check XML markup files
[0.945s] -- Configuring done
[0.961s] -- Generating done
[0.962s] -- Build files have been written to: /home/morita/ros2_ws/build/mypkg
[0.988s] [35m[1mConsolidate compiler generated dependencies of target mypkg[0m
[1.027s] [ 50%] [32mBuilding CXX object CMakeFiles/mypkg.dir/src/mypkg.cpp.o[0m
[5.418s] [100%] [32m[1mLinking CXX executable mypkg[0m
[5.971s] [100%] Built target mypkg
[5.983s] Invoked command in '/home/morita/ros2_ws/build/mypkg' returned '0': CMAKE_PREFIX_PATH=/opt/ros/humble /usr/bin/cmake --build /home/morita/ros2_ws/build/mypkg -- -j8 -l8
[6.016s] Invoking command in '/home/morita/ros2_ws/build/mypkg': CMAKE_PREFIX_PATH=/opt/ros/humble /usr/bin/cmake --install /home/morita/ros2_ws/build/mypkg
[6.023s] -- Install configuration: ""
[6.023s] -- Installing: /home/morita/ros2_ws/install/mypkg/lib/mypkg/mypkg
[6.024s] -- Set runtime path of "/home/morita/ros2_ws/install/mypkg/lib/mypkg/mypkg" to ""
[6.024s] -- Up-to-date: /home/morita/ros2_ws/install/mypkg/share/ament_index/resource_index/package_run_dependencies/mypkg
[6.024s] -- Up-to-date: /home/morita/ros2_ws/install/mypkg/share/ament_index/resource_index/parent_prefix_path/mypkg
[6.024s] -- Installing: /home/morita/ros2_ws/install/mypkg/share/mypkg/environment/ament_prefix_path.sh
[6.024s] -- Installing: /home/morita/ros2_ws/install/mypkg/share/mypkg/environment/ament_prefix_path.dsv
[6.025s] -- Installing: /home/morita/ros2_ws/install/mypkg/share/mypkg/environment/path.sh
[6.025s] -- Installing: /home/morita/ros2_ws/install/mypkg/share/mypkg/environment/path.dsv
[6.025s] -- Up-to-date: /home/morita/ros2_ws/install/mypkg/share/mypkg/local_setup.bash
[6.025s] -- Up-to-date: /home/morita/ros2_ws/install/mypkg/share/mypkg/local_setup.sh
[6.025s] -- Up-to-date: /home/morita/ros2_ws/install/mypkg/share/mypkg/local_setup.zsh
[6.025s] -- Installing: /home/morita/ros2_ws/install/mypkg/share/mypkg/local_setup.dsv
[6.025s] -- Installing: /home/morita/ros2_ws/install/mypkg/share/mypkg/package.dsv
[6.025s] -- Up-to-date: /home/morita/ros2_ws/install/mypkg/share/ament_index/resource_index/packages/mypkg
[6.025s] -- Up-to-date: /home/morita/ros2_ws/install/mypkg/share/mypkg/cmake/mypkgConfig.cmake
[6.025s] -- Up-to-date: /home/morita/ros2_ws/install/mypkg/share/mypkg/cmake/mypkgConfig-version.cmake
[6.025s] -- Up-to-date: /home/morita/ros2_ws/install/mypkg/share/mypkg/package.xml
[6.026s] Invoked command in '/home/morita/ros2_ws/build/mypkg' returned '0': CMAKE_PREFIX_PATH=/opt/ros/humble /usr/bin/cmake --install /home/morita/ros2_ws/build/mypkg
