[0.013s] Invoking command in '/home/hiromasa/ros2_ws/build/mypkg': CMAKE_PREFIX_PATH=/opt/ros/humble /usr/bin/cmake --build /home/hiromasa/ros2_ws/build/mypkg -- -j8 -l8
[0.049s] [35m[1mConsolidate compiler generated dependencies of target mypkg[0m
[0.065s] [100%] Built target mypkg
[0.075s] Invoked command in '/home/hiromasa/ros2_ws/build/mypkg' returned '0': CMAKE_PREFIX_PATH=/opt/ros/humble /usr/bin/cmake --build /home/hiromasa/ros2_ws/build/mypkg -- -j8 -l8
[0.102s] Invoking command in '/home/hiromasa/ros2_ws/build/mypkg': CMAKE_PREFIX_PATH=/opt/ros/humble /usr/bin/cmake --install /home/hiromasa/ros2_ws/build/mypkg
[0.108s] -- Install configuration: ""
[0.109s] -- Up-to-date: /home/hiromasa/ros2_ws/install/mypkg/lib/mypkg/mypkg
[0.109s] -- Up-to-date: /home/hiromasa/ros2_ws/install/mypkg/share/ament_index/resource_index/package_run_dependencies/mypkg
[0.109s] -- Up-to-date: /home/hiromasa/ros2_ws/install/mypkg/share/ament_index/resource_index/parent_prefix_path/mypkg
[0.110s] -- Up-to-date: /home/hiromasa/ros2_ws/install/mypkg/share/mypkg/environment/ament_prefix_path.sh
[0.110s] -- Up-to-date: /home/hiromasa/ros2_ws/install/mypkg/share/mypkg/environment/ament_prefix_path.dsv
[0.110s] -- Up-to-date: /home/hiromasa/ros2_ws/install/mypkg/share/mypkg/environment/path.sh
[0.110s] -- Up-to-date: /home/hiromasa/ros2_ws/install/mypkg/share/mypkg/environment/path.dsv
[0.110s] -- Up-to-date: /home/hiromasa/ros2_ws/install/mypkg/share/mypkg/local_setup.bash
[0.110s] -- Up-to-date: /home/hiromasa/ros2_ws/install/mypkg/share/mypkg/local_setup.sh
[0.110s] -- Up-to-date: /home/hiromasa/ros2_ws/install/mypkg/share/mypkg/local_setup.zsh
[0.110s] -- Up-to-date: /home/hiromasa/ros2_ws/install/mypkg/share/mypkg/local_setup.dsv
[0.110s] -- Installing: /home/hiromasa/ros2_ws/install/mypkg/share/mypkg/package.dsv
[0.110s] -- Up-to-date: /home/hiromasa/ros2_ws/install/mypkg/share/ament_index/resource_index/packages/mypkg
[0.110s] -- Up-to-date: /home/hiromasa/ros2_ws/install/mypkg/share/mypkg/cmake/mypkgConfig.cmake
[0.111s] -- Up-to-date: /home/hiromasa/ros2_ws/install/mypkg/share/mypkg/cmake/mypkgConfig-version.cmake
[0.111s] -- Up-to-date: /home/hiromasa/ros2_ws/install/mypkg/share/mypkg/package.xml
[0.112s] Invoked command in '/home/hiromasa/ros2_ws/build/mypkg' returned '0': CMAKE_PREFIX_PATH=/opt/ros/humble /usr/bin/cmake --install /home/hiromasa/ros2_ws/build/mypkg
