[0.105s] Invoking command in '/home/morita/ros2_ws/build/mypkg': CMAKE_PREFIX_PATH=${CMAKE_PREFIX_PATH}:/opt/ros/humble /usr/bin/cmake --build /home/morita/ros2_ws/build/mypkg -- -j8 -l8
[0.154s] [100%] Built target mypkg
[0.165s] Invoked command in '/home/morita/ros2_ws/build/mypkg' returned '0': CMAKE_PREFIX_PATH=${CMAKE_PREFIX_PATH}:/opt/ros/humble /usr/bin/cmake --build /home/morita/ros2_ws/build/mypkg -- -j8 -l8
[0.195s] Invoking command in '/home/morita/ros2_ws/build/mypkg': CMAKE_PREFIX_PATH=${CMAKE_PREFIX_PATH}:/opt/ros/humble /usr/bin/cmake --install /home/morita/ros2_ws/build/mypkg
[0.202s] -- Install configuration: ""
[0.202s] -- Up-to-date: /home/morita/ros2_ws/install/mypkg/lib/mypkg/mypkg
[0.202s] -- Up-to-date: /home/morita/ros2_ws/install/mypkg/share/ament_index/resource_index/package_run_dependencies/mypkg
[0.203s] -- Up-to-date: /home/morita/ros2_ws/install/mypkg/share/ament_index/resource_index/parent_prefix_path/mypkg
[0.203s] -- Up-to-date: /home/morita/ros2_ws/install/mypkg/share/mypkg/environment/ament_prefix_path.sh
[0.203s] -- Up-to-date: /home/morita/ros2_ws/install/mypkg/share/mypkg/environment/ament_prefix_path.dsv
[0.203s] -- Up-to-date: /home/morita/ros2_ws/install/mypkg/share/mypkg/environment/path.sh
[0.203s] -- Up-to-date: /home/morita/ros2_ws/install/mypkg/share/mypkg/environment/path.dsv
[0.203s] -- Up-to-date: /home/morita/ros2_ws/install/mypkg/share/mypkg/local_setup.bash
[0.203s] -- Up-to-date: /home/morita/ros2_ws/install/mypkg/share/mypkg/local_setup.sh
[0.203s] -- Up-to-date: /home/morita/ros2_ws/install/mypkg/share/mypkg/local_setup.zsh
[0.203s] -- Up-to-date: /home/morita/ros2_ws/install/mypkg/share/mypkg/local_setup.dsv
[0.203s] -- Installing: /home/morita/ros2_ws/install/mypkg/share/mypkg/package.dsv
[0.203s] -- Up-to-date: /home/morita/ros2_ws/install/mypkg/share/ament_index/resource_index/packages/mypkg
[0.203s] -- Up-to-date: /home/morita/ros2_ws/install/mypkg/share/mypkg/cmake/mypkgConfig.cmake
[0.204s] -- Up-to-date: /home/morita/ros2_ws/install/mypkg/share/mypkg/cmake/mypkgConfig-version.cmake
[0.204s] -- Up-to-date: /home/morita/ros2_ws/install/mypkg/share/mypkg/package.xml
[0.205s] Invoked command in '/home/morita/ros2_ws/build/mypkg' returned '0': CMAKE_PREFIX_PATH=${CMAKE_PREFIX_PATH}:/opt/ros/humble /usr/bin/cmake --install /home/morita/ros2_ws/build/mypkg
