[0.081s] Invoking command in '/home/morita/ros2_ws/build/improved': CMAKE_PREFIX_PATH=/opt/ros/humble /usr/bin/cmake --build /home/morita/ros2_ws/build/improved -- -j8 -l8
[0.119s] [35m[1mConsolidate compiler generated dependencies of target improved[0m
[0.135s] [ 50%] [32mBuilding CXX object CMakeFiles/improved.dir/src/improved.cpp.o[0m
[4.190s] [100%] [32m[1mLinking CXX executable improved[0m
[4.602s] [100%] Built target improved
[4.615s] Invoked command in '/home/morita/ros2_ws/build/improved' returned '0': CMAKE_PREFIX_PATH=/opt/ros/humble /usr/bin/cmake --build /home/morita/ros2_ws/build/improved -- -j8 -l8
[4.639s] Invoking command in '/home/morita/ros2_ws/build/improved': CMAKE_PREFIX_PATH=/opt/ros/humble /usr/bin/cmake --install /home/morita/ros2_ws/build/improved
[4.646s] -- Install configuration: ""
[4.646s] -- Installing: /home/morita/ros2_ws/install/improved/lib/improved/improved
[4.647s] -- Set runtime path of "/home/morita/ros2_ws/install/improved/lib/improved/improved" to ""
[4.647s] -- Installing: /home/morita/ros2_ws/install/improved/share/ament_index/resource_index/package_run_dependencies/improved
[4.647s] -- Installing: /home/morita/ros2_ws/install/improved/share/ament_index/resource_index/parent_prefix_path/improved
[4.647s] -- Installing: /home/morita/ros2_ws/install/improved/share/improved/environment/ament_prefix_path.sh
[4.647s] -- Installing: /home/morita/ros2_ws/install/improved/share/improved/environment/ament_prefix_path.dsv
[4.647s] -- Installing: /home/morita/ros2_ws/install/improved/share/improved/environment/path.sh
[4.647s] -- Installing: /home/morita/ros2_ws/install/improved/share/improved/environment/path.dsv
[4.648s] -- Installing: /home/morita/ros2_ws/install/improved/share/improved/local_setup.bash
[4.648s] -- Installing: /home/morita/ros2_ws/install/improved/share/improved/local_setup.sh
[4.648s] -- Installing: /home/morita/ros2_ws/install/improved/share/improved/local_setup.zsh
[4.648s] -- Installing: /home/morita/ros2_ws/install/improved/share/improved/local_setup.dsv
[4.648s] -- Installing: /home/morita/ros2_ws/install/improved/share/improved/package.dsv
[4.648s] -- Installing: /home/morita/ros2_ws/install/improved/share/ament_index/resource_index/packages/improved
[4.648s] -- Installing: /home/morita/ros2_ws/install/improved/share/improved/cmake/improvedConfig.cmake
[4.648s] -- Installing: /home/morita/ros2_ws/install/improved/share/improved/cmake/improvedConfig-version.cmake
[4.648s] -- Installing: /home/morita/ros2_ws/install/improved/share/improved/package.xml
[4.650s] Invoked command in '/home/morita/ros2_ws/build/improved' returned '0': CMAKE_PREFIX_PATH=/opt/ros/humble /usr/bin/cmake --install /home/morita/ros2_ws/build/improved
