[0.052s] Invoking command in '/home/morita/ros2_ws/build/mypkg': CMAKE_PREFIX_PATH=/opt/ros/humble /usr/bin/cmake --build /home/morita/ros2_ws/build/mypkg -- -j8 -l8
[0.161s] [100%] Built target mypkg
[0.172s] Invoked command in '/home/morita/ros2_ws/build/mypkg' returned '0': CMAKE_PREFIX_PATH=/opt/ros/humble /usr/bin/cmake --build /home/morita/ros2_ws/build/mypkg -- -j8 -l8
[0.202s] Invoking command in '/home/morita/ros2_ws/build/mypkg': CMAKE_PREFIX_PATH=/opt/ros/humble /usr/bin/cmake --install /home/morita/ros2_ws/build/mypkg
[0.208s] -- Install configuration: ""
[0.210s] -- Up-to-date: /home/morita/ros2_ws/install/mypkg/lib/mypkg/mypkg
[0.210s] -- Up-to-date: /home/morita/ros2_ws/install/mypkg/share/ament_index/resource_index/package_run_dependencies/mypkg
[0.211s] -- Up-to-date: /home/morita/ros2_ws/install/mypkg/share/ament_index/resource_index/parent_prefix_path/mypkg
[0.211s] -- Up-to-date: /home/morita/ros2_ws/install/mypkg/share/mypkg/environment/ament_prefix_path.sh
[0.211s] -- Up-to-date: /home/morita/ros2_ws/install/mypkg/share/mypkg/environment/ament_prefix_path.dsv
[0.211s] -- Up-to-date: /home/morita/ros2_ws/install/mypkg/share/mypkg/environment/path.sh
[0.211s] -- Up-to-date: /home/morita/ros2_ws/install/mypkg/share/mypkg/environment/path.dsv
[0.212s] -- Up-to-date: /home/morita/ros2_ws/install/mypkg/share/mypkg/local_setup.bash
[0.212s] -- Up-to-date: /home/morita/ros2_ws/install/mypkg/share/mypkg/local_setup.sh
[0.212s] -- Up-to-date: /home/morita/ros2_ws/install/mypkg/share/mypkg/local_setup.zsh
[0.212s] -- Up-to-date: /home/morita/ros2_ws/install/mypkg/share/mypkg/local_setup.dsv
[0.212s] -- Installing: /home/morita/ros2_ws/install/mypkg/share/mypkg/package.dsv
[0.212s] -- Up-to-date: /home/morita/ros2_ws/install/mypkg/share/ament_index/resource_index/packages/mypkg
[0.212s] -- Up-to-date: /home/morita/ros2_ws/install/mypkg/share/mypkg/cmake/mypkgConfig.cmake
[0.212s] -- Up-to-date: /home/morita/ros2_ws/install/mypkg/share/mypkg/cmake/mypkgConfig-version.cmake
[0.212s] -- Up-to-date: /home/morita/ros2_ws/install/mypkg/share/mypkg/package.xml
[0.214s] Invoked command in '/home/morita/ros2_ws/build/mypkg' returned '0': CMAKE_PREFIX_PATH=/opt/ros/humble /usr/bin/cmake --install /home/morita/ros2_ws/build/mypkg
