[0.015s] Invoking command in '/home/hiromasa/ros2_ws/build/robotvision_2023': CMAKE_PREFIX_PATH=${CMAKE_PREFIX_PATH}:/opt/ros/humble /usr/bin/cmake --build /home/hiromasa/ros2_ws/build/robotvision_2023 -- -j8 -l8
[0.068s] [100%] Built target robotvision_2023
[0.079s] Invoked command in '/home/hiromasa/ros2_ws/build/robotvision_2023' returned '0': CMAKE_PREFIX_PATH=${CMAKE_PREFIX_PATH}:/opt/ros/humble /usr/bin/cmake --build /home/hiromasa/ros2_ws/build/robotvision_2023 -- -j8 -l8
[0.108s] Invoking command in '/home/hiromasa/ros2_ws/build/robotvision_2023': CMAKE_PREFIX_PATH=${CMAKE_PREFIX_PATH}:/opt/ros/humble /usr/bin/cmake --install /home/hiromasa/ros2_ws/build/robotvision_2023
[0.116s] -- Install configuration: ""
[0.117s] -- Up-to-date: /home/hiromasa/ros2_ws/install/robotvision_2023/lib/robotvision_2023/robotvision_2023
[0.117s] -- Up-to-date: /home/hiromasa/ros2_ws/install/robotvision_2023/share/ament_index/resource_index/package_run_dependencies/robotvision_2023
[0.117s] -- Up-to-date: /home/hiromasa/ros2_ws/install/robotvision_2023/share/ament_index/resource_index/parent_prefix_path/robotvision_2023
[0.117s] -- Up-to-date: /home/hiromasa/ros2_ws/install/robotvision_2023/share/robotvision_2023/environment/ament_prefix_path.sh
[0.117s] -- Up-to-date: /home/hiromasa/ros2_ws/install/robotvision_2023/share/robotvision_2023/environment/ament_prefix_path.dsv
[0.117s] -- Up-to-date: /home/hiromasa/ros2_ws/install/robotvision_2023/share/robotvision_2023/environment/path.sh
[0.117s] -- Up-to-date: /home/hiromasa/ros2_ws/install/robotvision_2023/share/robotvision_2023/environment/path.dsv
[0.117s] -- Up-to-date: /home/hiromasa/ros2_ws/install/robotvision_2023/share/robotvision_2023/local_setup.bash
[0.118s] -- Up-to-date: /home/hiromasa/ros2_ws/install/robotvision_2023/share/robotvision_2023/local_setup.sh
[0.118s] -- Up-to-date: /home/hiromasa/ros2_ws/install/robotvision_2023/share/robotvision_2023/local_setup.zsh
[0.118s] -- Up-to-date: /home/hiromasa/ros2_ws/install/robotvision_2023/share/robotvision_2023/local_setup.dsv
[0.118s] -- Installing: /home/hiromasa/ros2_ws/install/robotvision_2023/share/robotvision_2023/package.dsv
[0.118s] -- Up-to-date: /home/hiromasa/ros2_ws/install/robotvision_2023/share/ament_index/resource_index/packages/robotvision_2023
[0.118s] -- Up-to-date: /home/hiromasa/ros2_ws/install/robotvision_2023/share/robotvision_2023/cmake/robotvision_2023Config.cmake
[0.118s] -- Up-to-date: /home/hiromasa/ros2_ws/install/robotvision_2023/share/robotvision_2023/cmake/robotvision_2023Config-version.cmake
[0.118s] -- Up-to-date: /home/hiromasa/ros2_ws/install/robotvision_2023/share/robotvision_2023/package.xml
[0.120s] Invoked command in '/home/hiromasa/ros2_ws/build/robotvision_2023' returned '0': CMAKE_PREFIX_PATH=${CMAKE_PREFIX_PATH}:/opt/ros/humble /usr/bin/cmake --install /home/hiromasa/ros2_ws/build/robotvision_2023
