[0.083s] Invoking command in '/home/morita/ros2_ws/build/improved': /usr/bin/cmake /home/morita/ros2_ws/src/improved -DCMAKE_INSTALL_PREFIX=/home/morita/ros2_ws/install/improved
[0.213s] -- The C compiler identification is GNU 11.4.0
[0.310s] -- The CXX compiler identification is GNU 11.4.0
[0.321s] -- Detecting C compiler ABI info
[0.381s] -- Detecting C compiler ABI info - done
[0.389s] -- Check for working C compiler: /usr/bin/cc - skipped
[0.389s] -- Detecting C compile features
[0.390s] -- Detecting C compile features - done
[0.393s] -- Detecting CXX compiler ABI info
[0.463s] -- Detecting CXX compiler ABI info - done
[0.470s] -- Check for working CXX compiler: /usr/bin/c++ - skipped
[0.470s] -- Detecting CXX compile features
[0.471s] -- Detecting CXX compile features - done
[0.473s] -- Found ament_cmake: 1.3.5 (/opt/ros/humble/share/ament_cmake/cmake)
[0.624s] -- Found Python3: /usr/bin/python3.10 (found version "3.10.12") found components: Interpreter 
[0.715s] -- Found rclcpp: 16.0.6 (/opt/ros/humble/share/rclcpp/cmake)
[0.765s] -- Found rosidl_generator_c: 3.1.5 (/opt/ros/humble/share/rosidl_generator_c/cmake)
[0.770s] -- Found rosidl_adapter: 3.1.5 (/opt/ros/humble/share/rosidl_adapter/cmake)
[0.781s] -- Found rosidl_generator_cpp: 3.1.5 (/opt/ros/humble/share/rosidl_generator_cpp/cmake)
[0.797s] -- Using all available rosidl_typesupport_c: rosidl_typesupport_fastrtps_c;rosidl_typesupport_introspection_c
[0.820s] -- Using all available rosidl_typesupport_cpp: rosidl_typesupport_fastrtps_cpp;rosidl_typesupport_introspection_cpp
[0.900s] -- Found rmw_implementation_cmake: 6.1.1 (/opt/ros/humble/share/rmw_implementation_cmake/cmake)
[0.903s] -- Found rmw_fastrtps_cpp: 6.2.4 (/opt/ros/humble/share/rmw_fastrtps_cpp/cmake)
[1.000s] -- Found OpenSSL: /usr/lib/x86_64-linux-gnu/libcrypto.so (found version "3.0.2")  
[1.025s] -- Found FastRTPS: /opt/ros/humble/include  
[1.070s] -- Using RMW implementation 'rmw_fastrtps_cpp' as default
[1.081s] -- Looking for pthread.h
[1.144s] -- Looking for pthread.h - found
[1.145s] -- Performing Test CMAKE_HAVE_LIBC_PTHREAD
[1.210s] -- Performing Test CMAKE_HAVE_LIBC_PTHREAD - Success
[1.211s] -- Found Threads: TRUE  
[1.390s] -- Found image_transport: 3.1.7 (/opt/ros/humble/share/image_transport/cmake)
[1.594s] -- Found OpenCV: /usr (found version "4.5.4") 
[1.596s] -- Found cv_bridge: 3.2.1 (/opt/ros/humble/share/cv_bridge/cmake)
[1.609s] -- Found ament_lint_auto: 0.12.8 (/opt/ros/humble/share/ament_lint_auto/cmake)
[1.663s] Error parsing '/home/morita/ros2_ws/src/improved/package.xml':
[1.709s] Traceback (most recent call last):
[1.709s]   File "/opt/ros/humble/share/ament_cmake_core/cmake/core/package_xml_2_cmake.py", line 150, in <module>
[1.709s]     main()
[1.709s]   File "/opt/ros/humble/share/ament_cmake_core/cmake/core/package_xml_2_cmake.py", line 53, in main
[1.709s]     raise e
[1.709s]   File "/opt/ros/humble/share/ament_cmake_core/cmake/core/package_xml_2_cmake.py", line 49, in main
[1.709s]     package = parse_package_string(
[1.710s]   File "/usr/lib/python3/dist-packages/catkin_pkg/package.py", line 788, in parse_package_string
[1.711s]     pkg.validate(warnings=warnings)
[1.711s]   File "/usr/lib/python3/dist-packages/catkin_pkg/package.py", line 330, in validate
[1.711s]     raise InvalidPackage('\n'.join(errors), self.filename)
[1.711s] catkin_pkg.package.InvalidPackage: Error(s) in package '/home/morita/ros2_ws/src/improved/package.xml':
[1.711s] Package version "0.0." does not follow version conventions
[1.727s] [31mCMake Error at /opt/ros/humble/share/ament_cmake_core/cmake/core/ament_package_xml.cmake:95 (message):
[1.727s]   execute_process(/usr/bin/python3.10
[1.727s]   /opt/ros/humble/share/ament_cmake_core/cmake/core/package_xml_2_cmake.py
[1.727s]   /home/morita/ros2_ws/src/improved/package.xml
[1.727s]   /home/morita/ros2_ws/build/improved/ament_cmake_core/package.cmake)
[1.727s]   returned error code 1
[1.728s] Call Stack (most recent call first):
[1.728s]   /opt/ros/humble/share/ament_cmake_core/cmake/core/ament_package_xml.cmake:49 (_ament_package_xml)
[1.728s]   /opt/ros/humble/share/ament_lint_auto/cmake/ament_lint_auto_find_test_dependencies.cmake:31 (ament_package_xml)
[1.728s]   CMakeLists.txt:43 (ament_lint_auto_find_test_dependencies)
[1.728s] 
[1.728s] [0m
[1.728s] -- Configuring incomplete, errors occurred!
[1.728s] See also "/home/morita/ros2_ws/build/improved/CMakeFiles/CMakeOutput.log".
[1.737s] Invoked command in '/home/morita/ros2_ws/build/improved' returned '1': /usr/bin/cmake /home/morita/ros2_ws/src/improved -DCMAKE_INSTALL_PREFIX=/home/morita/ros2_ws/install/improved
