[0.126s] Invoking command in '/home/morita/ros2_ws/build/improved': CMAKE_PREFIX_PATH=/opt/ros/humble /usr/bin/cmake --build /home/morita/ros2_ws/build/improved -- -j8 -l8
[0.178s] [100%] Built target improved
[0.188s] Invoked command in '/home/morita/ros2_ws/build/improved' returned '0': CMAKE_PREFIX_PATH=/opt/ros/humble /usr/bin/cmake --build /home/morita/ros2_ws/build/improved -- -j8 -l8
[0.219s] Invoking command in '/home/morita/ros2_ws/build/improved': CMAKE_PREFIX_PATH=/opt/ros/humble /usr/bin/cmake --install /home/morita/ros2_ws/build/improved
[0.227s] -- Install configuration: ""
[0.227s] -- Up-to-date: /home/morita/ros2_ws/install/improved/lib/improved/improved
[0.228s] -- Up-to-date: /home/morita/ros2_ws/install/improved/share/ament_index/resource_index/package_run_dependencies/improved
[0.228s] -- Up-to-date: /home/morita/ros2_ws/install/improved/share/ament_index/resource_index/parent_prefix_path/improved
[0.228s] -- Up-to-date: /home/morita/ros2_ws/install/improved/share/improved/environment/ament_prefix_path.sh
[0.228s] -- Up-to-date: /home/morita/ros2_ws/install/improved/share/improved/environment/ament_prefix_path.dsv
[0.228s] -- Up-to-date: /home/morita/ros2_ws/install/improved/share/improved/environment/path.sh
[0.228s] -- Up-to-date: /home/morita/ros2_ws/install/improved/share/improved/environment/path.dsv
[0.228s] -- Up-to-date: /home/morita/ros2_ws/install/improved/share/improved/local_setup.bash
[0.228s] -- Up-to-date: /home/morita/ros2_ws/install/improved/share/improved/local_setup.sh
[0.228s] -- Up-to-date: /home/morita/ros2_ws/install/improved/share/improved/local_setup.zsh
[0.228s] -- Up-to-date: /home/morita/ros2_ws/install/improved/share/improved/local_setup.dsv
[0.229s] -- Installing: /home/morita/ros2_ws/install/improved/share/improved/package.dsv
[0.229s] -- Up-to-date: /home/morita/ros2_ws/install/improved/share/ament_index/resource_index/packages/improved
[0.229s] -- Up-to-date: /home/morita/ros2_ws/install/improved/share/improved/cmake/improvedConfig.cmake
[0.229s] -- Up-to-date: /home/morita/ros2_ws/install/improved/share/improved/cmake/improvedConfig-version.cmake
[0.229s] -- Up-to-date: /home/morita/ros2_ws/install/improved/share/improved/package.xml
[0.230s] Invoked command in '/home/morita/ros2_ws/build/improved' returned '0': CMAKE_PREFIX_PATH=/opt/ros/humble /usr/bin/cmake --install /home/morita/ros2_ws/build/improved
