[0.275s] DEBUG:colcon:Command line arguments: ['/usr/bin/colcon', 'build']
[0.275s] DEBUG:colcon:Parsed command line arguments: Namespace(log_base=None, log_level=None, verb_name='build', build_base='build', install_base='install', merge_install=False, symlink_install=False, test_result_base=None, continue_on_error=False, executor='parallel', parallel_workers=8, event_handlers=None, ignore_user_meta=False, metas=['./colcon.meta'], base_paths=['.'], packages_ignore=None, packages_ignore_regex=None, paths=None, packages_up_to=None, packages_up_to_regex=None, packages_above=None, packages_above_and_dependencies=None, packages_above_depth=None, packages_select_by_dep=None, packages_skip_by_dep=None, packages_skip_up_to=None, packages_select_build_failed=False, packages_skip_build_finished=False, packages_select_test_failures=False, packages_skip_test_passed=False, packages_select=None, packages_skip=None, packages_select_regex=None, packages_skip_regex=None, packages_start=None, packages_end=None, allow_overriding=[], cmake_args=None, cmake_target=None, cmake_target_skip_unavailable=False, cmake_clean_cache=False, cmake_clean_first=False, cmake_force_configure=False, ament_cmake_args=None, catkin_cmake_args=None, catkin_skip_building_tests=False, verb_parser=<colcon_defaults.argument_parser.defaults.DefaultArgumentsDecorator object at 0x7f97e5839870>, verb_extension=<colcon_core.verb.build.BuildVerb object at 0x7f97e6048c40>, main=<bound method BuildVerb.main of <colcon_core.verb.build.BuildVerb object at 0x7f97e6048c40>>)
[0.305s] Level 1:colcon.colcon_core.package_discovery:discover_packages(colcon_meta) check parameters
[0.305s] Level 1:colcon.colcon_core.package_discovery:discover_packages(recursive) check parameters
[0.305s] Level 1:colcon.colcon_core.package_discovery:discover_packages(ignore) check parameters
[0.306s] Level 1:colcon.colcon_core.package_discovery:discover_packages(path) check parameters
[0.306s] Level 1:colcon.colcon_core.package_discovery:discover_packages(colcon_meta) discover
[0.306s] Level 1:colcon.colcon_core.package_discovery:discover_packages(recursive) discover
[0.306s] INFO:colcon.colcon_core.package_discovery:Crawling recursively for packages in '/home/hiromasa/ros2_ws'
[0.306s] Level 1:colcon.colcon_core.package_identification:_identify(.) by extensions ['ignore', 'ignore_ament_install']
[0.306s] Level 1:colcon.colcon_core.package_identification:_identify(.) by extension 'ignore'
[0.306s] Level 1:colcon.colcon_core.package_identification:_identify(.) by extension 'ignore_ament_install'
[0.306s] Level 1:colcon.colcon_core.package_identification:_identify(.) by extensions ['colcon_pkg']
[0.306s] Level 1:colcon.colcon_core.package_identification:_identify(.) by extension 'colcon_pkg'
[0.306s] Level 1:colcon.colcon_core.package_identification:_identify(.) by extensions ['colcon_meta']
[0.306s] Level 1:colcon.colcon_core.package_identification:_identify(.) by extension 'colcon_meta'
[0.306s] Level 1:colcon.colcon_core.package_identification:_identify(.) by extensions ['ros']
[0.306s] Level 1:colcon.colcon_core.package_identification:_identify(.) by extension 'ros'
[0.318s] Level 1:colcon.colcon_core.package_identification:_identify(.) by extensions ['cmake', 'python']
[0.318s] Level 1:colcon.colcon_core.package_identification:_identify(.) by extension 'cmake'
[0.318s] Level 1:colcon.colcon_core.package_identification:_identify(.) by extension 'python'
[0.318s] Level 1:colcon.colcon_core.package_identification:_identify(.) by extensions ['python_setup_py']
[0.318s] Level 1:colcon.colcon_core.package_identification:_identify(.) by extension 'python_setup_py'
[0.318s] Level 1:colcon.colcon_core.package_identification:_identify(build) by extensions ['ignore', 'ignore_ament_install']
[0.318s] Level 1:colcon.colcon_core.package_identification:_identify(build) by extension 'ignore'
[0.318s] Level 1:colcon.colcon_core.package_identification:_identify(build) ignored
[0.318s] Level 1:colcon.colcon_core.package_identification:_identify(install) by extensions ['ignore', 'ignore_ament_install']
[0.318s] Level 1:colcon.colcon_core.package_identification:_identify(install) by extension 'ignore'
[0.318s] Level 1:colcon.colcon_core.package_identification:_identify(install) ignored
[0.318s] Level 1:colcon.colcon_core.package_identification:_identify(log) by extensions ['ignore', 'ignore_ament_install']
[0.318s] Level 1:colcon.colcon_core.package_identification:_identify(log) by extension 'ignore'
[0.319s] Level 1:colcon.colcon_core.package_identification:_identify(log) ignored
[0.319s] Level 1:colcon.colcon_core.package_identification:_identify(src) by extensions ['ignore', 'ignore_ament_install']
[0.319s] Level 1:colcon.colcon_core.package_identification:_identify(src) by extension 'ignore'
[0.319s] Level 1:colcon.colcon_core.package_identification:_identify(src) by extension 'ignore_ament_install'
[0.319s] Level 1:colcon.colcon_core.package_identification:_identify(src) by extensions ['colcon_pkg']
[0.319s] Level 1:colcon.colcon_core.package_identification:_identify(src) by extension 'colcon_pkg'
[0.319s] Level 1:colcon.colcon_core.package_identification:_identify(src) by extensions ['colcon_meta']
[0.319s] Level 1:colcon.colcon_core.package_identification:_identify(src) by extension 'colcon_meta'
[0.319s] Level 1:colcon.colcon_core.package_identification:_identify(src) by extensions ['ros']
[0.319s] Level 1:colcon.colcon_core.package_identification:_identify(src) by extension 'ros'
[0.319s] Level 1:colcon.colcon_core.package_identification:_identify(src) by extensions ['cmake', 'python']
[0.319s] Level 1:colcon.colcon_core.package_identification:_identify(src) by extension 'cmake'
[0.319s] Level 1:colcon.colcon_core.package_identification:_identify(src) by extension 'python'
[0.319s] Level 1:colcon.colcon_core.package_identification:_identify(src) by extensions ['python_setup_py']
[0.319s] Level 1:colcon.colcon_core.package_identification:_identify(src) by extension 'python_setup_py'
[0.319s] Level 1:colcon.colcon_core.package_identification:_identify(src/mypkg) by extensions ['ignore', 'ignore_ament_install']
[0.319s] Level 1:colcon.colcon_core.package_identification:_identify(src/mypkg) by extension 'ignore'
[0.319s] Level 1:colcon.colcon_core.package_identification:_identify(src/mypkg) by extension 'ignore_ament_install'
[0.319s] Level 1:colcon.colcon_core.package_identification:_identify(src/mypkg) by extensions ['colcon_pkg']
[0.320s] Level 1:colcon.colcon_core.package_identification:_identify(src/mypkg) by extension 'colcon_pkg'
[0.320s] Level 1:colcon.colcon_core.package_identification:_identify(src/mypkg) by extensions ['colcon_meta']
[0.320s] Level 1:colcon.colcon_core.package_identification:_identify(src/mypkg) by extension 'colcon_meta'
[0.320s] Level 1:colcon.colcon_core.package_identification:_identify(src/mypkg) by extensions ['ros']
[0.320s] Level 1:colcon.colcon_core.package_identification:_identify(src/mypkg) by extension 'ros'
[0.322s] DEBUG:colcon.colcon_core.package_identification:Package 'src/mypkg' with type 'ros.ament_cmake' and name 'mypkg'
[0.323s] Level 1:colcon.colcon_core.package_discovery:discover_packages(recursive) using defaults
[0.323s] Level 1:colcon.colcon_core.package_discovery:discover_packages(ignore) discover
[0.323s] Level 1:colcon.colcon_core.package_discovery:discover_packages(ignore) using defaults
[0.323s] Level 1:colcon.colcon_core.package_discovery:discover_packages(path) discover
[0.323s] Level 1:colcon.colcon_core.package_discovery:discover_packages(path) using defaults
[0.344s] Level 1:colcon.colcon_core.package_discovery:discover_packages(prefix_path) check parameters
[0.344s] Level 1:colcon.colcon_core.package_discovery:discover_packages(prefix_path) discover
[0.345s] WARNING:colcon.colcon_core.prefix_path.colcon:The path '/home/hiromasa/ro2_ws/install' in the environment variable COLCON_PREFIX_PATH doesn't exist
[0.346s] WARNING:colcon.colcon_core.prefix_path.colcon:The path '/home/hiromasa/ros2_test.version/install' in the environment variable COLCON_PREFIX_PATH doesn't exist
[0.346s] WARNING:colcon.colcon_ros.prefix_path.ament:The path '/home/hiromasa/ro2_ws/install/mypkg' in the environment variable AMENT_PREFIX_PATH doesn't exist
[0.346s] WARNING:colcon.colcon_ros.prefix_path.ament:The path '/home/hiromasa/ros2_test.version/install/simple_drawing' in the environment variable AMENT_PREFIX_PATH doesn't exist
[0.346s] WARNING:colcon.colcon_ros.prefix_path.ament:The path '/home/hiromasa/ros2_test.version/install/resize' in the environment variable AMENT_PREFIX_PATH doesn't exist
[0.346s] WARNING:colcon.colcon_ros.prefix_path.ament:The path '/home/hiromasa/ros2_test.version/install/mypkg' in the environment variable AMENT_PREFIX_PATH doesn't exist
[0.346s] WARNING:colcon.colcon_ros.prefix_path.catkin:The path '/home/hiromasa/ro2_ws/install/mypkg' in the environment variable CMAKE_PREFIX_PATH doesn't exist
[0.346s] WARNING:colcon.colcon_ros.prefix_path.catkin:The path '/home/hiromasa/ros2_test.version/install/simple_drawing' in the environment variable CMAKE_PREFIX_PATH doesn't exist
[0.346s] WARNING:colcon.colcon_ros.prefix_path.catkin:The path '/home/hiromasa/ros2_test.version/install/resize' in the environment variable CMAKE_PREFIX_PATH doesn't exist
[0.346s] WARNING:colcon.colcon_ros.prefix_path.catkin:The path '/home/hiromasa/ros2_test.version/install/mypkg' in the environment variable CMAKE_PREFIX_PATH doesn't exist
[0.348s] DEBUG:colcon.colcon_installed_package_information.package_discovery:Found 270 installed packages in /opt/ros/humble
[0.350s] Level 1:colcon.colcon_core.package_discovery:discover_packages(prefix_path) using defaults
[0.412s] Level 5:colcon.colcon_core.verb:set package 'mypkg' build argument 'cmake_args' from command line to 'None'
[0.412s] Level 5:colcon.colcon_core.verb:set package 'mypkg' build argument 'cmake_target' from command line to 'None'
[0.413s] Level 5:colcon.colcon_core.verb:set package 'mypkg' build argument 'cmake_target_skip_unavailable' from command line to 'False'
[0.413s] Level 5:colcon.colcon_core.verb:set package 'mypkg' build argument 'cmake_clean_cache' from command line to 'False'
[0.413s] Level 5:colcon.colcon_core.verb:set package 'mypkg' build argument 'cmake_clean_first' from command line to 'False'
[0.413s] Level 5:colcon.colcon_core.verb:set package 'mypkg' build argument 'cmake_force_configure' from command line to 'False'
[0.413s] Level 5:colcon.colcon_core.verb:set package 'mypkg' build argument 'ament_cmake_args' from command line to 'None'
[0.413s] Level 5:colcon.colcon_core.verb:set package 'mypkg' build argument 'catkin_cmake_args' from command line to 'None'
[0.413s] Level 5:colcon.colcon_core.verb:set package 'mypkg' build argument 'catkin_skip_building_tests' from command line to 'False'
[0.413s] DEBUG:colcon.colcon_core.verb:Building package 'mypkg' with the following arguments: {'ament_cmake_args': None, 'build_base': '/home/hiromasa/ros2_ws/build/mypkg', 'catkin_cmake_args': None, 'catkin_skip_building_tests': False, 'cmake_args': None, 'cmake_clean_cache': False, 'cmake_clean_first': False, 'cmake_force_configure': False, 'cmake_target': None, 'cmake_target_skip_unavailable': False, 'install_base': '/home/hiromasa/ros2_ws/install/mypkg', 'merge_install': False, 'path': '/home/hiromasa/ros2_ws/src/mypkg', 'symlink_install': False, 'test_result_base': None}
[0.413s] INFO:colcon.colcon_core.executor:Executing jobs using 'parallel' executor
[0.416s] DEBUG:colcon.colcon_parallel_executor.executor.parallel:run_until_complete
[0.417s] INFO:colcon.colcon_ros.task.ament_cmake.build:Building ROS package in '/home/hiromasa/ros2_ws/src/mypkg' with build type 'ament_cmake'
[0.417s] INFO:colcon.colcon_cmake.task.cmake.build:Building CMake package in '/home/hiromasa/ros2_ws/src/mypkg'
[0.421s] INFO:colcon.colcon_core.plugin_system:Skipping extension 'colcon_core.shell.bat': Not used on non-Windows systems
[0.421s] INFO:colcon.colcon_core.shell:Skip shell extension 'powershell' for command environment: Not usable outside of PowerShell
[0.421s] DEBUG:colcon.colcon_core.shell:Skip shell extension 'dsv' for command environment
[0.429s] DEBUG:colcon.colcon_core.event_handler.log_command:Invoking command in '/home/hiromasa/ros2_ws/build/mypkg': CMAKE_PREFIX_PATH=${CMAKE_PREFIX_PATH}:/opt/ros/humble /usr/bin/cmake /home/hiromasa/ros2_ws/src/mypkg -DCMAKE_INSTALL_PREFIX=/home/hiromasa/ros2_ws/install/mypkg
[1.849s] DEBUG:colcon.colcon_core.event_handler.log_command:Invoked command in '/home/hiromasa/ros2_ws/build/mypkg' returned '0': CMAKE_PREFIX_PATH=${CMAKE_PREFIX_PATH}:/opt/ros/humble /usr/bin/cmake /home/hiromasa/ros2_ws/src/mypkg -DCMAKE_INSTALL_PREFIX=/home/hiromasa/ros2_ws/install/mypkg
[1.850s] DEBUG:colcon.colcon_core.event_handler.log_command:Invoking command in '/home/hiromasa/ros2_ws/build/mypkg': CMAKE_PREFIX_PATH=${CMAKE_PREFIX_PATH}:/opt/ros/humble /usr/bin/cmake --build /home/hiromasa/ros2_ws/build/mypkg -- -j8 -l8
[5.900s] DEBUG:colcon.colcon_core.event_handler.log_command:Invoked command in '/home/hiromasa/ros2_ws/build/mypkg' returned '2': CMAKE_PREFIX_PATH=${CMAKE_PREFIX_PATH}:/opt/ros/humble /usr/bin/cmake --build /home/hiromasa/ros2_ws/build/mypkg -- -j8 -l8
[5.921s] Level 1:colcon.colcon_core.environment:create_environment_scripts_only(mypkg)
[5.925s] Level 1:colcon.colcon_core.environment:checking '/home/hiromasa/ros2_ws/install/mypkg' for CMake module files
[5.925s] Level 1:colcon.colcon_core.environment:checking '/home/hiromasa/ros2_ws/install/mypkg' for CMake config files
[5.926s] Level 1:colcon.colcon_core.environment:checking '/home/hiromasa/ros2_ws/install/mypkg/bin'
[5.926s] Level 1:colcon.colcon_core.environment:checking '/home/hiromasa/ros2_ws/install/mypkg/lib/pkgconfig/mypkg.pc'
[5.926s] Level 1:colcon.colcon_core.environment:checking '/home/hiromasa/ros2_ws/install/mypkg/lib/python3.10/site-packages'
[5.926s] Level 1:colcon.colcon_core.environment:checking '/home/hiromasa/ros2_ws/install/mypkg/bin'
[5.927s] INFO:colcon.colcon_core.shell:Creating package script '/home/hiromasa/ros2_ws/install/mypkg/share/mypkg/package.ps1'
[5.928s] INFO:colcon.colcon_core.shell:Creating package descriptor '/home/hiromasa/ros2_ws/install/mypkg/share/mypkg/package.dsv'
[5.929s] INFO:colcon.colcon_core.shell:Creating package script '/home/hiromasa/ros2_ws/install/mypkg/share/mypkg/package.sh'
[5.929s] INFO:colcon.colcon_core.shell:Creating package script '/home/hiromasa/ros2_ws/install/mypkg/share/mypkg/package.bash'
[5.930s] INFO:colcon.colcon_core.shell:Creating package script '/home/hiromasa/ros2_ws/install/mypkg/share/mypkg/package.zsh'
[5.931s] Level 1:colcon.colcon_core.environment:create_file_with_runtime_dependencies(/home/hiromasa/ros2_ws/install/mypkg/share/colcon-core/packages/mypkg)
[5.941s] DEBUG:colcon.colcon_parallel_executor.executor.parallel:closing loop
[5.942s] DEBUG:colcon.colcon_parallel_executor.executor.parallel:loop closed
[5.942s] DEBUG:colcon.colcon_parallel_executor.executor.parallel:run_until_complete finished with '2'
[5.942s] DEBUG:colcon.colcon_core.event_reactor:joining thread
[5.947s] INFO:colcon.colcon_core.plugin_system:Skipping extension 'colcon_notification.desktop_notification.terminal_notifier': Not used on non-Darwin systems
[5.948s] INFO:colcon.colcon_core.plugin_system:Skipping extension 'colcon_notification.desktop_notification.win32': Not used on non-Windows systems
[5.948s] INFO:colcon.colcon_notification.desktop_notification:Sending desktop notification using 'notify2'
[5.960s] DEBUG:colcon.colcon_core.event_reactor:joined thread
[5.962s] INFO:colcon.colcon_core.shell:Creating prefix script '/home/hiromasa/ros2_ws/install/local_setup.ps1'
[5.963s] INFO:colcon.colcon_core.shell:Creating prefix util module '/home/hiromasa/ros2_ws/install/_local_setup_util_ps1.py'
[5.964s] INFO:colcon.colcon_core.shell:Creating prefix chain script '/home/hiromasa/ros2_ws/install/setup.ps1'
[5.966s] INFO:colcon.colcon_core.shell:Creating prefix script '/home/hiromasa/ros2_ws/install/local_setup.sh'
[5.967s] INFO:colcon.colcon_core.shell:Creating prefix util module '/home/hiromasa/ros2_ws/install/_local_setup_util_sh.py'
[5.968s] INFO:colcon.colcon_core.shell:Creating prefix chain script '/home/hiromasa/ros2_ws/install/setup.sh'
[5.970s] INFO:colcon.colcon_core.shell:Creating prefix script '/home/hiromasa/ros2_ws/install/local_setup.bash'
[5.971s] INFO:colcon.colcon_core.shell:Creating prefix chain script '/home/hiromasa/ros2_ws/install/setup.bash'
[5.973s] INFO:colcon.colcon_core.shell:Creating prefix script '/home/hiromasa/ros2_ws/install/local_setup.zsh'
[5.974s] INFO:colcon.colcon_core.shell:Creating prefix chain script '/home/hiromasa/ros2_ws/install/setup.zsh'
