[0.203s] Invoking command in '/home/morita/ros2_ws/build/improved': CMAKE_PREFIX_PATH=/opt/ros/humble /usr/bin/cmake --build /home/morita/ros2_ws/build/improved -- -j8 -l8
[0.343s] [ 50%] [32mBuilding CXX object CMakeFiles/improved.dir/src/improved.cpp.o[0m
[5.077s] [100%] [32m[1mLinking CXX executable improved[0m
[5.620s] [100%] Built target improved
[5.637s] Invoked command in '/home/morita/ros2_ws/build/improved' returned '0': CMAKE_PREFIX_PATH=/opt/ros/humble /usr/bin/cmake --build /home/morita/ros2_ws/build/improved -- -j8 -l8
[5.667s] Invoking command in '/home/morita/ros2_ws/build/improved': CMAKE_PREFIX_PATH=/opt/ros/humble /usr/bin/cmake --install /home/morita/ros2_ws/build/improved
[5.678s] -- Install configuration: ""
[5.679s] -- Installing: /home/morita/ros2_ws/install/improved/lib/improved/improved
[5.680s] -- Set runtime path of "/home/morita/ros2_ws/install/improved/lib/improved/improved" to ""
[5.681s] -- Up-to-date: /home/morita/ros2_ws/install/improved/share/ament_index/resource_index/package_run_dependencies/improved
[5.681s] -- Up-to-date: /home/morita/ros2_ws/install/improved/share/ament_index/resource_index/parent_prefix_path/improved
[5.681s] -- Up-to-date: /home/morita/ros2_ws/install/improved/share/improved/environment/ament_prefix_path.sh
[5.681s] -- Up-to-date: /home/morita/ros2_ws/install/improved/share/improved/environment/ament_prefix_path.dsv
[5.681s] -- Up-to-date: /home/morita/ros2_ws/install/improved/share/improved/environment/path.sh
[5.682s] -- Up-to-date: /home/morita/ros2_ws/install/improved/share/improved/environment/path.dsv
[5.682s] -- Up-to-date: /home/morita/ros2_ws/install/improved/share/improved/local_setup.bash
[5.682s] -- Up-to-date: /home/morita/ros2_ws/install/improved/share/improved/local_setup.sh
[5.682s] -- Up-to-date: /home/morita/ros2_ws/install/improved/share/improved/local_setup.zsh
[5.682s] -- Up-to-date: /home/morita/ros2_ws/install/improved/share/improved/local_setup.dsv
[5.682s] -- Installing: /home/morita/ros2_ws/install/improved/share/improved/package.dsv
[5.682s] -- Up-to-date: /home/morita/ros2_ws/install/improved/share/ament_index/resource_index/packages/improved
[5.683s] -- Up-to-date: /home/morita/ros2_ws/install/improved/share/improved/cmake/improvedConfig.cmake
[5.683s] -- Up-to-date: /home/morita/ros2_ws/install/improved/share/improved/cmake/improvedConfig-version.cmake
[5.683s] -- Up-to-date: /home/morita/ros2_ws/install/improved/share/improved/package.xml
[5.755s] Invoked command in '/home/morita/ros2_ws/build/improved' returned '0': CMAKE_PREFIX_PATH=/opt/ros/humble /usr/bin/cmake --install /home/morita/ros2_ws/build/improved
