[35m[1mConsolidate compiler generated dependencies of target mypkg[0m
[ 50%] [32mBuilding CXX object CMakeFiles/mypkg.dir/src/mypkg.cpp.o[0m
[01m[K/home/hiromasa/ros2_ws/src/mypkg/src/mypkg.cpp:[m[K In function ‘[01m[Kvoid route_search(int*, int*, int*, int*, int*, int (*)[2], int**)[m[K’:
[01m[K/home/hiromasa/ros2_ws/src/mypkg/src/mypkg.cpp:648:15:[m[K [01;35m[Kwarning: [m[Kunused variable ‘[01m[Kgp[m[K’ [[01;35m[K]8;;https://gcc.gnu.org/onlinedocs/gcc/Warning-Options.html#index-Wunused-variable-Wunused-variable]8;;[m[K]
  648 |         FILE* [01;35m[Kgp[m[K = fopen("/home/hiromasa/ros2_ws/CSV/rotate_coordinate.csv", "w");
      |               [01;35m[K^~[m[K
[100%] [32m[1mLinking CXX executable mypkg[0m
[100%] Built target mypkg
-- Install configuration: ""
-- Installing: /home/hiromasa/ros2_ws/install/mypkg/lib/mypkg/mypkg
-- Set runtime path of "/home/hiromasa/ros2_ws/install/mypkg/lib/mypkg/mypkg" to ""
-- Up-to-date: /home/hiromasa/ros2_ws/install/mypkg/share/ament_index/resource_index/package_run_dependencies/mypkg
-- Up-to-date: /home/hiromasa/ros2_ws/install/mypkg/share/ament_index/resource_index/parent_prefix_path/mypkg
-- Up-to-date: /home/hiromasa/ros2_ws/install/mypkg/share/mypkg/environment/ament_prefix_path.sh
-- Up-to-date: /home/hiromasa/ros2_ws/install/mypkg/share/mypkg/environment/ament_prefix_path.dsv
-- Up-to-date: /home/hiromasa/ros2_ws/install/mypkg/share/mypkg/environment/path.sh
-- Up-to-date: /home/hiromasa/ros2_ws/install/mypkg/share/mypkg/environment/path.dsv
-- Up-to-date: /home/hiromasa/ros2_ws/install/mypkg/share/mypkg/local_setup.bash
-- Up-to-date: /home/hiromasa/ros2_ws/install/mypkg/share/mypkg/local_setup.sh
-- Up-to-date: /home/hiromasa/ros2_ws/install/mypkg/share/mypkg/local_setup.zsh
-- Up-to-date: /home/hiromasa/ros2_ws/install/mypkg/share/mypkg/local_setup.dsv
-- Installing: /home/hiromasa/ros2_ws/install/mypkg/share/mypkg/package.dsv
-- Up-to-date: /home/hiromasa/ros2_ws/install/mypkg/share/ament_index/resource_index/packages/mypkg
-- Up-to-date: /home/hiromasa/ros2_ws/install/mypkg/share/mypkg/cmake/mypkgConfig.cmake
-- Up-to-date: /home/hiromasa/ros2_ws/install/mypkg/share/mypkg/cmake/mypkgConfig-version.cmake
-- Up-to-date: /home/hiromasa/ros2_ws/install/mypkg/share/mypkg/package.xml
