[0.017s] Invoking command in '/home/hiromasa/ros2_ws/build/robotvision_2023': CMAKE_PREFIX_PATH=${CMAKE_PREFIX_PATH}:/opt/ros/humble /usr/bin/cmake --build /home/hiromasa/ros2_ws/build/robotvision_2023 -- -j8 -l8
[0.059s] [35m[1mConsolidate compiler generated dependencies of target robotvision_2023[0m
[0.076s] [ 50%] [32mBuilding CXX object CMakeFiles/robotvision_2023.dir/src/robotvision_2023.cpp.o[0m
[4.195s] [100%] [32m[1mLinking CXX executable robotvision_2023[0m
[4.367s] [100%] Built target robotvision_2023
[4.377s] Invoked command in '/home/hiromasa/ros2_ws/build/robotvision_2023' returned '0': CMAKE_PREFIX_PATH=${CMAKE_PREFIX_PATH}:/opt/ros/humble /usr/bin/cmake --build /home/hiromasa/ros2_ws/build/robotvision_2023 -- -j8 -l8
[4.399s] Invoking command in '/home/hiromasa/ros2_ws/build/robotvision_2023': CMAKE_PREFIX_PATH=${CMAKE_PREFIX_PATH}:/opt/ros/humble /usr/bin/cmake --install /home/hiromasa/ros2_ws/build/robotvision_2023
[4.406s] -- Install configuration: ""
[4.406s] -- Installing: /home/hiromasa/ros2_ws/install/robotvision_2023/lib/robotvision_2023/robotvision_2023
[4.406s] -- Set runtime path of "/home/hiromasa/ros2_ws/install/robotvision_2023/lib/robotvision_2023/robotvision_2023" to ""
[4.406s] -- Up-to-date: /home/hiromasa/ros2_ws/install/robotvision_2023/share/ament_index/resource_index/package_run_dependencies/robotvision_2023
[4.406s] -- Up-to-date: /home/hiromasa/ros2_ws/install/robotvision_2023/share/ament_index/resource_index/parent_prefix_path/robotvision_2023
[4.407s] -- Up-to-date: /home/hiromasa/ros2_ws/install/robotvision_2023/share/robotvision_2023/environment/ament_prefix_path.sh
[4.407s] -- Up-to-date: /home/hiromasa/ros2_ws/install/robotvision_2023/share/robotvision_2023/environment/ament_prefix_path.dsv
[4.407s] -- Up-to-date: /home/hiromasa/ros2_ws/install/robotvision_2023/share/robotvision_2023/environment/path.sh
[4.407s] -- Up-to-date: /home/hiromasa/ros2_ws/install/robotvision_2023/share/robotvision_2023/environment/path.dsv
[4.407s] -- Up-to-date: /home/hiromasa/ros2_ws/install/robotvision_2023/share/robotvision_2023/local_setup.bash
[4.407s] -- Up-to-date: /home/hiromasa/ros2_ws/install/robotvision_2023/share/robotvision_2023/local_setup.sh
[4.407s] -- Up-to-date: /home/hiromasa/ros2_ws/install/robotvision_2023/share/robotvision_2023/local_setup.zsh
[4.407s] -- Up-to-date: /home/hiromasa/ros2_ws/install/robotvision_2023/share/robotvision_2023/local_setup.dsv
[4.407s] -- Installing: /home/hiromasa/ros2_ws/install/robotvision_2023/share/robotvision_2023/package.dsv
[4.407s] -- Up-to-date: /home/hiromasa/ros2_ws/install/robotvision_2023/share/ament_index/resource_index/packages/robotvision_2023
[4.407s] -- Up-to-date: /home/hiromasa/ros2_ws/install/robotvision_2023/share/robotvision_2023/cmake/robotvision_2023Config.cmake
[4.407s] -- Up-to-date: /home/hiromasa/ros2_ws/install/robotvision_2023/share/robotvision_2023/cmake/robotvision_2023Config-version.cmake
[4.407s] -- Up-to-date: /home/hiromasa/ros2_ws/install/robotvision_2023/share/robotvision_2023/package.xml
[4.410s] Invoked command in '/home/hiromasa/ros2_ws/build/robotvision_2023' returned '0': CMAKE_PREFIX_PATH=${CMAKE_PREFIX_PATH}:/opt/ros/humble /usr/bin/cmake --install /home/hiromasa/ros2_ws/build/robotvision_2023
