[0.086s] Invoking command in '/home/morita/ros2_ws/build/improved': CMAKE_PREFIX_PATH=/opt/ros/humble /usr/bin/cmake --build /home/morita/ros2_ws/build/improved -- -j8 -l8
[0.158s] -- Found ament_cmake: 1.3.6 (/opt/ros/humble/share/ament_cmake/cmake)
[0.309s] -- Found rclcpp: 16.0.7 (/opt/ros/humble/share/rclcpp/cmake)
[0.348s] -- Found rosidl_generator_c: 3.1.5 (/opt/ros/humble/share/rosidl_generator_c/cmake)
[0.351s] -- Found rosidl_adapter: 3.1.5 (/opt/ros/humble/share/rosidl_adapter/cmake)
[0.358s] -- Found rosidl_generator_cpp: 3.1.5 (/opt/ros/humble/share/rosidl_generator_cpp/cmake)
[0.372s] -- Using all available rosidl_typesupport_c: rosidl_typesupport_fastrtps_c;rosidl_typesupport_introspection_c
[0.389s] -- Using all available rosidl_typesupport_cpp: rosidl_typesupport_fastrtps_cpp;rosidl_typesupport_introspection_cpp
[0.459s] -- Found rmw_implementation_cmake: 6.1.1 (/opt/ros/humble/share/rmw_implementation_cmake/cmake)
[0.461s] -- Found rmw_fastrtps_cpp: 6.2.5 (/opt/ros/humble/share/rmw_fastrtps_cpp/cmake)
[0.572s] -- Using RMW implementation 'rmw_fastrtps_cpp' as default
[0.741s] -- Found sensor_msgs: 4.2.3 (/opt/ros/humble/share/sensor_msgs/cmake)
[0.881s] -- Found image_transport: 3.1.7 (/opt/ros/humble/share/image_transport/cmake)
[0.926s] -- Found cv_bridge: 3.2.1 (/opt/ros/humble/share/cv_bridge/cmake)
[0.940s] -- Found ament_lint_auto: 0.12.9 (/opt/ros/humble/share/ament_lint_auto/cmake)
[1.011s] -- Added test 'cppcheck' to perform static code analysis on C / C++ code
[1.011s] -- Configured cppcheck include dirs: 
[1.012s] -- Configured cppcheck exclude dirs and/or files: 
[1.012s] -- Added test 'lint_cmake' to check CMake code style
[1.013s] -- Added test 'uncrustify' to check C / C++ code style
[1.013s] -- Configured uncrustify additional arguments: 
[1.013s] -- Added test 'xmllint' to check XML markup files
[1.015s] -- Configuring done
[1.033s] -- Generating done
[1.035s] -- Build files have been written to: /home/morita/ros2_ws/build/improved
[1.059s] [35m[1mConsolidate compiler generated dependencies of target improved[0m
[1.095s] [ 50%] [32mBuilding CXX object CMakeFiles/improved.dir/src/improved.cpp.o[0m
[5.662s] [100%] [32m[1mLinking CXX executable improved[0m
[6.242s] [100%] Built target improved
[6.254s] Invoked command in '/home/morita/ros2_ws/build/improved' returned '0': CMAKE_PREFIX_PATH=/opt/ros/humble /usr/bin/cmake --build /home/morita/ros2_ws/build/improved -- -j8 -l8
[6.286s] Invoking command in '/home/morita/ros2_ws/build/improved': CMAKE_PREFIX_PATH=/opt/ros/humble /usr/bin/cmake --install /home/morita/ros2_ws/build/improved
[6.294s] -- Install configuration: ""
[6.295s] -- Installing: /home/morita/ros2_ws/install/improved/lib/improved/improved
[6.295s] -- Set runtime path of "/home/morita/ros2_ws/install/improved/lib/improved/improved" to ""
[6.295s] -- Up-to-date: /home/morita/ros2_ws/install/improved/share/ament_index/resource_index/package_run_dependencies/improved
[6.296s] -- Up-to-date: /home/morita/ros2_ws/install/improved/share/ament_index/resource_index/parent_prefix_path/improved
[6.296s] -- Installing: /home/morita/ros2_ws/install/improved/share/improved/environment/ament_prefix_path.sh
[6.296s] -- Installing: /home/morita/ros2_ws/install/improved/share/improved/environment/ament_prefix_path.dsv
[6.296s] -- Installing: /home/morita/ros2_ws/install/improved/share/improved/environment/path.sh
[6.296s] -- Installing: /home/morita/ros2_ws/install/improved/share/improved/environment/path.dsv
[6.296s] -- Up-to-date: /home/morita/ros2_ws/install/improved/share/improved/local_setup.bash
[6.297s] -- Up-to-date: /home/morita/ros2_ws/install/improved/share/improved/local_setup.sh
[6.297s] -- Up-to-date: /home/morita/ros2_ws/install/improved/share/improved/local_setup.zsh
[6.297s] -- Installing: /home/morita/ros2_ws/install/improved/share/improved/local_setup.dsv
[6.297s] -- Installing: /home/morita/ros2_ws/install/improved/share/improved/package.dsv
[6.297s] -- Up-to-date: /home/morita/ros2_ws/install/improved/share/ament_index/resource_index/packages/improved
[6.297s] -- Up-to-date: /home/morita/ros2_ws/install/improved/share/improved/cmake/improvedConfig.cmake
[6.297s] -- Up-to-date: /home/morita/ros2_ws/install/improved/share/improved/cmake/improvedConfig-version.cmake
[6.297s] -- Up-to-date: /home/morita/ros2_ws/install/improved/share/improved/package.xml
[6.300s] Invoked command in '/home/morita/ros2_ws/build/improved' returned '0': CMAKE_PREFIX_PATH=/opt/ros/humble /usr/bin/cmake --install /home/morita/ros2_ws/build/improved
