-- Found ament_cmake: 1.3.5 (/opt/ros/humble/share/ament_cmake/cmake)
-- Found rclcpp: 16.0.6 (/opt/ros/humble/share/rclcpp/cmake)
-- Found rosidl_generator_c: 3.1.5 (/opt/ros/humble/share/rosidl_generator_c/cmake)
-- Found rosidl_adapter: 3.1.5 (/opt/ros/humble/share/rosidl_adapter/cmake)
-- Found rosidl_generator_cpp: 3.1.5 (/opt/ros/humble/share/rosidl_generator_cpp/cmake)
-- Using all available rosidl_typesupport_c: rosidl_typesupport_fastrtps_c;rosidl_typesupport_introspection_c
-- Using all available rosidl_typesupport_cpp: rosidl_typesupport_fastrtps_cpp;rosidl_typesupport_introspection_cpp
-- Found rmw_implementation_cmake: 6.1.1 (/opt/ros/humble/share/rmw_implementation_cmake/cmake)
-- Found rmw_fastrtps_cpp: 6.2.4 (/opt/ros/humble/share/rmw_fastrtps_cpp/cmake)
-- Using RMW implementation 'rmw_fastrtps_cpp' as default
-- Found image_transport: 3.1.7 (/opt/ros/humble/share/image_transport/cmake)
-- Found cv_bridge: 3.2.1 (/opt/ros/humble/share/cv_bridge/cmake)
-- Found ament_lint_auto: 0.12.8 (/opt/ros/humble/share/ament_lint_auto/cmake)
Error parsing '/home/morita/ros2_ws/src/improved/package.xml':
Traceback (most recent call last):
  File "/opt/ros/humble/share/ament_cmake_core/cmake/core/package_xml_2_cmake.py", line 150, in <module>
    main()
  File "/opt/ros/humble/share/ament_cmake_core/cmake/core/package_xml_2_cmake.py", line 53, in main
    raise e
  File "/opt/ros/humble/share/ament_cmake_core/cmake/core/package_xml_2_cmake.py", line 49, in main
    package = parse_package_string(
  File "/usr/lib/python3/dist-packages/catkin_pkg/package.py", line 788, in parse_package_string
    pkg.validate(warnings=warnings)
  File "/usr/lib/python3/dist-packages/catkin_pkg/package.py", line 330, in validate
    raise InvalidPackage('\n'.join(errors), self.filename)
catkin_pkg.package.InvalidPackage: Error(s) in package '/home/morita/ros2_ws/src/improved/package.xml':
Package version "0.0." does not follow version conventions
[31mCMake Error at /opt/ros/humble/share/ament_cmake_core/cmake/core/ament_package_xml.cmake:95 (message):
  execute_process(/usr/bin/python3.10
  /opt/ros/humble/share/ament_cmake_core/cmake/core/package_xml_2_cmake.py
  /home/morita/ros2_ws/src/improved/package.xml
  /home/morita/ros2_ws/build/improved/ament_cmake_core/package.cmake)
  returned error code 1
Call Stack (most recent call first):
  /opt/ros/humble/share/ament_cmake_core/cmake/core/ament_package_xml.cmake:49 (_ament_package_xml)
  /opt/ros/humble/share/ament_lint_auto/cmake/ament_lint_auto_find_test_dependencies.cmake:31 (ament_package_xml)
  CMakeLists.txt:43 (ament_lint_auto_find_test_dependencies)

[0m
-- Configuring incomplete, errors occurred!
See also "/home/morita/ros2_ws/build/improved/CMakeFiles/CMakeOutput.log".
