[0.082s] Invoking command in '/home/morita/ros2_ws/build/improved': /usr/bin/cmake /home/morita/ros2_ws/src/improved -DCMAKE_INSTALL_PREFIX=/home/morita/ros2_ws/install/improved
[0.096s] -- Found ament_cmake: 1.3.5 (/opt/ros/humble/share/ament_cmake/cmake)
[0.238s] -- Found rclcpp: 16.0.6 (/opt/ros/humble/share/rclcpp/cmake)
[0.267s] -- Found rosidl_generator_c: 3.1.5 (/opt/ros/humble/share/rosidl_generator_c/cmake)
[0.270s] -- Found rosidl_adapter: 3.1.5 (/opt/ros/humble/share/rosidl_adapter/cmake)
[0.275s] -- Found rosidl_generator_cpp: 3.1.5 (/opt/ros/humble/share/rosidl_generator_cpp/cmake)
[0.286s] -- Using all available rosidl_typesupport_c: rosidl_typesupport_fastrtps_c;rosidl_typesupport_introspection_c
[0.304s] -- Using all available rosidl_typesupport_cpp: rosidl_typesupport_fastrtps_cpp;rosidl_typesupport_introspection_cpp
[0.358s] -- Found rmw_implementation_cmake: 6.1.1 (/opt/ros/humble/share/rmw_implementation_cmake/cmake)
[0.358s] -- Found rmw_fastrtps_cpp: 6.2.4 (/opt/ros/humble/share/rmw_fastrtps_cpp/cmake)
[0.451s] -- Using RMW implementation 'rmw_fastrtps_cpp' as default
[0.593s] -- Found image_transport: 3.1.7 (/opt/ros/humble/share/image_transport/cmake)
[0.742s] -- Found cv_bridge: 3.2.1 (/opt/ros/humble/share/cv_bridge/cmake)
[0.751s] -- Found ament_lint_auto: 0.12.8 (/opt/ros/humble/share/ament_lint_auto/cmake)
[0.791s] Error parsing '/home/morita/ros2_ws/src/improved/package.xml':
[0.826s] Traceback (most recent call last):
[0.826s]   File "/opt/ros/humble/share/ament_cmake_core/cmake/core/package_xml_2_cmake.py", line 150, in <module>
[0.826s]     main()
[0.826s]   File "/opt/ros/humble/share/ament_cmake_core/cmake/core/package_xml_2_cmake.py", line 53, in main
[0.826s]     raise e
[0.827s]   File "/opt/ros/humble/share/ament_cmake_core/cmake/core/package_xml_2_cmake.py", line 49, in main
[0.827s]     package = parse_package_string(
[0.827s]   File "/usr/lib/python3/dist-packages/catkin_pkg/package.py", line 788, in parse_package_string
[0.827s]     pkg.validate(warnings=warnings)
[0.827s]   File "/usr/lib/python3/dist-packages/catkin_pkg/package.py", line 330, in validate
[0.827s]     raise InvalidPackage('\n'.join(errors), self.filename)
[0.827s] catkin_pkg.package.InvalidPackage: Error(s) in package '/home/morita/ros2_ws/src/improved/package.xml':
[0.827s] Package version "0.0." does not follow version conventions
[0.842s] [31mCMake Error at /opt/ros/humble/share/ament_cmake_core/cmake/core/ament_package_xml.cmake:95 (message):
[0.842s]   execute_process(/usr/bin/python3.10
[0.842s]   /opt/ros/humble/share/ament_cmake_core/cmake/core/package_xml_2_cmake.py
[0.842s]   /home/morita/ros2_ws/src/improved/package.xml
[0.842s]   /home/morita/ros2_ws/build/improved/ament_cmake_core/package.cmake)
[0.842s]   returned error code 1
[0.842s] Call Stack (most recent call first):
[0.842s]   /opt/ros/humble/share/ament_cmake_core/cmake/core/ament_package_xml.cmake:49 (_ament_package_xml)
[0.842s]   /opt/ros/humble/share/ament_lint_auto/cmake/ament_lint_auto_find_test_dependencies.cmake:31 (ament_package_xml)
[0.842s]   CMakeLists.txt:43 (ament_lint_auto_find_test_dependencies)
[0.842s] 
[0.842s] [0m
[0.842s] -- Configuring incomplete, errors occurred!
[0.843s] See also "/home/morita/ros2_ws/build/improved/CMakeFiles/CMakeOutput.log".
[0.849s] Invoked command in '/home/morita/ros2_ws/build/improved' returned '1': /usr/bin/cmake /home/morita/ros2_ws/src/improved -DCMAKE_INSTALL_PREFIX=/home/morita/ros2_ws/install/improved
