-- The C compiler identification is GNU 11.4.0
-- The CXX compiler identification is GNU 11.4.0
-- Detecting C compiler ABI info
-- Detecting C compiler ABI info - done
-- Check for working C compiler: /usr/bin/cc - skipped
-- Detecting C compile features
-- Detecting C compile features - done
-- Detecting CXX compiler ABI info
-- Detecting CXX compiler ABI info - done
-- Check for working CXX compiler: /usr/bin/c++ - skipped
-- Detecting CXX compile features
-- Detecting CXX compile features - done
-- Found ament_cmake: 1.3.5 (/opt/ros/humble/share/ament_cmake/cmake)
-- Found Python3: /usr/bin/python3.10 (found version "3.10.12") found components: Interpreter 
-- Found rclcpp: 16.0.5 (/opt/ros/humble/share/rclcpp/cmake)
-- Found rosidl_generator_c: 3.1.5 (/opt/ros/humble/share/rosidl_generator_c/cmake)
-- Found rosidl_adapter: 3.1.5 (/opt/ros/humble/share/rosidl_adapter/cmake)
-- Found rosidl_generator_cpp: 3.1.5 (/opt/ros/humble/share/rosidl_generator_cpp/cmake)
-- Using all available rosidl_typesupport_c: rosidl_typesupport_fastrtps_c;rosidl_typesupport_introspection_c
-- Using all available rosidl_typesupport_cpp: rosidl_typesupport_fastrtps_cpp;rosidl_typesupport_introspection_cpp
-- Found rmw_implementation_cmake: 6.1.1 (/opt/ros/humble/share/rmw_implementation_cmake/cmake)
-- Found rmw_fastrtps_cpp: 6.2.3 (/opt/ros/humble/share/rmw_fastrtps_cpp/cmake)
-- Found OpenSSL: /usr/lib/x86_64-linux-gnu/libcrypto.so (found version "3.0.2")  
-- Found FastRTPS: /opt/ros/humble/include  
-- Using RMW implementation 'rmw_fastrtps_cpp' as default
-- Looking for pthread.h
-- Looking for pthread.h - found
-- Performing Test CMAKE_HAVE_LIBC_PTHREAD
-- Performing Test CMAKE_HAVE_LIBC_PTHREAD - Success
-- Found Threads: TRUE  
-- Found sensor_msgs: 4.2.3 (/opt/ros/humble/share/sensor_msgs/cmake)
-- Found image_transport: 3.1.7 (/opt/ros/humble/share/image_transport/cmake)
-- Found OpenCV: /usr (found version "4.5.4") 
-- Found cv_bridge: 3.2.1 (/opt/ros/humble/share/cv_bridge/cmake)
-- Found ament_lint_auto: 0.12.7 (/opt/ros/humble/share/ament_lint_auto/cmake)
-- Added test 'cppcheck' to perform static code analysis on C / C++ code
-- Configured cppcheck include dirs: 
-- Configured cppcheck exclude dirs and/or files: 
-- Added test 'lint_cmake' to check CMake code style
-- Added test 'uncrustify' to check C / C++ code style
-- Configured uncrustify additional arguments: 
-- Added test 'xmllint' to check XML markup files
-- Configuring done
-- Generating done
-- Build files have been written to: /home/hiromasa/ros2_ws/build/robotvision_2023
[ 50%] [32mBuilding CXX object CMakeFiles/robotvision_2023.dir/src/robotvision_2023.cpp.o[0m
[100%] [32m[1mLinking CXX executable robotvision_2023[0m
[100%] Built target robotvision_2023
-- Install configuration: ""
-- Installing: /home/hiromasa/ros2_ws/install/robotvision_2023/lib/robotvision_2023/robotvision_2023
-- Set runtime path of "/home/hiromasa/ros2_ws/install/robotvision_2023/lib/robotvision_2023/robotvision_2023" to ""
-- Installing: /home/hiromasa/ros2_ws/install/robotvision_2023/share/ament_index/resource_index/package_run_dependencies/robotvision_2023
-- Installing: /home/hiromasa/ros2_ws/install/robotvision_2023/share/ament_index/resource_index/parent_prefix_path/robotvision_2023
-- Installing: /home/hiromasa/ros2_ws/install/robotvision_2023/share/robotvision_2023/environment/ament_prefix_path.sh
-- Installing: /home/hiromasa/ros2_ws/install/robotvision_2023/share/robotvision_2023/environment/ament_prefix_path.dsv
-- Installing: /home/hiromasa/ros2_ws/install/robotvision_2023/share/robotvision_2023/environment/path.sh
-- Installing: /home/hiromasa/ros2_ws/install/robotvision_2023/share/robotvision_2023/environment/path.dsv
-- Installing: /home/hiromasa/ros2_ws/install/robotvision_2023/share/robotvision_2023/local_setup.bash
-- Installing: /home/hiromasa/ros2_ws/install/robotvision_2023/share/robotvision_2023/local_setup.sh
-- Installing: /home/hiromasa/ros2_ws/install/robotvision_2023/share/robotvision_2023/local_setup.zsh
-- Installing: /home/hiromasa/ros2_ws/install/robotvision_2023/share/robotvision_2023/local_setup.dsv
-- Installing: /home/hiromasa/ros2_ws/install/robotvision_2023/share/robotvision_2023/package.dsv
-- Installing: /home/hiromasa/ros2_ws/install/robotvision_2023/share/ament_index/resource_index/packages/robotvision_2023
-- Installing: /home/hiromasa/ros2_ws/install/robotvision_2023/share/robotvision_2023/cmake/robotvision_2023Config.cmake
-- Installing: /home/hiromasa/ros2_ws/install/robotvision_2023/share/robotvision_2023/cmake/robotvision_2023Config-version.cmake
-- Installing: /home/hiromasa/ros2_ws/install/robotvision_2023/share/robotvision_2023/package.xml
