[0.119s] Invoking command in '/home/morita/ros2_ws/build/rasta': CMAKE_PREFIX_PATH=/opt/ros/humble /usr/bin/cmake --build /home/morita/ros2_ws/build/rasta -- -j8 -l8
[0.261s] [100%] Built target rasta
[0.275s] Invoked command in '/home/morita/ros2_ws/build/rasta' returned '0': CMAKE_PREFIX_PATH=/opt/ros/humble /usr/bin/cmake --build /home/morita/ros2_ws/build/rasta -- -j8 -l8
[0.310s] Invoking command in '/home/morita/ros2_ws/build/rasta': CMAKE_PREFIX_PATH=/opt/ros/humble /usr/bin/cmake --install /home/morita/ros2_ws/build/rasta
[0.320s] -- Install configuration: ""
[0.322s] -- Up-to-date: /home/morita/ros2_ws/install/rasta/lib/rasta/rasta
[0.324s] -- Up-to-date: /home/morita/ros2_ws/install/rasta/share/ament_index/resource_index/package_run_dependencies/rasta
[0.324s] -- Up-to-date: /home/morita/ros2_ws/install/rasta/share/ament_index/resource_index/parent_prefix_path/rasta
[0.324s] -- Up-to-date: /home/morita/ros2_ws/install/rasta/share/rasta/environment/ament_prefix_path.sh
[0.325s] -- Up-to-date: /home/morita/ros2_ws/install/rasta/share/rasta/environment/ament_prefix_path.dsv
[0.325s] -- Up-to-date: /home/morita/ros2_ws/install/rasta/share/rasta/environment/path.sh
[0.326s] -- Up-to-date: /home/morita/ros2_ws/install/rasta/share/rasta/environment/path.dsv
[0.326s] -- Up-to-date: /home/morita/ros2_ws/install/rasta/share/rasta/local_setup.bash
[0.326s] -- Up-to-date: /home/morita/ros2_ws/install/rasta/share/rasta/local_setup.sh
[0.326s] -- Up-to-date: /home/morita/ros2_ws/install/rasta/share/rasta/local_setup.zsh
[0.326s] -- Up-to-date: /home/morita/ros2_ws/install/rasta/share/rasta/local_setup.dsv
[0.326s] -- Installing: /home/morita/ros2_ws/install/rasta/share/rasta/package.dsv
[0.328s] -- Up-to-date: /home/morita/ros2_ws/install/rasta/share/ament_index/resource_index/packages/rasta
[0.328s] -- Up-to-date: /home/morita/ros2_ws/install/rasta/share/rasta/cmake/rastaConfig.cmake
[0.329s] -- Up-to-date: /home/morita/ros2_ws/install/rasta/share/rasta/cmake/rastaConfig-version.cmake
[0.329s] -- Up-to-date: /home/morita/ros2_ws/install/rasta/share/rasta/package.xml
[0.393s] Invoked command in '/home/morita/ros2_ws/build/rasta' returned '0': CMAKE_PREFIX_PATH=/opt/ros/humble /usr/bin/cmake --install /home/morita/ros2_ws/build/rasta
