[0.916s] DEBUG:colcon:Command line arguments: ['/usr/bin/colcon', 'build']
[0.916s] DEBUG:colcon:Parsed command line arguments: Namespace(log_base=None, log_level=None, verb_name='build', build_base='build', install_base='install', merge_install=False, symlink_install=False, test_result_base=None, continue_on_error=False, executor='parallel', parallel_workers=8, event_handlers=None, ignore_user_meta=False, metas=['./colcon.meta'], base_paths=['.'], packages_ignore=None, packages_ignore_regex=None, paths=None, packages_up_to=None, packages_up_to_regex=None, packages_above=None, packages_above_and_dependencies=None, packages_above_depth=None, packages_select_by_dep=None, packages_skip_by_dep=None, packages_skip_up_to=None, packages_select_build_failed=False, packages_skip_build_finished=False, packages_select_test_failures=False, packages_skip_test_passed=False, packages_select=None, packages_skip=None, packages_select_regex=None, packages_skip_regex=None, packages_start=None, packages_end=None, allow_overriding=[], cmake_args=None, cmake_target=None, cmake_target_skip_unavailable=False, cmake_clean_cache=False, cmake_clean_first=False, cmake_force_configure=False, ament_cmake_args=None, catkin_cmake_args=None, catkin_skip_building_tests=False, verb_parser=<colcon_defaults.argument_parser.defaults.DefaultArgumentsDecorator object at 0x7f22368f98d0>, verb_extension=<colcon_core.verb.build.BuildVerb object at 0x7f22368f8190>, main=<bound method BuildVerb.main of <colcon_core.verb.build.BuildVerb object at 0x7f22368f8190>>)
[0.957s] Level 1:colcon.colcon_core.package_discovery:discover_packages(colcon_meta) check parameters
[0.958s] Level 1:colcon.colcon_core.package_discovery:discover_packages(recursive) check parameters
[0.958s] Level 1:colcon.colcon_core.package_discovery:discover_packages(ignore) check parameters
[0.958s] Level 1:colcon.colcon_core.package_discovery:discover_packages(path) check parameters
[0.958s] Level 1:colcon.colcon_core.package_discovery:discover_packages(colcon_meta) discover
[0.958s] Level 1:colcon.colcon_core.package_discovery:discover_packages(recursive) discover
[0.958s] INFO:colcon.colcon_core.package_discovery:Crawling recursively for packages in '/home/morita/ros2_ws'
[0.958s] Level 1:colcon.colcon_core.package_identification:_identify(.) by extensions ['ignore', 'ignore_ament_install']
[0.958s] Level 1:colcon.colcon_core.package_identification:_identify(.) by extension 'ignore'
[0.958s] Level 1:colcon.colcon_core.package_identification:_identify(.) by extension 'ignore_ament_install'
[0.958s] Level 1:colcon.colcon_core.package_identification:_identify(.) by extensions ['colcon_pkg']
[0.958s] Level 1:colcon.colcon_core.package_identification:_identify(.) by extension 'colcon_pkg'
[0.958s] Level 1:colcon.colcon_core.package_identification:_identify(.) by extensions ['colcon_meta']
[0.958s] Level 1:colcon.colcon_core.package_identification:_identify(.) by extension 'colcon_meta'
[0.958s] Level 1:colcon.colcon_core.package_identification:_identify(.) by extensions ['ros']
[0.958s] Level 1:colcon.colcon_core.package_identification:_identify(.) by extension 'ros'
[0.967s] Level 1:colcon.colcon_core.package_identification:_identify(.) by extensions ['cmake', 'python']
[0.967s] Level 1:colcon.colcon_core.package_identification:_identify(.) by extension 'cmake'
[0.967s] Level 1:colcon.colcon_core.package_identification:_identify(.) by extension 'python'
[0.967s] Level 1:colcon.colcon_core.package_identification:_identify(.) by extensions ['python_setup_py']
[0.967s] Level 1:colcon.colcon_core.package_identification:_identify(.) by extension 'python_setup_py'
[0.967s] Level 1:colcon.colcon_core.package_identification:_identify(CSV) by extensions ['ignore', 'ignore_ament_install']
[0.967s] Level 1:colcon.colcon_core.package_identification:_identify(CSV) by extension 'ignore'
[0.967s] Level 1:colcon.colcon_core.package_identification:_identify(CSV) by extension 'ignore_ament_install'
[0.967s] Level 1:colcon.colcon_core.package_identification:_identify(CSV) by extensions ['colcon_pkg']
[0.967s] Level 1:colcon.colcon_core.package_identification:_identify(CSV) by extension 'colcon_pkg'
[0.967s] Level 1:colcon.colcon_core.package_identification:_identify(CSV) by extensions ['colcon_meta']
[0.967s] Level 1:colcon.colcon_core.package_identification:_identify(CSV) by extension 'colcon_meta'
[0.967s] Level 1:colcon.colcon_core.package_identification:_identify(CSV) by extensions ['ros']
[0.967s] Level 1:colcon.colcon_core.package_identification:_identify(CSV) by extension 'ros'
[0.967s] Level 1:colcon.colcon_core.package_identification:_identify(CSV) by extensions ['cmake', 'python']
[0.967s] Level 1:colcon.colcon_core.package_identification:_identify(CSV) by extension 'cmake'
[0.967s] Level 1:colcon.colcon_core.package_identification:_identify(CSV) by extension 'python'
[0.967s] Level 1:colcon.colcon_core.package_identification:_identify(CSV) by extensions ['python_setup_py']
[0.967s] Level 1:colcon.colcon_core.package_identification:_identify(CSV) by extension 'python_setup_py'
[0.967s] Level 1:colcon.colcon_core.package_identification:_identify(Memo) by extensions ['ignore', 'ignore_ament_install']
[0.968s] Level 1:colcon.colcon_core.package_identification:_identify(Memo) by extension 'ignore'
[0.968s] Level 1:colcon.colcon_core.package_identification:_identify(Memo) by extension 'ignore_ament_install'
[0.968s] Level 1:colcon.colcon_core.package_identification:_identify(Memo) by extensions ['colcon_pkg']
[0.968s] Level 1:colcon.colcon_core.package_identification:_identify(Memo) by extension 'colcon_pkg'
[0.968s] Level 1:colcon.colcon_core.package_identification:_identify(Memo) by extensions ['colcon_meta']
[0.968s] Level 1:colcon.colcon_core.package_identification:_identify(Memo) by extension 'colcon_meta'
[0.968s] Level 1:colcon.colcon_core.package_identification:_identify(Memo) by extensions ['ros']
[0.968s] Level 1:colcon.colcon_core.package_identification:_identify(Memo) by extension 'ros'
[0.968s] Level 1:colcon.colcon_core.package_identification:_identify(Memo) by extensions ['cmake', 'python']
[0.968s] Level 1:colcon.colcon_core.package_identification:_identify(Memo) by extension 'cmake'
[0.968s] Level 1:colcon.colcon_core.package_identification:_identify(Memo) by extension 'python'
[0.968s] Level 1:colcon.colcon_core.package_identification:_identify(Memo) by extensions ['python_setup_py']
[0.968s] Level 1:colcon.colcon_core.package_identification:_identify(Memo) by extension 'python_setup_py'
[0.968s] Level 1:colcon.colcon_core.package_identification:_identify(Memo/reference) by extensions ['ignore', 'ignore_ament_install']
[0.968s] Level 1:colcon.colcon_core.package_identification:_identify(Memo/reference) by extension 'ignore'
[0.968s] Level 1:colcon.colcon_core.package_identification:_identify(Memo/reference) by extension 'ignore_ament_install'
[0.968s] Level 1:colcon.colcon_core.package_identification:_identify(Memo/reference) by extensions ['colcon_pkg']
[0.968s] Level 1:colcon.colcon_core.package_identification:_identify(Memo/reference) by extension 'colcon_pkg'
[0.968s] Level 1:colcon.colcon_core.package_identification:_identify(Memo/reference) by extensions ['colcon_meta']
[0.968s] Level 1:colcon.colcon_core.package_identification:_identify(Memo/reference) by extension 'colcon_meta'
[0.968s] Level 1:colcon.colcon_core.package_identification:_identify(Memo/reference) by extensions ['ros']
[0.968s] Level 1:colcon.colcon_core.package_identification:_identify(Memo/reference) by extension 'ros'
[0.968s] Level 1:colcon.colcon_core.package_identification:_identify(Memo/reference) by extensions ['cmake', 'python']
[0.968s] Level 1:colcon.colcon_core.package_identification:_identify(Memo/reference) by extension 'cmake'
[0.968s] Level 1:colcon.colcon_core.package_identification:_identify(Memo/reference) by extension 'python'
[0.968s] Level 1:colcon.colcon_core.package_identification:_identify(Memo/reference) by extensions ['python_setup_py']
[0.969s] Level 1:colcon.colcon_core.package_identification:_identify(Memo/reference) by extension 'python_setup_py'
[0.969s] Level 1:colcon.colcon_core.package_identification:_identify(Memo/setup) by extensions ['ignore', 'ignore_ament_install']
[0.969s] Level 1:colcon.colcon_core.package_identification:_identify(Memo/setup) by extension 'ignore'
[0.969s] Level 1:colcon.colcon_core.package_identification:_identify(Memo/setup) by extension 'ignore_ament_install'
[0.969s] Level 1:colcon.colcon_core.package_identification:_identify(Memo/setup) by extensions ['colcon_pkg']
[0.969s] Level 1:colcon.colcon_core.package_identification:_identify(Memo/setup) by extension 'colcon_pkg'
[0.969s] Level 1:colcon.colcon_core.package_identification:_identify(Memo/setup) by extensions ['colcon_meta']
[0.969s] Level 1:colcon.colcon_core.package_identification:_identify(Memo/setup) by extension 'colcon_meta'
[0.969s] Level 1:colcon.colcon_core.package_identification:_identify(Memo/setup) by extensions ['ros']
[0.969s] Level 1:colcon.colcon_core.package_identification:_identify(Memo/setup) by extension 'ros'
[0.969s] Level 1:colcon.colcon_core.package_identification:_identify(Memo/setup) by extensions ['cmake', 'python']
[0.969s] Level 1:colcon.colcon_core.package_identification:_identify(Memo/setup) by extension 'cmake'
[0.969s] Level 1:colcon.colcon_core.package_identification:_identify(Memo/setup) by extension 'python'
[0.969s] Level 1:colcon.colcon_core.package_identification:_identify(Memo/setup) by extensions ['python_setup_py']
[0.969s] Level 1:colcon.colcon_core.package_identification:_identify(Memo/setup) by extension 'python_setup_py'
[0.969s] Level 1:colcon.colcon_core.package_identification:_identify(Memo/tex) by extensions ['ignore', 'ignore_ament_install']
[0.969s] Level 1:colcon.colcon_core.package_identification:_identify(Memo/tex) by extension 'ignore'
[0.969s] Level 1:colcon.colcon_core.package_identification:_identify(Memo/tex) by extension 'ignore_ament_install'
[0.969s] Level 1:colcon.colcon_core.package_identification:_identify(Memo/tex) by extensions ['colcon_pkg']
[0.969s] Level 1:colcon.colcon_core.package_identification:_identify(Memo/tex) by extension 'colcon_pkg'
[0.969s] Level 1:colcon.colcon_core.package_identification:_identify(Memo/tex) by extensions ['colcon_meta']
[0.969s] Level 1:colcon.colcon_core.package_identification:_identify(Memo/tex) by extension 'colcon_meta'
[0.969s] Level 1:colcon.colcon_core.package_identification:_identify(Memo/tex) by extensions ['ros']
[0.969s] Level 1:colcon.colcon_core.package_identification:_identify(Memo/tex) by extension 'ros'
[0.970s] Level 1:colcon.colcon_core.package_identification:_identify(Memo/tex) by extensions ['cmake', 'python']
[0.970s] Level 1:colcon.colcon_core.package_identification:_identify(Memo/tex) by extension 'cmake'
[0.970s] Level 1:colcon.colcon_core.package_identification:_identify(Memo/tex) by extension 'python'
[0.970s] Level 1:colcon.colcon_core.package_identification:_identify(Memo/tex) by extensions ['python_setup_py']
[0.970s] Level 1:colcon.colcon_core.package_identification:_identify(Memo/tex) by extension 'python_setup_py'
[0.970s] Level 1:colcon.colcon_core.package_identification:_identify(Memo/tex/B4_morita) by extensions ['ignore', 'ignore_ament_install']
[0.970s] Level 1:colcon.colcon_core.package_identification:_identify(Memo/tex/B4_morita) by extension 'ignore'
[0.970s] Level 1:colcon.colcon_core.package_identification:_identify(Memo/tex/B4_morita) by extension 'ignore_ament_install'
[0.970s] Level 1:colcon.colcon_core.package_identification:_identify(Memo/tex/B4_morita) by extensions ['colcon_pkg']
[0.970s] Level 1:colcon.colcon_core.package_identification:_identify(Memo/tex/B4_morita) by extension 'colcon_pkg'
[0.970s] Level 1:colcon.colcon_core.package_identification:_identify(Memo/tex/B4_morita) by extensions ['colcon_meta']
[0.970s] Level 1:colcon.colcon_core.package_identification:_identify(Memo/tex/B4_morita) by extension 'colcon_meta'
[0.970s] Level 1:colcon.colcon_core.package_identification:_identify(Memo/tex/B4_morita) by extensions ['ros']
[0.970s] Level 1:colcon.colcon_core.package_identification:_identify(Memo/tex/B4_morita) by extension 'ros'
[0.970s] Level 1:colcon.colcon_core.package_identification:_identify(Memo/tex/B4_morita) by extensions ['cmake', 'python']
[0.970s] Level 1:colcon.colcon_core.package_identification:_identify(Memo/tex/B4_morita) by extension 'cmake'
[0.970s] Level 1:colcon.colcon_core.package_identification:_identify(Memo/tex/B4_morita) by extension 'python'
[0.970s] Level 1:colcon.colcon_core.package_identification:_identify(Memo/tex/B4_morita) by extensions ['python_setup_py']
[0.970s] Level 1:colcon.colcon_core.package_identification:_identify(Memo/tex/B4_morita) by extension 'python_setup_py'
[0.970s] Level 1:colcon.colcon_core.package_identification:_identify(Memo/tex/B4_morita/figures) by extensions ['ignore', 'ignore_ament_install']
[0.970s] Level 1:colcon.colcon_core.package_identification:_identify(Memo/tex/B4_morita/figures) by extension 'ignore'
[0.970s] Level 1:colcon.colcon_core.package_identification:_identify(Memo/tex/B4_morita/figures) by extension 'ignore_ament_install'
[0.970s] Level 1:colcon.colcon_core.package_identification:_identify(Memo/tex/B4_morita/figures) by extensions ['colcon_pkg']
[0.970s] Level 1:colcon.colcon_core.package_identification:_identify(Memo/tex/B4_morita/figures) by extension 'colcon_pkg'
[0.971s] Level 1:colcon.colcon_core.package_identification:_identify(Memo/tex/B4_morita/figures) by extensions ['colcon_meta']
[0.971s] Level 1:colcon.colcon_core.package_identification:_identify(Memo/tex/B4_morita/figures) by extension 'colcon_meta'
[0.971s] Level 1:colcon.colcon_core.package_identification:_identify(Memo/tex/B4_morita/figures) by extensions ['ros']
[0.971s] Level 1:colcon.colcon_core.package_identification:_identify(Memo/tex/B4_morita/figures) by extension 'ros'
[0.971s] Level 1:colcon.colcon_core.package_identification:_identify(Memo/tex/B4_morita/figures) by extensions ['cmake', 'python']
[0.971s] Level 1:colcon.colcon_core.package_identification:_identify(Memo/tex/B4_morita/figures) by extension 'cmake'
[0.971s] Level 1:colcon.colcon_core.package_identification:_identify(Memo/tex/B4_morita/figures) by extension 'python'
[0.971s] Level 1:colcon.colcon_core.package_identification:_identify(Memo/tex/B4_morita/figures) by extensions ['python_setup_py']
[0.971s] Level 1:colcon.colcon_core.package_identification:_identify(Memo/tex/B4_morita/figures) by extension 'python_setup_py'
[0.971s] Level 1:colcon.colcon_core.package_identification:_identify(Memo/tex/B4_morita/img) by extensions ['ignore', 'ignore_ament_install']
[0.971s] Level 1:colcon.colcon_core.package_identification:_identify(Memo/tex/B4_morita/img) by extension 'ignore'
[0.971s] Level 1:colcon.colcon_core.package_identification:_identify(Memo/tex/B4_morita/img) by extension 'ignore_ament_install'
[0.971s] Level 1:colcon.colcon_core.package_identification:_identify(Memo/tex/B4_morita/img) by extensions ['colcon_pkg']
[0.971s] Level 1:colcon.colcon_core.package_identification:_identify(Memo/tex/B4_morita/img) by extension 'colcon_pkg'
[0.971s] Level 1:colcon.colcon_core.package_identification:_identify(Memo/tex/B4_morita/img) by extensions ['colcon_meta']
[0.971s] Level 1:colcon.colcon_core.package_identification:_identify(Memo/tex/B4_morita/img) by extension 'colcon_meta'
[0.971s] Level 1:colcon.colcon_core.package_identification:_identify(Memo/tex/B4_morita/img) by extensions ['ros']
[0.971s] Level 1:colcon.colcon_core.package_identification:_identify(Memo/tex/B4_morita/img) by extension 'ros'
[0.971s] Level 1:colcon.colcon_core.package_identification:_identify(Memo/tex/B4_morita/img) by extensions ['cmake', 'python']
[0.971s] Level 1:colcon.colcon_core.package_identification:_identify(Memo/tex/B4_morita/img) by extension 'cmake'
[0.971s] Level 1:colcon.colcon_core.package_identification:_identify(Memo/tex/B4_morita/img) by extension 'python'
[0.971s] Level 1:colcon.colcon_core.package_identification:_identify(Memo/tex/B4_morita/img) by extensions ['python_setup_py']
[0.971s] Level 1:colcon.colcon_core.package_identification:_identify(Memo/tex/B4_morita/img) by extension 'python_setup_py'
[0.971s] Level 1:colcon.colcon_core.package_identification:_identify(Memo/tex/adrobo_abst) by extensions ['ignore', 'ignore_ament_install']
[0.972s] Level 1:colcon.colcon_core.package_identification:_identify(Memo/tex/adrobo_abst) by extension 'ignore'
[0.972s] Level 1:colcon.colcon_core.package_identification:_identify(Memo/tex/adrobo_abst) by extension 'ignore_ament_install'
[0.972s] Level 1:colcon.colcon_core.package_identification:_identify(Memo/tex/adrobo_abst) by extensions ['colcon_pkg']
[0.972s] Level 1:colcon.colcon_core.package_identification:_identify(Memo/tex/adrobo_abst) by extension 'colcon_pkg'
[0.972s] Level 1:colcon.colcon_core.package_identification:_identify(Memo/tex/adrobo_abst) by extensions ['colcon_meta']
[0.972s] Level 1:colcon.colcon_core.package_identification:_identify(Memo/tex/adrobo_abst) by extension 'colcon_meta'
[0.972s] Level 1:colcon.colcon_core.package_identification:_identify(Memo/tex/adrobo_abst) by extensions ['ros']
[0.972s] Level 1:colcon.colcon_core.package_identification:_identify(Memo/tex/adrobo_abst) by extension 'ros'
[0.972s] Level 1:colcon.colcon_core.package_identification:_identify(Memo/tex/adrobo_abst) by extensions ['cmake', 'python']
[0.972s] Level 1:colcon.colcon_core.package_identification:_identify(Memo/tex/adrobo_abst) by extension 'cmake'
[0.972s] Level 1:colcon.colcon_core.package_identification:_identify(Memo/tex/adrobo_abst) by extension 'python'
[0.972s] Level 1:colcon.colcon_core.package_identification:_identify(Memo/tex/adrobo_abst) by extensions ['python_setup_py']
[0.972s] Level 1:colcon.colcon_core.package_identification:_identify(Memo/tex/adrobo_abst) by extension 'python_setup_py'
[0.972s] Level 1:colcon.colcon_core.package_identification:_identify(Memo/tex/adrobo_abst/fig) by extensions ['ignore', 'ignore_ament_install']
[0.972s] Level 1:colcon.colcon_core.package_identification:_identify(Memo/tex/adrobo_abst/fig) by extension 'ignore'
[0.972s] Level 1:colcon.colcon_core.package_identification:_identify(Memo/tex/adrobo_abst/fig) by extension 'ignore_ament_install'
[0.972s] Level 1:colcon.colcon_core.package_identification:_identify(Memo/tex/adrobo_abst/fig) by extensions ['colcon_pkg']
[0.972s] Level 1:colcon.colcon_core.package_identification:_identify(Memo/tex/adrobo_abst/fig) by extension 'colcon_pkg'
[0.972s] Level 1:colcon.colcon_core.package_identification:_identify(Memo/tex/adrobo_abst/fig) by extensions ['colcon_meta']
[0.972s] Level 1:colcon.colcon_core.package_identification:_identify(Memo/tex/adrobo_abst/fig) by extension 'colcon_meta'
[0.972s] Level 1:colcon.colcon_core.package_identification:_identify(Memo/tex/adrobo_abst/fig) by extensions ['ros']
[0.972s] Level 1:colcon.colcon_core.package_identification:_identify(Memo/tex/adrobo_abst/fig) by extension 'ros'
[0.972s] Level 1:colcon.colcon_core.package_identification:_identify(Memo/tex/adrobo_abst/fig) by extensions ['cmake', 'python']
[0.972s] Level 1:colcon.colcon_core.package_identification:_identify(Memo/tex/adrobo_abst/fig) by extension 'cmake'
[0.973s] Level 1:colcon.colcon_core.package_identification:_identify(Memo/tex/adrobo_abst/fig) by extension 'python'
[0.973s] Level 1:colcon.colcon_core.package_identification:_identify(Memo/tex/adrobo_abst/fig) by extensions ['python_setup_py']
[0.973s] Level 1:colcon.colcon_core.package_identification:_identify(Memo/tex/adrobo_abst/fig) by extension 'python_setup_py'
[0.973s] Level 1:colcon.colcon_core.package_identification:_identify(Memo/tex/adrobo_abst/img) by extensions ['ignore', 'ignore_ament_install']
[0.973s] Level 1:colcon.colcon_core.package_identification:_identify(Memo/tex/adrobo_abst/img) by extension 'ignore'
[0.973s] Level 1:colcon.colcon_core.package_identification:_identify(Memo/tex/adrobo_abst/img) by extension 'ignore_ament_install'
[0.973s] Level 1:colcon.colcon_core.package_identification:_identify(Memo/tex/adrobo_abst/img) by extensions ['colcon_pkg']
[0.973s] Level 1:colcon.colcon_core.package_identification:_identify(Memo/tex/adrobo_abst/img) by extension 'colcon_pkg'
[0.973s] Level 1:colcon.colcon_core.package_identification:_identify(Memo/tex/adrobo_abst/img) by extensions ['colcon_meta']
[0.973s] Level 1:colcon.colcon_core.package_identification:_identify(Memo/tex/adrobo_abst/img) by extension 'colcon_meta'
[0.973s] Level 1:colcon.colcon_core.package_identification:_identify(Memo/tex/adrobo_abst/img) by extensions ['ros']
[0.973s] Level 1:colcon.colcon_core.package_identification:_identify(Memo/tex/adrobo_abst/img) by extension 'ros'
[0.973s] Level 1:colcon.colcon_core.package_identification:_identify(Memo/tex/adrobo_abst/img) by extensions ['cmake', 'python']
[0.973s] Level 1:colcon.colcon_core.package_identification:_identify(Memo/tex/adrobo_abst/img) by extension 'cmake'
[0.973s] Level 1:colcon.colcon_core.package_identification:_identify(Memo/tex/adrobo_abst/img) by extension 'python'
[0.973s] Level 1:colcon.colcon_core.package_identification:_identify(Memo/tex/adrobo_abst/img) by extensions ['python_setup_py']
[0.973s] Level 1:colcon.colcon_core.package_identification:_identify(Memo/tex/adrobo_abst/img) by extension 'python_setup_py'
[0.973s] Level 1:colcon.colcon_core.package_identification:_identify(Memo/tex/adrobo_abst/sty) by extensions ['ignore', 'ignore_ament_install']
[0.973s] Level 1:colcon.colcon_core.package_identification:_identify(Memo/tex/adrobo_abst/sty) by extension 'ignore'
[0.973s] Level 1:colcon.colcon_core.package_identification:_identify(Memo/tex/adrobo_abst/sty) by extension 'ignore_ament_install'
[0.973s] Level 1:colcon.colcon_core.package_identification:_identify(Memo/tex/adrobo_abst/sty) by extensions ['colcon_pkg']
[0.973s] Level 1:colcon.colcon_core.package_identification:_identify(Memo/tex/adrobo_abst/sty) by extension 'colcon_pkg'
[0.973s] Level 1:colcon.colcon_core.package_identification:_identify(Memo/tex/adrobo_abst/sty) by extensions ['colcon_meta']
[0.973s] Level 1:colcon.colcon_core.package_identification:_identify(Memo/tex/adrobo_abst/sty) by extension 'colcon_meta'
[0.974s] Level 1:colcon.colcon_core.package_identification:_identify(Memo/tex/adrobo_abst/sty) by extensions ['ros']
[0.974s] Level 1:colcon.colcon_core.package_identification:_identify(Memo/tex/adrobo_abst/sty) by extension 'ros'
[0.974s] Level 1:colcon.colcon_core.package_identification:_identify(Memo/tex/adrobo_abst/sty) by extensions ['cmake', 'python']
[0.974s] Level 1:colcon.colcon_core.package_identification:_identify(Memo/tex/adrobo_abst/sty) by extension 'cmake'
[0.974s] Level 1:colcon.colcon_core.package_identification:_identify(Memo/tex/adrobo_abst/sty) by extension 'python'
[0.974s] Level 1:colcon.colcon_core.package_identification:_identify(Memo/tex/adrobo_abst/sty) by extensions ['python_setup_py']
[0.974s] Level 1:colcon.colcon_core.package_identification:_identify(Memo/tex/adrobo_abst/sty) by extension 'python_setup_py'
[0.974s] Level 1:colcon.colcon_core.package_identification:_identify(Memo/tex/adrobo_abst/word) by extensions ['ignore', 'ignore_ament_install']
[0.974s] Level 1:colcon.colcon_core.package_identification:_identify(Memo/tex/adrobo_abst/word) by extension 'ignore'
[0.974s] Level 1:colcon.colcon_core.package_identification:_identify(Memo/tex/adrobo_abst/word) by extension 'ignore_ament_install'
[0.974s] Level 1:colcon.colcon_core.package_identification:_identify(Memo/tex/adrobo_abst/word) by extensions ['colcon_pkg']
[0.974s] Level 1:colcon.colcon_core.package_identification:_identify(Memo/tex/adrobo_abst/word) by extension 'colcon_pkg'
[0.974s] Level 1:colcon.colcon_core.package_identification:_identify(Memo/tex/adrobo_abst/word) by extensions ['colcon_meta']
[0.974s] Level 1:colcon.colcon_core.package_identification:_identify(Memo/tex/adrobo_abst/word) by extension 'colcon_meta'
[0.974s] Level 1:colcon.colcon_core.package_identification:_identify(Memo/tex/adrobo_abst/word) by extensions ['ros']
[0.974s] Level 1:colcon.colcon_core.package_identification:_identify(Memo/tex/adrobo_abst/word) by extension 'ros'
[0.974s] Level 1:colcon.colcon_core.package_identification:_identify(Memo/tex/adrobo_abst/word) by extensions ['cmake', 'python']
[0.974s] Level 1:colcon.colcon_core.package_identification:_identify(Memo/tex/adrobo_abst/word) by extension 'cmake'
[0.974s] Level 1:colcon.colcon_core.package_identification:_identify(Memo/tex/adrobo_abst/word) by extension 'python'
[0.974s] Level 1:colcon.colcon_core.package_identification:_identify(Memo/tex/adrobo_abst/word) by extensions ['python_setup_py']
[0.974s] Level 1:colcon.colcon_core.package_identification:_identify(Memo/tex/adrobo_abst/word) by extension 'python_setup_py'
[0.974s] Level 1:colcon.colcon_core.package_identification:_identify(Memo/tex/img) by extensions ['ignore', 'ignore_ament_install']
[0.974s] Level 1:colcon.colcon_core.package_identification:_identify(Memo/tex/img) by extension 'ignore'
[0.974s] Level 1:colcon.colcon_core.package_identification:_identify(Memo/tex/img) by extension 'ignore_ament_install'
[0.975s] Level 1:colcon.colcon_core.package_identification:_identify(Memo/tex/img) by extensions ['colcon_pkg']
[0.975s] Level 1:colcon.colcon_core.package_identification:_identify(Memo/tex/img) by extension 'colcon_pkg'
[0.975s] Level 1:colcon.colcon_core.package_identification:_identify(Memo/tex/img) by extensions ['colcon_meta']
[0.975s] Level 1:colcon.colcon_core.package_identification:_identify(Memo/tex/img) by extension 'colcon_meta'
[0.975s] Level 1:colcon.colcon_core.package_identification:_identify(Memo/tex/img) by extensions ['ros']
[0.975s] Level 1:colcon.colcon_core.package_identification:_identify(Memo/tex/img) by extension 'ros'
[0.975s] Level 1:colcon.colcon_core.package_identification:_identify(Memo/tex/img) by extensions ['cmake', 'python']
[0.975s] Level 1:colcon.colcon_core.package_identification:_identify(Memo/tex/img) by extension 'cmake'
[0.975s] Level 1:colcon.colcon_core.package_identification:_identify(Memo/tex/img) by extension 'python'
[0.975s] Level 1:colcon.colcon_core.package_identification:_identify(Memo/tex/img) by extensions ['python_setup_py']
[0.975s] Level 1:colcon.colcon_core.package_identification:_identify(Memo/tex/img) by extension 'python_setup_py'
[0.975s] Level 1:colcon.colcon_core.package_identification:_identify(build) by extensions ['ignore', 'ignore_ament_install']
[0.975s] Level 1:colcon.colcon_core.package_identification:_identify(build) by extension 'ignore'
[0.975s] Level 1:colcon.colcon_core.package_identification:_identify(build) ignored
[0.975s] Level 1:colcon.colcon_core.package_identification:_identify(image) by extensions ['ignore', 'ignore_ament_install']
[0.975s] Level 1:colcon.colcon_core.package_identification:_identify(image) by extension 'ignore'
[0.975s] Level 1:colcon.colcon_core.package_identification:_identify(image) by extension 'ignore_ament_install'
[0.975s] Level 1:colcon.colcon_core.package_identification:_identify(image) by extensions ['colcon_pkg']
[0.975s] Level 1:colcon.colcon_core.package_identification:_identify(image) by extension 'colcon_pkg'
[0.975s] Level 1:colcon.colcon_core.package_identification:_identify(image) by extensions ['colcon_meta']
[0.975s] Level 1:colcon.colcon_core.package_identification:_identify(image) by extension 'colcon_meta'
[0.975s] Level 1:colcon.colcon_core.package_identification:_identify(image) by extensions ['ros']
[0.975s] Level 1:colcon.colcon_core.package_identification:_identify(image) by extension 'ros'
[0.975s] Level 1:colcon.colcon_core.package_identification:_identify(image) by extensions ['cmake', 'python']
[0.976s] Level 1:colcon.colcon_core.package_identification:_identify(image) by extension 'cmake'
[0.976s] Level 1:colcon.colcon_core.package_identification:_identify(image) by extension 'python'
[0.976s] Level 1:colcon.colcon_core.package_identification:_identify(image) by extensions ['python_setup_py']
[0.976s] Level 1:colcon.colcon_core.package_identification:_identify(image) by extension 'python_setup_py'
[0.976s] Level 1:colcon.colcon_core.package_identification:_identify(image/build) by extensions ['ignore', 'ignore_ament_install']
[0.976s] Level 1:colcon.colcon_core.package_identification:_identify(image/build) by extension 'ignore'
[0.976s] Level 1:colcon.colcon_core.package_identification:_identify(image/build) ignored
[0.976s] Level 1:colcon.colcon_core.package_identification:_identify(image/install) by extensions ['ignore', 'ignore_ament_install']
[0.976s] Level 1:colcon.colcon_core.package_identification:_identify(image/install) by extension 'ignore'
[0.976s] Level 1:colcon.colcon_core.package_identification:_identify(image/install) ignored
[0.976s] Level 1:colcon.colcon_core.package_identification:_identify(image/log) by extensions ['ignore', 'ignore_ament_install']
[0.976s] Level 1:colcon.colcon_core.package_identification:_identify(image/log) by extension 'ignore'
[0.976s] Level 1:colcon.colcon_core.package_identification:_identify(image/log) ignored
[0.976s] Level 1:colcon.colcon_core.package_identification:_identify(image/output) by extensions ['ignore', 'ignore_ament_install']
[0.976s] Level 1:colcon.colcon_core.package_identification:_identify(image/output) by extension 'ignore'
[0.976s] Level 1:colcon.colcon_core.package_identification:_identify(image/output) by extension 'ignore_ament_install'
[0.976s] Level 1:colcon.colcon_core.package_identification:_identify(image/output) by extensions ['colcon_pkg']
[0.976s] Level 1:colcon.colcon_core.package_identification:_identify(image/output) by extension 'colcon_pkg'
[0.976s] Level 1:colcon.colcon_core.package_identification:_identify(image/output) by extensions ['colcon_meta']
[0.977s] Level 1:colcon.colcon_core.package_identification:_identify(image/output) by extension 'colcon_meta'
[0.977s] Level 1:colcon.colcon_core.package_identification:_identify(image/output) by extensions ['ros']
[0.977s] Level 1:colcon.colcon_core.package_identification:_identify(image/output) by extension 'ros'
[0.977s] Level 1:colcon.colcon_core.package_identification:_identify(image/output) by extensions ['cmake', 'python']
[0.977s] Level 1:colcon.colcon_core.package_identification:_identify(image/output) by extension 'cmake'
[0.977s] Level 1:colcon.colcon_core.package_identification:_identify(image/output) by extension 'python'
[0.977s] Level 1:colcon.colcon_core.package_identification:_identify(image/output) by extensions ['python_setup_py']
[0.977s] Level 1:colcon.colcon_core.package_identification:_identify(image/output) by extension 'python_setup_py'
[0.977s] Level 1:colcon.colcon_core.package_identification:_identify(image/output/mypkg) by extensions ['ignore', 'ignore_ament_install']
[0.977s] Level 1:colcon.colcon_core.package_identification:_identify(image/output/mypkg) by extension 'ignore'
[0.977s] Level 1:colcon.colcon_core.package_identification:_identify(image/output/mypkg) by extension 'ignore_ament_install'
[0.977s] Level 1:colcon.colcon_core.package_identification:_identify(image/output/mypkg) by extensions ['colcon_pkg']
[0.977s] Level 1:colcon.colcon_core.package_identification:_identify(image/output/mypkg) by extension 'colcon_pkg'
[0.977s] Level 1:colcon.colcon_core.package_identification:_identify(image/output/mypkg) by extensions ['colcon_meta']
[0.977s] Level 1:colcon.colcon_core.package_identification:_identify(image/output/mypkg) by extension 'colcon_meta'
[0.977s] Level 1:colcon.colcon_core.package_identification:_identify(image/output/mypkg) by extensions ['ros']
[0.977s] Level 1:colcon.colcon_core.package_identification:_identify(image/output/mypkg) by extension 'ros'
[0.977s] Level 1:colcon.colcon_core.package_identification:_identify(image/output/mypkg) by extensions ['cmake', 'python']
[0.977s] Level 1:colcon.colcon_core.package_identification:_identify(image/output/mypkg) by extension 'cmake'
[0.977s] Level 1:colcon.colcon_core.package_identification:_identify(image/output/mypkg) by extension 'python'
[0.977s] Level 1:colcon.colcon_core.package_identification:_identify(image/output/mypkg) by extensions ['python_setup_py']
[0.977s] Level 1:colcon.colcon_core.package_identification:_identify(image/output/mypkg) by extension 'python_setup_py'
[0.977s] Level 1:colcon.colcon_core.package_identification:_identify(image/output/simple_drawing) by extensions ['ignore', 'ignore_ament_install']
[0.978s] Level 1:colcon.colcon_core.package_identification:_identify(image/output/simple_drawing) by extension 'ignore'
[0.978s] Level 1:colcon.colcon_core.package_identification:_identify(image/output/simple_drawing) by extension 'ignore_ament_install'
[0.978s] Level 1:colcon.colcon_core.package_identification:_identify(image/output/simple_drawing) by extensions ['colcon_pkg']
[0.978s] Level 1:colcon.colcon_core.package_identification:_identify(image/output/simple_drawing) by extension 'colcon_pkg'
[0.978s] Level 1:colcon.colcon_core.package_identification:_identify(image/output/simple_drawing) by extensions ['colcon_meta']
[0.978s] Level 1:colcon.colcon_core.package_identification:_identify(image/output/simple_drawing) by extension 'colcon_meta'
[0.978s] Level 1:colcon.colcon_core.package_identification:_identify(image/output/simple_drawing) by extensions ['ros']
[0.978s] Level 1:colcon.colcon_core.package_identification:_identify(image/output/simple_drawing) by extension 'ros'
[0.978s] Level 1:colcon.colcon_core.package_identification:_identify(image/output/simple_drawing) by extensions ['cmake', 'python']
[0.978s] Level 1:colcon.colcon_core.package_identification:_identify(image/output/simple_drawing) by extension 'cmake'
[0.978s] Level 1:colcon.colcon_core.package_identification:_identify(image/output/simple_drawing) by extension 'python'
[0.978s] Level 1:colcon.colcon_core.package_identification:_identify(image/output/simple_drawing) by extensions ['python_setup_py']
[0.978s] Level 1:colcon.colcon_core.package_identification:_identify(image/output/simple_drawing) by extension 'python_setup_py'
[0.978s] Level 1:colcon.colcon_core.package_identification:_identify(install) by extensions ['ignore', 'ignore_ament_install']
[0.978s] Level 1:colcon.colcon_core.package_identification:_identify(install) by extension 'ignore'
[0.978s] Level 1:colcon.colcon_core.package_identification:_identify(install) ignored
[0.978s] Level 1:colcon.colcon_core.package_identification:_identify(log) by extensions ['ignore', 'ignore_ament_install']
[0.978s] Level 1:colcon.colcon_core.package_identification:_identify(log) by extension 'ignore'
[0.978s] Level 1:colcon.colcon_core.package_identification:_identify(log) ignored
[0.978s] Level 1:colcon.colcon_core.package_identification:_identify(output) by extensions ['ignore', 'ignore_ament_install']
[0.978s] Level 1:colcon.colcon_core.package_identification:_identify(output) by extension 'ignore'
[0.979s] Level 1:colcon.colcon_core.package_identification:_identify(output) by extension 'ignore_ament_install'
[0.979s] Level 1:colcon.colcon_core.package_identification:_identify(output) by extensions ['colcon_pkg']
[0.979s] Level 1:colcon.colcon_core.package_identification:_identify(output) by extension 'colcon_pkg'
[0.979s] Level 1:colcon.colcon_core.package_identification:_identify(output) by extensions ['colcon_meta']
[0.979s] Level 1:colcon.colcon_core.package_identification:_identify(output) by extension 'colcon_meta'
[0.979s] Level 1:colcon.colcon_core.package_identification:_identify(output) by extensions ['ros']
[0.979s] Level 1:colcon.colcon_core.package_identification:_identify(output) by extension 'ros'
[0.979s] Level 1:colcon.colcon_core.package_identification:_identify(output) by extensions ['cmake', 'python']
[0.979s] Level 1:colcon.colcon_core.package_identification:_identify(output) by extension 'cmake'
[0.979s] Level 1:colcon.colcon_core.package_identification:_identify(output) by extension 'python'
[0.979s] Level 1:colcon.colcon_core.package_identification:_identify(output) by extensions ['python_setup_py']
[0.979s] Level 1:colcon.colcon_core.package_identification:_identify(output) by extension 'python_setup_py'
[0.979s] Level 1:colcon.colcon_core.package_identification:_identify(output/route) by extensions ['ignore', 'ignore_ament_install']
[0.979s] Level 1:colcon.colcon_core.package_identification:_identify(output/route) by extension 'ignore'
[0.979s] Level 1:colcon.colcon_core.package_identification:_identify(output/route) by extension 'ignore_ament_install'
[0.979s] Level 1:colcon.colcon_core.package_identification:_identify(output/route) by extensions ['colcon_pkg']
[0.979s] Level 1:colcon.colcon_core.package_identification:_identify(output/route) by extension 'colcon_pkg'
[0.979s] Level 1:colcon.colcon_core.package_identification:_identify(output/route) by extensions ['colcon_meta']
[0.979s] Level 1:colcon.colcon_core.package_identification:_identify(output/route) by extension 'colcon_meta'
[0.979s] Level 1:colcon.colcon_core.package_identification:_identify(output/route) by extensions ['ros']
[0.979s] Level 1:colcon.colcon_core.package_identification:_identify(output/route) by extension 'ros'
[0.979s] Level 1:colcon.colcon_core.package_identification:_identify(output/route) by extensions ['cmake', 'python']
[0.979s] Level 1:colcon.colcon_core.package_identification:_identify(output/route) by extension 'cmake'
[0.979s] Level 1:colcon.colcon_core.package_identification:_identify(output/route) by extension 'python'
[0.979s] Level 1:colcon.colcon_core.package_identification:_identify(output/route) by extensions ['python_setup_py']
[0.979s] Level 1:colcon.colcon_core.package_identification:_identify(output/route) by extension 'python_setup_py'
[0.980s] Level 1:colcon.colcon_core.package_identification:_identify(scripts) by extensions ['ignore', 'ignore_ament_install']
[0.980s] Level 1:colcon.colcon_core.package_identification:_identify(scripts) by extension 'ignore'
[0.980s] Level 1:colcon.colcon_core.package_identification:_identify(scripts) by extension 'ignore_ament_install'
[0.980s] Level 1:colcon.colcon_core.package_identification:_identify(scripts) by extensions ['colcon_pkg']
[0.980s] Level 1:colcon.colcon_core.package_identification:_identify(scripts) by extension 'colcon_pkg'
[0.980s] Level 1:colcon.colcon_core.package_identification:_identify(scripts) by extensions ['colcon_meta']
[0.980s] Level 1:colcon.colcon_core.package_identification:_identify(scripts) by extension 'colcon_meta'
[0.980s] Level 1:colcon.colcon_core.package_identification:_identify(scripts) by extensions ['ros']
[0.980s] Level 1:colcon.colcon_core.package_identification:_identify(scripts) by extension 'ros'
[0.980s] Level 1:colcon.colcon_core.package_identification:_identify(scripts) by extensions ['cmake', 'python']
[0.980s] Level 1:colcon.colcon_core.package_identification:_identify(scripts) by extension 'cmake'
[0.980s] Level 1:colcon.colcon_core.package_identification:_identify(scripts) by extension 'python'
[0.980s] Level 1:colcon.colcon_core.package_identification:_identify(scripts) by extensions ['python_setup_py']
[0.980s] Level 1:colcon.colcon_core.package_identification:_identify(scripts) by extension 'python_setup_py'
[0.980s] Level 1:colcon.colcon_core.package_identification:_identify(scripts/tmp_code) by extensions ['ignore', 'ignore_ament_install']
[0.980s] Level 1:colcon.colcon_core.package_identification:_identify(scripts/tmp_code) by extension 'ignore'
[0.980s] Level 1:colcon.colcon_core.package_identification:_identify(scripts/tmp_code) by extension 'ignore_ament_install'
[0.980s] Level 1:colcon.colcon_core.package_identification:_identify(scripts/tmp_code) by extensions ['colcon_pkg']
[0.980s] Level 1:colcon.colcon_core.package_identification:_identify(scripts/tmp_code) by extension 'colcon_pkg'
[0.980s] Level 1:colcon.colcon_core.package_identification:_identify(scripts/tmp_code) by extensions ['colcon_meta']
[0.980s] Level 1:colcon.colcon_core.package_identification:_identify(scripts/tmp_code) by extension 'colcon_meta'
[0.980s] Level 1:colcon.colcon_core.package_identification:_identify(scripts/tmp_code) by extensions ['ros']
[0.980s] Level 1:colcon.colcon_core.package_identification:_identify(scripts/tmp_code) by extension 'ros'
[0.980s] Level 1:colcon.colcon_core.package_identification:_identify(scripts/tmp_code) by extensions ['cmake', 'python']
[0.981s] Level 1:colcon.colcon_core.package_identification:_identify(scripts/tmp_code) by extension 'cmake'
[0.981s] Level 1:colcon.colcon_core.package_identification:_identify(scripts/tmp_code) by extension 'python'
[0.981s] Level 1:colcon.colcon_core.package_identification:_identify(scripts/tmp_code) by extensions ['python_setup_py']
[0.981s] Level 1:colcon.colcon_core.package_identification:_identify(scripts/tmp_code) by extension 'python_setup_py'
[0.981s] Level 1:colcon.colcon_core.package_identification:_identify(src) by extensions ['ignore', 'ignore_ament_install']
[0.981s] Level 1:colcon.colcon_core.package_identification:_identify(src) by extension 'ignore'
[0.981s] Level 1:colcon.colcon_core.package_identification:_identify(src) by extension 'ignore_ament_install'
[0.981s] Level 1:colcon.colcon_core.package_identification:_identify(src) by extensions ['colcon_pkg']
[0.981s] Level 1:colcon.colcon_core.package_identification:_identify(src) by extension 'colcon_pkg'
[0.981s] Level 1:colcon.colcon_core.package_identification:_identify(src) by extensions ['colcon_meta']
[0.981s] Level 1:colcon.colcon_core.package_identification:_identify(src) by extension 'colcon_meta'
[0.981s] Level 1:colcon.colcon_core.package_identification:_identify(src) by extensions ['ros']
[0.981s] Level 1:colcon.colcon_core.package_identification:_identify(src) by extension 'ros'
[0.981s] Level 1:colcon.colcon_core.package_identification:_identify(src) by extensions ['cmake', 'python']
[0.981s] Level 1:colcon.colcon_core.package_identification:_identify(src) by extension 'cmake'
[0.981s] Level 1:colcon.colcon_core.package_identification:_identify(src) by extension 'python'
[0.981s] Level 1:colcon.colcon_core.package_identification:_identify(src) by extensions ['python_setup_py']
[0.981s] Level 1:colcon.colcon_core.package_identification:_identify(src) by extension 'python_setup_py'
[0.981s] Level 1:colcon.colcon_core.package_identification:_identify(src/improved) by extensions ['ignore', 'ignore_ament_install']
[0.981s] Level 1:colcon.colcon_core.package_identification:_identify(src/improved) by extension 'ignore'
[0.981s] Level 1:colcon.colcon_core.package_identification:_identify(src/improved) by extension 'ignore_ament_install'
[0.981s] Level 1:colcon.colcon_core.package_identification:_identify(src/improved) by extensions ['colcon_pkg']
[0.981s] Level 1:colcon.colcon_core.package_identification:_identify(src/improved) by extension 'colcon_pkg'
[0.981s] Level 1:colcon.colcon_core.package_identification:_identify(src/improved) by extensions ['colcon_meta']
[0.981s] Level 1:colcon.colcon_core.package_identification:_identify(src/improved) by extension 'colcon_meta'
[0.981s] Level 1:colcon.colcon_core.package_identification:_identify(src/improved) by extensions ['ros']
[0.982s] Level 1:colcon.colcon_core.package_identification:_identify(src/improved) by extension 'ros'
[0.984s] DEBUG:colcon.colcon_core.package_identification:Package 'src/improved' with type 'ros.ament_cmake' and name 'improved'
[0.984s] Level 1:colcon.colcon_core.package_identification:_identify(src/mypkg) by extensions ['ignore', 'ignore_ament_install']
[0.984s] Level 1:colcon.colcon_core.package_identification:_identify(src/mypkg) by extension 'ignore'
[0.984s] Level 1:colcon.colcon_core.package_identification:_identify(src/mypkg) by extension 'ignore_ament_install'
[0.984s] Level 1:colcon.colcon_core.package_identification:_identify(src/mypkg) by extensions ['colcon_pkg']
[0.984s] Level 1:colcon.colcon_core.package_identification:_identify(src/mypkg) by extension 'colcon_pkg'
[0.984s] Level 1:colcon.colcon_core.package_identification:_identify(src/mypkg) by extensions ['colcon_meta']
[0.984s] Level 1:colcon.colcon_core.package_identification:_identify(src/mypkg) by extension 'colcon_meta'
[0.984s] Level 1:colcon.colcon_core.package_identification:_identify(src/mypkg) by extensions ['ros']
[0.984s] Level 1:colcon.colcon_core.package_identification:_identify(src/mypkg) by extension 'ros'
[0.985s] DEBUG:colcon.colcon_core.package_identification:Package 'src/mypkg' with type 'ros.ament_cmake' and name 'mypkg'
[0.985s] Level 1:colcon.colcon_core.package_identification:_identify(src/rasta) by extensions ['ignore', 'ignore_ament_install']
[0.985s] Level 1:colcon.colcon_core.package_identification:_identify(src/rasta) by extension 'ignore'
[0.985s] Level 1:colcon.colcon_core.package_identification:_identify(src/rasta) by extension 'ignore_ament_install'
[0.985s] Level 1:colcon.colcon_core.package_identification:_identify(src/rasta) by extensions ['colcon_pkg']
[0.985s] Level 1:colcon.colcon_core.package_identification:_identify(src/rasta) by extension 'colcon_pkg'
[0.985s] Level 1:colcon.colcon_core.package_identification:_identify(src/rasta) by extensions ['colcon_meta']
[0.985s] Level 1:colcon.colcon_core.package_identification:_identify(src/rasta) by extension 'colcon_meta'
[0.985s] Level 1:colcon.colcon_core.package_identification:_identify(src/rasta) by extensions ['ros']
[0.985s] Level 1:colcon.colcon_core.package_identification:_identify(src/rasta) by extension 'ros'
[0.986s] DEBUG:colcon.colcon_core.package_identification:Package 'src/rasta' with type 'ros.ament_cmake' and name 'rasta'
[0.986s] Level 1:colcon.colcon_core.package_identification:_identify(src/rectagletest) by extensions ['ignore', 'ignore_ament_install']
[0.986s] Level 1:colcon.colcon_core.package_identification:_identify(src/rectagletest) by extension 'ignore'
[0.986s] Level 1:colcon.colcon_core.package_identification:_identify(src/rectagletest) by extension 'ignore_ament_install'
[0.986s] Level 1:colcon.colcon_core.package_identification:_identify(src/rectagletest) by extensions ['colcon_pkg']
[0.986s] Level 1:colcon.colcon_core.package_identification:_identify(src/rectagletest) by extension 'colcon_pkg'
[0.986s] Level 1:colcon.colcon_core.package_identification:_identify(src/rectagletest) by extensions ['colcon_meta']
[0.986s] Level 1:colcon.colcon_core.package_identification:_identify(src/rectagletest) by extension 'colcon_meta'
[0.986s] Level 1:colcon.colcon_core.package_identification:_identify(src/rectagletest) by extensions ['ros']
[0.986s] Level 1:colcon.colcon_core.package_identification:_identify(src/rectagletest) by extension 'ros'
[0.987s] DEBUG:colcon.colcon_core.package_identification:Package 'src/rectagletest' with type 'ros.ament_cmake' and name 'rectagletest'
[0.987s] Level 1:colcon.colcon_core.package_discovery:discover_packages(recursive) using defaults
[0.987s] Level 1:colcon.colcon_core.package_discovery:discover_packages(ignore) discover
[0.987s] Level 1:colcon.colcon_core.package_discovery:discover_packages(ignore) using defaults
[0.987s] Level 1:colcon.colcon_core.package_discovery:discover_packages(path) discover
[0.987s] Level 1:colcon.colcon_core.package_discovery:discover_packages(path) using defaults
[1.070s] Level 1:colcon.colcon_core.package_discovery:discover_packages(prefix_path) check parameters
[1.070s] Level 1:colcon.colcon_core.package_discovery:discover_packages(prefix_path) discover
[1.098s] DEBUG:colcon.colcon_installed_package_information.package_discovery:Found 270 installed packages in /opt/ros/humble
[1.099s] Level 1:colcon.colcon_core.package_discovery:discover_packages(prefix_path) using defaults
[1.195s] Level 5:colcon.colcon_core.verb:set package 'improved' build argument 'cmake_args' from command line to 'None'
[1.195s] Level 5:colcon.colcon_core.verb:set package 'improved' build argument 'cmake_target' from command line to 'None'
[1.195s] Level 5:colcon.colcon_core.verb:set package 'improved' build argument 'cmake_target_skip_unavailable' from command line to 'False'
[1.195s] Level 5:colcon.colcon_core.verb:set package 'improved' build argument 'cmake_clean_cache' from command line to 'False'
[1.195s] Level 5:colcon.colcon_core.verb:set package 'improved' build argument 'cmake_clean_first' from command line to 'False'
[1.195s] Level 5:colcon.colcon_core.verb:set package 'improved' build argument 'cmake_force_configure' from command line to 'False'
[1.195s] Level 5:colcon.colcon_core.verb:set package 'improved' build argument 'ament_cmake_args' from command line to 'None'
[1.195s] Level 5:colcon.colcon_core.verb:set package 'improved' build argument 'catkin_cmake_args' from command line to 'None'
[1.195s] Level 5:colcon.colcon_core.verb:set package 'improved' build argument 'catkin_skip_building_tests' from command line to 'False'
[1.195s] DEBUG:colcon.colcon_core.verb:Building package 'improved' with the following arguments: {'ament_cmake_args': None, 'build_base': '/home/morita/ros2_ws/build/improved', 'catkin_cmake_args': None, 'catkin_skip_building_tests': False, 'cmake_args': None, 'cmake_clean_cache': False, 'cmake_clean_first': False, 'cmake_force_configure': False, 'cmake_target': None, 'cmake_target_skip_unavailable': False, 'install_base': '/home/morita/ros2_ws/install/improved', 'merge_install': False, 'path': '/home/morita/ros2_ws/src/improved', 'symlink_install': False, 'test_result_base': None}
[1.209s] Level 5:colcon.colcon_core.verb:set package 'mypkg' build argument 'cmake_args' from command line to 'None'
[1.209s] Level 5:colcon.colcon_core.verb:set package 'mypkg' build argument 'cmake_target' from command line to 'None'
[1.209s] Level 5:colcon.colcon_core.verb:set package 'mypkg' build argument 'cmake_target_skip_unavailable' from command line to 'False'
[1.209s] Level 5:colcon.colcon_core.verb:set package 'mypkg' build argument 'cmake_clean_cache' from command line to 'False'
[1.209s] Level 5:colcon.colcon_core.verb:set package 'mypkg' build argument 'cmake_clean_first' from command line to 'False'
[1.209s] Level 5:colcon.colcon_core.verb:set package 'mypkg' build argument 'cmake_force_configure' from command line to 'False'
[1.209s] Level 5:colcon.colcon_core.verb:set package 'mypkg' build argument 'ament_cmake_args' from command line to 'None'
[1.209s] Level 5:colcon.colcon_core.verb:set package 'mypkg' build argument 'catkin_cmake_args' from command line to 'None'
[1.209s] Level 5:colcon.colcon_core.verb:set package 'mypkg' build argument 'catkin_skip_building_tests' from command line to 'False'
[1.209s] DEBUG:colcon.colcon_core.verb:Building package 'mypkg' with the following arguments: {'ament_cmake_args': None, 'build_base': '/home/morita/ros2_ws/build/mypkg', 'catkin_cmake_args': None, 'catkin_skip_building_tests': False, 'cmake_args': None, 'cmake_clean_cache': False, 'cmake_clean_first': False, 'cmake_force_configure': False, 'cmake_target': None, 'cmake_target_skip_unavailable': False, 'install_base': '/home/morita/ros2_ws/install/mypkg', 'merge_install': False, 'path': '/home/morita/ros2_ws/src/mypkg', 'symlink_install': False, 'test_result_base': None}
[1.222s] Level 5:colcon.colcon_core.verb:set package 'rasta' build argument 'cmake_args' from command line to 'None'
[1.222s] Level 5:colcon.colcon_core.verb:set package 'rasta' build argument 'cmake_target' from command line to 'None'
[1.222s] Level 5:colcon.colcon_core.verb:set package 'rasta' build argument 'cmake_target_skip_unavailable' from command line to 'False'
[1.222s] Level 5:colcon.colcon_core.verb:set package 'rasta' build argument 'cmake_clean_cache' from command line to 'False'
[1.222s] Level 5:colcon.colcon_core.verb:set package 'rasta' build argument 'cmake_clean_first' from command line to 'False'
[1.222s] Level 5:colcon.colcon_core.verb:set package 'rasta' build argument 'cmake_force_configure' from command line to 'False'
[1.222s] Level 5:colcon.colcon_core.verb:set package 'rasta' build argument 'ament_cmake_args' from command line to 'None'
[1.222s] Level 5:colcon.colcon_core.verb:set package 'rasta' build argument 'catkin_cmake_args' from command line to 'None'
[1.222s] Level 5:colcon.colcon_core.verb:set package 'rasta' build argument 'catkin_skip_building_tests' from command line to 'False'
[1.222s] DEBUG:colcon.colcon_core.verb:Building package 'rasta' with the following arguments: {'ament_cmake_args': None, 'build_base': '/home/morita/ros2_ws/build/rasta', 'catkin_cmake_args': None, 'catkin_skip_building_tests': False, 'cmake_args': None, 'cmake_clean_cache': False, 'cmake_clean_first': False, 'cmake_force_configure': False, 'cmake_target': None, 'cmake_target_skip_unavailable': False, 'install_base': '/home/morita/ros2_ws/install/rasta', 'merge_install': False, 'path': '/home/morita/ros2_ws/src/rasta', 'symlink_install': False, 'test_result_base': None}
[1.236s] Level 5:colcon.colcon_core.verb:set package 'rectagletest' build argument 'cmake_args' from command line to 'None'
[1.236s] Level 5:colcon.colcon_core.verb:set package 'rectagletest' build argument 'cmake_target' from command line to 'None'
[1.236s] Level 5:colcon.colcon_core.verb:set package 'rectagletest' build argument 'cmake_target_skip_unavailable' from command line to 'False'
[1.236s] Level 5:colcon.colcon_core.verb:set package 'rectagletest' build argument 'cmake_clean_cache' from command line to 'False'
[1.236s] Level 5:colcon.colcon_core.verb:set package 'rectagletest' build argument 'cmake_clean_first' from command line to 'False'
[1.236s] Level 5:colcon.colcon_core.verb:set package 'rectagletest' build argument 'cmake_force_configure' from command line to 'False'
[1.236s] Level 5:colcon.colcon_core.verb:set package 'rectagletest' build argument 'ament_cmake_args' from command line to 'None'
[1.236s] Level 5:colcon.colcon_core.verb:set package 'rectagletest' build argument 'catkin_cmake_args' from command line to 'None'
[1.236s] Level 5:colcon.colcon_core.verb:set package 'rectagletest' build argument 'catkin_skip_building_tests' from command line to 'False'
[1.236s] DEBUG:colcon.colcon_core.verb:Building package 'rectagletest' with the following arguments: {'ament_cmake_args': None, 'build_base': '/home/morita/ros2_ws/build/rectagletest', 'catkin_cmake_args': None, 'catkin_skip_building_tests': False, 'cmake_args': None, 'cmake_clean_cache': False, 'cmake_clean_first': False, 'cmake_force_configure': False, 'cmake_target': None, 'cmake_target_skip_unavailable': False, 'install_base': '/home/morita/ros2_ws/install/rectagletest', 'merge_install': False, 'path': '/home/morita/ros2_ws/src/rectagletest', 'symlink_install': False, 'test_result_base': None}
[1.249s] INFO:colcon.colcon_core.executor:Executing jobs using 'parallel' executor
[1.264s] DEBUG:colcon.colcon_parallel_executor.executor.parallel:run_until_complete
[1.264s] INFO:colcon.colcon_ros.task.ament_cmake.build:Building ROS package in '/home/morita/ros2_ws/src/improved' with build type 'ament_cmake'
[1.264s] INFO:colcon.colcon_cmake.task.cmake.build:Building CMake package in '/home/morita/ros2_ws/src/improved'
[1.280s] INFO:colcon.colcon_core.plugin_system:Skipping extension 'colcon_core.shell.bat': Not used on non-Windows systems
[1.280s] INFO:colcon.colcon_core.shell:Skip shell extension 'powershell' for command environment: Not usable outside of PowerShell
[1.280s] DEBUG:colcon.colcon_core.shell:Skip shell extension 'dsv' for command environment
[1.311s] INFO:colcon.colcon_ros.task.ament_cmake.build:Building ROS package in '/home/morita/ros2_ws/src/mypkg' with build type 'ament_cmake'
[1.311s] INFO:colcon.colcon_cmake.task.cmake.build:Building CMake package in '/home/morita/ros2_ws/src/mypkg'
[1.329s] INFO:colcon.colcon_core.shell:Skip shell extension 'powershell' for command environment: Not usable outside of PowerShell
[1.329s] DEBUG:colcon.colcon_core.shell:Skip shell extension 'dsv' for command environment
[1.360s] INFO:colcon.colcon_ros.task.ament_cmake.build:Building ROS package in '/home/morita/ros2_ws/src/rasta' with build type 'ament_cmake'
[1.360s] INFO:colcon.colcon_cmake.task.cmake.build:Building CMake package in '/home/morita/ros2_ws/src/rasta'
[1.378s] INFO:colcon.colcon_core.shell:Skip shell extension 'powershell' for command environment: Not usable outside of PowerShell
[1.378s] DEBUG:colcon.colcon_core.shell:Skip shell extension 'dsv' for command environment
[1.409s] INFO:colcon.colcon_ros.task.ament_cmake.build:Building ROS package in '/home/morita/ros2_ws/src/rectagletest' with build type 'ament_cmake'
[1.409s] INFO:colcon.colcon_cmake.task.cmake.build:Building CMake package in '/home/morita/ros2_ws/src/rectagletest'
[1.425s] INFO:colcon.colcon_core.shell:Skip shell extension 'powershell' for command environment: Not usable outside of PowerShell
[1.426s] DEBUG:colcon.colcon_core.shell:Skip shell extension 'dsv' for command environment
[1.460s] DEBUG:colcon.colcon_core.event_handler.log_command:Invoking command in '/home/morita/ros2_ws/build/improved': CMAKE_PREFIX_PATH=/opt/ros/humble /usr/bin/cmake --build /home/morita/ros2_ws/build/improved -- -j8 -l8
[1.463s] DEBUG:colcon.colcon_core.event_handler.log_command:Invoking command in '/home/morita/ros2_ws/build/mypkg': CMAKE_PREFIX_PATH=/opt/ros/humble /usr/bin/cmake --build /home/morita/ros2_ws/build/mypkg -- -j8 -l8
[1.467s] DEBUG:colcon.colcon_core.event_handler.log_command:Invoking command in '/home/morita/ros2_ws/build/rasta': CMAKE_PREFIX_PATH=/opt/ros/humble /usr/bin/cmake --build /home/morita/ros2_ws/build/rasta -- -j8 -l8
[1.473s] DEBUG:colcon.colcon_core.event_handler.log_command:Invoking command in '/home/morita/ros2_ws/build/rectagletest': CMAKE_PREFIX_PATH=/opt/ros/humble /usr/bin/cmake --build /home/morita/ros2_ws/build/rectagletest -- -j8 -l8
[1.527s] DEBUG:colcon.colcon_core.event_handler.log_command:Invoked command in '/home/morita/ros2_ws/build/improved' returned '0': CMAKE_PREFIX_PATH=/opt/ros/humble /usr/bin/cmake --build /home/morita/ros2_ws/build/improved -- -j8 -l8
[1.534s] DEBUG:colcon.colcon_core.event_handler.log_command:Invoked command in '/home/morita/ros2_ws/build/mypkg' returned '0': CMAKE_PREFIX_PATH=/opt/ros/humble /usr/bin/cmake --build /home/morita/ros2_ws/build/mypkg -- -j8 -l8
[1.538s] DEBUG:colcon.colcon_core.event_handler.log_command:Invoked command in '/home/morita/ros2_ws/build/rasta' returned '0': CMAKE_PREFIX_PATH=/opt/ros/humble /usr/bin/cmake --build /home/morita/ros2_ws/build/rasta -- -j8 -l8
[1.538s] DEBUG:colcon.colcon_core.event_handler.log_command:Invoked command in '/home/morita/ros2_ws/build/rectagletest' returned '0': CMAKE_PREFIX_PATH=/opt/ros/humble /usr/bin/cmake --build /home/morita/ros2_ws/build/rectagletest -- -j8 -l8
[1.557s] DEBUG:colcon.colcon_core.event_handler.log_command:Invoking command in '/home/morita/ros2_ws/build/improved': CMAKE_PREFIX_PATH=/opt/ros/humble /usr/bin/cmake --install /home/morita/ros2_ws/build/improved
[1.560s] DEBUG:colcon.colcon_core.event_handler.log_command:Invoking command in '/home/morita/ros2_ws/build/mypkg': CMAKE_PREFIX_PATH=/opt/ros/humble /usr/bin/cmake --install /home/morita/ros2_ws/build/mypkg
[1.563s] DEBUG:colcon.colcon_core.event_handler.log_command:Invoking command in '/home/morita/ros2_ws/build/rasta': CMAKE_PREFIX_PATH=/opt/ros/humble /usr/bin/cmake --install /home/morita/ros2_ws/build/rasta
[1.564s] DEBUG:colcon.colcon_core.event_handler.log_command:Invoking command in '/home/morita/ros2_ws/build/rectagletest': CMAKE_PREFIX_PATH=/opt/ros/humble /usr/bin/cmake --install /home/morita/ros2_ws/build/rectagletest
[1.573s] Level 1:colcon.colcon_core.environment:create_environment_scripts_only(mypkg)
[1.573s] DEBUG:colcon.colcon_core.event_handler.log_command:Invoked command in '/home/morita/ros2_ws/build/mypkg' returned '0': CMAKE_PREFIX_PATH=/opt/ros/humble /usr/bin/cmake --install /home/morita/ros2_ws/build/mypkg
[1.589s] Level 1:colcon.colcon_core.environment:checking '/home/morita/ros2_ws/install/mypkg' for CMake module files
[1.590s] Level 1:colcon.colcon_core.environment:checking '/home/morita/ros2_ws/install/mypkg' for CMake config files
[1.590s] Level 1:colcon.colcon_core.shell:create_environment_hook('mypkg', 'cmake_prefix_path')
[1.604s] INFO:colcon.colcon_core.shell:Creating environment hook '/home/morita/ros2_ws/install/mypkg/share/mypkg/hook/cmake_prefix_path.ps1'
[1.604s] INFO:colcon.colcon_core.shell:Creating environment descriptor '/home/morita/ros2_ws/install/mypkg/share/mypkg/hook/cmake_prefix_path.dsv'
[1.605s] INFO:colcon.colcon_core.shell:Creating environment hook '/home/morita/ros2_ws/install/mypkg/share/mypkg/hook/cmake_prefix_path.sh'
[1.605s] Level 1:colcon.colcon_core.environment:checking '/home/morita/ros2_ws/install/mypkg/lib'
[1.605s] Level 1:colcon.colcon_core.environment:checking '/home/morita/ros2_ws/install/mypkg/bin'
[1.606s] Level 1:colcon.colcon_core.environment:checking '/home/morita/ros2_ws/install/mypkg/lib/pkgconfig/mypkg.pc'
[1.606s] Level 1:colcon.colcon_core.environment:checking '/home/morita/ros2_ws/install/mypkg/lib/python3.10/site-packages'
[1.606s] Level 1:colcon.colcon_core.environment:checking '/home/morita/ros2_ws/install/mypkg/bin'
[1.620s] INFO:colcon.colcon_core.shell:Creating package script '/home/morita/ros2_ws/install/mypkg/share/mypkg/package.ps1'
[1.621s] INFO:colcon.colcon_core.shell:Creating package descriptor '/home/morita/ros2_ws/install/mypkg/share/mypkg/package.dsv'
[1.622s] INFO:colcon.colcon_core.shell:Creating package script '/home/morita/ros2_ws/install/mypkg/share/mypkg/package.sh'
[1.622s] INFO:colcon.colcon_core.shell:Creating package script '/home/morita/ros2_ws/install/mypkg/share/mypkg/package.bash'
[1.623s] INFO:colcon.colcon_core.shell:Creating package script '/home/morita/ros2_ws/install/mypkg/share/mypkg/package.zsh'
[1.623s] Level 1:colcon.colcon_core.environment:create_file_with_runtime_dependencies(/home/morita/ros2_ws/install/mypkg/share/colcon-core/packages/mypkg)
[1.625s] Level 1:colcon.colcon_core.environment:create_environment_scripts_only(improved)
[1.626s] DEBUG:colcon.colcon_core.event_handler.log_command:Invoked command in '/home/morita/ros2_ws/build/improved' returned '0': CMAKE_PREFIX_PATH=/opt/ros/humble /usr/bin/cmake --install /home/morita/ros2_ws/build/improved
[1.643s] Level 1:colcon.colcon_core.environment:checking '/home/morita/ros2_ws/install/improved' for CMake module files
[1.644s] Level 1:colcon.colcon_core.environment:checking '/home/morita/ros2_ws/install/improved' for CMake config files
[1.644s] Level 1:colcon.colcon_core.shell:create_environment_hook('improved', 'cmake_prefix_path')
[1.658s] INFO:colcon.colcon_core.shell:Creating environment hook '/home/morita/ros2_ws/install/improved/share/improved/hook/cmake_prefix_path.ps1'
[1.658s] INFO:colcon.colcon_core.shell:Creating environment descriptor '/home/morita/ros2_ws/install/improved/share/improved/hook/cmake_prefix_path.dsv'
[1.658s] INFO:colcon.colcon_core.shell:Creating environment hook '/home/morita/ros2_ws/install/improved/share/improved/hook/cmake_prefix_path.sh'
[1.659s] Level 1:colcon.colcon_core.environment:checking '/home/morita/ros2_ws/install/improved/lib'
[1.659s] Level 1:colcon.colcon_core.environment:checking '/home/morita/ros2_ws/install/improved/bin'
[1.659s] Level 1:colcon.colcon_core.environment:checking '/home/morita/ros2_ws/install/improved/lib/pkgconfig/improved.pc'
[1.659s] Level 1:colcon.colcon_core.environment:checking '/home/morita/ros2_ws/install/improved/lib/python3.10/site-packages'
[1.659s] Level 1:colcon.colcon_core.environment:checking '/home/morita/ros2_ws/install/improved/bin'
[1.674s] INFO:colcon.colcon_core.shell:Creating package script '/home/morita/ros2_ws/install/improved/share/improved/package.ps1'
[1.674s] INFO:colcon.colcon_core.shell:Creating package descriptor '/home/morita/ros2_ws/install/improved/share/improved/package.dsv'
[1.674s] INFO:colcon.colcon_core.shell:Creating package script '/home/morita/ros2_ws/install/improved/share/improved/package.sh'
[1.675s] INFO:colcon.colcon_core.shell:Creating package script '/home/morita/ros2_ws/install/improved/share/improved/package.bash'
[1.675s] INFO:colcon.colcon_core.shell:Creating package script '/home/morita/ros2_ws/install/improved/share/improved/package.zsh'
[1.675s] Level 1:colcon.colcon_core.environment:create_file_with_runtime_dependencies(/home/morita/ros2_ws/install/improved/share/colcon-core/packages/improved)
[1.676s] Level 1:colcon.colcon_core.environment:create_environment_scripts_only(rasta)
[1.677s] DEBUG:colcon.colcon_core.event_handler.log_command:Invoked command in '/home/morita/ros2_ws/build/rasta' returned '0': CMAKE_PREFIX_PATH=/opt/ros/humble /usr/bin/cmake --install /home/morita/ros2_ws/build/rasta
[1.695s] Level 1:colcon.colcon_core.environment:checking '/home/morita/ros2_ws/install/rasta' for CMake module files
[1.696s] Level 1:colcon.colcon_core.environment:checking '/home/morita/ros2_ws/install/rasta' for CMake config files
[1.696s] Level 1:colcon.colcon_core.shell:create_environment_hook('rasta', 'cmake_prefix_path')
[1.711s] INFO:colcon.colcon_core.shell:Creating environment hook '/home/morita/ros2_ws/install/rasta/share/rasta/hook/cmake_prefix_path.ps1'
[1.711s] INFO:colcon.colcon_core.shell:Creating environment descriptor '/home/morita/ros2_ws/install/rasta/share/rasta/hook/cmake_prefix_path.dsv'
[1.711s] INFO:colcon.colcon_core.shell:Creating environment hook '/home/morita/ros2_ws/install/rasta/share/rasta/hook/cmake_prefix_path.sh'
[1.712s] Level 1:colcon.colcon_core.environment:checking '/home/morita/ros2_ws/install/rasta/lib'
[1.712s] Level 1:colcon.colcon_core.environment:checking '/home/morita/ros2_ws/install/rasta/bin'
[1.712s] Level 1:colcon.colcon_core.environment:checking '/home/morita/ros2_ws/install/rasta/lib/pkgconfig/rasta.pc'
[1.712s] Level 1:colcon.colcon_core.environment:checking '/home/morita/ros2_ws/install/rasta/lib/python3.10/site-packages'
[1.712s] Level 1:colcon.colcon_core.environment:checking '/home/morita/ros2_ws/install/rasta/bin'
[1.726s] INFO:colcon.colcon_core.shell:Creating package script '/home/morita/ros2_ws/install/rasta/share/rasta/package.ps1'
[1.727s] INFO:colcon.colcon_core.shell:Creating package descriptor '/home/morita/ros2_ws/install/rasta/share/rasta/package.dsv'
[1.727s] INFO:colcon.colcon_core.shell:Creating package script '/home/morita/ros2_ws/install/rasta/share/rasta/package.sh'
[1.727s] INFO:colcon.colcon_core.shell:Creating package script '/home/morita/ros2_ws/install/rasta/share/rasta/package.bash'
[1.728s] INFO:colcon.colcon_core.shell:Creating package script '/home/morita/ros2_ws/install/rasta/share/rasta/package.zsh'
[1.728s] Level 1:colcon.colcon_core.environment:create_file_with_runtime_dependencies(/home/morita/ros2_ws/install/rasta/share/colcon-core/packages/rasta)
[1.729s] Level 1:colcon.colcon_core.environment:create_environment_scripts_only(rectagletest)
[1.730s] DEBUG:colcon.colcon_core.event_handler.log_command:Invoked command in '/home/morita/ros2_ws/build/rectagletest' returned '0': CMAKE_PREFIX_PATH=/opt/ros/humble /usr/bin/cmake --install /home/morita/ros2_ws/build/rectagletest
[1.747s] Level 1:colcon.colcon_core.environment:checking '/home/morita/ros2_ws/install/rectagletest' for CMake module files
[1.748s] Level 1:colcon.colcon_core.environment:checking '/home/morita/ros2_ws/install/rectagletest' for CMake config files
[1.748s] Level 1:colcon.colcon_core.shell:create_environment_hook('rectagletest', 'cmake_prefix_path')
[1.762s] INFO:colcon.colcon_core.shell:Creating environment hook '/home/morita/ros2_ws/install/rectagletest/share/rectagletest/hook/cmake_prefix_path.ps1'
[1.763s] INFO:colcon.colcon_core.shell:Creating environment descriptor '/home/morita/ros2_ws/install/rectagletest/share/rectagletest/hook/cmake_prefix_path.dsv'
[1.763s] INFO:colcon.colcon_core.shell:Creating environment hook '/home/morita/ros2_ws/install/rectagletest/share/rectagletest/hook/cmake_prefix_path.sh'
[1.764s] Level 1:colcon.colcon_core.environment:checking '/home/morita/ros2_ws/install/rectagletest/lib'
[1.764s] Level 1:colcon.colcon_core.environment:checking '/home/morita/ros2_ws/install/rectagletest/bin'
[1.764s] Level 1:colcon.colcon_core.environment:checking '/home/morita/ros2_ws/install/rectagletest/lib/pkgconfig/rectagletest.pc'
[1.764s] Level 1:colcon.colcon_core.environment:checking '/home/morita/ros2_ws/install/rectagletest/lib/python3.10/site-packages'
[1.764s] Level 1:colcon.colcon_core.environment:checking '/home/morita/ros2_ws/install/rectagletest/bin'
[1.779s] INFO:colcon.colcon_core.shell:Creating package script '/home/morita/ros2_ws/install/rectagletest/share/rectagletest/package.ps1'
[1.779s] INFO:colcon.colcon_core.shell:Creating package descriptor '/home/morita/ros2_ws/install/rectagletest/share/rectagletest/package.dsv'
[1.779s] INFO:colcon.colcon_core.shell:Creating package script '/home/morita/ros2_ws/install/rectagletest/share/rectagletest/package.sh'
[1.780s] INFO:colcon.colcon_core.shell:Creating package script '/home/morita/ros2_ws/install/rectagletest/share/rectagletest/package.bash'
[1.780s] INFO:colcon.colcon_core.shell:Creating package script '/home/morita/ros2_ws/install/rectagletest/share/rectagletest/package.zsh'
[1.780s] Level 1:colcon.colcon_core.environment:create_file_with_runtime_dependencies(/home/morita/ros2_ws/install/rectagletest/share/colcon-core/packages/rectagletest)
[1.799s] Level 1:colcon.colcon_core.environment:create_environment_scripts_only(mypkg)
[1.814s] Level 1:colcon.colcon_core.environment:checking '/home/morita/ros2_ws/install/mypkg' for CMake module files
[1.814s] Level 1:colcon.colcon_core.environment:checking '/home/morita/ros2_ws/install/mypkg' for CMake config files
[1.814s] Level 1:colcon.colcon_core.shell:create_environment_hook('mypkg', 'cmake_prefix_path')
[1.828s] INFO:colcon.colcon_core.shell:Creating environment hook '/home/morita/ros2_ws/install/mypkg/share/mypkg/hook/cmake_prefix_path.ps1'
[1.829s] INFO:colcon.colcon_core.shell:Creating environment descriptor '/home/morita/ros2_ws/install/mypkg/share/mypkg/hook/cmake_prefix_path.dsv'
[1.829s] INFO:colcon.colcon_core.shell:Creating environment hook '/home/morita/ros2_ws/install/mypkg/share/mypkg/hook/cmake_prefix_path.sh'
[1.829s] Level 1:colcon.colcon_core.environment:checking '/home/morita/ros2_ws/install/mypkg/lib'
[1.829s] Level 1:colcon.colcon_core.environment:checking '/home/morita/ros2_ws/install/mypkg/bin'
[1.829s] Level 1:colcon.colcon_core.environment:checking '/home/morita/ros2_ws/install/mypkg/lib/pkgconfig/mypkg.pc'
[1.830s] Level 1:colcon.colcon_core.environment:checking '/home/morita/ros2_ws/install/mypkg/lib/python3.10/site-packages'
[1.830s] Level 1:colcon.colcon_core.environment:checking '/home/morita/ros2_ws/install/mypkg/bin'
[1.844s] INFO:colcon.colcon_core.shell:Creating package script '/home/morita/ros2_ws/install/mypkg/share/mypkg/package.ps1'
[1.844s] INFO:colcon.colcon_core.shell:Creating package descriptor '/home/morita/ros2_ws/install/mypkg/share/mypkg/package.dsv'
[1.844s] INFO:colcon.colcon_core.shell:Creating package script '/home/morita/ros2_ws/install/mypkg/share/mypkg/package.sh'
[1.845s] INFO:colcon.colcon_core.shell:Creating package script '/home/morita/ros2_ws/install/mypkg/share/mypkg/package.bash'
[1.845s] INFO:colcon.colcon_core.shell:Creating package script '/home/morita/ros2_ws/install/mypkg/share/mypkg/package.zsh'
[1.845s] Level 1:colcon.colcon_core.environment:create_file_with_runtime_dependencies(/home/morita/ros2_ws/install/mypkg/share/colcon-core/packages/mypkg)
[1.861s] Level 1:colcon.colcon_core.environment:create_environment_scripts_only(improved)
[1.877s] Level 1:colcon.colcon_core.environment:checking '/home/morita/ros2_ws/install/improved' for CMake module files
[1.878s] Level 1:colcon.colcon_core.environment:checking '/home/morita/ros2_ws/install/improved' for CMake config files
[1.878s] Level 1:colcon.colcon_core.shell:create_environment_hook('improved', 'cmake_prefix_path')
[1.892s] INFO:colcon.colcon_core.shell:Creating environment hook '/home/morita/ros2_ws/install/improved/share/improved/hook/cmake_prefix_path.ps1'
[1.893s] INFO:colcon.colcon_core.shell:Creating environment descriptor '/home/morita/ros2_ws/install/improved/share/improved/hook/cmake_prefix_path.dsv'
[1.893s] INFO:colcon.colcon_core.shell:Creating environment hook '/home/morita/ros2_ws/install/improved/share/improved/hook/cmake_prefix_path.sh'
[1.894s] Level 1:colcon.colcon_core.environment:checking '/home/morita/ros2_ws/install/improved/lib'
[1.894s] Level 1:colcon.colcon_core.environment:checking '/home/morita/ros2_ws/install/improved/bin'
[1.894s] Level 1:colcon.colcon_core.environment:checking '/home/morita/ros2_ws/install/improved/lib/pkgconfig/improved.pc'
[1.894s] Level 1:colcon.colcon_core.environment:checking '/home/morita/ros2_ws/install/improved/lib/python3.10/site-packages'
[1.895s] Level 1:colcon.colcon_core.environment:checking '/home/morita/ros2_ws/install/improved/bin'
[1.908s] INFO:colcon.colcon_core.shell:Creating package script '/home/morita/ros2_ws/install/improved/share/improved/package.ps1'
[1.909s] INFO:colcon.colcon_core.shell:Creating package descriptor '/home/morita/ros2_ws/install/improved/share/improved/package.dsv'
[1.909s] INFO:colcon.colcon_core.shell:Creating package script '/home/morita/ros2_ws/install/improved/share/improved/package.sh'
[1.910s] INFO:colcon.colcon_core.shell:Creating package script '/home/morita/ros2_ws/install/improved/share/improved/package.bash'
[1.910s] INFO:colcon.colcon_core.shell:Creating package script '/home/morita/ros2_ws/install/improved/share/improved/package.zsh'
[1.910s] Level 1:colcon.colcon_core.environment:create_file_with_runtime_dependencies(/home/morita/ros2_ws/install/improved/share/colcon-core/packages/improved)
[1.927s] Level 1:colcon.colcon_core.environment:create_environment_scripts_only(rasta)
[1.942s] Level 1:colcon.colcon_core.environment:checking '/home/morita/ros2_ws/install/rasta' for CMake module files
[1.942s] Level 1:colcon.colcon_core.environment:checking '/home/morita/ros2_ws/install/rasta' for CMake config files
[1.942s] Level 1:colcon.colcon_core.shell:create_environment_hook('rasta', 'cmake_prefix_path')
[1.956s] INFO:colcon.colcon_core.shell:Creating environment hook '/home/morita/ros2_ws/install/rasta/share/rasta/hook/cmake_prefix_path.ps1'
[1.957s] INFO:colcon.colcon_core.shell:Creating environment descriptor '/home/morita/ros2_ws/install/rasta/share/rasta/hook/cmake_prefix_path.dsv'
[1.957s] INFO:colcon.colcon_core.shell:Creating environment hook '/home/morita/ros2_ws/install/rasta/share/rasta/hook/cmake_prefix_path.sh'
[1.958s] Level 1:colcon.colcon_core.environment:checking '/home/morita/ros2_ws/install/rasta/lib'
[1.958s] Level 1:colcon.colcon_core.environment:checking '/home/morita/ros2_ws/install/rasta/bin'
[1.958s] Level 1:colcon.colcon_core.environment:checking '/home/morita/ros2_ws/install/rasta/lib/pkgconfig/rasta.pc'
[1.958s] Level 1:colcon.colcon_core.environment:checking '/home/morita/ros2_ws/install/rasta/lib/python3.10/site-packages'
[1.958s] Level 1:colcon.colcon_core.environment:checking '/home/morita/ros2_ws/install/rasta/bin'
[1.974s] INFO:colcon.colcon_core.shell:Creating package script '/home/morita/ros2_ws/install/rasta/share/rasta/package.ps1'
[1.974s] INFO:colcon.colcon_core.shell:Creating package descriptor '/home/morita/ros2_ws/install/rasta/share/rasta/package.dsv'
[1.975s] INFO:colcon.colcon_core.shell:Creating package script '/home/morita/ros2_ws/install/rasta/share/rasta/package.sh'
[1.975s] INFO:colcon.colcon_core.shell:Creating package script '/home/morita/ros2_ws/install/rasta/share/rasta/package.bash'
[1.976s] INFO:colcon.colcon_core.shell:Creating package script '/home/morita/ros2_ws/install/rasta/share/rasta/package.zsh'
[1.976s] Level 1:colcon.colcon_core.environment:create_file_with_runtime_dependencies(/home/morita/ros2_ws/install/rasta/share/colcon-core/packages/rasta)
[1.991s] Level 1:colcon.colcon_core.environment:create_environment_scripts_only(rectagletest)
[2.007s] Level 1:colcon.colcon_core.environment:checking '/home/morita/ros2_ws/install/rectagletest' for CMake module files
[2.007s] Level 1:colcon.colcon_core.environment:checking '/home/morita/ros2_ws/install/rectagletest' for CMake config files
[2.008s] Level 1:colcon.colcon_core.shell:create_environment_hook('rectagletest', 'cmake_prefix_path')
[2.022s] INFO:colcon.colcon_core.shell:Creating environment hook '/home/morita/ros2_ws/install/rectagletest/share/rectagletest/hook/cmake_prefix_path.ps1'
[2.023s] INFO:colcon.colcon_core.shell:Creating environment descriptor '/home/morita/ros2_ws/install/rectagletest/share/rectagletest/hook/cmake_prefix_path.dsv'
[2.023s] INFO:colcon.colcon_core.shell:Creating environment hook '/home/morita/ros2_ws/install/rectagletest/share/rectagletest/hook/cmake_prefix_path.sh'
[2.023s] Level 1:colcon.colcon_core.environment:checking '/home/morita/ros2_ws/install/rectagletest/lib'
[2.024s] Level 1:colcon.colcon_core.environment:checking '/home/morita/ros2_ws/install/rectagletest/bin'
[2.024s] Level 1:colcon.colcon_core.environment:checking '/home/morita/ros2_ws/install/rectagletest/lib/pkgconfig/rectagletest.pc'
[2.024s] Level 1:colcon.colcon_core.environment:checking '/home/morita/ros2_ws/install/rectagletest/lib/python3.10/site-packages'
[2.024s] Level 1:colcon.colcon_core.environment:checking '/home/morita/ros2_ws/install/rectagletest/bin'
[2.038s] INFO:colcon.colcon_core.shell:Creating package script '/home/morita/ros2_ws/install/rectagletest/share/rectagletest/package.ps1'
[2.038s] INFO:colcon.colcon_core.shell:Creating package descriptor '/home/morita/ros2_ws/install/rectagletest/share/rectagletest/package.dsv'
[2.038s] INFO:colcon.colcon_core.shell:Creating package script '/home/morita/ros2_ws/install/rectagletest/share/rectagletest/package.sh'
[2.039s] INFO:colcon.colcon_core.shell:Creating package script '/home/morita/ros2_ws/install/rectagletest/share/rectagletest/package.bash'
[2.039s] INFO:colcon.colcon_core.shell:Creating package script '/home/morita/ros2_ws/install/rectagletest/share/rectagletest/package.zsh'
[2.039s] Level 1:colcon.colcon_core.environment:create_file_with_runtime_dependencies(/home/morita/ros2_ws/install/rectagletest/share/colcon-core/packages/rectagletest)
[2.040s] DEBUG:colcon.colcon_parallel_executor.executor.parallel:closing loop
[2.040s] DEBUG:colcon.colcon_parallel_executor.executor.parallel:loop closed
[2.040s] DEBUG:colcon.colcon_parallel_executor.executor.parallel:run_until_complete finished with '0'
[2.040s] DEBUG:colcon.colcon_core.event_reactor:joining thread
[2.062s] INFO:colcon.colcon_core.plugin_system:Skipping extension 'colcon_notification.desktop_notification.terminal_notifier': Not used on non-Darwin systems
[2.062s] INFO:colcon.colcon_core.plugin_system:Skipping extension 'colcon_notification.desktop_notification.win32': Not used on non-Windows systems
[2.062s] INFO:colcon.colcon_notification.desktop_notification:Sending desktop notification using 'notify2'
[2.075s] DEBUG:colcon.colcon_core.event_reactor:joined thread
[2.091s] INFO:colcon.colcon_core.shell:Creating prefix script '/home/morita/ros2_ws/install/local_setup.ps1'
[2.091s] INFO:colcon.colcon_core.shell:Creating prefix util module '/home/morita/ros2_ws/install/_local_setup_util_ps1.py'
[2.093s] INFO:colcon.colcon_core.shell:Creating prefix chain script '/home/morita/ros2_ws/install/setup.ps1'
[2.108s] INFO:colcon.colcon_core.shell:Creating prefix script '/home/morita/ros2_ws/install/local_setup.sh'
[2.109s] INFO:colcon.colcon_core.shell:Creating prefix util module '/home/morita/ros2_ws/install/_local_setup_util_sh.py'
[2.109s] INFO:colcon.colcon_core.shell:Creating prefix chain script '/home/morita/ros2_ws/install/setup.sh'
[2.125s] INFO:colcon.colcon_core.shell:Creating prefix script '/home/morita/ros2_ws/install/local_setup.bash'
[2.126s] INFO:colcon.colcon_core.shell:Creating prefix chain script '/home/morita/ros2_ws/install/setup.bash'
[2.142s] INFO:colcon.colcon_core.shell:Creating prefix script '/home/morita/ros2_ws/install/local_setup.zsh'
[2.142s] INFO:colcon.colcon_core.shell:Creating prefix chain script '/home/morita/ros2_ws/install/setup.zsh'
