[0.959s] DEBUG:colcon:Command line arguments: ['/usr/bin/colcon', 'build']
[0.959s] DEBUG:colcon:Parsed command line arguments: Namespace(log_base=None, log_level=None, verb_name='build', build_base='build', install_base='install', merge_install=False, symlink_install=False, test_result_base=None, continue_on_error=False, executor='parallel', parallel_workers=8, event_handlers=None, ignore_user_meta=False, metas=['./colcon.meta'], base_paths=['.'], packages_ignore=None, packages_ignore_regex=None, paths=None, packages_up_to=None, packages_up_to_regex=None, packages_above=None, packages_above_and_dependencies=None, packages_above_depth=None, packages_select_by_dep=None, packages_skip_by_dep=None, packages_skip_up_to=None, packages_select_build_failed=False, packages_skip_build_finished=False, packages_select_test_failures=False, packages_skip_test_passed=False, packages_select=None, packages_skip=None, packages_select_regex=None, packages_skip_regex=None, packages_start=None, packages_end=None, allow_overriding=[], cmake_args=None, cmake_target=None, cmake_target_skip_unavailable=False, cmake_clean_cache=False, cmake_clean_first=False, cmake_force_configure=False, ament_cmake_args=None, catkin_cmake_args=None, catkin_skip_building_tests=False, verb_parser=<colcon_defaults.argument_parser.defaults.DefaultArgumentsDecorator object at 0x7f1b174e5630>, verb_extension=<colcon_core.verb.build.BuildVerb object at 0x7f1b174e51b0>, main=<bound method BuildVerb.main of <colcon_core.verb.build.BuildVerb object at 0x7f1b174e51b0>>)
[1.002s] Level 1:colcon.colcon_core.package_discovery:discover_packages(colcon_meta) check parameters
[1.002s] Level 1:colcon.colcon_core.package_discovery:discover_packages(recursive) check parameters
[1.063s] Level 1:colcon.colcon_core.package_discovery:discover_packages(ignore) check parameters
[1.063s] Level 1:colcon.colcon_core.package_discovery:discover_packages(path) check parameters
[1.063s] Level 1:colcon.colcon_core.package_discovery:discover_packages(colcon_meta) discover
[1.064s] Level 1:colcon.colcon_core.package_discovery:discover_packages(recursive) discover
[1.064s] INFO:colcon.colcon_core.package_discovery:Crawling recursively for packages in '/home/morita/ros2_ws'
[1.064s] Level 1:colcon.colcon_core.package_identification:_identify(.) by extensions ['ignore', 'ignore_ament_install']
[1.064s] Level 1:colcon.colcon_core.package_identification:_identify(.) by extension 'ignore'
[1.065s] Level 1:colcon.colcon_core.package_identification:_identify(.) by extension 'ignore_ament_install'
[1.065s] Level 1:colcon.colcon_core.package_identification:_identify(.) by extensions ['colcon_pkg']
[1.065s] Level 1:colcon.colcon_core.package_identification:_identify(.) by extension 'colcon_pkg'
[1.065s] Level 1:colcon.colcon_core.package_identification:_identify(.) by extensions ['colcon_meta']
[1.065s] Level 1:colcon.colcon_core.package_identification:_identify(.) by extension 'colcon_meta'
[1.065s] Level 1:colcon.colcon_core.package_identification:_identify(.) by extensions ['ros']
[1.065s] Level 1:colcon.colcon_core.package_identification:_identify(.) by extension 'ros'
[1.094s] Level 1:colcon.colcon_core.package_identification:_identify(.) by extensions ['cmake', 'python']
[1.094s] Level 1:colcon.colcon_core.package_identification:_identify(.) by extension 'cmake'
[1.095s] Level 1:colcon.colcon_core.package_identification:_identify(.) by extension 'python'
[1.095s] Level 1:colcon.colcon_core.package_identification:_identify(.) by extensions ['python_setup_py']
[1.095s] Level 1:colcon.colcon_core.package_identification:_identify(.) by extension 'python_setup_py'
[1.095s] Level 1:colcon.colcon_core.package_identification:_identify(CSV) by extensions ['ignore', 'ignore_ament_install']
[1.095s] Level 1:colcon.colcon_core.package_identification:_identify(CSV) by extension 'ignore'
[1.095s] Level 1:colcon.colcon_core.package_identification:_identify(CSV) by extension 'ignore_ament_install'
[1.095s] Level 1:colcon.colcon_core.package_identification:_identify(CSV) by extensions ['colcon_pkg']
[1.095s] Level 1:colcon.colcon_core.package_identification:_identify(CSV) by extension 'colcon_pkg'
[1.095s] Level 1:colcon.colcon_core.package_identification:_identify(CSV) by extensions ['colcon_meta']
[1.095s] Level 1:colcon.colcon_core.package_identification:_identify(CSV) by extension 'colcon_meta'
[1.095s] Level 1:colcon.colcon_core.package_identification:_identify(CSV) by extensions ['ros']
[1.096s] Level 1:colcon.colcon_core.package_identification:_identify(CSV) by extension 'ros'
[1.096s] Level 1:colcon.colcon_core.package_identification:_identify(CSV) by extensions ['cmake', 'python']
[1.096s] Level 1:colcon.colcon_core.package_identification:_identify(CSV) by extension 'cmake'
[1.096s] Level 1:colcon.colcon_core.package_identification:_identify(CSV) by extension 'python'
[1.096s] Level 1:colcon.colcon_core.package_identification:_identify(CSV) by extensions ['python_setup_py']
[1.096s] Level 1:colcon.colcon_core.package_identification:_identify(CSV) by extension 'python_setup_py'
[1.096s] Level 1:colcon.colcon_core.package_identification:_identify(Memo) by extensions ['ignore', 'ignore_ament_install']
[1.096s] Level 1:colcon.colcon_core.package_identification:_identify(Memo) by extension 'ignore'
[1.096s] Level 1:colcon.colcon_core.package_identification:_identify(Memo) by extension 'ignore_ament_install'
[1.096s] Level 1:colcon.colcon_core.package_identification:_identify(Memo) by extensions ['colcon_pkg']
[1.096s] Level 1:colcon.colcon_core.package_identification:_identify(Memo) by extension 'colcon_pkg'
[1.096s] Level 1:colcon.colcon_core.package_identification:_identify(Memo) by extensions ['colcon_meta']
[1.097s] Level 1:colcon.colcon_core.package_identification:_identify(Memo) by extension 'colcon_meta'
[1.097s] Level 1:colcon.colcon_core.package_identification:_identify(Memo) by extensions ['ros']
[1.097s] Level 1:colcon.colcon_core.package_identification:_identify(Memo) by extension 'ros'
[1.097s] Level 1:colcon.colcon_core.package_identification:_identify(Memo) by extensions ['cmake', 'python']
[1.097s] Level 1:colcon.colcon_core.package_identification:_identify(Memo) by extension 'cmake'
[1.097s] Level 1:colcon.colcon_core.package_identification:_identify(Memo) by extension 'python'
[1.097s] Level 1:colcon.colcon_core.package_identification:_identify(Memo) by extensions ['python_setup_py']
[1.097s] Level 1:colcon.colcon_core.package_identification:_identify(Memo) by extension 'python_setup_py'
[1.097s] Level 1:colcon.colcon_core.package_identification:_identify(Memo/reference) by extensions ['ignore', 'ignore_ament_install']
[1.097s] Level 1:colcon.colcon_core.package_identification:_identify(Memo/reference) by extension 'ignore'
[1.097s] Level 1:colcon.colcon_core.package_identification:_identify(Memo/reference) by extension 'ignore_ament_install'
[1.097s] Level 1:colcon.colcon_core.package_identification:_identify(Memo/reference) by extensions ['colcon_pkg']
[1.098s] Level 1:colcon.colcon_core.package_identification:_identify(Memo/reference) by extension 'colcon_pkg'
[1.098s] Level 1:colcon.colcon_core.package_identification:_identify(Memo/reference) by extensions ['colcon_meta']
[1.098s] Level 1:colcon.colcon_core.package_identification:_identify(Memo/reference) by extension 'colcon_meta'
[1.098s] Level 1:colcon.colcon_core.package_identification:_identify(Memo/reference) by extensions ['ros']
[1.098s] Level 1:colcon.colcon_core.package_identification:_identify(Memo/reference) by extension 'ros'
[1.098s] Level 1:colcon.colcon_core.package_identification:_identify(Memo/reference) by extensions ['cmake', 'python']
[1.098s] Level 1:colcon.colcon_core.package_identification:_identify(Memo/reference) by extension 'cmake'
[1.098s] Level 1:colcon.colcon_core.package_identification:_identify(Memo/reference) by extension 'python'
[1.098s] Level 1:colcon.colcon_core.package_identification:_identify(Memo/reference) by extensions ['python_setup_py']
[1.098s] Level 1:colcon.colcon_core.package_identification:_identify(Memo/reference) by extension 'python_setup_py'
[1.098s] Level 1:colcon.colcon_core.package_identification:_identify(Memo/setup) by extensions ['ignore', 'ignore_ament_install']
[1.098s] Level 1:colcon.colcon_core.package_identification:_identify(Memo/setup) by extension 'ignore'
[1.099s] Level 1:colcon.colcon_core.package_identification:_identify(Memo/setup) by extension 'ignore_ament_install'
[1.099s] Level 1:colcon.colcon_core.package_identification:_identify(Memo/setup) by extensions ['colcon_pkg']
[1.099s] Level 1:colcon.colcon_core.package_identification:_identify(Memo/setup) by extension 'colcon_pkg'
[1.099s] Level 1:colcon.colcon_core.package_identification:_identify(Memo/setup) by extensions ['colcon_meta']
[1.099s] Level 1:colcon.colcon_core.package_identification:_identify(Memo/setup) by extension 'colcon_meta'
[1.099s] Level 1:colcon.colcon_core.package_identification:_identify(Memo/setup) by extensions ['ros']
[1.099s] Level 1:colcon.colcon_core.package_identification:_identify(Memo/setup) by extension 'ros'
[1.099s] Level 1:colcon.colcon_core.package_identification:_identify(Memo/setup) by extensions ['cmake', 'python']
[1.099s] Level 1:colcon.colcon_core.package_identification:_identify(Memo/setup) by extension 'cmake'
[1.099s] Level 1:colcon.colcon_core.package_identification:_identify(Memo/setup) by extension 'python'
[1.099s] Level 1:colcon.colcon_core.package_identification:_identify(Memo/setup) by extensions ['python_setup_py']
[1.099s] Level 1:colcon.colcon_core.package_identification:_identify(Memo/setup) by extension 'python_setup_py'
[1.099s] Level 1:colcon.colcon_core.package_identification:_identify(Memo/tex) by extensions ['ignore', 'ignore_ament_install']
[1.100s] Level 1:colcon.colcon_core.package_identification:_identify(Memo/tex) by extension 'ignore'
[1.100s] Level 1:colcon.colcon_core.package_identification:_identify(Memo/tex) by extension 'ignore_ament_install'
[1.100s] Level 1:colcon.colcon_core.package_identification:_identify(Memo/tex) by extensions ['colcon_pkg']
[1.100s] Level 1:colcon.colcon_core.package_identification:_identify(Memo/tex) by extension 'colcon_pkg'
[1.100s] Level 1:colcon.colcon_core.package_identification:_identify(Memo/tex) by extensions ['colcon_meta']
[1.100s] Level 1:colcon.colcon_core.package_identification:_identify(Memo/tex) by extension 'colcon_meta'
[1.100s] Level 1:colcon.colcon_core.package_identification:_identify(Memo/tex) by extensions ['ros']
[1.100s] Level 1:colcon.colcon_core.package_identification:_identify(Memo/tex) by extension 'ros'
[1.100s] Level 1:colcon.colcon_core.package_identification:_identify(Memo/tex) by extensions ['cmake', 'python']
[1.100s] Level 1:colcon.colcon_core.package_identification:_identify(Memo/tex) by extension 'cmake'
[1.100s] Level 1:colcon.colcon_core.package_identification:_identify(Memo/tex) by extension 'python'
[1.100s] Level 1:colcon.colcon_core.package_identification:_identify(Memo/tex) by extensions ['python_setup_py']
[1.100s] Level 1:colcon.colcon_core.package_identification:_identify(Memo/tex) by extension 'python_setup_py'
[1.100s] Level 1:colcon.colcon_core.package_identification:_identify(Memo/tex/B4_morita) by extensions ['ignore', 'ignore_ament_install']
[1.101s] Level 1:colcon.colcon_core.package_identification:_identify(Memo/tex/B4_morita) by extension 'ignore'
[1.101s] Level 1:colcon.colcon_core.package_identification:_identify(Memo/tex/B4_morita) by extension 'ignore_ament_install'
[1.101s] Level 1:colcon.colcon_core.package_identification:_identify(Memo/tex/B4_morita) by extensions ['colcon_pkg']
[1.101s] Level 1:colcon.colcon_core.package_identification:_identify(Memo/tex/B4_morita) by extension 'colcon_pkg'
[1.101s] Level 1:colcon.colcon_core.package_identification:_identify(Memo/tex/B4_morita) by extensions ['colcon_meta']
[1.101s] Level 1:colcon.colcon_core.package_identification:_identify(Memo/tex/B4_morita) by extension 'colcon_meta'
[1.101s] Level 1:colcon.colcon_core.package_identification:_identify(Memo/tex/B4_morita) by extensions ['ros']
[1.101s] Level 1:colcon.colcon_core.package_identification:_identify(Memo/tex/B4_morita) by extension 'ros'
[1.101s] Level 1:colcon.colcon_core.package_identification:_identify(Memo/tex/B4_morita) by extensions ['cmake', 'python']
[1.101s] Level 1:colcon.colcon_core.package_identification:_identify(Memo/tex/B4_morita) by extension 'cmake'
[1.101s] Level 1:colcon.colcon_core.package_identification:_identify(Memo/tex/B4_morita) by extension 'python'
[1.101s] Level 1:colcon.colcon_core.package_identification:_identify(Memo/tex/B4_morita) by extensions ['python_setup_py']
[1.101s] Level 1:colcon.colcon_core.package_identification:_identify(Memo/tex/B4_morita) by extension 'python_setup_py'
[1.101s] Level 1:colcon.colcon_core.package_identification:_identify(Memo/tex/B4_morita/figures) by extensions ['ignore', 'ignore_ament_install']
[1.102s] Level 1:colcon.colcon_core.package_identification:_identify(Memo/tex/B4_morita/figures) by extension 'ignore'
[1.102s] Level 1:colcon.colcon_core.package_identification:_identify(Memo/tex/B4_morita/figures) by extension 'ignore_ament_install'
[1.102s] Level 1:colcon.colcon_core.package_identification:_identify(Memo/tex/B4_morita/figures) by extensions ['colcon_pkg']
[1.102s] Level 1:colcon.colcon_core.package_identification:_identify(Memo/tex/B4_morita/figures) by extension 'colcon_pkg'
[1.102s] Level 1:colcon.colcon_core.package_identification:_identify(Memo/tex/B4_morita/figures) by extensions ['colcon_meta']
[1.102s] Level 1:colcon.colcon_core.package_identification:_identify(Memo/tex/B4_morita/figures) by extension 'colcon_meta'
[1.102s] Level 1:colcon.colcon_core.package_identification:_identify(Memo/tex/B4_morita/figures) by extensions ['ros']
[1.102s] Level 1:colcon.colcon_core.package_identification:_identify(Memo/tex/B4_morita/figures) by extension 'ros'
[1.102s] Level 1:colcon.colcon_core.package_identification:_identify(Memo/tex/B4_morita/figures) by extensions ['cmake', 'python']
[1.102s] Level 1:colcon.colcon_core.package_identification:_identify(Memo/tex/B4_morita/figures) by extension 'cmake'
[1.102s] Level 1:colcon.colcon_core.package_identification:_identify(Memo/tex/B4_morita/figures) by extension 'python'
[1.102s] Level 1:colcon.colcon_core.package_identification:_identify(Memo/tex/B4_morita/figures) by extensions ['python_setup_py']
[1.102s] Level 1:colcon.colcon_core.package_identification:_identify(Memo/tex/B4_morita/figures) by extension 'python_setup_py'
[1.102s] Level 1:colcon.colcon_core.package_identification:_identify(Memo/tex/B4_morita/img) by extensions ['ignore', 'ignore_ament_install']
[1.103s] Level 1:colcon.colcon_core.package_identification:_identify(Memo/tex/B4_morita/img) by extension 'ignore'
[1.103s] Level 1:colcon.colcon_core.package_identification:_identify(Memo/tex/B4_morita/img) by extension 'ignore_ament_install'
[1.103s] Level 1:colcon.colcon_core.package_identification:_identify(Memo/tex/B4_morita/img) by extensions ['colcon_pkg']
[1.103s] Level 1:colcon.colcon_core.package_identification:_identify(Memo/tex/B4_morita/img) by extension 'colcon_pkg'
[1.103s] Level 1:colcon.colcon_core.package_identification:_identify(Memo/tex/B4_morita/img) by extensions ['colcon_meta']
[1.103s] Level 1:colcon.colcon_core.package_identification:_identify(Memo/tex/B4_morita/img) by extension 'colcon_meta'
[1.103s] Level 1:colcon.colcon_core.package_identification:_identify(Memo/tex/B4_morita/img) by extensions ['ros']
[1.103s] Level 1:colcon.colcon_core.package_identification:_identify(Memo/tex/B4_morita/img) by extension 'ros'
[1.103s] Level 1:colcon.colcon_core.package_identification:_identify(Memo/tex/B4_morita/img) by extensions ['cmake', 'python']
[1.103s] Level 1:colcon.colcon_core.package_identification:_identify(Memo/tex/B4_morita/img) by extension 'cmake'
[1.103s] Level 1:colcon.colcon_core.package_identification:_identify(Memo/tex/B4_morita/img) by extension 'python'
[1.103s] Level 1:colcon.colcon_core.package_identification:_identify(Memo/tex/B4_morita/img) by extensions ['python_setup_py']
[1.103s] Level 1:colcon.colcon_core.package_identification:_identify(Memo/tex/B4_morita/img) by extension 'python_setup_py'
[1.103s] Level 1:colcon.colcon_core.package_identification:_identify(Memo/tex/adrobo_abst) by extensions ['ignore', 'ignore_ament_install']
[1.103s] Level 1:colcon.colcon_core.package_identification:_identify(Memo/tex/adrobo_abst) by extension 'ignore'
[1.104s] Level 1:colcon.colcon_core.package_identification:_identify(Memo/tex/adrobo_abst) by extension 'ignore_ament_install'
[1.104s] Level 1:colcon.colcon_core.package_identification:_identify(Memo/tex/adrobo_abst) by extensions ['colcon_pkg']
[1.104s] Level 1:colcon.colcon_core.package_identification:_identify(Memo/tex/adrobo_abst) by extension 'colcon_pkg'
[1.104s] Level 1:colcon.colcon_core.package_identification:_identify(Memo/tex/adrobo_abst) by extensions ['colcon_meta']
[1.104s] Level 1:colcon.colcon_core.package_identification:_identify(Memo/tex/adrobo_abst) by extension 'colcon_meta'
[1.104s] Level 1:colcon.colcon_core.package_identification:_identify(Memo/tex/adrobo_abst) by extensions ['ros']
[1.104s] Level 1:colcon.colcon_core.package_identification:_identify(Memo/tex/adrobo_abst) by extension 'ros'
[1.104s] Level 1:colcon.colcon_core.package_identification:_identify(Memo/tex/adrobo_abst) by extensions ['cmake', 'python']
[1.104s] Level 1:colcon.colcon_core.package_identification:_identify(Memo/tex/adrobo_abst) by extension 'cmake'
[1.104s] Level 1:colcon.colcon_core.package_identification:_identify(Memo/tex/adrobo_abst) by extension 'python'
[1.104s] Level 1:colcon.colcon_core.package_identification:_identify(Memo/tex/adrobo_abst) by extensions ['python_setup_py']
[1.104s] Level 1:colcon.colcon_core.package_identification:_identify(Memo/tex/adrobo_abst) by extension 'python_setup_py'
[1.104s] Level 1:colcon.colcon_core.package_identification:_identify(Memo/tex/adrobo_abst/fig) by extensions ['ignore', 'ignore_ament_install']
[1.104s] Level 1:colcon.colcon_core.package_identification:_identify(Memo/tex/adrobo_abst/fig) by extension 'ignore'
[1.105s] Level 1:colcon.colcon_core.package_identification:_identify(Memo/tex/adrobo_abst/fig) by extension 'ignore_ament_install'
[1.105s] Level 1:colcon.colcon_core.package_identification:_identify(Memo/tex/adrobo_abst/fig) by extensions ['colcon_pkg']
[1.105s] Level 1:colcon.colcon_core.package_identification:_identify(Memo/tex/adrobo_abst/fig) by extension 'colcon_pkg'
[1.105s] Level 1:colcon.colcon_core.package_identification:_identify(Memo/tex/adrobo_abst/fig) by extensions ['colcon_meta']
[1.105s] Level 1:colcon.colcon_core.package_identification:_identify(Memo/tex/adrobo_abst/fig) by extension 'colcon_meta'
[1.105s] Level 1:colcon.colcon_core.package_identification:_identify(Memo/tex/adrobo_abst/fig) by extensions ['ros']
[1.105s] Level 1:colcon.colcon_core.package_identification:_identify(Memo/tex/adrobo_abst/fig) by extension 'ros'
[1.105s] Level 1:colcon.colcon_core.package_identification:_identify(Memo/tex/adrobo_abst/fig) by extensions ['cmake', 'python']
[1.105s] Level 1:colcon.colcon_core.package_identification:_identify(Memo/tex/adrobo_abst/fig) by extension 'cmake'
[1.105s] Level 1:colcon.colcon_core.package_identification:_identify(Memo/tex/adrobo_abst/fig) by extension 'python'
[1.105s] Level 1:colcon.colcon_core.package_identification:_identify(Memo/tex/adrobo_abst/fig) by extensions ['python_setup_py']
[1.105s] Level 1:colcon.colcon_core.package_identification:_identify(Memo/tex/adrobo_abst/fig) by extension 'python_setup_py'
[1.105s] Level 1:colcon.colcon_core.package_identification:_identify(Memo/tex/adrobo_abst/img) by extensions ['ignore', 'ignore_ament_install']
[1.105s] Level 1:colcon.colcon_core.package_identification:_identify(Memo/tex/adrobo_abst/img) by extension 'ignore'
[1.105s] Level 1:colcon.colcon_core.package_identification:_identify(Memo/tex/adrobo_abst/img) by extension 'ignore_ament_install'
[1.105s] Level 1:colcon.colcon_core.package_identification:_identify(Memo/tex/adrobo_abst/img) by extensions ['colcon_pkg']
[1.105s] Level 1:colcon.colcon_core.package_identification:_identify(Memo/tex/adrobo_abst/img) by extension 'colcon_pkg'
[1.106s] Level 1:colcon.colcon_core.package_identification:_identify(Memo/tex/adrobo_abst/img) by extensions ['colcon_meta']
[1.106s] Level 1:colcon.colcon_core.package_identification:_identify(Memo/tex/adrobo_abst/img) by extension 'colcon_meta'
[1.106s] Level 1:colcon.colcon_core.package_identification:_identify(Memo/tex/adrobo_abst/img) by extensions ['ros']
[1.106s] Level 1:colcon.colcon_core.package_identification:_identify(Memo/tex/adrobo_abst/img) by extension 'ros'
[1.106s] Level 1:colcon.colcon_core.package_identification:_identify(Memo/tex/adrobo_abst/img) by extensions ['cmake', 'python']
[1.106s] Level 1:colcon.colcon_core.package_identification:_identify(Memo/tex/adrobo_abst/img) by extension 'cmake'
[1.106s] Level 1:colcon.colcon_core.package_identification:_identify(Memo/tex/adrobo_abst/img) by extension 'python'
[1.106s] Level 1:colcon.colcon_core.package_identification:_identify(Memo/tex/adrobo_abst/img) by extensions ['python_setup_py']
[1.106s] Level 1:colcon.colcon_core.package_identification:_identify(Memo/tex/adrobo_abst/img) by extension 'python_setup_py'
[1.106s] Level 1:colcon.colcon_core.package_identification:_identify(Memo/tex/adrobo_abst/sty) by extensions ['ignore', 'ignore_ament_install']
[1.106s] Level 1:colcon.colcon_core.package_identification:_identify(Memo/tex/adrobo_abst/sty) by extension 'ignore'
[1.106s] Level 1:colcon.colcon_core.package_identification:_identify(Memo/tex/adrobo_abst/sty) by extension 'ignore_ament_install'
[1.106s] Level 1:colcon.colcon_core.package_identification:_identify(Memo/tex/adrobo_abst/sty) by extensions ['colcon_pkg']
[1.106s] Level 1:colcon.colcon_core.package_identification:_identify(Memo/tex/adrobo_abst/sty) by extension 'colcon_pkg'
[1.106s] Level 1:colcon.colcon_core.package_identification:_identify(Memo/tex/adrobo_abst/sty) by extensions ['colcon_meta']
[1.106s] Level 1:colcon.colcon_core.package_identification:_identify(Memo/tex/adrobo_abst/sty) by extension 'colcon_meta'
[1.106s] Level 1:colcon.colcon_core.package_identification:_identify(Memo/tex/adrobo_abst/sty) by extensions ['ros']
[1.107s] Level 1:colcon.colcon_core.package_identification:_identify(Memo/tex/adrobo_abst/sty) by extension 'ros'
[1.107s] Level 1:colcon.colcon_core.package_identification:_identify(Memo/tex/adrobo_abst/sty) by extensions ['cmake', 'python']
[1.107s] Level 1:colcon.colcon_core.package_identification:_identify(Memo/tex/adrobo_abst/sty) by extension 'cmake'
[1.107s] Level 1:colcon.colcon_core.package_identification:_identify(Memo/tex/adrobo_abst/sty) by extension 'python'
[1.107s] Level 1:colcon.colcon_core.package_identification:_identify(Memo/tex/adrobo_abst/sty) by extensions ['python_setup_py']
[1.107s] Level 1:colcon.colcon_core.package_identification:_identify(Memo/tex/adrobo_abst/sty) by extension 'python_setup_py'
[1.107s] Level 1:colcon.colcon_core.package_identification:_identify(Memo/tex/adrobo_abst/word) by extensions ['ignore', 'ignore_ament_install']
[1.107s] Level 1:colcon.colcon_core.package_identification:_identify(Memo/tex/adrobo_abst/word) by extension 'ignore'
[1.107s] Level 1:colcon.colcon_core.package_identification:_identify(Memo/tex/adrobo_abst/word) by extension 'ignore_ament_install'
[1.107s] Level 1:colcon.colcon_core.package_identification:_identify(Memo/tex/adrobo_abst/word) by extensions ['colcon_pkg']
[1.107s] Level 1:colcon.colcon_core.package_identification:_identify(Memo/tex/adrobo_abst/word) by extension 'colcon_pkg'
[1.107s] Level 1:colcon.colcon_core.package_identification:_identify(Memo/tex/adrobo_abst/word) by extensions ['colcon_meta']
[1.107s] Level 1:colcon.colcon_core.package_identification:_identify(Memo/tex/adrobo_abst/word) by extension 'colcon_meta'
[1.107s] Level 1:colcon.colcon_core.package_identification:_identify(Memo/tex/adrobo_abst/word) by extensions ['ros']
[1.107s] Level 1:colcon.colcon_core.package_identification:_identify(Memo/tex/adrobo_abst/word) by extension 'ros'
[1.107s] Level 1:colcon.colcon_core.package_identification:_identify(Memo/tex/adrobo_abst/word) by extensions ['cmake', 'python']
[1.107s] Level 1:colcon.colcon_core.package_identification:_identify(Memo/tex/adrobo_abst/word) by extension 'cmake'
[1.107s] Level 1:colcon.colcon_core.package_identification:_identify(Memo/tex/adrobo_abst/word) by extension 'python'
[1.108s] Level 1:colcon.colcon_core.package_identification:_identify(Memo/tex/adrobo_abst/word) by extensions ['python_setup_py']
[1.108s] Level 1:colcon.colcon_core.package_identification:_identify(Memo/tex/adrobo_abst/word) by extension 'python_setup_py'
[1.108s] Level 1:colcon.colcon_core.package_identification:_identify(Memo/tex/img) by extensions ['ignore', 'ignore_ament_install']
[1.108s] Level 1:colcon.colcon_core.package_identification:_identify(Memo/tex/img) by extension 'ignore'
[1.108s] Level 1:colcon.colcon_core.package_identification:_identify(Memo/tex/img) by extension 'ignore_ament_install'
[1.108s] Level 1:colcon.colcon_core.package_identification:_identify(Memo/tex/img) by extensions ['colcon_pkg']
[1.108s] Level 1:colcon.colcon_core.package_identification:_identify(Memo/tex/img) by extension 'colcon_pkg'
[1.108s] Level 1:colcon.colcon_core.package_identification:_identify(Memo/tex/img) by extensions ['colcon_meta']
[1.108s] Level 1:colcon.colcon_core.package_identification:_identify(Memo/tex/img) by extension 'colcon_meta'
[1.108s] Level 1:colcon.colcon_core.package_identification:_identify(Memo/tex/img) by extensions ['ros']
[1.108s] Level 1:colcon.colcon_core.package_identification:_identify(Memo/tex/img) by extension 'ros'
[1.108s] Level 1:colcon.colcon_core.package_identification:_identify(Memo/tex/img) by extensions ['cmake', 'python']
[1.108s] Level 1:colcon.colcon_core.package_identification:_identify(Memo/tex/img) by extension 'cmake'
[1.108s] Level 1:colcon.colcon_core.package_identification:_identify(Memo/tex/img) by extension 'python'
[1.108s] Level 1:colcon.colcon_core.package_identification:_identify(Memo/tex/img) by extensions ['python_setup_py']
[1.108s] Level 1:colcon.colcon_core.package_identification:_identify(Memo/tex/img) by extension 'python_setup_py'
[1.109s] Level 1:colcon.colcon_core.package_identification:_identify(build) by extensions ['ignore', 'ignore_ament_install']
[1.109s] Level 1:colcon.colcon_core.package_identification:_identify(build) by extension 'ignore'
[1.109s] Level 1:colcon.colcon_core.package_identification:_identify(build) ignored
[1.109s] Level 1:colcon.colcon_core.package_identification:_identify(image) by extensions ['ignore', 'ignore_ament_install']
[1.109s] Level 1:colcon.colcon_core.package_identification:_identify(image) by extension 'ignore'
[1.109s] Level 1:colcon.colcon_core.package_identification:_identify(image) by extension 'ignore_ament_install'
[1.109s] Level 1:colcon.colcon_core.package_identification:_identify(image) by extensions ['colcon_pkg']
[1.109s] Level 1:colcon.colcon_core.package_identification:_identify(image) by extension 'colcon_pkg'
[1.109s] Level 1:colcon.colcon_core.package_identification:_identify(image) by extensions ['colcon_meta']
[1.109s] Level 1:colcon.colcon_core.package_identification:_identify(image) by extension 'colcon_meta'
[1.109s] Level 1:colcon.colcon_core.package_identification:_identify(image) by extensions ['ros']
[1.109s] Level 1:colcon.colcon_core.package_identification:_identify(image) by extension 'ros'
[1.109s] Level 1:colcon.colcon_core.package_identification:_identify(image) by extensions ['cmake', 'python']
[1.109s] Level 1:colcon.colcon_core.package_identification:_identify(image) by extension 'cmake'
[1.109s] Level 1:colcon.colcon_core.package_identification:_identify(image) by extension 'python'
[1.109s] Level 1:colcon.colcon_core.package_identification:_identify(image) by extensions ['python_setup_py']
[1.110s] Level 1:colcon.colcon_core.package_identification:_identify(image) by extension 'python_setup_py'
[1.110s] Level 1:colcon.colcon_core.package_identification:_identify(image/build) by extensions ['ignore', 'ignore_ament_install']
[1.110s] Level 1:colcon.colcon_core.package_identification:_identify(image/build) by extension 'ignore'
[1.110s] Level 1:colcon.colcon_core.package_identification:_identify(image/build) ignored
[1.110s] Level 1:colcon.colcon_core.package_identification:_identify(image/install) by extensions ['ignore', 'ignore_ament_install']
[1.110s] Level 1:colcon.colcon_core.package_identification:_identify(image/install) by extension 'ignore'
[1.110s] Level 1:colcon.colcon_core.package_identification:_identify(image/install) ignored
[1.110s] Level 1:colcon.colcon_core.package_identification:_identify(image/log) by extensions ['ignore', 'ignore_ament_install']
[1.110s] Level 1:colcon.colcon_core.package_identification:_identify(image/log) by extension 'ignore'
[1.110s] Level 1:colcon.colcon_core.package_identification:_identify(image/log) ignored
[1.110s] Level 1:colcon.colcon_core.package_identification:_identify(image/output) by extensions ['ignore', 'ignore_ament_install']
[1.110s] Level 1:colcon.colcon_core.package_identification:_identify(image/output) by extension 'ignore'
[1.110s] Level 1:colcon.colcon_core.package_identification:_identify(image/output) by extension 'ignore_ament_install'
[1.111s] Level 1:colcon.colcon_core.package_identification:_identify(image/output) by extensions ['colcon_pkg']
[1.111s] Level 1:colcon.colcon_core.package_identification:_identify(image/output) by extension 'colcon_pkg'
[1.111s] Level 1:colcon.colcon_core.package_identification:_identify(image/output) by extensions ['colcon_meta']
[1.111s] Level 1:colcon.colcon_core.package_identification:_identify(image/output) by extension 'colcon_meta'
[1.111s] Level 1:colcon.colcon_core.package_identification:_identify(image/output) by extensions ['ros']
[1.111s] Level 1:colcon.colcon_core.package_identification:_identify(image/output) by extension 'ros'
[1.111s] Level 1:colcon.colcon_core.package_identification:_identify(image/output) by extensions ['cmake', 'python']
[1.111s] Level 1:colcon.colcon_core.package_identification:_identify(image/output) by extension 'cmake'
[1.111s] Level 1:colcon.colcon_core.package_identification:_identify(image/output) by extension 'python'
[1.111s] Level 1:colcon.colcon_core.package_identification:_identify(image/output) by extensions ['python_setup_py']
[1.111s] Level 1:colcon.colcon_core.package_identification:_identify(image/output) by extension 'python_setup_py'
[1.111s] Level 1:colcon.colcon_core.package_identification:_identify(image/output/mypkg) by extensions ['ignore', 'ignore_ament_install']
[1.111s] Level 1:colcon.colcon_core.package_identification:_identify(image/output/mypkg) by extension 'ignore'
[1.111s] Level 1:colcon.colcon_core.package_identification:_identify(image/output/mypkg) by extension 'ignore_ament_install'
[1.111s] Level 1:colcon.colcon_core.package_identification:_identify(image/output/mypkg) by extensions ['colcon_pkg']
[1.111s] Level 1:colcon.colcon_core.package_identification:_identify(image/output/mypkg) by extension 'colcon_pkg'
[1.111s] Level 1:colcon.colcon_core.package_identification:_identify(image/output/mypkg) by extensions ['colcon_meta']
[1.111s] Level 1:colcon.colcon_core.package_identification:_identify(image/output/mypkg) by extension 'colcon_meta'
[1.111s] Level 1:colcon.colcon_core.package_identification:_identify(image/output/mypkg) by extensions ['ros']
[1.112s] Level 1:colcon.colcon_core.package_identification:_identify(image/output/mypkg) by extension 'ros'
[1.112s] Level 1:colcon.colcon_core.package_identification:_identify(image/output/mypkg) by extensions ['cmake', 'python']
[1.112s] Level 1:colcon.colcon_core.package_identification:_identify(image/output/mypkg) by extension 'cmake'
[1.112s] Level 1:colcon.colcon_core.package_identification:_identify(image/output/mypkg) by extension 'python'
[1.112s] Level 1:colcon.colcon_core.package_identification:_identify(image/output/mypkg) by extensions ['python_setup_py']
[1.112s] Level 1:colcon.colcon_core.package_identification:_identify(image/output/mypkg) by extension 'python_setup_py'
[1.112s] Level 1:colcon.colcon_core.package_identification:_identify(image/output/simple_drawing) by extensions ['ignore', 'ignore_ament_install']
[1.112s] Level 1:colcon.colcon_core.package_identification:_identify(image/output/simple_drawing) by extension 'ignore'
[1.112s] Level 1:colcon.colcon_core.package_identification:_identify(image/output/simple_drawing) by extension 'ignore_ament_install'
[1.112s] Level 1:colcon.colcon_core.package_identification:_identify(image/output/simple_drawing) by extensions ['colcon_pkg']
[1.112s] Level 1:colcon.colcon_core.package_identification:_identify(image/output/simple_drawing) by extension 'colcon_pkg'
[1.112s] Level 1:colcon.colcon_core.package_identification:_identify(image/output/simple_drawing) by extensions ['colcon_meta']
[1.112s] Level 1:colcon.colcon_core.package_identification:_identify(image/output/simple_drawing) by extension 'colcon_meta'
[1.112s] Level 1:colcon.colcon_core.package_identification:_identify(image/output/simple_drawing) by extensions ['ros']
[1.112s] Level 1:colcon.colcon_core.package_identification:_identify(image/output/simple_drawing) by extension 'ros'
[1.112s] Level 1:colcon.colcon_core.package_identification:_identify(image/output/simple_drawing) by extensions ['cmake', 'python']
[1.112s] Level 1:colcon.colcon_core.package_identification:_identify(image/output/simple_drawing) by extension 'cmake'
[1.112s] Level 1:colcon.colcon_core.package_identification:_identify(image/output/simple_drawing) by extension 'python'
[1.112s] Level 1:colcon.colcon_core.package_identification:_identify(image/output/simple_drawing) by extensions ['python_setup_py']
[1.112s] Level 1:colcon.colcon_core.package_identification:_identify(image/output/simple_drawing) by extension 'python_setup_py'
[1.113s] Level 1:colcon.colcon_core.package_identification:_identify(install) by extensions ['ignore', 'ignore_ament_install']
[1.113s] Level 1:colcon.colcon_core.package_identification:_identify(install) by extension 'ignore'
[1.113s] Level 1:colcon.colcon_core.package_identification:_identify(install) ignored
[1.113s] Level 1:colcon.colcon_core.package_identification:_identify(log) by extensions ['ignore', 'ignore_ament_install']
[1.113s] Level 1:colcon.colcon_core.package_identification:_identify(log) by extension 'ignore'
[1.113s] Level 1:colcon.colcon_core.package_identification:_identify(log) ignored
[1.113s] Level 1:colcon.colcon_core.package_identification:_identify(output) by extensions ['ignore', 'ignore_ament_install']
[1.113s] Level 1:colcon.colcon_core.package_identification:_identify(output) by extension 'ignore'
[1.113s] Level 1:colcon.colcon_core.package_identification:_identify(output) by extension 'ignore_ament_install'
[1.113s] Level 1:colcon.colcon_core.package_identification:_identify(output) by extensions ['colcon_pkg']
[1.113s] Level 1:colcon.colcon_core.package_identification:_identify(output) by extension 'colcon_pkg'
[1.113s] Level 1:colcon.colcon_core.package_identification:_identify(output) by extensions ['colcon_meta']
[1.113s] Level 1:colcon.colcon_core.package_identification:_identify(output) by extension 'colcon_meta'
[1.113s] Level 1:colcon.colcon_core.package_identification:_identify(output) by extensions ['ros']
[1.113s] Level 1:colcon.colcon_core.package_identification:_identify(output) by extension 'ros'
[1.114s] Level 1:colcon.colcon_core.package_identification:_identify(output) by extensions ['cmake', 'python']
[1.114s] Level 1:colcon.colcon_core.package_identification:_identify(output) by extension 'cmake'
[1.114s] Level 1:colcon.colcon_core.package_identification:_identify(output) by extension 'python'
[1.114s] Level 1:colcon.colcon_core.package_identification:_identify(output) by extensions ['python_setup_py']
[1.114s] Level 1:colcon.colcon_core.package_identification:_identify(output) by extension 'python_setup_py'
[1.114s] Level 1:colcon.colcon_core.package_identification:_identify(output/route) by extensions ['ignore', 'ignore_ament_install']
[1.114s] Level 1:colcon.colcon_core.package_identification:_identify(output/route) by extension 'ignore'
[1.114s] Level 1:colcon.colcon_core.package_identification:_identify(output/route) by extension 'ignore_ament_install'
[1.114s] Level 1:colcon.colcon_core.package_identification:_identify(output/route) by extensions ['colcon_pkg']
[1.114s] Level 1:colcon.colcon_core.package_identification:_identify(output/route) by extension 'colcon_pkg'
[1.114s] Level 1:colcon.colcon_core.package_identification:_identify(output/route) by extensions ['colcon_meta']
[1.114s] Level 1:colcon.colcon_core.package_identification:_identify(output/route) by extension 'colcon_meta'
[1.114s] Level 1:colcon.colcon_core.package_identification:_identify(output/route) by extensions ['ros']
[1.114s] Level 1:colcon.colcon_core.package_identification:_identify(output/route) by extension 'ros'
[1.114s] Level 1:colcon.colcon_core.package_identification:_identify(output/route) by extensions ['cmake', 'python']
[1.114s] Level 1:colcon.colcon_core.package_identification:_identify(output/route) by extension 'cmake'
[1.114s] Level 1:colcon.colcon_core.package_identification:_identify(output/route) by extension 'python'
[1.114s] Level 1:colcon.colcon_core.package_identification:_identify(output/route) by extensions ['python_setup_py']
[1.114s] Level 1:colcon.colcon_core.package_identification:_identify(output/route) by extension 'python_setup_py'
[1.115s] Level 1:colcon.colcon_core.package_identification:_identify(scripts) by extensions ['ignore', 'ignore_ament_install']
[1.115s] Level 1:colcon.colcon_core.package_identification:_identify(scripts) by extension 'ignore'
[1.115s] Level 1:colcon.colcon_core.package_identification:_identify(scripts) by extension 'ignore_ament_install'
[1.115s] Level 1:colcon.colcon_core.package_identification:_identify(scripts) by extensions ['colcon_pkg']
[1.115s] Level 1:colcon.colcon_core.package_identification:_identify(scripts) by extension 'colcon_pkg'
[1.115s] Level 1:colcon.colcon_core.package_identification:_identify(scripts) by extensions ['colcon_meta']
[1.115s] Level 1:colcon.colcon_core.package_identification:_identify(scripts) by extension 'colcon_meta'
[1.115s] Level 1:colcon.colcon_core.package_identification:_identify(scripts) by extensions ['ros']
[1.115s] Level 1:colcon.colcon_core.package_identification:_identify(scripts) by extension 'ros'
[1.115s] Level 1:colcon.colcon_core.package_identification:_identify(scripts) by extensions ['cmake', 'python']
[1.115s] Level 1:colcon.colcon_core.package_identification:_identify(scripts) by extension 'cmake'
[1.115s] Level 1:colcon.colcon_core.package_identification:_identify(scripts) by extension 'python'
[1.115s] Level 1:colcon.colcon_core.package_identification:_identify(scripts) by extensions ['python_setup_py']
[1.115s] Level 1:colcon.colcon_core.package_identification:_identify(scripts) by extension 'python_setup_py'
[1.115s] Level 1:colcon.colcon_core.package_identification:_identify(scripts/tmp_code) by extensions ['ignore', 'ignore_ament_install']
[1.115s] Level 1:colcon.colcon_core.package_identification:_identify(scripts/tmp_code) by extension 'ignore'
[1.115s] Level 1:colcon.colcon_core.package_identification:_identify(scripts/tmp_code) by extension 'ignore_ament_install'
[1.115s] Level 1:colcon.colcon_core.package_identification:_identify(scripts/tmp_code) by extensions ['colcon_pkg']
[1.115s] Level 1:colcon.colcon_core.package_identification:_identify(scripts/tmp_code) by extension 'colcon_pkg'
[1.115s] Level 1:colcon.colcon_core.package_identification:_identify(scripts/tmp_code) by extensions ['colcon_meta']
[1.115s] Level 1:colcon.colcon_core.package_identification:_identify(scripts/tmp_code) by extension 'colcon_meta'
[1.116s] Level 1:colcon.colcon_core.package_identification:_identify(scripts/tmp_code) by extensions ['ros']
[1.116s] Level 1:colcon.colcon_core.package_identification:_identify(scripts/tmp_code) by extension 'ros'
[1.116s] Level 1:colcon.colcon_core.package_identification:_identify(scripts/tmp_code) by extensions ['cmake', 'python']
[1.116s] Level 1:colcon.colcon_core.package_identification:_identify(scripts/tmp_code) by extension 'cmake'
[1.116s] Level 1:colcon.colcon_core.package_identification:_identify(scripts/tmp_code) by extension 'python'
[1.116s] Level 1:colcon.colcon_core.package_identification:_identify(scripts/tmp_code) by extensions ['python_setup_py']
[1.116s] Level 1:colcon.colcon_core.package_identification:_identify(scripts/tmp_code) by extension 'python_setup_py'
[1.116s] Level 1:colcon.colcon_core.package_identification:_identify(src) by extensions ['ignore', 'ignore_ament_install']
[1.116s] Level 1:colcon.colcon_core.package_identification:_identify(src) by extension 'ignore'
[1.116s] Level 1:colcon.colcon_core.package_identification:_identify(src) by extension 'ignore_ament_install'
[1.116s] Level 1:colcon.colcon_core.package_identification:_identify(src) by extensions ['colcon_pkg']
[1.116s] Level 1:colcon.colcon_core.package_identification:_identify(src) by extension 'colcon_pkg'
[1.116s] Level 1:colcon.colcon_core.package_identification:_identify(src) by extensions ['colcon_meta']
[1.116s] Level 1:colcon.colcon_core.package_identification:_identify(src) by extension 'colcon_meta'
[1.116s] Level 1:colcon.colcon_core.package_identification:_identify(src) by extensions ['ros']
[1.116s] Level 1:colcon.colcon_core.package_identification:_identify(src) by extension 'ros'
[1.116s] Level 1:colcon.colcon_core.package_identification:_identify(src) by extensions ['cmake', 'python']
[1.116s] Level 1:colcon.colcon_core.package_identification:_identify(src) by extension 'cmake'
[1.116s] Level 1:colcon.colcon_core.package_identification:_identify(src) by extension 'python'
[1.116s] Level 1:colcon.colcon_core.package_identification:_identify(src) by extensions ['python_setup_py']
[1.116s] Level 1:colcon.colcon_core.package_identification:_identify(src) by extension 'python_setup_py'
[1.117s] Level 1:colcon.colcon_core.package_identification:_identify(src/improved) by extensions ['ignore', 'ignore_ament_install']
[1.117s] Level 1:colcon.colcon_core.package_identification:_identify(src/improved) by extension 'ignore'
[1.117s] Level 1:colcon.colcon_core.package_identification:_identify(src/improved) by extension 'ignore_ament_install'
[1.117s] Level 1:colcon.colcon_core.package_identification:_identify(src/improved) by extensions ['colcon_pkg']
[1.117s] Level 1:colcon.colcon_core.package_identification:_identify(src/improved) by extension 'colcon_pkg'
[1.117s] Level 1:colcon.colcon_core.package_identification:_identify(src/improved) by extensions ['colcon_meta']
[1.117s] Level 1:colcon.colcon_core.package_identification:_identify(src/improved) by extension 'colcon_meta'
[1.117s] Level 1:colcon.colcon_core.package_identification:_identify(src/improved) by extensions ['ros']
[1.117s] Level 1:colcon.colcon_core.package_identification:_identify(src/improved) by extension 'ros'
[1.120s] DEBUG:colcon.colcon_core.package_identification:Package 'src/improved' with type 'ros.ament_cmake' and name 'improved'
[1.120s] Level 1:colcon.colcon_core.package_identification:_identify(src/mypkg) by extensions ['ignore', 'ignore_ament_install']
[1.120s] Level 1:colcon.colcon_core.package_identification:_identify(src/mypkg) by extension 'ignore'
[1.120s] Level 1:colcon.colcon_core.package_identification:_identify(src/mypkg) by extension 'ignore_ament_install'
[1.120s] Level 1:colcon.colcon_core.package_identification:_identify(src/mypkg) by extensions ['colcon_pkg']
[1.120s] Level 1:colcon.colcon_core.package_identification:_identify(src/mypkg) by extension 'colcon_pkg'
[1.120s] Level 1:colcon.colcon_core.package_identification:_identify(src/mypkg) by extensions ['colcon_meta']
[1.120s] Level 1:colcon.colcon_core.package_identification:_identify(src/mypkg) by extension 'colcon_meta'
[1.120s] Level 1:colcon.colcon_core.package_identification:_identify(src/mypkg) by extensions ['ros']
[1.120s] Level 1:colcon.colcon_core.package_identification:_identify(src/mypkg) by extension 'ros'
[1.121s] DEBUG:colcon.colcon_core.package_identification:Package 'src/mypkg' with type 'ros.ament_cmake' and name 'mypkg'
[1.121s] Level 1:colcon.colcon_core.package_identification:_identify(src/rasta) by extensions ['ignore', 'ignore_ament_install']
[1.121s] Level 1:colcon.colcon_core.package_identification:_identify(src/rasta) by extension 'ignore'
[1.121s] Level 1:colcon.colcon_core.package_identification:_identify(src/rasta) by extension 'ignore_ament_install'
[1.121s] Level 1:colcon.colcon_core.package_identification:_identify(src/rasta) by extensions ['colcon_pkg']
[1.121s] Level 1:colcon.colcon_core.package_identification:_identify(src/rasta) by extension 'colcon_pkg'
[1.122s] Level 1:colcon.colcon_core.package_identification:_identify(src/rasta) by extensions ['colcon_meta']
[1.122s] Level 1:colcon.colcon_core.package_identification:_identify(src/rasta) by extension 'colcon_meta'
[1.122s] Level 1:colcon.colcon_core.package_identification:_identify(src/rasta) by extensions ['ros']
[1.122s] Level 1:colcon.colcon_core.package_identification:_identify(src/rasta) by extension 'ros'
[1.122s] DEBUG:colcon.colcon_core.package_identification:Package 'src/rasta' with type 'ros.ament_cmake' and name 'rasta'
[1.123s] Level 1:colcon.colcon_core.package_identification:_identify(src/rectagletest) by extensions ['ignore', 'ignore_ament_install']
[1.123s] Level 1:colcon.colcon_core.package_identification:_identify(src/rectagletest) by extension 'ignore'
[1.123s] Level 1:colcon.colcon_core.package_identification:_identify(src/rectagletest) by extension 'ignore_ament_install'
[1.123s] Level 1:colcon.colcon_core.package_identification:_identify(src/rectagletest) by extensions ['colcon_pkg']
[1.123s] Level 1:colcon.colcon_core.package_identification:_identify(src/rectagletest) by extension 'colcon_pkg'
[1.123s] Level 1:colcon.colcon_core.package_identification:_identify(src/rectagletest) by extensions ['colcon_meta']
[1.123s] Level 1:colcon.colcon_core.package_identification:_identify(src/rectagletest) by extension 'colcon_meta'
[1.123s] Level 1:colcon.colcon_core.package_identification:_identify(src/rectagletest) by extensions ['ros']
[1.123s] Level 1:colcon.colcon_core.package_identification:_identify(src/rectagletest) by extension 'ros'
[1.124s] DEBUG:colcon.colcon_core.package_identification:Package 'src/rectagletest' with type 'ros.ament_cmake' and name 'rectagletest'
[1.124s] Level 1:colcon.colcon_core.package_discovery:discover_packages(recursive) using defaults
[1.124s] Level 1:colcon.colcon_core.package_discovery:discover_packages(ignore) discover
[1.124s] Level 1:colcon.colcon_core.package_discovery:discover_packages(ignore) using defaults
[1.124s] Level 1:colcon.colcon_core.package_discovery:discover_packages(path) discover
[1.124s] Level 1:colcon.colcon_core.package_discovery:discover_packages(path) using defaults
[1.215s] Level 1:colcon.colcon_core.package_discovery:discover_packages(prefix_path) check parameters
[1.215s] Level 1:colcon.colcon_core.package_discovery:discover_packages(prefix_path) discover
[1.243s] DEBUG:colcon.colcon_installed_package_information.package_discovery:Found 4 installed packages in /home/morita/ros2_ws/install
[1.258s] DEBUG:colcon.colcon_installed_package_information.package_discovery:Found 270 installed packages in /opt/ros/humble
[1.259s] Level 1:colcon.colcon_core.package_discovery:discover_packages(prefix_path) using defaults
[1.356s] Level 5:colcon.colcon_core.verb:set package 'improved' build argument 'cmake_args' from command line to 'None'
[1.356s] Level 5:colcon.colcon_core.verb:set package 'improved' build argument 'cmake_target' from command line to 'None'
[1.356s] Level 5:colcon.colcon_core.verb:set package 'improved' build argument 'cmake_target_skip_unavailable' from command line to 'False'
[1.356s] Level 5:colcon.colcon_core.verb:set package 'improved' build argument 'cmake_clean_cache' from command line to 'False'
[1.356s] Level 5:colcon.colcon_core.verb:set package 'improved' build argument 'cmake_clean_first' from command line to 'False'
[1.356s] Level 5:colcon.colcon_core.verb:set package 'improved' build argument 'cmake_force_configure' from command line to 'False'
[1.356s] Level 5:colcon.colcon_core.verb:set package 'improved' build argument 'ament_cmake_args' from command line to 'None'
[1.356s] Level 5:colcon.colcon_core.verb:set package 'improved' build argument 'catkin_cmake_args' from command line to 'None'
[1.356s] Level 5:colcon.colcon_core.verb:set package 'improved' build argument 'catkin_skip_building_tests' from command line to 'False'
[1.356s] DEBUG:colcon.colcon_core.verb:Building package 'improved' with the following arguments: {'ament_cmake_args': None, 'build_base': '/home/morita/ros2_ws/build/improved', 'catkin_cmake_args': None, 'catkin_skip_building_tests': False, 'cmake_args': None, 'cmake_clean_cache': False, 'cmake_clean_first': False, 'cmake_force_configure': False, 'cmake_target': None, 'cmake_target_skip_unavailable': False, 'install_base': '/home/morita/ros2_ws/install/improved', 'merge_install': False, 'path': '/home/morita/ros2_ws/src/improved', 'symlink_install': False, 'test_result_base': None}
[1.370s] Level 5:colcon.colcon_core.verb:set package 'mypkg' build argument 'cmake_args' from command line to 'None'
[1.370s] Level 5:colcon.colcon_core.verb:set package 'mypkg' build argument 'cmake_target' from command line to 'None'
[1.370s] Level 5:colcon.colcon_core.verb:set package 'mypkg' build argument 'cmake_target_skip_unavailable' from command line to 'False'
[1.370s] Level 5:colcon.colcon_core.verb:set package 'mypkg' build argument 'cmake_clean_cache' from command line to 'False'
[1.370s] Level 5:colcon.colcon_core.verb:set package 'mypkg' build argument 'cmake_clean_first' from command line to 'False'
[1.370s] Level 5:colcon.colcon_core.verb:set package 'mypkg' build argument 'cmake_force_configure' from command line to 'False'
[1.370s] Level 5:colcon.colcon_core.verb:set package 'mypkg' build argument 'ament_cmake_args' from command line to 'None'
[1.370s] Level 5:colcon.colcon_core.verb:set package 'mypkg' build argument 'catkin_cmake_args' from command line to 'None'
[1.370s] Level 5:colcon.colcon_core.verb:set package 'mypkg' build argument 'catkin_skip_building_tests' from command line to 'False'
[1.370s] DEBUG:colcon.colcon_core.verb:Building package 'mypkg' with the following arguments: {'ament_cmake_args': None, 'build_base': '/home/morita/ros2_ws/build/mypkg', 'catkin_cmake_args': None, 'catkin_skip_building_tests': False, 'cmake_args': None, 'cmake_clean_cache': False, 'cmake_clean_first': False, 'cmake_force_configure': False, 'cmake_target': None, 'cmake_target_skip_unavailable': False, 'install_base': '/home/morita/ros2_ws/install/mypkg', 'merge_install': False, 'path': '/home/morita/ros2_ws/src/mypkg', 'symlink_install': False, 'test_result_base': None}
[1.384s] Level 5:colcon.colcon_core.verb:set package 'rasta' build argument 'cmake_args' from command line to 'None'
[1.384s] Level 5:colcon.colcon_core.verb:set package 'rasta' build argument 'cmake_target' from command line to 'None'
[1.384s] Level 5:colcon.colcon_core.verb:set package 'rasta' build argument 'cmake_target_skip_unavailable' from command line to 'False'
[1.384s] Level 5:colcon.colcon_core.verb:set package 'rasta' build argument 'cmake_clean_cache' from command line to 'False'
[1.384s] Level 5:colcon.colcon_core.verb:set package 'rasta' build argument 'cmake_clean_first' from command line to 'False'
[1.384s] Level 5:colcon.colcon_core.verb:set package 'rasta' build argument 'cmake_force_configure' from command line to 'False'
[1.384s] Level 5:colcon.colcon_core.verb:set package 'rasta' build argument 'ament_cmake_args' from command line to 'None'
[1.384s] Level 5:colcon.colcon_core.verb:set package 'rasta' build argument 'catkin_cmake_args' from command line to 'None'
[1.384s] Level 5:colcon.colcon_core.verb:set package 'rasta' build argument 'catkin_skip_building_tests' from command line to 'False'
[1.384s] DEBUG:colcon.colcon_core.verb:Building package 'rasta' with the following arguments: {'ament_cmake_args': None, 'build_base': '/home/morita/ros2_ws/build/rasta', 'catkin_cmake_args': None, 'catkin_skip_building_tests': False, 'cmake_args': None, 'cmake_clean_cache': False, 'cmake_clean_first': False, 'cmake_force_configure': False, 'cmake_target': None, 'cmake_target_skip_unavailable': False, 'install_base': '/home/morita/ros2_ws/install/rasta', 'merge_install': False, 'path': '/home/morita/ros2_ws/src/rasta', 'symlink_install': False, 'test_result_base': None}
[1.398s] Level 5:colcon.colcon_core.verb:set package 'rectagletest' build argument 'cmake_args' from command line to 'None'
[1.398s] Level 5:colcon.colcon_core.verb:set package 'rectagletest' build argument 'cmake_target' from command line to 'None'
[1.398s] Level 5:colcon.colcon_core.verb:set package 'rectagletest' build argument 'cmake_target_skip_unavailable' from command line to 'False'
[1.398s] Level 5:colcon.colcon_core.verb:set package 'rectagletest' build argument 'cmake_clean_cache' from command line to 'False'
[1.398s] Level 5:colcon.colcon_core.verb:set package 'rectagletest' build argument 'cmake_clean_first' from command line to 'False'
[1.398s] Level 5:colcon.colcon_core.verb:set package 'rectagletest' build argument 'cmake_force_configure' from command line to 'False'
[1.398s] Level 5:colcon.colcon_core.verb:set package 'rectagletest' build argument 'ament_cmake_args' from command line to 'None'
[1.398s] Level 5:colcon.colcon_core.verb:set package 'rectagletest' build argument 'catkin_cmake_args' from command line to 'None'
[1.398s] Level 5:colcon.colcon_core.verb:set package 'rectagletest' build argument 'catkin_skip_building_tests' from command line to 'False'
[1.398s] DEBUG:colcon.colcon_core.verb:Building package 'rectagletest' with the following arguments: {'ament_cmake_args': None, 'build_base': '/home/morita/ros2_ws/build/rectagletest', 'catkin_cmake_args': None, 'catkin_skip_building_tests': False, 'cmake_args': None, 'cmake_clean_cache': False, 'cmake_clean_first': False, 'cmake_force_configure': False, 'cmake_target': None, 'cmake_target_skip_unavailable': False, 'install_base': '/home/morita/ros2_ws/install/rectagletest', 'merge_install': False, 'path': '/home/morita/ros2_ws/src/rectagletest', 'symlink_install': False, 'test_result_base': None}
[1.412s] INFO:colcon.colcon_core.executor:Executing jobs using 'parallel' executor
[1.427s] DEBUG:colcon.colcon_parallel_executor.executor.parallel:run_until_complete
[1.427s] INFO:colcon.colcon_ros.task.ament_cmake.build:Building ROS package in '/home/morita/ros2_ws/src/improved' with build type 'ament_cmake'
[1.427s] INFO:colcon.colcon_cmake.task.cmake.build:Building CMake package in '/home/morita/ros2_ws/src/improved'
[1.444s] INFO:colcon.colcon_core.plugin_system:Skipping extension 'colcon_core.shell.bat': Not used on non-Windows systems
[1.444s] INFO:colcon.colcon_core.shell:Skip shell extension 'powershell' for command environment: Not usable outside of PowerShell
[1.444s] DEBUG:colcon.colcon_core.shell:Skip shell extension 'dsv' for command environment
[1.492s] INFO:colcon.colcon_ros.task.ament_cmake.build:Building ROS package in '/home/morita/ros2_ws/src/mypkg' with build type 'ament_cmake'
[1.492s] INFO:colcon.colcon_cmake.task.cmake.build:Building CMake package in '/home/morita/ros2_ws/src/mypkg'
[1.508s] INFO:colcon.colcon_core.shell:Skip shell extension 'powershell' for command environment: Not usable outside of PowerShell
[1.508s] DEBUG:colcon.colcon_core.shell:Skip shell extension 'dsv' for command environment
[1.558s] INFO:colcon.colcon_ros.task.ament_cmake.build:Building ROS package in '/home/morita/ros2_ws/src/rasta' with build type 'ament_cmake'
[1.558s] INFO:colcon.colcon_cmake.task.cmake.build:Building CMake package in '/home/morita/ros2_ws/src/rasta'
[1.575s] INFO:colcon.colcon_core.shell:Skip shell extension 'powershell' for command environment: Not usable outside of PowerShell
[1.575s] DEBUG:colcon.colcon_core.shell:Skip shell extension 'dsv' for command environment
[1.622s] INFO:colcon.colcon_ros.task.ament_cmake.build:Building ROS package in '/home/morita/ros2_ws/src/rectagletest' with build type 'ament_cmake'
[1.622s] INFO:colcon.colcon_cmake.task.cmake.build:Building CMake package in '/home/morita/ros2_ws/src/rectagletest'
[1.640s] INFO:colcon.colcon_core.shell:Skip shell extension 'powershell' for command environment: Not usable outside of PowerShell
[1.640s] DEBUG:colcon.colcon_core.shell:Skip shell extension 'dsv' for command environment
[1.691s] DEBUG:colcon.colcon_core.event_handler.log_command:Invoking command in '/home/morita/ros2_ws/build/improved': CMAKE_PREFIX_PATH=${CMAKE_PREFIX_PATH}:/opt/ros/humble /usr/bin/cmake --build /home/morita/ros2_ws/build/improved -- -j8 -l8
[1.695s] DEBUG:colcon.colcon_core.event_handler.log_command:Invoking command in '/home/morita/ros2_ws/build/mypkg': CMAKE_PREFIX_PATH=${CMAKE_PREFIX_PATH}:/opt/ros/humble /usr/bin/cmake --build /home/morita/ros2_ws/build/mypkg -- -j8 -l8
[1.698s] DEBUG:colcon.colcon_core.event_handler.log_command:Invoking command in '/home/morita/ros2_ws/build/rasta': CMAKE_PREFIX_PATH=${CMAKE_PREFIX_PATH}:/opt/ros/humble /usr/bin/cmake --build /home/morita/ros2_ws/build/rasta -- -j8 -l8
[1.703s] DEBUG:colcon.colcon_core.event_handler.log_command:Invoking command in '/home/morita/ros2_ws/build/rectagletest': CMAKE_PREFIX_PATH=${CMAKE_PREFIX_PATH}:/opt/ros/humble /usr/bin/cmake --build /home/morita/ros2_ws/build/rectagletest -- -j8 -l8
[1.757s] DEBUG:colcon.colcon_core.event_handler.log_command:Invoked command in '/home/morita/ros2_ws/build/improved' returned '0': CMAKE_PREFIX_PATH=${CMAKE_PREFIX_PATH}:/opt/ros/humble /usr/bin/cmake --build /home/morita/ros2_ws/build/improved -- -j8 -l8
[1.759s] DEBUG:colcon.colcon_core.event_handler.log_command:Invoked command in '/home/morita/ros2_ws/build/mypkg' returned '0': CMAKE_PREFIX_PATH=${CMAKE_PREFIX_PATH}:/opt/ros/humble /usr/bin/cmake --build /home/morita/ros2_ws/build/mypkg -- -j8 -l8
[1.765s] DEBUG:colcon.colcon_core.event_handler.log_command:Invoked command in '/home/morita/ros2_ws/build/rasta' returned '0': CMAKE_PREFIX_PATH=${CMAKE_PREFIX_PATH}:/opt/ros/humble /usr/bin/cmake --build /home/morita/ros2_ws/build/rasta -- -j8 -l8
[1.767s] DEBUG:colcon.colcon_core.event_handler.log_command:Invoked command in '/home/morita/ros2_ws/build/rectagletest' returned '0': CMAKE_PREFIX_PATH=${CMAKE_PREFIX_PATH}:/opt/ros/humble /usr/bin/cmake --build /home/morita/ros2_ws/build/rectagletest -- -j8 -l8
[1.789s] DEBUG:colcon.colcon_core.event_handler.log_command:Invoking command in '/home/morita/ros2_ws/build/improved': CMAKE_PREFIX_PATH=${CMAKE_PREFIX_PATH}:/opt/ros/humble /usr/bin/cmake --install /home/morita/ros2_ws/build/improved
[1.791s] DEBUG:colcon.colcon_core.event_handler.log_command:Invoking command in '/home/morita/ros2_ws/build/mypkg': CMAKE_PREFIX_PATH=${CMAKE_PREFIX_PATH}:/opt/ros/humble /usr/bin/cmake --install /home/morita/ros2_ws/build/mypkg
[1.792s] DEBUG:colcon.colcon_core.event_handler.log_command:Invoking command in '/home/morita/ros2_ws/build/rectagletest': CMAKE_PREFIX_PATH=${CMAKE_PREFIX_PATH}:/opt/ros/humble /usr/bin/cmake --install /home/morita/ros2_ws/build/rectagletest
[1.794s] DEBUG:colcon.colcon_core.event_handler.log_command:Invoking command in '/home/morita/ros2_ws/build/rasta': CMAKE_PREFIX_PATH=${CMAKE_PREFIX_PATH}:/opt/ros/humble /usr/bin/cmake --install /home/morita/ros2_ws/build/rasta
[1.798s] Level 1:colcon.colcon_core.environment:create_environment_scripts_only(improved)
[1.798s] DEBUG:colcon.colcon_core.event_handler.log_command:Invoked command in '/home/morita/ros2_ws/build/improved' returned '0': CMAKE_PREFIX_PATH=${CMAKE_PREFIX_PATH}:/opt/ros/humble /usr/bin/cmake --install /home/morita/ros2_ws/build/improved
[1.824s] Level 1:colcon.colcon_core.environment:checking '/home/morita/ros2_ws/install/improved' for CMake module files
[1.824s] Level 1:colcon.colcon_core.environment:checking '/home/morita/ros2_ws/install/improved' for CMake config files
[1.824s] Level 1:colcon.colcon_core.shell:create_environment_hook('improved', 'cmake_prefix_path')
[1.841s] INFO:colcon.colcon_core.shell:Creating environment hook '/home/morita/ros2_ws/install/improved/share/improved/hook/cmake_prefix_path.ps1'
[1.842s] INFO:colcon.colcon_core.shell:Creating environment descriptor '/home/morita/ros2_ws/install/improved/share/improved/hook/cmake_prefix_path.dsv'
[1.842s] INFO:colcon.colcon_core.shell:Creating environment hook '/home/morita/ros2_ws/install/improved/share/improved/hook/cmake_prefix_path.sh'
[1.843s] Level 1:colcon.colcon_core.environment:checking '/home/morita/ros2_ws/install/improved/lib'
[1.843s] Level 1:colcon.colcon_core.environment:checking '/home/morita/ros2_ws/install/improved/bin'
[1.843s] Level 1:colcon.colcon_core.environment:checking '/home/morita/ros2_ws/install/improved/lib/pkgconfig/improved.pc'
[1.843s] Level 1:colcon.colcon_core.environment:checking '/home/morita/ros2_ws/install/improved/lib/python3.10/site-packages'
[1.844s] Level 1:colcon.colcon_core.environment:checking '/home/morita/ros2_ws/install/improved/bin'
[1.860s] INFO:colcon.colcon_core.shell:Creating package script '/home/morita/ros2_ws/install/improved/share/improved/package.ps1'
[1.861s] INFO:colcon.colcon_core.shell:Creating package descriptor '/home/morita/ros2_ws/install/improved/share/improved/package.dsv'
[1.861s] INFO:colcon.colcon_core.shell:Creating package script '/home/morita/ros2_ws/install/improved/share/improved/package.sh'
[1.862s] INFO:colcon.colcon_core.shell:Creating package script '/home/morita/ros2_ws/install/improved/share/improved/package.bash'
[1.862s] INFO:colcon.colcon_core.shell:Creating package script '/home/morita/ros2_ws/install/improved/share/improved/package.zsh'
[1.863s] Level 1:colcon.colcon_core.environment:create_file_with_runtime_dependencies(/home/morita/ros2_ws/install/improved/share/colcon-core/packages/improved)
[1.864s] Level 1:colcon.colcon_core.environment:create_environment_scripts_only(rectagletest)
[1.866s] DEBUG:colcon.colcon_core.event_handler.log_command:Invoked command in '/home/morita/ros2_ws/build/rectagletest' returned '0': CMAKE_PREFIX_PATH=${CMAKE_PREFIX_PATH}:/opt/ros/humble /usr/bin/cmake --install /home/morita/ros2_ws/build/rectagletest
[1.884s] Level 1:colcon.colcon_core.environment:checking '/home/morita/ros2_ws/install/rectagletest' for CMake module files
[1.885s] Level 1:colcon.colcon_core.environment:checking '/home/morita/ros2_ws/install/rectagletest' for CMake config files
[1.885s] Level 1:colcon.colcon_core.shell:create_environment_hook('rectagletest', 'cmake_prefix_path')
[1.901s] INFO:colcon.colcon_core.shell:Creating environment hook '/home/morita/ros2_ws/install/rectagletest/share/rectagletest/hook/cmake_prefix_path.ps1'
[1.901s] INFO:colcon.colcon_core.shell:Creating environment descriptor '/home/morita/ros2_ws/install/rectagletest/share/rectagletest/hook/cmake_prefix_path.dsv'
[1.902s] INFO:colcon.colcon_core.shell:Creating environment hook '/home/morita/ros2_ws/install/rectagletest/share/rectagletest/hook/cmake_prefix_path.sh'
[1.902s] Level 1:colcon.colcon_core.environment:checking '/home/morita/ros2_ws/install/rectagletest/lib'
[1.902s] Level 1:colcon.colcon_core.environment:checking '/home/morita/ros2_ws/install/rectagletest/bin'
[1.902s] Level 1:colcon.colcon_core.environment:checking '/home/morita/ros2_ws/install/rectagletest/lib/pkgconfig/rectagletest.pc'
[1.902s] Level 1:colcon.colcon_core.environment:checking '/home/morita/ros2_ws/install/rectagletest/lib/python3.10/site-packages'
[1.903s] Level 1:colcon.colcon_core.environment:checking '/home/morita/ros2_ws/install/rectagletest/bin'
[1.918s] INFO:colcon.colcon_core.shell:Creating package script '/home/morita/ros2_ws/install/rectagletest/share/rectagletest/package.ps1'
[1.919s] INFO:colcon.colcon_core.shell:Creating package descriptor '/home/morita/ros2_ws/install/rectagletest/share/rectagletest/package.dsv'
[1.919s] INFO:colcon.colcon_core.shell:Creating package script '/home/morita/ros2_ws/install/rectagletest/share/rectagletest/package.sh'
[1.919s] INFO:colcon.colcon_core.shell:Creating package script '/home/morita/ros2_ws/install/rectagletest/share/rectagletest/package.bash'
[1.919s] INFO:colcon.colcon_core.shell:Creating package script '/home/morita/ros2_ws/install/rectagletest/share/rectagletest/package.zsh'
[1.920s] Level 1:colcon.colcon_core.environment:create_file_with_runtime_dependencies(/home/morita/ros2_ws/install/rectagletest/share/colcon-core/packages/rectagletest)
[1.921s] Level 1:colcon.colcon_core.environment:create_environment_scripts_only(mypkg)
[1.922s] DEBUG:colcon.colcon_core.event_handler.log_command:Invoked command in '/home/morita/ros2_ws/build/mypkg' returned '0': CMAKE_PREFIX_PATH=${CMAKE_PREFIX_PATH}:/opt/ros/humble /usr/bin/cmake --install /home/morita/ros2_ws/build/mypkg
[1.940s] Level 1:colcon.colcon_core.environment:checking '/home/morita/ros2_ws/install/mypkg' for CMake module files
[1.941s] Level 1:colcon.colcon_core.environment:checking '/home/morita/ros2_ws/install/mypkg' for CMake config files
[1.941s] Level 1:colcon.colcon_core.shell:create_environment_hook('mypkg', 'cmake_prefix_path')
[1.957s] INFO:colcon.colcon_core.shell:Creating environment hook '/home/morita/ros2_ws/install/mypkg/share/mypkg/hook/cmake_prefix_path.ps1'
[1.957s] INFO:colcon.colcon_core.shell:Creating environment descriptor '/home/morita/ros2_ws/install/mypkg/share/mypkg/hook/cmake_prefix_path.dsv'
[1.957s] INFO:colcon.colcon_core.shell:Creating environment hook '/home/morita/ros2_ws/install/mypkg/share/mypkg/hook/cmake_prefix_path.sh'
[1.958s] Level 1:colcon.colcon_core.environment:checking '/home/morita/ros2_ws/install/mypkg/lib'
[1.958s] Level 1:colcon.colcon_core.environment:checking '/home/morita/ros2_ws/install/mypkg/bin'
[1.958s] Level 1:colcon.colcon_core.environment:checking '/home/morita/ros2_ws/install/mypkg/lib/pkgconfig/mypkg.pc'
[1.958s] Level 1:colcon.colcon_core.environment:checking '/home/morita/ros2_ws/install/mypkg/lib/python3.10/site-packages'
[1.959s] Level 1:colcon.colcon_core.environment:checking '/home/morita/ros2_ws/install/mypkg/bin'
[1.975s] INFO:colcon.colcon_core.shell:Creating package script '/home/morita/ros2_ws/install/mypkg/share/mypkg/package.ps1'
[1.976s] INFO:colcon.colcon_core.shell:Creating package descriptor '/home/morita/ros2_ws/install/mypkg/share/mypkg/package.dsv'
[1.976s] INFO:colcon.colcon_core.shell:Creating package script '/home/morita/ros2_ws/install/mypkg/share/mypkg/package.sh'
[1.976s] INFO:colcon.colcon_core.shell:Creating package script '/home/morita/ros2_ws/install/mypkg/share/mypkg/package.bash'
[1.976s] INFO:colcon.colcon_core.shell:Creating package script '/home/morita/ros2_ws/install/mypkg/share/mypkg/package.zsh'
[1.977s] Level 1:colcon.colcon_core.environment:create_file_with_runtime_dependencies(/home/morita/ros2_ws/install/mypkg/share/colcon-core/packages/mypkg)
[1.978s] Level 1:colcon.colcon_core.environment:create_environment_scripts_only(rasta)
[1.979s] DEBUG:colcon.colcon_core.event_handler.log_command:Invoked command in '/home/morita/ros2_ws/build/rasta' returned '0': CMAKE_PREFIX_PATH=${CMAKE_PREFIX_PATH}:/opt/ros/humble /usr/bin/cmake --install /home/morita/ros2_ws/build/rasta
[1.996s] Level 1:colcon.colcon_core.environment:checking '/home/morita/ros2_ws/install/rasta' for CMake module files
[1.996s] Level 1:colcon.colcon_core.environment:checking '/home/morita/ros2_ws/install/rasta' for CMake config files
[1.997s] Level 1:colcon.colcon_core.shell:create_environment_hook('rasta', 'cmake_prefix_path')
[2.013s] INFO:colcon.colcon_core.shell:Creating environment hook '/home/morita/ros2_ws/install/rasta/share/rasta/hook/cmake_prefix_path.ps1'
[2.013s] INFO:colcon.colcon_core.shell:Creating environment descriptor '/home/morita/ros2_ws/install/rasta/share/rasta/hook/cmake_prefix_path.dsv'
[2.014s] INFO:colcon.colcon_core.shell:Creating environment hook '/home/morita/ros2_ws/install/rasta/share/rasta/hook/cmake_prefix_path.sh'
[2.014s] Level 1:colcon.colcon_core.environment:checking '/home/morita/ros2_ws/install/rasta/lib'
[2.014s] Level 1:colcon.colcon_core.environment:checking '/home/morita/ros2_ws/install/rasta/bin'
[2.014s] Level 1:colcon.colcon_core.environment:checking '/home/morita/ros2_ws/install/rasta/lib/pkgconfig/rasta.pc'
[2.014s] Level 1:colcon.colcon_core.environment:checking '/home/morita/ros2_ws/install/rasta/lib/python3.10/site-packages'
[2.015s] Level 1:colcon.colcon_core.environment:checking '/home/morita/ros2_ws/install/rasta/bin'
[2.031s] INFO:colcon.colcon_core.shell:Creating package script '/home/morita/ros2_ws/install/rasta/share/rasta/package.ps1'
[2.031s] INFO:colcon.colcon_core.shell:Creating package descriptor '/home/morita/ros2_ws/install/rasta/share/rasta/package.dsv'
[2.032s] INFO:colcon.colcon_core.shell:Creating package script '/home/morita/ros2_ws/install/rasta/share/rasta/package.sh'
[2.032s] INFO:colcon.colcon_core.shell:Creating package script '/home/morita/ros2_ws/install/rasta/share/rasta/package.bash'
[2.032s] INFO:colcon.colcon_core.shell:Creating package script '/home/morita/ros2_ws/install/rasta/share/rasta/package.zsh'
[2.033s] Level 1:colcon.colcon_core.environment:create_file_with_runtime_dependencies(/home/morita/ros2_ws/install/rasta/share/colcon-core/packages/rasta)
[2.053s] Level 1:colcon.colcon_core.environment:create_environment_scripts_only(improved)
[2.070s] Level 1:colcon.colcon_core.environment:checking '/home/morita/ros2_ws/install/improved' for CMake module files
[2.071s] Level 1:colcon.colcon_core.environment:checking '/home/morita/ros2_ws/install/improved' for CMake config files
[2.071s] Level 1:colcon.colcon_core.shell:create_environment_hook('improved', 'cmake_prefix_path')
[2.088s] INFO:colcon.colcon_core.shell:Creating environment hook '/home/morita/ros2_ws/install/improved/share/improved/hook/cmake_prefix_path.ps1'
[2.088s] INFO:colcon.colcon_core.shell:Creating environment descriptor '/home/morita/ros2_ws/install/improved/share/improved/hook/cmake_prefix_path.dsv'
[2.088s] INFO:colcon.colcon_core.shell:Creating environment hook '/home/morita/ros2_ws/install/improved/share/improved/hook/cmake_prefix_path.sh'
[2.089s] Level 1:colcon.colcon_core.environment:checking '/home/morita/ros2_ws/install/improved/lib'
[2.089s] Level 1:colcon.colcon_core.environment:checking '/home/morita/ros2_ws/install/improved/bin'
[2.089s] Level 1:colcon.colcon_core.environment:checking '/home/morita/ros2_ws/install/improved/lib/pkgconfig/improved.pc'
[2.089s] Level 1:colcon.colcon_core.environment:checking '/home/morita/ros2_ws/install/improved/lib/python3.10/site-packages'
[2.089s] Level 1:colcon.colcon_core.environment:checking '/home/morita/ros2_ws/install/improved/bin'
[2.105s] INFO:colcon.colcon_core.shell:Creating package script '/home/morita/ros2_ws/install/improved/share/improved/package.ps1'
[2.105s] INFO:colcon.colcon_core.shell:Creating package descriptor '/home/morita/ros2_ws/install/improved/share/improved/package.dsv'
[2.106s] INFO:colcon.colcon_core.shell:Creating package script '/home/morita/ros2_ws/install/improved/share/improved/package.sh'
[2.106s] INFO:colcon.colcon_core.shell:Creating package script '/home/morita/ros2_ws/install/improved/share/improved/package.bash'
[2.106s] INFO:colcon.colcon_core.shell:Creating package script '/home/morita/ros2_ws/install/improved/share/improved/package.zsh'
[2.107s] Level 1:colcon.colcon_core.environment:create_file_with_runtime_dependencies(/home/morita/ros2_ws/install/improved/share/colcon-core/packages/improved)
[2.123s] Level 1:colcon.colcon_core.environment:create_environment_scripts_only(rectagletest)
[2.140s] Level 1:colcon.colcon_core.environment:checking '/home/morita/ros2_ws/install/rectagletest' for CMake module files
[2.141s] Level 1:colcon.colcon_core.environment:checking '/home/morita/ros2_ws/install/rectagletest' for CMake config files
[2.141s] Level 1:colcon.colcon_core.shell:create_environment_hook('rectagletest', 'cmake_prefix_path')
[2.157s] INFO:colcon.colcon_core.shell:Creating environment hook '/home/morita/ros2_ws/install/rectagletest/share/rectagletest/hook/cmake_prefix_path.ps1'
[2.157s] INFO:colcon.colcon_core.shell:Creating environment descriptor '/home/morita/ros2_ws/install/rectagletest/share/rectagletest/hook/cmake_prefix_path.dsv'
[2.158s] INFO:colcon.colcon_core.shell:Creating environment hook '/home/morita/ros2_ws/install/rectagletest/share/rectagletest/hook/cmake_prefix_path.sh'
[2.158s] Level 1:colcon.colcon_core.environment:checking '/home/morita/ros2_ws/install/rectagletest/lib'
[2.158s] Level 1:colcon.colcon_core.environment:checking '/home/morita/ros2_ws/install/rectagletest/bin'
[2.158s] Level 1:colcon.colcon_core.environment:checking '/home/morita/ros2_ws/install/rectagletest/lib/pkgconfig/rectagletest.pc'
[2.159s] Level 1:colcon.colcon_core.environment:checking '/home/morita/ros2_ws/install/rectagletest/lib/python3.10/site-packages'
[2.159s] Level 1:colcon.colcon_core.environment:checking '/home/morita/ros2_ws/install/rectagletest/bin'
[2.174s] INFO:colcon.colcon_core.shell:Creating package script '/home/morita/ros2_ws/install/rectagletest/share/rectagletest/package.ps1'
[2.175s] INFO:colcon.colcon_core.shell:Creating package descriptor '/home/morita/ros2_ws/install/rectagletest/share/rectagletest/package.dsv'
[2.175s] INFO:colcon.colcon_core.shell:Creating package script '/home/morita/ros2_ws/install/rectagletest/share/rectagletest/package.sh'
[2.176s] INFO:colcon.colcon_core.shell:Creating package script '/home/morita/ros2_ws/install/rectagletest/share/rectagletest/package.bash'
[2.176s] INFO:colcon.colcon_core.shell:Creating package script '/home/morita/ros2_ws/install/rectagletest/share/rectagletest/package.zsh'
[2.176s] Level 1:colcon.colcon_core.environment:create_file_with_runtime_dependencies(/home/morita/ros2_ws/install/rectagletest/share/colcon-core/packages/rectagletest)
[2.193s] Level 1:colcon.colcon_core.environment:create_environment_scripts_only(mypkg)
[2.208s] Level 1:colcon.colcon_core.environment:checking '/home/morita/ros2_ws/install/mypkg' for CMake module files
[2.209s] Level 1:colcon.colcon_core.environment:checking '/home/morita/ros2_ws/install/mypkg' for CMake config files
[2.209s] Level 1:colcon.colcon_core.shell:create_environment_hook('mypkg', 'cmake_prefix_path')
[2.225s] INFO:colcon.colcon_core.shell:Creating environment hook '/home/morita/ros2_ws/install/mypkg/share/mypkg/hook/cmake_prefix_path.ps1'
[2.225s] INFO:colcon.colcon_core.shell:Creating environment descriptor '/home/morita/ros2_ws/install/mypkg/share/mypkg/hook/cmake_prefix_path.dsv'
[2.226s] INFO:colcon.colcon_core.shell:Creating environment hook '/home/morita/ros2_ws/install/mypkg/share/mypkg/hook/cmake_prefix_path.sh'
[2.226s] Level 1:colcon.colcon_core.environment:checking '/home/morita/ros2_ws/install/mypkg/lib'
[2.226s] Level 1:colcon.colcon_core.environment:checking '/home/morita/ros2_ws/install/mypkg/bin'
[2.226s] Level 1:colcon.colcon_core.environment:checking '/home/morita/ros2_ws/install/mypkg/lib/pkgconfig/mypkg.pc'
[2.226s] Level 1:colcon.colcon_core.environment:checking '/home/morita/ros2_ws/install/mypkg/lib/python3.10/site-packages'
[2.227s] Level 1:colcon.colcon_core.environment:checking '/home/morita/ros2_ws/install/mypkg/bin'
[2.243s] INFO:colcon.colcon_core.shell:Creating package script '/home/morita/ros2_ws/install/mypkg/share/mypkg/package.ps1'
[2.244s] INFO:colcon.colcon_core.shell:Creating package descriptor '/home/morita/ros2_ws/install/mypkg/share/mypkg/package.dsv'
[2.244s] INFO:colcon.colcon_core.shell:Creating package script '/home/morita/ros2_ws/install/mypkg/share/mypkg/package.sh'
[2.244s] INFO:colcon.colcon_core.shell:Creating package script '/home/morita/ros2_ws/install/mypkg/share/mypkg/package.bash'
[2.245s] INFO:colcon.colcon_core.shell:Creating package script '/home/morita/ros2_ws/install/mypkg/share/mypkg/package.zsh'
[2.245s] Level 1:colcon.colcon_core.environment:create_file_with_runtime_dependencies(/home/morita/ros2_ws/install/mypkg/share/colcon-core/packages/mypkg)
[2.262s] Level 1:colcon.colcon_core.environment:create_environment_scripts_only(rasta)
[2.279s] Level 1:colcon.colcon_core.environment:checking '/home/morita/ros2_ws/install/rasta' for CMake module files
[2.279s] Level 1:colcon.colcon_core.environment:checking '/home/morita/ros2_ws/install/rasta' for CMake config files
[2.279s] Level 1:colcon.colcon_core.shell:create_environment_hook('rasta', 'cmake_prefix_path')
[2.296s] INFO:colcon.colcon_core.shell:Creating environment hook '/home/morita/ros2_ws/install/rasta/share/rasta/hook/cmake_prefix_path.ps1'
[2.296s] INFO:colcon.colcon_core.shell:Creating environment descriptor '/home/morita/ros2_ws/install/rasta/share/rasta/hook/cmake_prefix_path.dsv'
[2.296s] INFO:colcon.colcon_core.shell:Creating environment hook '/home/morita/ros2_ws/install/rasta/share/rasta/hook/cmake_prefix_path.sh'
[2.297s] Level 1:colcon.colcon_core.environment:checking '/home/morita/ros2_ws/install/rasta/lib'
[2.297s] Level 1:colcon.colcon_core.environment:checking '/home/morita/ros2_ws/install/rasta/bin'
[2.297s] Level 1:colcon.colcon_core.environment:checking '/home/morita/ros2_ws/install/rasta/lib/pkgconfig/rasta.pc'
[2.297s] Level 1:colcon.colcon_core.environment:checking '/home/morita/ros2_ws/install/rasta/lib/python3.10/site-packages'
[2.297s] Level 1:colcon.colcon_core.environment:checking '/home/morita/ros2_ws/install/rasta/bin'
[2.313s] INFO:colcon.colcon_core.shell:Creating package script '/home/morita/ros2_ws/install/rasta/share/rasta/package.ps1'
[2.313s] INFO:colcon.colcon_core.shell:Creating package descriptor '/home/morita/ros2_ws/install/rasta/share/rasta/package.dsv'
[2.314s] INFO:colcon.colcon_core.shell:Creating package script '/home/morita/ros2_ws/install/rasta/share/rasta/package.sh'
[2.314s] INFO:colcon.colcon_core.shell:Creating package script '/home/morita/ros2_ws/install/rasta/share/rasta/package.bash'
[2.314s] INFO:colcon.colcon_core.shell:Creating package script '/home/morita/ros2_ws/install/rasta/share/rasta/package.zsh'
[2.315s] Level 1:colcon.colcon_core.environment:create_file_with_runtime_dependencies(/home/morita/ros2_ws/install/rasta/share/colcon-core/packages/rasta)
[2.315s] DEBUG:colcon.colcon_parallel_executor.executor.parallel:closing loop
[2.315s] DEBUG:colcon.colcon_parallel_executor.executor.parallel:loop closed
[2.315s] DEBUG:colcon.colcon_parallel_executor.executor.parallel:run_until_complete finished with '0'
[2.315s] DEBUG:colcon.colcon_core.event_reactor:joining thread
[2.338s] INFO:colcon.colcon_core.plugin_system:Skipping extension 'colcon_notification.desktop_notification.terminal_notifier': Not used on non-Darwin systems
[2.338s] INFO:colcon.colcon_core.plugin_system:Skipping extension 'colcon_notification.desktop_notification.win32': Not used on non-Windows systems
[2.338s] INFO:colcon.colcon_notification.desktop_notification:Sending desktop notification using 'notify2'
[2.348s] DEBUG:colcon.colcon_core.event_reactor:joined thread
[2.366s] INFO:colcon.colcon_core.shell:Creating prefix script '/home/morita/ros2_ws/install/local_setup.ps1'
[2.367s] INFO:colcon.colcon_core.shell:Creating prefix util module '/home/morita/ros2_ws/install/_local_setup_util_ps1.py'
[2.369s] INFO:colcon.colcon_core.shell:Creating prefix chain script '/home/morita/ros2_ws/install/setup.ps1'
[2.399s] INFO:colcon.colcon_core.shell:Creating prefix script '/home/morita/ros2_ws/install/local_setup.sh'
[2.399s] INFO:colcon.colcon_core.shell:Creating prefix util module '/home/morita/ros2_ws/install/_local_setup_util_sh.py'
[2.400s] INFO:colcon.colcon_core.shell:Creating prefix chain script '/home/morita/ros2_ws/install/setup.sh'
[2.418s] INFO:colcon.colcon_core.shell:Creating prefix script '/home/morita/ros2_ws/install/local_setup.bash'
[2.419s] INFO:colcon.colcon_core.shell:Creating prefix chain script '/home/morita/ros2_ws/install/setup.bash'
[2.437s] INFO:colcon.colcon_core.shell:Creating prefix script '/home/morita/ros2_ws/install/local_setup.zsh'
[2.437s] INFO:colcon.colcon_core.shell:Creating prefix chain script '/home/morita/ros2_ws/install/setup.zsh'
