[0.017s] Invoking command in '/home/hiromasa/ros2_ws/build/mypkg': CMAKE_PREFIX_PATH=/opt/ros/humble /usr/bin/cmake --build /home/hiromasa/ros2_ws/build/mypkg -- -j8 -l8
[0.059s] [35m[1mConsolidate compiler generated dependencies of target mypkg[0m
[0.076s] [ 50%] [32mBuilding CXX object CMakeFiles/mypkg.dir/src/mypkg.cpp.o[0m
[4.193s] [100%] [32m[1mLinking CXX executable mypkg[0m
[4.605s] [100%] Built target mypkg
[4.618s] Invoked command in '/home/hiromasa/ros2_ws/build/mypkg' returned '0': CMAKE_PREFIX_PATH=/opt/ros/humble /usr/bin/cmake --build /home/hiromasa/ros2_ws/build/mypkg -- -j8 -l8
[4.641s] Invoking command in '/home/hiromasa/ros2_ws/build/mypkg': CMAKE_PREFIX_PATH=/opt/ros/humble /usr/bin/cmake --install /home/hiromasa/ros2_ws/build/mypkg
[4.649s] -- Install configuration: ""
[4.649s] -- Installing: /home/hiromasa/ros2_ws/install/mypkg/lib/mypkg/mypkg
[4.650s] -- Set runtime path of "/home/hiromasa/ros2_ws/install/mypkg/lib/mypkg/mypkg" to ""
[4.650s] -- Up-to-date: /home/hiromasa/ros2_ws/install/mypkg/share/ament_index/resource_index/package_run_dependencies/mypkg
[4.650s] -- Up-to-date: /home/hiromasa/ros2_ws/install/mypkg/share/ament_index/resource_index/parent_prefix_path/mypkg
[4.650s] -- Up-to-date: /home/hiromasa/ros2_ws/install/mypkg/share/mypkg/environment/ament_prefix_path.sh
[4.650s] -- Up-to-date: /home/hiromasa/ros2_ws/install/mypkg/share/mypkg/environment/ament_prefix_path.dsv
[4.650s] -- Up-to-date: /home/hiromasa/ros2_ws/install/mypkg/share/mypkg/environment/path.sh
[4.650s] -- Up-to-date: /home/hiromasa/ros2_ws/install/mypkg/share/mypkg/environment/path.dsv
[4.650s] -- Up-to-date: /home/hiromasa/ros2_ws/install/mypkg/share/mypkg/local_setup.bash
[4.651s] -- Up-to-date: /home/hiromasa/ros2_ws/install/mypkg/share/mypkg/local_setup.sh
[4.651s] -- Up-to-date: /home/hiromasa/ros2_ws/install/mypkg/share/mypkg/local_setup.zsh
[4.651s] -- Up-to-date: /home/hiromasa/ros2_ws/install/mypkg/share/mypkg/local_setup.dsv
[4.651s] -- Installing: /home/hiromasa/ros2_ws/install/mypkg/share/mypkg/package.dsv
[4.651s] -- Up-to-date: /home/hiromasa/ros2_ws/install/mypkg/share/ament_index/resource_index/packages/mypkg
[4.651s] -- Up-to-date: /home/hiromasa/ros2_ws/install/mypkg/share/mypkg/cmake/mypkgConfig.cmake
[4.651s] -- Up-to-date: /home/hiromasa/ros2_ws/install/mypkg/share/mypkg/cmake/mypkgConfig-version.cmake
[4.651s] -- Up-to-date: /home/hiromasa/ros2_ws/install/mypkg/share/mypkg/package.xml
[4.654s] Invoked command in '/home/hiromasa/ros2_ws/build/mypkg' returned '0': CMAKE_PREFIX_PATH=/opt/ros/humble /usr/bin/cmake --install /home/hiromasa/ros2_ws/build/mypkg
