[0.109s] Invoking command in '/home/morita/ros2_ws/build/improved': CMAKE_PREFIX_PATH=${CMAKE_PREFIX_PATH}:/opt/ros/humble /usr/bin/cmake --build /home/morita/ros2_ws/build/improved -- -j8 -l8
[0.150s] [35m[1mConsolidate compiler generated dependencies of target improved[0m
[0.167s] [ 50%] [32mBuilding CXX object CMakeFiles/improved.dir/src/improved.cpp.o[0m
[4.394s] [100%] [32m[1mLinking CXX executable improved[0m
[4.802s] [100%] Built target improved
[4.815s] Invoked command in '/home/morita/ros2_ws/build/improved' returned '0': CMAKE_PREFIX_PATH=${CMAKE_PREFIX_PATH}:/opt/ros/humble /usr/bin/cmake --build /home/morita/ros2_ws/build/improved -- -j8 -l8
[4.844s] Invoking command in '/home/morita/ros2_ws/build/improved': CMAKE_PREFIX_PATH=${CMAKE_PREFIX_PATH}:/opt/ros/humble /usr/bin/cmake --install /home/morita/ros2_ws/build/improved
[4.852s] -- Install configuration: ""
[4.852s] -- Installing: /home/morita/ros2_ws/install/improved/lib/improved/improved
[4.853s] -- Set runtime path of "/home/morita/ros2_ws/install/improved/lib/improved/improved" to ""
[4.853s] -- Up-to-date: /home/morita/ros2_ws/install/improved/share/ament_index/resource_index/package_run_dependencies/improved
[4.853s] -- Up-to-date: /home/morita/ros2_ws/install/improved/share/ament_index/resource_index/parent_prefix_path/improved
[4.853s] -- Up-to-date: /home/morita/ros2_ws/install/improved/share/improved/environment/ament_prefix_path.sh
[4.853s] -- Up-to-date: /home/morita/ros2_ws/install/improved/share/improved/environment/ament_prefix_path.dsv
[4.854s] -- Up-to-date: /home/morita/ros2_ws/install/improved/share/improved/environment/path.sh
[4.854s] -- Up-to-date: /home/morita/ros2_ws/install/improved/share/improved/environment/path.dsv
[4.854s] -- Up-to-date: /home/morita/ros2_ws/install/improved/share/improved/local_setup.bash
[4.854s] -- Up-to-date: /home/morita/ros2_ws/install/improved/share/improved/local_setup.sh
[4.854s] -- Up-to-date: /home/morita/ros2_ws/install/improved/share/improved/local_setup.zsh
[4.854s] -- Up-to-date: /home/morita/ros2_ws/install/improved/share/improved/local_setup.dsv
[4.854s] -- Installing: /home/morita/ros2_ws/install/improved/share/improved/package.dsv
[4.854s] -- Up-to-date: /home/morita/ros2_ws/install/improved/share/ament_index/resource_index/packages/improved
[4.855s] -- Up-to-date: /home/morita/ros2_ws/install/improved/share/improved/cmake/improvedConfig.cmake
[4.855s] -- Up-to-date: /home/morita/ros2_ws/install/improved/share/improved/cmake/improvedConfig-version.cmake
[4.855s] -- Up-to-date: /home/morita/ros2_ws/install/improved/share/improved/package.xml
[4.856s] Invoked command in '/home/morita/ros2_ws/build/improved' returned '0': CMAKE_PREFIX_PATH=${CMAKE_PREFIX_PATH}:/opt/ros/humble /usr/bin/cmake --install /home/morita/ros2_ws/build/improved
