[0.046s] Invoking command in '/home/morita/ros2_ws/build/mypkg': CMAKE_PREFIX_PATH=/opt/ros/humble /usr/bin/cmake /home/morita/ros2_ws/src/mypkg -DCMAKE_INSTALL_PREFIX=/home/morita/ros2_ws/install/mypkg
[0.271s] -- The C compiler identification is GNU 11.4.0
[0.409s] -- The CXX compiler identification is GNU 11.4.0
[0.420s] -- Detecting C compiler ABI info
[0.485s] -- Detecting C compiler ABI info - done
[0.492s] -- Check for working C compiler: /usr/bin/cc - skipped
[0.493s] -- Detecting C compile features
[0.494s] -- Detecting C compile features - done
[0.497s] -- Detecting CXX compiler ABI info
[0.571s] -- Detecting CXX compiler ABI info - done
[0.579s] -- Check for working CXX compiler: /usr/bin/c++ - skipped
[0.579s] -- Detecting CXX compile features
[0.580s] -- Detecting CXX compile features - done
[0.583s] -- Found ament_cmake: 1.3.5 (/opt/ros/humble/share/ament_cmake/cmake)
[0.735s] -- Found Python3: /usr/bin/python3.10 (found version "3.10.12") found components: Interpreter 
[0.823s] -- Found rclcpp: 16.0.6 (/opt/ros/humble/share/rclcpp/cmake)
[0.874s] -- Found rosidl_generator_c: 3.1.5 (/opt/ros/humble/share/rosidl_generator_c/cmake)
[0.879s] -- Found rosidl_adapter: 3.1.5 (/opt/ros/humble/share/rosidl_adapter/cmake)
[0.889s] -- Found rosidl_generator_cpp: 3.1.5 (/opt/ros/humble/share/rosidl_generator_cpp/cmake)
[0.906s] -- Using all available rosidl_typesupport_c: rosidl_typesupport_fastrtps_c;rosidl_typesupport_introspection_c
[0.927s] -- Using all available rosidl_typesupport_cpp: rosidl_typesupport_fastrtps_cpp;rosidl_typesupport_introspection_cpp
[0.999s] -- Found rmw_implementation_cmake: 6.1.1 (/opt/ros/humble/share/rmw_implementation_cmake/cmake)
[1.002s] -- Found rmw_fastrtps_cpp: 6.2.4 (/opt/ros/humble/share/rmw_fastrtps_cpp/cmake)
[1.088s] -- Found OpenSSL: /usr/lib/x86_64-linux-gnu/libcrypto.so (found version "3.0.2")  
[1.108s] -- Found FastRTPS: /opt/ros/humble/include  
[1.143s] -- Using RMW implementation 'rmw_fastrtps_cpp' as default
[1.154s] -- Looking for pthread.h
[1.216s] -- Looking for pthread.h - found
[1.217s] -- Performing Test CMAKE_HAVE_LIBC_PTHREAD
[1.279s] -- Performing Test CMAKE_HAVE_LIBC_PTHREAD - Success
[1.280s] -- Found Threads: TRUE  
[1.445s] -- Found sensor_msgs: 4.2.3 (/opt/ros/humble/share/sensor_msgs/cmake)
[1.571s] -- Found image_transport: 3.1.7 (/opt/ros/humble/share/image_transport/cmake)
[1.620s] -- Found OpenCV: /usr (found version "4.5.4") 
[1.622s] -- Found cv_bridge: 3.2.1 (/opt/ros/humble/share/cv_bridge/cmake)
[1.633s] -- Found ament_lint_auto: 0.12.8 (/opt/ros/humble/share/ament_lint_auto/cmake)
[1.700s] -- Added test 'cppcheck' to perform static code analysis on C / C++ code
[1.700s] -- Configured cppcheck include dirs: 
[1.700s] -- Configured cppcheck exclude dirs and/or files: 
[1.701s] -- Added test 'lint_cmake' to check CMake code style
[1.702s] -- Added test 'uncrustify' to check C / C++ code style
[1.702s] -- Configured uncrustify additional arguments: 
[1.703s] -- Added test 'xmllint' to check XML markup files
[1.704s] -- Configuring done
[1.715s] -- Generating done
[1.716s] -- Build files have been written to: /home/morita/ros2_ws/build/mypkg
[1.725s] Invoked command in '/home/morita/ros2_ws/build/mypkg' returned '0': CMAKE_PREFIX_PATH=/opt/ros/humble /usr/bin/cmake /home/morita/ros2_ws/src/mypkg -DCMAKE_INSTALL_PREFIX=/home/morita/ros2_ws/install/mypkg
[1.727s] Invoking command in '/home/morita/ros2_ws/build/mypkg': CMAKE_PREFIX_PATH=/opt/ros/humble /usr/bin/cmake --build /home/morita/ros2_ws/build/mypkg -- -j8 -l8
[1.770s] [ 50%] [32mBuilding CXX object CMakeFiles/mypkg.dir/src/mypkg.cpp.o[0m
[6.112s] [100%] [32m[1mLinking CXX executable mypkg[0m
[6.682s] [100%] Built target mypkg
[6.694s] Invoked command in '/home/morita/ros2_ws/build/mypkg' returned '0': CMAKE_PREFIX_PATH=/opt/ros/humble /usr/bin/cmake --build /home/morita/ros2_ws/build/mypkg -- -j8 -l8
[6.730s] Invoking command in '/home/morita/ros2_ws/build/mypkg': CMAKE_PREFIX_PATH=/opt/ros/humble /usr/bin/cmake --install /home/morita/ros2_ws/build/mypkg
[6.739s] -- Install configuration: ""
[6.739s] -- Installing: /home/morita/ros2_ws/install/mypkg/lib/mypkg/mypkg
[6.739s] -- Set runtime path of "/home/morita/ros2_ws/install/mypkg/lib/mypkg/mypkg" to ""
[6.739s] -- Installing: /home/morita/ros2_ws/install/mypkg/share/ament_index/resource_index/package_run_dependencies/mypkg
[6.740s] -- Installing: /home/morita/ros2_ws/install/mypkg/share/ament_index/resource_index/parent_prefix_path/mypkg
[6.740s] -- Installing: /home/morita/ros2_ws/install/mypkg/share/mypkg/environment/ament_prefix_path.sh
[6.740s] -- Installing: /home/morita/ros2_ws/install/mypkg/share/mypkg/environment/ament_prefix_path.dsv
[6.740s] -- Installing: /home/morita/ros2_ws/install/mypkg/share/mypkg/environment/path.sh
[6.740s] -- Installing: /home/morita/ros2_ws/install/mypkg/share/mypkg/environment/path.dsv
[6.741s] -- Installing: /home/morita/ros2_ws/install/mypkg/share/mypkg/local_setup.bash
[6.741s] -- Installing: /home/morita/ros2_ws/install/mypkg/share/mypkg/local_setup.sh
[6.741s] -- Installing: /home/morita/ros2_ws/install/mypkg/share/mypkg/local_setup.zsh
[6.741s] -- Installing: /home/morita/ros2_ws/install/mypkg/share/mypkg/local_setup.dsv
[6.741s] -- Installing: /home/morita/ros2_ws/install/mypkg/share/mypkg/package.dsv
[6.741s] -- Installing: /home/morita/ros2_ws/install/mypkg/share/ament_index/resource_index/packages/mypkg
[6.741s] -- Installing: /home/morita/ros2_ws/install/mypkg/share/mypkg/cmake/mypkgConfig.cmake
[6.741s] -- Installing: /home/morita/ros2_ws/install/mypkg/share/mypkg/cmake/mypkgConfig-version.cmake
[6.742s] -- Installing: /home/morita/ros2_ws/install/mypkg/share/mypkg/package.xml
[6.744s] Invoked command in '/home/morita/ros2_ws/build/mypkg' returned '0': CMAKE_PREFIX_PATH=/opt/ros/humble /usr/bin/cmake --install /home/morita/ros2_ws/build/mypkg
