[0.048s] Invoking command in '/home/morita/ros2_ws/build/mypkg': CMAKE_PREFIX_PATH=/opt/ros/humble /usr/bin/cmake --build /home/morita/ros2_ws/build/mypkg -- -j8 -l8
[0.178s] [35m[1mConsolidate compiler generated dependencies of target mypkg[0m
[0.222s] [ 50%] [32mBuilding CXX object CMakeFiles/mypkg.dir/src/mypkg.cpp.o[0m
[4.712s] [100%] [32m[1mLinking CXX executable mypkg[0m
[5.300s] [100%] Built target mypkg
[5.312s] Invoked command in '/home/morita/ros2_ws/build/mypkg' returned '0': CMAKE_PREFIX_PATH=/opt/ros/humble /usr/bin/cmake --build /home/morita/ros2_ws/build/mypkg -- -j8 -l8
[5.349s] Invoking command in '/home/morita/ros2_ws/build/mypkg': CMAKE_PREFIX_PATH=/opt/ros/humble /usr/bin/cmake --install /home/morita/ros2_ws/build/mypkg
[5.357s] -- Install configuration: ""
[5.359s] -- Installing: /home/morita/ros2_ws/install/mypkg/lib/mypkg/mypkg
[5.359s] -- Set runtime path of "/home/morita/ros2_ws/install/mypkg/lib/mypkg/mypkg" to ""
[5.360s] -- Up-to-date: /home/morita/ros2_ws/install/mypkg/share/ament_index/resource_index/package_run_dependencies/mypkg
[5.360s] -- Up-to-date: /home/morita/ros2_ws/install/mypkg/share/ament_index/resource_index/parent_prefix_path/mypkg
[5.361s] -- Up-to-date: /home/morita/ros2_ws/install/mypkg/share/mypkg/environment/ament_prefix_path.sh
[5.361s] -- Up-to-date: /home/morita/ros2_ws/install/mypkg/share/mypkg/environment/ament_prefix_path.dsv
[5.361s] -- Up-to-date: /home/morita/ros2_ws/install/mypkg/share/mypkg/environment/path.sh
[5.361s] -- Up-to-date: /home/morita/ros2_ws/install/mypkg/share/mypkg/environment/path.dsv
[5.361s] -- Up-to-date: /home/morita/ros2_ws/install/mypkg/share/mypkg/local_setup.bash
[5.361s] -- Up-to-date: /home/morita/ros2_ws/install/mypkg/share/mypkg/local_setup.sh
[5.361s] -- Up-to-date: /home/morita/ros2_ws/install/mypkg/share/mypkg/local_setup.zsh
[5.361s] -- Up-to-date: /home/morita/ros2_ws/install/mypkg/share/mypkg/local_setup.dsv
[5.361s] -- Installing: /home/morita/ros2_ws/install/mypkg/share/mypkg/package.dsv
[5.362s] -- Up-to-date: /home/morita/ros2_ws/install/mypkg/share/ament_index/resource_index/packages/mypkg
[5.362s] -- Up-to-date: /home/morita/ros2_ws/install/mypkg/share/mypkg/cmake/mypkgConfig.cmake
[5.362s] -- Up-to-date: /home/morita/ros2_ws/install/mypkg/share/mypkg/cmake/mypkgConfig-version.cmake
[5.362s] -- Up-to-date: /home/morita/ros2_ws/install/mypkg/share/mypkg/package.xml
[5.365s] Invoked command in '/home/morita/ros2_ws/build/mypkg' returned '0': CMAKE_PREFIX_PATH=/opt/ros/humble /usr/bin/cmake --install /home/morita/ros2_ws/build/mypkg
