[0.537s] DEBUG:colcon:Command line arguments: ['/usr/bin/colcon', 'build']
[0.537s] DEBUG:colcon:Parsed command line arguments: Namespace(log_base=None, log_level=None, verb_name='build', build_base='build', install_base='install', merge_install=False, symlink_install=False, test_result_base=None, continue_on_error=False, executor='parallel', parallel_workers=8, event_handlers=None, ignore_user_meta=False, metas=['./colcon.meta'], base_paths=['.'], packages_ignore=None, packages_ignore_regex=None, paths=None, packages_up_to=None, packages_up_to_regex=None, packages_above=None, packages_above_and_dependencies=None, packages_above_depth=None, packages_select_by_dep=None, packages_skip_by_dep=None, packages_skip_up_to=None, packages_select_build_failed=False, packages_skip_build_finished=False, packages_select_test_failures=False, packages_skip_test_passed=False, packages_select=None, packages_skip=None, packages_select_regex=None, packages_skip_regex=None, packages_start=None, packages_end=None, allow_overriding=[], cmake_args=None, cmake_target=None, cmake_target_skip_unavailable=False, cmake_clean_cache=False, cmake_clean_first=False, cmake_force_configure=False, ament_cmake_args=None, catkin_cmake_args=None, catkin_skip_building_tests=False, verb_parser=<colcon_defaults.argument_parser.defaults.DefaultArgumentsDecorator object at 0x7f9b32c39ab0>, verb_extension=<colcon_core.verb.build.BuildVerb object at 0x7f9b33448b80>, main=<bound method BuildVerb.main of <colcon_core.verb.build.BuildVerb object at 0x7f9b33448b80>>)
[0.590s] Level 1:colcon.colcon_core.package_discovery:discover_packages(colcon_meta) check parameters
[0.591s] Level 1:colcon.colcon_core.package_discovery:discover_packages(recursive) check parameters
[0.591s] Level 1:colcon.colcon_core.package_discovery:discover_packages(ignore) check parameters
[0.591s] Level 1:colcon.colcon_core.package_discovery:discover_packages(path) check parameters
[0.591s] Level 1:colcon.colcon_core.package_discovery:discover_packages(colcon_meta) discover
[0.591s] Level 1:colcon.colcon_core.package_discovery:discover_packages(recursive) discover
[0.591s] INFO:colcon.colcon_core.package_discovery:Crawling recursively for packages in '/home/hiromasa/ros2_ws'
[0.591s] Level 1:colcon.colcon_core.package_identification:_identify(.) by extensions ['ignore', 'ignore_ament_install']
[0.591s] Level 1:colcon.colcon_core.package_identification:_identify(.) by extension 'ignore'
[0.591s] Level 1:colcon.colcon_core.package_identification:_identify(.) by extension 'ignore_ament_install'
[0.591s] Level 1:colcon.colcon_core.package_identification:_identify(.) by extensions ['colcon_pkg']
[0.591s] Level 1:colcon.colcon_core.package_identification:_identify(.) by extension 'colcon_pkg'
[0.591s] Level 1:colcon.colcon_core.package_identification:_identify(.) by extensions ['colcon_meta']
[0.591s] Level 1:colcon.colcon_core.package_identification:_identify(.) by extension 'colcon_meta'
[0.591s] Level 1:colcon.colcon_core.package_identification:_identify(.) by extensions ['ros']
[0.591s] Level 1:colcon.colcon_core.package_identification:_identify(.) by extension 'ros'
[0.605s] Level 1:colcon.colcon_core.package_identification:_identify(.) by extensions ['cmake', 'python']
[0.605s] Level 1:colcon.colcon_core.package_identification:_identify(.) by extension 'cmake'
[0.605s] Level 1:colcon.colcon_core.package_identification:_identify(.) by extension 'python'
[0.605s] Level 1:colcon.colcon_core.package_identification:_identify(.) by extensions ['python_setup_py']
[0.605s] Level 1:colcon.colcon_core.package_identification:_identify(.) by extension 'python_setup_py'
[0.605s] Level 1:colcon.colcon_core.package_identification:_identify(CSV) by extensions ['ignore', 'ignore_ament_install']
[0.605s] Level 1:colcon.colcon_core.package_identification:_identify(CSV) by extension 'ignore'
[0.605s] Level 1:colcon.colcon_core.package_identification:_identify(CSV) by extension 'ignore_ament_install'
[0.605s] Level 1:colcon.colcon_core.package_identification:_identify(CSV) by extensions ['colcon_pkg']
[0.605s] Level 1:colcon.colcon_core.package_identification:_identify(CSV) by extension 'colcon_pkg'
[0.606s] Level 1:colcon.colcon_core.package_identification:_identify(CSV) by extensions ['colcon_meta']
[0.606s] Level 1:colcon.colcon_core.package_identification:_identify(CSV) by extension 'colcon_meta'
[0.606s] Level 1:colcon.colcon_core.package_identification:_identify(CSV) by extensions ['ros']
[0.606s] Level 1:colcon.colcon_core.package_identification:_identify(CSV) by extension 'ros'
[0.606s] Level 1:colcon.colcon_core.package_identification:_identify(CSV) by extensions ['cmake', 'python']
[0.606s] Level 1:colcon.colcon_core.package_identification:_identify(CSV) by extension 'cmake'
[0.606s] Level 1:colcon.colcon_core.package_identification:_identify(CSV) by extension 'python'
[0.606s] Level 1:colcon.colcon_core.package_identification:_identify(CSV) by extensions ['python_setup_py']
[0.606s] Level 1:colcon.colcon_core.package_identification:_identify(CSV) by extension 'python_setup_py'
[0.606s] Level 1:colcon.colcon_core.package_identification:_identify(Memo) by extensions ['ignore', 'ignore_ament_install']
[0.606s] Level 1:colcon.colcon_core.package_identification:_identify(Memo) by extension 'ignore'
[0.606s] Level 1:colcon.colcon_core.package_identification:_identify(Memo) by extension 'ignore_ament_install'
[0.606s] Level 1:colcon.colcon_core.package_identification:_identify(Memo) by extensions ['colcon_pkg']
[0.606s] Level 1:colcon.colcon_core.package_identification:_identify(Memo) by extension 'colcon_pkg'
[0.606s] Level 1:colcon.colcon_core.package_identification:_identify(Memo) by extensions ['colcon_meta']
[0.606s] Level 1:colcon.colcon_core.package_identification:_identify(Memo) by extension 'colcon_meta'
[0.606s] Level 1:colcon.colcon_core.package_identification:_identify(Memo) by extensions ['ros']
[0.606s] Level 1:colcon.colcon_core.package_identification:_identify(Memo) by extension 'ros'
[0.607s] Level 1:colcon.colcon_core.package_identification:_identify(Memo) by extensions ['cmake', 'python']
[0.607s] Level 1:colcon.colcon_core.package_identification:_identify(Memo) by extension 'cmake'
[0.607s] Level 1:colcon.colcon_core.package_identification:_identify(Memo) by extension 'python'
[0.607s] Level 1:colcon.colcon_core.package_identification:_identify(Memo) by extensions ['python_setup_py']
[0.607s] Level 1:colcon.colcon_core.package_identification:_identify(Memo) by extension 'python_setup_py'
[0.607s] Level 1:colcon.colcon_core.package_identification:_identify(Memo/tex) by extensions ['ignore', 'ignore_ament_install']
[0.607s] Level 1:colcon.colcon_core.package_identification:_identify(Memo/tex) by extension 'ignore'
[0.607s] Level 1:colcon.colcon_core.package_identification:_identify(Memo/tex) by extension 'ignore_ament_install'
[0.607s] Level 1:colcon.colcon_core.package_identification:_identify(Memo/tex) by extensions ['colcon_pkg']
[0.607s] Level 1:colcon.colcon_core.package_identification:_identify(Memo/tex) by extension 'colcon_pkg'
[0.607s] Level 1:colcon.colcon_core.package_identification:_identify(Memo/tex) by extensions ['colcon_meta']
[0.607s] Level 1:colcon.colcon_core.package_identification:_identify(Memo/tex) by extension 'colcon_meta'
[0.607s] Level 1:colcon.colcon_core.package_identification:_identify(Memo/tex) by extensions ['ros']
[0.607s] Level 1:colcon.colcon_core.package_identification:_identify(Memo/tex) by extension 'ros'
[0.608s] Level 1:colcon.colcon_core.package_identification:_identify(Memo/tex) by extensions ['cmake', 'python']
[0.608s] Level 1:colcon.colcon_core.package_identification:_identify(Memo/tex) by extension 'cmake'
[0.608s] Level 1:colcon.colcon_core.package_identification:_identify(Memo/tex) by extension 'python'
[0.608s] Level 1:colcon.colcon_core.package_identification:_identify(Memo/tex) by extensions ['python_setup_py']
[0.608s] Level 1:colcon.colcon_core.package_identification:_identify(Memo/tex) by extension 'python_setup_py'
[0.608s] Level 1:colcon.colcon_core.package_identification:_identify(Memo/tex/img) by extensions ['ignore', 'ignore_ament_install']
[0.609s] Level 1:colcon.colcon_core.package_identification:_identify(Memo/tex/img) by extension 'ignore'
[0.609s] Level 1:colcon.colcon_core.package_identification:_identify(Memo/tex/img) by extension 'ignore_ament_install'
[0.609s] Level 1:colcon.colcon_core.package_identification:_identify(Memo/tex/img) by extensions ['colcon_pkg']
[0.609s] Level 1:colcon.colcon_core.package_identification:_identify(Memo/tex/img) by extension 'colcon_pkg'
[0.609s] Level 1:colcon.colcon_core.package_identification:_identify(Memo/tex/img) by extensions ['colcon_meta']
[0.609s] Level 1:colcon.colcon_core.package_identification:_identify(Memo/tex/img) by extension 'colcon_meta'
[0.609s] Level 1:colcon.colcon_core.package_identification:_identify(Memo/tex/img) by extensions ['ros']
[0.609s] Level 1:colcon.colcon_core.package_identification:_identify(Memo/tex/img) by extension 'ros'
[0.609s] Level 1:colcon.colcon_core.package_identification:_identify(Memo/tex/img) by extensions ['cmake', 'python']
[0.609s] Level 1:colcon.colcon_core.package_identification:_identify(Memo/tex/img) by extension 'cmake'
[0.609s] Level 1:colcon.colcon_core.package_identification:_identify(Memo/tex/img) by extension 'python'
[0.609s] Level 1:colcon.colcon_core.package_identification:_identify(Memo/tex/img) by extensions ['python_setup_py']
[0.609s] Level 1:colcon.colcon_core.package_identification:_identify(Memo/tex/img) by extension 'python_setup_py'
[0.609s] Level 1:colcon.colcon_core.package_identification:_identify(build) by extensions ['ignore', 'ignore_ament_install']
[0.609s] Level 1:colcon.colcon_core.package_identification:_identify(build) by extension 'ignore'
[0.609s] Level 1:colcon.colcon_core.package_identification:_identify(build) ignored
[0.610s] Level 1:colcon.colcon_core.package_identification:_identify(image) by extensions ['ignore', 'ignore_ament_install']
[0.610s] Level 1:colcon.colcon_core.package_identification:_identify(image) by extension 'ignore'
[0.610s] Level 1:colcon.colcon_core.package_identification:_identify(image) by extension 'ignore_ament_install'
[0.610s] Level 1:colcon.colcon_core.package_identification:_identify(image) by extensions ['colcon_pkg']
[0.610s] Level 1:colcon.colcon_core.package_identification:_identify(image) by extension 'colcon_pkg'
[0.610s] Level 1:colcon.colcon_core.package_identification:_identify(image) by extensions ['colcon_meta']
[0.610s] Level 1:colcon.colcon_core.package_identification:_identify(image) by extension 'colcon_meta'
[0.610s] Level 1:colcon.colcon_core.package_identification:_identify(image) by extensions ['ros']
[0.610s] Level 1:colcon.colcon_core.package_identification:_identify(image) by extension 'ros'
[0.610s] Level 1:colcon.colcon_core.package_identification:_identify(image) by extensions ['cmake', 'python']
[0.610s] Level 1:colcon.colcon_core.package_identification:_identify(image) by extension 'cmake'
[0.610s] Level 1:colcon.colcon_core.package_identification:_identify(image) by extension 'python'
[0.610s] Level 1:colcon.colcon_core.package_identification:_identify(image) by extensions ['python_setup_py']
[0.610s] Level 1:colcon.colcon_core.package_identification:_identify(image) by extension 'python_setup_py'
[0.610s] Level 1:colcon.colcon_core.package_identification:_identify(image/build) by extensions ['ignore', 'ignore_ament_install']
[0.611s] Level 1:colcon.colcon_core.package_identification:_identify(image/build) by extension 'ignore'
[0.611s] Level 1:colcon.colcon_core.package_identification:_identify(image/build) ignored
[0.611s] Level 1:colcon.colcon_core.package_identification:_identify(image/install) by extensions ['ignore', 'ignore_ament_install']
[0.611s] Level 1:colcon.colcon_core.package_identification:_identify(image/install) by extension 'ignore'
[0.611s] Level 1:colcon.colcon_core.package_identification:_identify(image/install) ignored
[0.611s] Level 1:colcon.colcon_core.package_identification:_identify(image/log) by extensions ['ignore', 'ignore_ament_install']
[0.611s] Level 1:colcon.colcon_core.package_identification:_identify(image/log) by extension 'ignore'
[0.611s] Level 1:colcon.colcon_core.package_identification:_identify(image/log) ignored
[0.612s] Level 1:colcon.colcon_core.package_identification:_identify(image/output) by extensions ['ignore', 'ignore_ament_install']
[0.612s] Level 1:colcon.colcon_core.package_identification:_identify(image/output) by extension 'ignore'
[0.612s] Level 1:colcon.colcon_core.package_identification:_identify(image/output) by extension 'ignore_ament_install'
[0.612s] Level 1:colcon.colcon_core.package_identification:_identify(image/output) by extensions ['colcon_pkg']
[0.612s] Level 1:colcon.colcon_core.package_identification:_identify(image/output) by extension 'colcon_pkg'
[0.612s] Level 1:colcon.colcon_core.package_identification:_identify(image/output) by extensions ['colcon_meta']
[0.612s] Level 1:colcon.colcon_core.package_identification:_identify(image/output) by extension 'colcon_meta'
[0.612s] Level 1:colcon.colcon_core.package_identification:_identify(image/output) by extensions ['ros']
[0.612s] Level 1:colcon.colcon_core.package_identification:_identify(image/output) by extension 'ros'
[0.612s] Level 1:colcon.colcon_core.package_identification:_identify(image/output) by extensions ['cmake', 'python']
[0.612s] Level 1:colcon.colcon_core.package_identification:_identify(image/output) by extension 'cmake'
[0.612s] Level 1:colcon.colcon_core.package_identification:_identify(image/output) by extension 'python'
[0.612s] Level 1:colcon.colcon_core.package_identification:_identify(image/output) by extensions ['python_setup_py']
[0.612s] Level 1:colcon.colcon_core.package_identification:_identify(image/output) by extension 'python_setup_py'
[0.613s] Level 1:colcon.colcon_core.package_identification:_identify(image/output/mypkg) by extensions ['ignore', 'ignore_ament_install']
[0.613s] Level 1:colcon.colcon_core.package_identification:_identify(image/output/mypkg) by extension 'ignore'
[0.613s] Level 1:colcon.colcon_core.package_identification:_identify(image/output/mypkg) by extension 'ignore_ament_install'
[0.613s] Level 1:colcon.colcon_core.package_identification:_identify(image/output/mypkg) by extensions ['colcon_pkg']
[0.613s] Level 1:colcon.colcon_core.package_identification:_identify(image/output/mypkg) by extension 'colcon_pkg'
[0.613s] Level 1:colcon.colcon_core.package_identification:_identify(image/output/mypkg) by extensions ['colcon_meta']
[0.613s] Level 1:colcon.colcon_core.package_identification:_identify(image/output/mypkg) by extension 'colcon_meta'
[0.613s] Level 1:colcon.colcon_core.package_identification:_identify(image/output/mypkg) by extensions ['ros']
[0.613s] Level 1:colcon.colcon_core.package_identification:_identify(image/output/mypkg) by extension 'ros'
[0.613s] Level 1:colcon.colcon_core.package_identification:_identify(image/output/mypkg) by extensions ['cmake', 'python']
[0.613s] Level 1:colcon.colcon_core.package_identification:_identify(image/output/mypkg) by extension 'cmake'
[0.613s] Level 1:colcon.colcon_core.package_identification:_identify(image/output/mypkg) by extension 'python'
[0.613s] Level 1:colcon.colcon_core.package_identification:_identify(image/output/mypkg) by extensions ['python_setup_py']
[0.613s] Level 1:colcon.colcon_core.package_identification:_identify(image/output/mypkg) by extension 'python_setup_py'
[0.614s] Level 1:colcon.colcon_core.package_identification:_identify(image/output/simple_drawing) by extensions ['ignore', 'ignore_ament_install']
[0.614s] Level 1:colcon.colcon_core.package_identification:_identify(image/output/simple_drawing) by extension 'ignore'
[0.614s] Level 1:colcon.colcon_core.package_identification:_identify(image/output/simple_drawing) by extension 'ignore_ament_install'
[0.614s] Level 1:colcon.colcon_core.package_identification:_identify(image/output/simple_drawing) by extensions ['colcon_pkg']
[0.614s] Level 1:colcon.colcon_core.package_identification:_identify(image/output/simple_drawing) by extension 'colcon_pkg'
[0.614s] Level 1:colcon.colcon_core.package_identification:_identify(image/output/simple_drawing) by extensions ['colcon_meta']
[0.614s] Level 1:colcon.colcon_core.package_identification:_identify(image/output/simple_drawing) by extension 'colcon_meta'
[0.614s] Level 1:colcon.colcon_core.package_identification:_identify(image/output/simple_drawing) by extensions ['ros']
[0.614s] Level 1:colcon.colcon_core.package_identification:_identify(image/output/simple_drawing) by extension 'ros'
[0.614s] Level 1:colcon.colcon_core.package_identification:_identify(image/output/simple_drawing) by extensions ['cmake', 'python']
[0.614s] Level 1:colcon.colcon_core.package_identification:_identify(image/output/simple_drawing) by extension 'cmake'
[0.614s] Level 1:colcon.colcon_core.package_identification:_identify(image/output/simple_drawing) by extension 'python'
[0.614s] Level 1:colcon.colcon_core.package_identification:_identify(image/output/simple_drawing) by extensions ['python_setup_py']
[0.614s] Level 1:colcon.colcon_core.package_identification:_identify(image/output/simple_drawing) by extension 'python_setup_py'
[0.614s] Level 1:colcon.colcon_core.package_identification:_identify(install) by extensions ['ignore', 'ignore_ament_install']
[0.614s] Level 1:colcon.colcon_core.package_identification:_identify(install) by extension 'ignore'
[0.614s] Level 1:colcon.colcon_core.package_identification:_identify(install) ignored
[0.615s] Level 1:colcon.colcon_core.package_identification:_identify(log) by extensions ['ignore', 'ignore_ament_install']
[0.615s] Level 1:colcon.colcon_core.package_identification:_identify(log) by extension 'ignore'
[0.615s] Level 1:colcon.colcon_core.package_identification:_identify(log) ignored
[0.615s] Level 1:colcon.colcon_core.package_identification:_identify(scripts) by extensions ['ignore', 'ignore_ament_install']
[0.615s] Level 1:colcon.colcon_core.package_identification:_identify(scripts) by extension 'ignore'
[0.615s] Level 1:colcon.colcon_core.package_identification:_identify(scripts) by extension 'ignore_ament_install'
[0.615s] Level 1:colcon.colcon_core.package_identification:_identify(scripts) by extensions ['colcon_pkg']
[0.615s] Level 1:colcon.colcon_core.package_identification:_identify(scripts) by extension 'colcon_pkg'
[0.615s] Level 1:colcon.colcon_core.package_identification:_identify(scripts) by extensions ['colcon_meta']
[0.615s] Level 1:colcon.colcon_core.package_identification:_identify(scripts) by extension 'colcon_meta'
[0.615s] Level 1:colcon.colcon_core.package_identification:_identify(scripts) by extensions ['ros']
[0.615s] Level 1:colcon.colcon_core.package_identification:_identify(scripts) by extension 'ros'
[0.615s] Level 1:colcon.colcon_core.package_identification:_identify(scripts) by extensions ['cmake', 'python']
[0.615s] Level 1:colcon.colcon_core.package_identification:_identify(scripts) by extension 'cmake'
[0.615s] Level 1:colcon.colcon_core.package_identification:_identify(scripts) by extension 'python'
[0.615s] Level 1:colcon.colcon_core.package_identification:_identify(scripts) by extensions ['python_setup_py']
[0.615s] Level 1:colcon.colcon_core.package_identification:_identify(scripts) by extension 'python_setup_py'
[0.615s] Level 1:colcon.colcon_core.package_identification:_identify(src) by extensions ['ignore', 'ignore_ament_install']
[0.616s] Level 1:colcon.colcon_core.package_identification:_identify(src) by extension 'ignore'
[0.616s] Level 1:colcon.colcon_core.package_identification:_identify(src) by extension 'ignore_ament_install'
[0.616s] Level 1:colcon.colcon_core.package_identification:_identify(src) by extensions ['colcon_pkg']
[0.616s] Level 1:colcon.colcon_core.package_identification:_identify(src) by extension 'colcon_pkg'
[0.616s] Level 1:colcon.colcon_core.package_identification:_identify(src) by extensions ['colcon_meta']
[0.616s] Level 1:colcon.colcon_core.package_identification:_identify(src) by extension 'colcon_meta'
[0.616s] Level 1:colcon.colcon_core.package_identification:_identify(src) by extensions ['ros']
[0.616s] Level 1:colcon.colcon_core.package_identification:_identify(src) by extension 'ros'
[0.616s] Level 1:colcon.colcon_core.package_identification:_identify(src) by extensions ['cmake', 'python']
[0.616s] Level 1:colcon.colcon_core.package_identification:_identify(src) by extension 'cmake'
[0.616s] Level 1:colcon.colcon_core.package_identification:_identify(src) by extension 'python'
[0.616s] Level 1:colcon.colcon_core.package_identification:_identify(src) by extensions ['python_setup_py']
[0.616s] Level 1:colcon.colcon_core.package_identification:_identify(src) by extension 'python_setup_py'
[0.616s] Level 1:colcon.colcon_core.package_identification:_identify(src/mypkg) by extensions ['ignore', 'ignore_ament_install']
[0.616s] Level 1:colcon.colcon_core.package_identification:_identify(src/mypkg) by extension 'ignore'
[0.616s] Level 1:colcon.colcon_core.package_identification:_identify(src/mypkg) by extension 'ignore_ament_install'
[0.616s] Level 1:colcon.colcon_core.package_identification:_identify(src/mypkg) by extensions ['colcon_pkg']
[0.616s] Level 1:colcon.colcon_core.package_identification:_identify(src/mypkg) by extension 'colcon_pkg'
[0.616s] Level 1:colcon.colcon_core.package_identification:_identify(src/mypkg) by extensions ['colcon_meta']
[0.617s] Level 1:colcon.colcon_core.package_identification:_identify(src/mypkg) by extension 'colcon_meta'
[0.617s] Level 1:colcon.colcon_core.package_identification:_identify(src/mypkg) by extensions ['ros']
[0.617s] Level 1:colcon.colcon_core.package_identification:_identify(src/mypkg) by extension 'ros'
[0.620s] DEBUG:colcon.colcon_core.package_identification:Package 'src/mypkg' with type 'ros.ament_cmake' and name 'mypkg'
[0.620s] Level 1:colcon.colcon_core.package_identification:_identify(src/robotvision_2023) by extensions ['ignore', 'ignore_ament_install']
[0.620s] Level 1:colcon.colcon_core.package_identification:_identify(src/robotvision_2023) by extension 'ignore'
[0.620s] Level 1:colcon.colcon_core.package_identification:_identify(src/robotvision_2023) by extension 'ignore_ament_install'
[0.620s] Level 1:colcon.colcon_core.package_identification:_identify(src/robotvision_2023) by extensions ['colcon_pkg']
[0.620s] Level 1:colcon.colcon_core.package_identification:_identify(src/robotvision_2023) by extension 'colcon_pkg'
[0.620s] Level 1:colcon.colcon_core.package_identification:_identify(src/robotvision_2023) by extensions ['colcon_meta']
[0.621s] Level 1:colcon.colcon_core.package_identification:_identify(src/robotvision_2023) by extension 'colcon_meta'
[0.621s] Level 1:colcon.colcon_core.package_identification:_identify(src/robotvision_2023) by extensions ['ros']
[0.621s] Level 1:colcon.colcon_core.package_identification:_identify(src/robotvision_2023) by extension 'ros'
[0.622s] DEBUG:colcon.colcon_core.package_identification:Package 'src/robotvision_2023' with type 'ros.ament_cmake' and name 'robotvision_2023'
[0.622s] Level 1:colcon.colcon_core.package_discovery:discover_packages(recursive) using defaults
[0.622s] Level 1:colcon.colcon_core.package_discovery:discover_packages(ignore) discover
[0.622s] Level 1:colcon.colcon_core.package_discovery:discover_packages(ignore) using defaults
[0.622s] Level 1:colcon.colcon_core.package_discovery:discover_packages(path) discover
[0.622s] Level 1:colcon.colcon_core.package_discovery:discover_packages(path) using defaults
[0.665s] Level 1:colcon.colcon_core.package_discovery:discover_packages(prefix_path) check parameters
[0.665s] Level 1:colcon.colcon_core.package_discovery:discover_packages(prefix_path) discover
[0.669s] DEBUG:colcon.colcon_installed_package_information.package_discovery:Found 270 installed packages in /opt/ros/humble
[0.671s] Level 1:colcon.colcon_core.package_discovery:discover_packages(prefix_path) using defaults
[0.725s] Level 5:colcon.colcon_core.verb:set package 'mypkg' build argument 'cmake_args' from command line to 'None'
[0.725s] Level 5:colcon.colcon_core.verb:set package 'mypkg' build argument 'cmake_target' from command line to 'None'
[0.725s] Level 5:colcon.colcon_core.verb:set package 'mypkg' build argument 'cmake_target_skip_unavailable' from command line to 'False'
[0.725s] Level 5:colcon.colcon_core.verb:set package 'mypkg' build argument 'cmake_clean_cache' from command line to 'False'
[0.725s] Level 5:colcon.colcon_core.verb:set package 'mypkg' build argument 'cmake_clean_first' from command line to 'False'
[0.725s] Level 5:colcon.colcon_core.verb:set package 'mypkg' build argument 'cmake_force_configure' from command line to 'False'
[0.725s] Level 5:colcon.colcon_core.verb:set package 'mypkg' build argument 'ament_cmake_args' from command line to 'None'
[0.725s] Level 5:colcon.colcon_core.verb:set package 'mypkg' build argument 'catkin_cmake_args' from command line to 'None'
[0.725s] Level 5:colcon.colcon_core.verb:set package 'mypkg' build argument 'catkin_skip_building_tests' from command line to 'False'
[0.725s] DEBUG:colcon.colcon_core.verb:Building package 'mypkg' with the following arguments: {'ament_cmake_args': None, 'build_base': '/home/hiromasa/ros2_ws/build/mypkg', 'catkin_cmake_args': None, 'catkin_skip_building_tests': False, 'cmake_args': None, 'cmake_clean_cache': False, 'cmake_clean_first': False, 'cmake_force_configure': False, 'cmake_target': None, 'cmake_target_skip_unavailable': False, 'install_base': '/home/hiromasa/ros2_ws/install/mypkg', 'merge_install': False, 'path': '/home/hiromasa/ros2_ws/src/mypkg', 'symlink_install': False, 'test_result_base': None}
[0.726s] Level 5:colcon.colcon_core.verb:set package 'robotvision_2023' build argument 'cmake_args' from command line to 'None'
[0.726s] Level 5:colcon.colcon_core.verb:set package 'robotvision_2023' build argument 'cmake_target' from command line to 'None'
[0.726s] Level 5:colcon.colcon_core.verb:set package 'robotvision_2023' build argument 'cmake_target_skip_unavailable' from command line to 'False'
[0.726s] Level 5:colcon.colcon_core.verb:set package 'robotvision_2023' build argument 'cmake_clean_cache' from command line to 'False'
[0.726s] Level 5:colcon.colcon_core.verb:set package 'robotvision_2023' build argument 'cmake_clean_first' from command line to 'False'
[0.726s] Level 5:colcon.colcon_core.verb:set package 'robotvision_2023' build argument 'cmake_force_configure' from command line to 'False'
[0.726s] Level 5:colcon.colcon_core.verb:set package 'robotvision_2023' build argument 'ament_cmake_args' from command line to 'None'
[0.726s] Level 5:colcon.colcon_core.verb:set package 'robotvision_2023' build argument 'catkin_cmake_args' from command line to 'None'
[0.726s] Level 5:colcon.colcon_core.verb:set package 'robotvision_2023' build argument 'catkin_skip_building_tests' from command line to 'False'
[0.726s] DEBUG:colcon.colcon_core.verb:Building package 'robotvision_2023' with the following arguments: {'ament_cmake_args': None, 'build_base': '/home/hiromasa/ros2_ws/build/robotvision_2023', 'catkin_cmake_args': None, 'catkin_skip_building_tests': False, 'cmake_args': None, 'cmake_clean_cache': False, 'cmake_clean_first': False, 'cmake_force_configure': False, 'cmake_target': None, 'cmake_target_skip_unavailable': False, 'install_base': '/home/hiromasa/ros2_ws/install/robotvision_2023', 'merge_install': False, 'path': '/home/hiromasa/ros2_ws/src/robotvision_2023', 'symlink_install': False, 'test_result_base': None}
[0.727s] INFO:colcon.colcon_core.executor:Executing jobs using 'parallel' executor
[0.730s] DEBUG:colcon.colcon_parallel_executor.executor.parallel:run_until_complete
[0.730s] INFO:colcon.colcon_ros.task.ament_cmake.build:Building ROS package in '/home/hiromasa/ros2_ws/src/mypkg' with build type 'ament_cmake'
[0.730s] INFO:colcon.colcon_cmake.task.cmake.build:Building CMake package in '/home/hiromasa/ros2_ws/src/mypkg'
[0.737s] INFO:colcon.colcon_core.plugin_system:Skipping extension 'colcon_core.shell.bat': Not used on non-Windows systems
[0.737s] INFO:colcon.colcon_core.shell:Skip shell extension 'powershell' for command environment: Not usable outside of PowerShell
[0.737s] DEBUG:colcon.colcon_core.shell:Skip shell extension 'dsv' for command environment
[0.741s] INFO:colcon.colcon_ros.task.ament_cmake.build:Building ROS package in '/home/hiromasa/ros2_ws/src/robotvision_2023' with build type 'ament_cmake'
[0.741s] INFO:colcon.colcon_cmake.task.cmake.build:Building CMake package in '/home/hiromasa/ros2_ws/src/robotvision_2023'
[0.743s] INFO:colcon.colcon_core.shell:Skip shell extension 'powershell' for command environment: Not usable outside of PowerShell
[0.743s] DEBUG:colcon.colcon_core.shell:Skip shell extension 'dsv' for command environment
[0.752s] DEBUG:colcon.colcon_core.event_handler.log_command:Invoking command in '/home/hiromasa/ros2_ws/build/mypkg': CMAKE_PREFIX_PATH=/opt/ros/humble /usr/bin/cmake --build /home/hiromasa/ros2_ws/build/mypkg -- -j8 -l8
[0.760s] DEBUG:colcon.colcon_core.event_handler.log_command:Invoking command in '/home/hiromasa/ros2_ws/build/robotvision_2023': CMAKE_PREFIX_PATH=/opt/ros/humble /usr/bin/cmake --build /home/hiromasa/ros2_ws/build/robotvision_2023 -- -j8 -l8
[0.903s] DEBUG:colcon.colcon_core.event_handler.log_command:Invoked command in '/home/hiromasa/ros2_ws/build/robotvision_2023' returned '0': CMAKE_PREFIX_PATH=/opt/ros/humble /usr/bin/cmake --build /home/hiromasa/ros2_ws/build/robotvision_2023 -- -j8 -l8
[0.934s] DEBUG:colcon.colcon_core.event_handler.log_command:Invoking command in '/home/hiromasa/ros2_ws/build/robotvision_2023': CMAKE_PREFIX_PATH=/opt/ros/humble /usr/bin/cmake --install /home/hiromasa/ros2_ws/build/robotvision_2023
[0.946s] Level 1:colcon.colcon_core.environment:create_environment_scripts_only(robotvision_2023)
[0.948s] DEBUG:colcon.colcon_core.event_handler.log_command:Invoked command in '/home/hiromasa/ros2_ws/build/robotvision_2023' returned '0': CMAKE_PREFIX_PATH=/opt/ros/humble /usr/bin/cmake --install /home/hiromasa/ros2_ws/build/robotvision_2023
[0.957s] Level 1:colcon.colcon_core.environment:checking '/home/hiromasa/ros2_ws/install/robotvision_2023' for CMake module files
[0.957s] Level 1:colcon.colcon_core.environment:checking '/home/hiromasa/ros2_ws/install/robotvision_2023' for CMake config files
[0.958s] Level 1:colcon.colcon_core.shell:create_environment_hook('robotvision_2023', 'cmake_prefix_path')
[0.960s] INFO:colcon.colcon_core.shell:Creating environment hook '/home/hiromasa/ros2_ws/install/robotvision_2023/share/robotvision_2023/hook/cmake_prefix_path.ps1'
[0.961s] INFO:colcon.colcon_core.shell:Creating environment descriptor '/home/hiromasa/ros2_ws/install/robotvision_2023/share/robotvision_2023/hook/cmake_prefix_path.dsv'
[0.961s] INFO:colcon.colcon_core.shell:Creating environment hook '/home/hiromasa/ros2_ws/install/robotvision_2023/share/robotvision_2023/hook/cmake_prefix_path.sh'
[0.962s] Level 1:colcon.colcon_core.environment:checking '/home/hiromasa/ros2_ws/install/robotvision_2023/lib'
[0.963s] Level 1:colcon.colcon_core.environment:checking '/home/hiromasa/ros2_ws/install/robotvision_2023/bin'
[0.963s] Level 1:colcon.colcon_core.environment:checking '/home/hiromasa/ros2_ws/install/robotvision_2023/lib/pkgconfig/robotvision_2023.pc'
[0.963s] Level 1:colcon.colcon_core.environment:checking '/home/hiromasa/ros2_ws/install/robotvision_2023/lib/python3.10/site-packages'
[0.963s] Level 1:colcon.colcon_core.environment:checking '/home/hiromasa/ros2_ws/install/robotvision_2023/bin'
[0.965s] INFO:colcon.colcon_core.shell:Creating package script '/home/hiromasa/ros2_ws/install/robotvision_2023/share/robotvision_2023/package.ps1'
[0.966s] INFO:colcon.colcon_core.shell:Creating package descriptor '/home/hiromasa/ros2_ws/install/robotvision_2023/share/robotvision_2023/package.dsv'
[0.967s] INFO:colcon.colcon_core.shell:Creating package script '/home/hiromasa/ros2_ws/install/robotvision_2023/share/robotvision_2023/package.sh'
[0.967s] INFO:colcon.colcon_core.shell:Creating package script '/home/hiromasa/ros2_ws/install/robotvision_2023/share/robotvision_2023/package.bash'
[0.969s] INFO:colcon.colcon_core.shell:Creating package script '/home/hiromasa/ros2_ws/install/robotvision_2023/share/robotvision_2023/package.zsh'
[0.969s] Level 1:colcon.colcon_core.environment:create_file_with_runtime_dependencies(/home/hiromasa/ros2_ws/install/robotvision_2023/share/colcon-core/packages/robotvision_2023)
[0.994s] Level 1:colcon.colcon_core.environment:create_environment_scripts_only(robotvision_2023)
[0.997s] Level 1:colcon.colcon_core.environment:checking '/home/hiromasa/ros2_ws/install/robotvision_2023' for CMake module files
[0.998s] Level 1:colcon.colcon_core.environment:checking '/home/hiromasa/ros2_ws/install/robotvision_2023' for CMake config files
[0.998s] Level 1:colcon.colcon_core.shell:create_environment_hook('robotvision_2023', 'cmake_prefix_path')
[1.000s] INFO:colcon.colcon_core.shell:Creating environment hook '/home/hiromasa/ros2_ws/install/robotvision_2023/share/robotvision_2023/hook/cmake_prefix_path.ps1'
[1.000s] INFO:colcon.colcon_core.shell:Creating environment descriptor '/home/hiromasa/ros2_ws/install/robotvision_2023/share/robotvision_2023/hook/cmake_prefix_path.dsv'
[1.001s] INFO:colcon.colcon_core.shell:Creating environment hook '/home/hiromasa/ros2_ws/install/robotvision_2023/share/robotvision_2023/hook/cmake_prefix_path.sh'
[1.001s] Level 1:colcon.colcon_core.environment:checking '/home/hiromasa/ros2_ws/install/robotvision_2023/lib'
[1.002s] Level 1:colcon.colcon_core.environment:checking '/home/hiromasa/ros2_ws/install/robotvision_2023/bin'
[1.002s] Level 1:colcon.colcon_core.environment:checking '/home/hiromasa/ros2_ws/install/robotvision_2023/lib/pkgconfig/robotvision_2023.pc'
[1.002s] Level 1:colcon.colcon_core.environment:checking '/home/hiromasa/ros2_ws/install/robotvision_2023/lib/python3.10/site-packages'
[1.002s] Level 1:colcon.colcon_core.environment:checking '/home/hiromasa/ros2_ws/install/robotvision_2023/bin'
[1.005s] INFO:colcon.colcon_core.shell:Creating package script '/home/hiromasa/ros2_ws/install/robotvision_2023/share/robotvision_2023/package.ps1'
[1.005s] INFO:colcon.colcon_core.shell:Creating package descriptor '/home/hiromasa/ros2_ws/install/robotvision_2023/share/robotvision_2023/package.dsv'
[1.006s] INFO:colcon.colcon_core.shell:Creating package script '/home/hiromasa/ros2_ws/install/robotvision_2023/share/robotvision_2023/package.sh'
[1.006s] INFO:colcon.colcon_core.shell:Creating package script '/home/hiromasa/ros2_ws/install/robotvision_2023/share/robotvision_2023/package.bash'
[1.007s] INFO:colcon.colcon_core.shell:Creating package script '/home/hiromasa/ros2_ws/install/robotvision_2023/share/robotvision_2023/package.zsh'
[1.007s] Level 1:colcon.colcon_core.environment:create_file_with_runtime_dependencies(/home/hiromasa/ros2_ws/install/robotvision_2023/share/colcon-core/packages/robotvision_2023)
[5.987s] DEBUG:colcon.colcon_core.event_handler.log_command:Invoked command in '/home/hiromasa/ros2_ws/build/mypkg' returned '0': CMAKE_PREFIX_PATH=/opt/ros/humble /usr/bin/cmake --build /home/hiromasa/ros2_ws/build/mypkg -- -j8 -l8
[6.012s] DEBUG:colcon.colcon_core.event_handler.log_command:Invoking command in '/home/hiromasa/ros2_ws/build/mypkg': CMAKE_PREFIX_PATH=/opt/ros/humble /usr/bin/cmake --install /home/hiromasa/ros2_ws/build/mypkg
[6.025s] Level 1:colcon.colcon_core.environment:create_environment_scripts_only(mypkg)
[6.026s] DEBUG:colcon.colcon_core.event_handler.log_command:Invoked command in '/home/hiromasa/ros2_ws/build/mypkg' returned '0': CMAKE_PREFIX_PATH=/opt/ros/humble /usr/bin/cmake --install /home/hiromasa/ros2_ws/build/mypkg
[6.028s] Level 1:colcon.colcon_core.environment:checking '/home/hiromasa/ros2_ws/install/mypkg' for CMake module files
[6.028s] Level 1:colcon.colcon_core.environment:checking '/home/hiromasa/ros2_ws/install/mypkg' for CMake config files
[6.029s] Level 1:colcon.colcon_core.shell:create_environment_hook('mypkg', 'cmake_prefix_path')
[6.030s] INFO:colcon.colcon_core.shell:Creating environment hook '/home/hiromasa/ros2_ws/install/mypkg/share/mypkg/hook/cmake_prefix_path.ps1'
[6.031s] INFO:colcon.colcon_core.shell:Creating environment descriptor '/home/hiromasa/ros2_ws/install/mypkg/share/mypkg/hook/cmake_prefix_path.dsv'
[6.031s] INFO:colcon.colcon_core.shell:Creating environment hook '/home/hiromasa/ros2_ws/install/mypkg/share/mypkg/hook/cmake_prefix_path.sh'
[6.031s] Level 1:colcon.colcon_core.environment:checking '/home/hiromasa/ros2_ws/install/mypkg/lib'
[6.032s] Level 1:colcon.colcon_core.environment:checking '/home/hiromasa/ros2_ws/install/mypkg/bin'
[6.032s] Level 1:colcon.colcon_core.environment:checking '/home/hiromasa/ros2_ws/install/mypkg/lib/pkgconfig/mypkg.pc'
[6.032s] Level 1:colcon.colcon_core.environment:checking '/home/hiromasa/ros2_ws/install/mypkg/lib/python3.10/site-packages'
[6.032s] Level 1:colcon.colcon_core.environment:checking '/home/hiromasa/ros2_ws/install/mypkg/bin'
[6.033s] INFO:colcon.colcon_core.shell:Creating package script '/home/hiromasa/ros2_ws/install/mypkg/share/mypkg/package.ps1'
[6.034s] INFO:colcon.colcon_core.shell:Creating package descriptor '/home/hiromasa/ros2_ws/install/mypkg/share/mypkg/package.dsv'
[6.034s] INFO:colcon.colcon_core.shell:Creating package script '/home/hiromasa/ros2_ws/install/mypkg/share/mypkg/package.sh'
[6.034s] INFO:colcon.colcon_core.shell:Creating package script '/home/hiromasa/ros2_ws/install/mypkg/share/mypkg/package.bash'
[6.035s] INFO:colcon.colcon_core.shell:Creating package script '/home/hiromasa/ros2_ws/install/mypkg/share/mypkg/package.zsh'
[6.035s] Level 1:colcon.colcon_core.environment:create_file_with_runtime_dependencies(/home/hiromasa/ros2_ws/install/mypkg/share/colcon-core/packages/mypkg)
[6.056s] Level 1:colcon.colcon_core.environment:create_environment_scripts_only(mypkg)
[6.058s] Level 1:colcon.colcon_core.environment:checking '/home/hiromasa/ros2_ws/install/mypkg' for CMake module files
[6.058s] Level 1:colcon.colcon_core.environment:checking '/home/hiromasa/ros2_ws/install/mypkg' for CMake config files
[6.058s] Level 1:colcon.colcon_core.shell:create_environment_hook('mypkg', 'cmake_prefix_path')
[6.059s] INFO:colcon.colcon_core.shell:Creating environment hook '/home/hiromasa/ros2_ws/install/mypkg/share/mypkg/hook/cmake_prefix_path.ps1'
[6.060s] INFO:colcon.colcon_core.shell:Creating environment descriptor '/home/hiromasa/ros2_ws/install/mypkg/share/mypkg/hook/cmake_prefix_path.dsv'
[6.060s] INFO:colcon.colcon_core.shell:Creating environment hook '/home/hiromasa/ros2_ws/install/mypkg/share/mypkg/hook/cmake_prefix_path.sh'
[6.061s] Level 1:colcon.colcon_core.environment:checking '/home/hiromasa/ros2_ws/install/mypkg/lib'
[6.061s] Level 1:colcon.colcon_core.environment:checking '/home/hiromasa/ros2_ws/install/mypkg/bin'
[6.061s] Level 1:colcon.colcon_core.environment:checking '/home/hiromasa/ros2_ws/install/mypkg/lib/pkgconfig/mypkg.pc'
[6.061s] Level 1:colcon.colcon_core.environment:checking '/home/hiromasa/ros2_ws/install/mypkg/lib/python3.10/site-packages'
[6.061s] Level 1:colcon.colcon_core.environment:checking '/home/hiromasa/ros2_ws/install/mypkg/bin'
[6.063s] INFO:colcon.colcon_core.shell:Creating package script '/home/hiromasa/ros2_ws/install/mypkg/share/mypkg/package.ps1'
[6.063s] INFO:colcon.colcon_core.shell:Creating package descriptor '/home/hiromasa/ros2_ws/install/mypkg/share/mypkg/package.dsv'
[6.064s] INFO:colcon.colcon_core.shell:Creating package script '/home/hiromasa/ros2_ws/install/mypkg/share/mypkg/package.sh'
[6.064s] INFO:colcon.colcon_core.shell:Creating package script '/home/hiromasa/ros2_ws/install/mypkg/share/mypkg/package.bash'
[6.065s] INFO:colcon.colcon_core.shell:Creating package script '/home/hiromasa/ros2_ws/install/mypkg/share/mypkg/package.zsh'
[6.065s] Level 1:colcon.colcon_core.environment:create_file_with_runtime_dependencies(/home/hiromasa/ros2_ws/install/mypkg/share/colcon-core/packages/mypkg)
[6.065s] DEBUG:colcon.colcon_parallel_executor.executor.parallel:closing loop
[6.065s] DEBUG:colcon.colcon_parallel_executor.executor.parallel:loop closed
[6.065s] DEBUG:colcon.colcon_parallel_executor.executor.parallel:run_until_complete finished with '0'
[6.066s] DEBUG:colcon.colcon_core.event_reactor:joining thread
[6.072s] INFO:colcon.colcon_core.plugin_system:Skipping extension 'colcon_notification.desktop_notification.terminal_notifier': Not used on non-Darwin systems
[6.072s] INFO:colcon.colcon_core.plugin_system:Skipping extension 'colcon_notification.desktop_notification.win32': Not used on non-Windows systems
[6.072s] INFO:colcon.colcon_notification.desktop_notification:Sending desktop notification using 'notify2'
[6.095s] DEBUG:colcon.colcon_core.event_reactor:joined thread
[6.097s] INFO:colcon.colcon_core.shell:Creating prefix script '/home/hiromasa/ros2_ws/install/local_setup.ps1'
[6.099s] INFO:colcon.colcon_core.shell:Creating prefix util module '/home/hiromasa/ros2_ws/install/_local_setup_util_ps1.py'
[6.101s] INFO:colcon.colcon_core.shell:Creating prefix chain script '/home/hiromasa/ros2_ws/install/setup.ps1'
[6.103s] INFO:colcon.colcon_core.shell:Creating prefix script '/home/hiromasa/ros2_ws/install/local_setup.sh'
[6.104s] INFO:colcon.colcon_core.shell:Creating prefix util module '/home/hiromasa/ros2_ws/install/_local_setup_util_sh.py'
[6.105s] INFO:colcon.colcon_core.shell:Creating prefix chain script '/home/hiromasa/ros2_ws/install/setup.sh'
[6.107s] INFO:colcon.colcon_core.shell:Creating prefix script '/home/hiromasa/ros2_ws/install/local_setup.bash'
[6.108s] INFO:colcon.colcon_core.shell:Creating prefix chain script '/home/hiromasa/ros2_ws/install/setup.bash'
[6.110s] INFO:colcon.colcon_core.shell:Creating prefix script '/home/hiromasa/ros2_ws/install/local_setup.zsh'
[6.111s] INFO:colcon.colcon_core.shell:Creating prefix chain script '/home/hiromasa/ros2_ws/install/setup.zsh'
