[0.047s] Invoking command in '/home/morita/ros2_ws/build/mypkg': CMAKE_PREFIX_PATH=/opt/ros/humble /usr/bin/cmake --build /home/morita/ros2_ws/build/mypkg -- -j8 -l8
[0.085s] [35m[1mConsolidate compiler generated dependencies of target mypkg[0m
[0.102s] [100%] Built target mypkg
[0.113s] Invoked command in '/home/morita/ros2_ws/build/mypkg' returned '0': CMAKE_PREFIX_PATH=/opt/ros/humble /usr/bin/cmake --build /home/morita/ros2_ws/build/mypkg -- -j8 -l8
[0.141s] Invoking command in '/home/morita/ros2_ws/build/mypkg': CMAKE_PREFIX_PATH=/opt/ros/humble /usr/bin/cmake --install /home/morita/ros2_ws/build/mypkg
[0.147s] -- Install configuration: ""
[0.148s] -- Installing: /home/morita/ros2_ws/install/mypkg/lib/mypkg/mypkg
[0.149s] -- Set runtime path of "/home/morita/ros2_ws/install/mypkg/lib/mypkg/mypkg" to ""
[0.149s] -- Up-to-date: /home/morita/ros2_ws/install/mypkg/share/ament_index/resource_index/package_run_dependencies/mypkg
[0.149s] -- Up-to-date: /home/morita/ros2_ws/install/mypkg/share/ament_index/resource_index/parent_prefix_path/mypkg
[0.150s] -- Up-to-date: /home/morita/ros2_ws/install/mypkg/share/mypkg/environment/ament_prefix_path.sh
[0.150s] -- Up-to-date: /home/morita/ros2_ws/install/mypkg/share/mypkg/environment/ament_prefix_path.dsv
[0.150s] -- Up-to-date: /home/morita/ros2_ws/install/mypkg/share/mypkg/environment/path.sh
[0.150s] -- Up-to-date: /home/morita/ros2_ws/install/mypkg/share/mypkg/environment/path.dsv
[0.150s] -- Up-to-date: /home/morita/ros2_ws/install/mypkg/share/mypkg/local_setup.bash
[0.150s] -- Up-to-date: /home/morita/ros2_ws/install/mypkg/share/mypkg/local_setup.sh
[0.150s] -- Up-to-date: /home/morita/ros2_ws/install/mypkg/share/mypkg/local_setup.zsh
[0.151s] -- Up-to-date: /home/morita/ros2_ws/install/mypkg/share/mypkg/local_setup.dsv
[0.151s] -- Installing: /home/morita/ros2_ws/install/mypkg/share/mypkg/package.dsv
[0.151s] -- Up-to-date: /home/morita/ros2_ws/install/mypkg/share/ament_index/resource_index/packages/mypkg
[0.151s] -- Up-to-date: /home/morita/ros2_ws/install/mypkg/share/mypkg/cmake/mypkgConfig.cmake
[0.151s] -- Up-to-date: /home/morita/ros2_ws/install/mypkg/share/mypkg/cmake/mypkgConfig-version.cmake
[0.151s] -- Up-to-date: /home/morita/ros2_ws/install/mypkg/share/mypkg/package.xml
[0.153s] Invoked command in '/home/morita/ros2_ws/build/mypkg' returned '0': CMAKE_PREFIX_PATH=/opt/ros/humble /usr/bin/cmake --install /home/morita/ros2_ws/build/mypkg
