[0.762s] DEBUG:colcon:Command line arguments: ['/usr/bin/colcon', 'build']
[0.762s] DEBUG:colcon:Parsed command line arguments: Namespace(log_base=None, log_level=None, verb_name='build', build_base='build', install_base='install', merge_install=False, symlink_install=False, test_result_base=None, continue_on_error=False, executor='parallel', parallel_workers=8, event_handlers=None, ignore_user_meta=False, metas=['./colcon.meta'], base_paths=['.'], packages_ignore=None, packages_ignore_regex=None, paths=None, packages_up_to=None, packages_up_to_regex=None, packages_above=None, packages_above_and_dependencies=None, packages_above_depth=None, packages_select_by_dep=None, packages_skip_by_dep=None, packages_skip_up_to=None, packages_select_build_failed=False, packages_skip_build_finished=False, packages_select_test_failures=False, packages_skip_test_passed=False, packages_select=None, packages_skip=None, packages_select_regex=None, packages_skip_regex=None, packages_start=None, packages_end=None, allow_overriding=[], cmake_args=None, cmake_target=None, cmake_target_skip_unavailable=False, cmake_clean_cache=False, cmake_clean_first=False, cmake_force_configure=False, ament_cmake_args=None, catkin_cmake_args=None, catkin_skip_building_tests=False, verb_parser=<colcon_defaults.argument_parser.defaults.DefaultArgumentsDecorator object at 0x7f12d3ad06d0>, verb_extension=<colcon_core.verb.build.BuildVerb object at 0x7f12d3ad2140>, main=<bound method BuildVerb.main of <colcon_core.verb.build.BuildVerb object at 0x7f12d3ad2140>>)
[0.798s] Level 1:colcon.colcon_core.package_discovery:discover_packages(colcon_meta) check parameters
[0.798s] Level 1:colcon.colcon_core.package_discovery:discover_packages(recursive) check parameters
[0.798s] Level 1:colcon.colcon_core.package_discovery:discover_packages(ignore) check parameters
[0.798s] Level 1:colcon.colcon_core.package_discovery:discover_packages(path) check parameters
[0.798s] Level 1:colcon.colcon_core.package_discovery:discover_packages(colcon_meta) discover
[0.798s] Level 1:colcon.colcon_core.package_discovery:discover_packages(recursive) discover
[0.799s] INFO:colcon.colcon_core.package_discovery:Crawling recursively for packages in '/home/morita/ros2_ws'
[0.799s] Level 1:colcon.colcon_core.package_identification:_identify(.) by extensions ['ignore', 'ignore_ament_install']
[0.799s] Level 1:colcon.colcon_core.package_identification:_identify(.) by extension 'ignore'
[0.799s] Level 1:colcon.colcon_core.package_identification:_identify(.) by extension 'ignore_ament_install'
[0.799s] Level 1:colcon.colcon_core.package_identification:_identify(.) by extensions ['colcon_pkg']
[0.799s] Level 1:colcon.colcon_core.package_identification:_identify(.) by extension 'colcon_pkg'
[0.799s] Level 1:colcon.colcon_core.package_identification:_identify(.) by extensions ['colcon_meta']
[0.799s] Level 1:colcon.colcon_core.package_identification:_identify(.) by extension 'colcon_meta'
[0.799s] Level 1:colcon.colcon_core.package_identification:_identify(.) by extensions ['ros']
[0.799s] Level 1:colcon.colcon_core.package_identification:_identify(.) by extension 'ros'
[0.809s] Level 1:colcon.colcon_core.package_identification:_identify(.) by extensions ['cmake', 'python']
[0.809s] Level 1:colcon.colcon_core.package_identification:_identify(.) by extension 'cmake'
[0.809s] Level 1:colcon.colcon_core.package_identification:_identify(.) by extension 'python'
[0.809s] Level 1:colcon.colcon_core.package_identification:_identify(.) by extensions ['python_setup_py']
[0.809s] Level 1:colcon.colcon_core.package_identification:_identify(.) by extension 'python_setup_py'
[0.809s] Level 1:colcon.colcon_core.package_identification:_identify(CSV) by extensions ['ignore', 'ignore_ament_install']
[0.809s] Level 1:colcon.colcon_core.package_identification:_identify(CSV) by extension 'ignore'
[0.809s] Level 1:colcon.colcon_core.package_identification:_identify(CSV) by extension 'ignore_ament_install'
[0.809s] Level 1:colcon.colcon_core.package_identification:_identify(CSV) by extensions ['colcon_pkg']
[0.809s] Level 1:colcon.colcon_core.package_identification:_identify(CSV) by extension 'colcon_pkg'
[0.810s] Level 1:colcon.colcon_core.package_identification:_identify(CSV) by extensions ['colcon_meta']
[0.810s] Level 1:colcon.colcon_core.package_identification:_identify(CSV) by extension 'colcon_meta'
[0.810s] Level 1:colcon.colcon_core.package_identification:_identify(CSV) by extensions ['ros']
[0.810s] Level 1:colcon.colcon_core.package_identification:_identify(CSV) by extension 'ros'
[0.810s] Level 1:colcon.colcon_core.package_identification:_identify(CSV) by extensions ['cmake', 'python']
[0.810s] Level 1:colcon.colcon_core.package_identification:_identify(CSV) by extension 'cmake'
[0.810s] Level 1:colcon.colcon_core.package_identification:_identify(CSV) by extension 'python'
[0.810s] Level 1:colcon.colcon_core.package_identification:_identify(CSV) by extensions ['python_setup_py']
[0.810s] Level 1:colcon.colcon_core.package_identification:_identify(CSV) by extension 'python_setup_py'
[0.810s] Level 1:colcon.colcon_core.package_identification:_identify(Memo) by extensions ['ignore', 'ignore_ament_install']
[0.810s] Level 1:colcon.colcon_core.package_identification:_identify(Memo) by extension 'ignore'
[0.810s] Level 1:colcon.colcon_core.package_identification:_identify(Memo) by extension 'ignore_ament_install'
[0.810s] Level 1:colcon.colcon_core.package_identification:_identify(Memo) by extensions ['colcon_pkg']
[0.810s] Level 1:colcon.colcon_core.package_identification:_identify(Memo) by extension 'colcon_pkg'
[0.810s] Level 1:colcon.colcon_core.package_identification:_identify(Memo) by extensions ['colcon_meta']
[0.810s] Level 1:colcon.colcon_core.package_identification:_identify(Memo) by extension 'colcon_meta'
[0.810s] Level 1:colcon.colcon_core.package_identification:_identify(Memo) by extensions ['ros']
[0.810s] Level 1:colcon.colcon_core.package_identification:_identify(Memo) by extension 'ros'
[0.810s] Level 1:colcon.colcon_core.package_identification:_identify(Memo) by extensions ['cmake', 'python']
[0.810s] Level 1:colcon.colcon_core.package_identification:_identify(Memo) by extension 'cmake'
[0.810s] Level 1:colcon.colcon_core.package_identification:_identify(Memo) by extension 'python'
[0.811s] Level 1:colcon.colcon_core.package_identification:_identify(Memo) by extensions ['python_setup_py']
[0.811s] Level 1:colcon.colcon_core.package_identification:_identify(Memo) by extension 'python_setup_py'
[0.811s] Level 1:colcon.colcon_core.package_identification:_identify(Memo/reference) by extensions ['ignore', 'ignore_ament_install']
[0.811s] Level 1:colcon.colcon_core.package_identification:_identify(Memo/reference) by extension 'ignore'
[0.811s] Level 1:colcon.colcon_core.package_identification:_identify(Memo/reference) by extension 'ignore_ament_install'
[0.811s] Level 1:colcon.colcon_core.package_identification:_identify(Memo/reference) by extensions ['colcon_pkg']
[0.811s] Level 1:colcon.colcon_core.package_identification:_identify(Memo/reference) by extension 'colcon_pkg'
[0.811s] Level 1:colcon.colcon_core.package_identification:_identify(Memo/reference) by extensions ['colcon_meta']
[0.811s] Level 1:colcon.colcon_core.package_identification:_identify(Memo/reference) by extension 'colcon_meta'
[0.811s] Level 1:colcon.colcon_core.package_identification:_identify(Memo/reference) by extensions ['ros']
[0.811s] Level 1:colcon.colcon_core.package_identification:_identify(Memo/reference) by extension 'ros'
[0.811s] Level 1:colcon.colcon_core.package_identification:_identify(Memo/reference) by extensions ['cmake', 'python']
[0.811s] Level 1:colcon.colcon_core.package_identification:_identify(Memo/reference) by extension 'cmake'
[0.811s] Level 1:colcon.colcon_core.package_identification:_identify(Memo/reference) by extension 'python'
[0.811s] Level 1:colcon.colcon_core.package_identification:_identify(Memo/reference) by extensions ['python_setup_py']
[0.811s] Level 1:colcon.colcon_core.package_identification:_identify(Memo/reference) by extension 'python_setup_py'
[0.811s] Level 1:colcon.colcon_core.package_identification:_identify(Memo/setup) by extensions ['ignore', 'ignore_ament_install']
[0.811s] Level 1:colcon.colcon_core.package_identification:_identify(Memo/setup) by extension 'ignore'
[0.811s] Level 1:colcon.colcon_core.package_identification:_identify(Memo/setup) by extension 'ignore_ament_install'
[0.811s] Level 1:colcon.colcon_core.package_identification:_identify(Memo/setup) by extensions ['colcon_pkg']
[0.811s] Level 1:colcon.colcon_core.package_identification:_identify(Memo/setup) by extension 'colcon_pkg'
[0.811s] Level 1:colcon.colcon_core.package_identification:_identify(Memo/setup) by extensions ['colcon_meta']
[0.811s] Level 1:colcon.colcon_core.package_identification:_identify(Memo/setup) by extension 'colcon_meta'
[0.811s] Level 1:colcon.colcon_core.package_identification:_identify(Memo/setup) by extensions ['ros']
[0.811s] Level 1:colcon.colcon_core.package_identification:_identify(Memo/setup) by extension 'ros'
[0.812s] Level 1:colcon.colcon_core.package_identification:_identify(Memo/setup) by extensions ['cmake', 'python']
[0.812s] Level 1:colcon.colcon_core.package_identification:_identify(Memo/setup) by extension 'cmake'
[0.812s] Level 1:colcon.colcon_core.package_identification:_identify(Memo/setup) by extension 'python'
[0.812s] Level 1:colcon.colcon_core.package_identification:_identify(Memo/setup) by extensions ['python_setup_py']
[0.812s] Level 1:colcon.colcon_core.package_identification:_identify(Memo/setup) by extension 'python_setup_py'
[0.812s] Level 1:colcon.colcon_core.package_identification:_identify(Memo/tex) by extensions ['ignore', 'ignore_ament_install']
[0.812s] Level 1:colcon.colcon_core.package_identification:_identify(Memo/tex) by extension 'ignore'
[0.812s] Level 1:colcon.colcon_core.package_identification:_identify(Memo/tex) by extension 'ignore_ament_install'
[0.812s] Level 1:colcon.colcon_core.package_identification:_identify(Memo/tex) by extensions ['colcon_pkg']
[0.812s] Level 1:colcon.colcon_core.package_identification:_identify(Memo/tex) by extension 'colcon_pkg'
[0.812s] Level 1:colcon.colcon_core.package_identification:_identify(Memo/tex) by extensions ['colcon_meta']
[0.812s] Level 1:colcon.colcon_core.package_identification:_identify(Memo/tex) by extension 'colcon_meta'
[0.812s] Level 1:colcon.colcon_core.package_identification:_identify(Memo/tex) by extensions ['ros']
[0.812s] Level 1:colcon.colcon_core.package_identification:_identify(Memo/tex) by extension 'ros'
[0.812s] Level 1:colcon.colcon_core.package_identification:_identify(Memo/tex) by extensions ['cmake', 'python']
[0.812s] Level 1:colcon.colcon_core.package_identification:_identify(Memo/tex) by extension 'cmake'
[0.812s] Level 1:colcon.colcon_core.package_identification:_identify(Memo/tex) by extension 'python'
[0.812s] Level 1:colcon.colcon_core.package_identification:_identify(Memo/tex) by extensions ['python_setup_py']
[0.812s] Level 1:colcon.colcon_core.package_identification:_identify(Memo/tex) by extension 'python_setup_py'
[0.812s] Level 1:colcon.colcon_core.package_identification:_identify(Memo/tex/adrobo_abst) by extensions ['ignore', 'ignore_ament_install']
[0.812s] Level 1:colcon.colcon_core.package_identification:_identify(Memo/tex/adrobo_abst) by extension 'ignore'
[0.812s] Level 1:colcon.colcon_core.package_identification:_identify(Memo/tex/adrobo_abst) by extension 'ignore_ament_install'
[0.812s] Level 1:colcon.colcon_core.package_identification:_identify(Memo/tex/adrobo_abst) by extensions ['colcon_pkg']
[0.812s] Level 1:colcon.colcon_core.package_identification:_identify(Memo/tex/adrobo_abst) by extension 'colcon_pkg'
[0.812s] Level 1:colcon.colcon_core.package_identification:_identify(Memo/tex/adrobo_abst) by extensions ['colcon_meta']
[0.813s] Level 1:colcon.colcon_core.package_identification:_identify(Memo/tex/adrobo_abst) by extension 'colcon_meta'
[0.813s] Level 1:colcon.colcon_core.package_identification:_identify(Memo/tex/adrobo_abst) by extensions ['ros']
[0.813s] Level 1:colcon.colcon_core.package_identification:_identify(Memo/tex/adrobo_abst) by extension 'ros'
[0.813s] Level 1:colcon.colcon_core.package_identification:_identify(Memo/tex/adrobo_abst) by extensions ['cmake', 'python']
[0.813s] Level 1:colcon.colcon_core.package_identification:_identify(Memo/tex/adrobo_abst) by extension 'cmake'
[0.813s] Level 1:colcon.colcon_core.package_identification:_identify(Memo/tex/adrobo_abst) by extension 'python'
[0.813s] Level 1:colcon.colcon_core.package_identification:_identify(Memo/tex/adrobo_abst) by extensions ['python_setup_py']
[0.813s] Level 1:colcon.colcon_core.package_identification:_identify(Memo/tex/adrobo_abst) by extension 'python_setup_py'
[0.813s] Level 1:colcon.colcon_core.package_identification:_identify(Memo/tex/adrobo_abst/fig) by extensions ['ignore', 'ignore_ament_install']
[0.813s] Level 1:colcon.colcon_core.package_identification:_identify(Memo/tex/adrobo_abst/fig) by extension 'ignore'
[0.813s] Level 1:colcon.colcon_core.package_identification:_identify(Memo/tex/adrobo_abst/fig) by extension 'ignore_ament_install'
[0.813s] Level 1:colcon.colcon_core.package_identification:_identify(Memo/tex/adrobo_abst/fig) by extensions ['colcon_pkg']
[0.813s] Level 1:colcon.colcon_core.package_identification:_identify(Memo/tex/adrobo_abst/fig) by extension 'colcon_pkg'
[0.813s] Level 1:colcon.colcon_core.package_identification:_identify(Memo/tex/adrobo_abst/fig) by extensions ['colcon_meta']
[0.813s] Level 1:colcon.colcon_core.package_identification:_identify(Memo/tex/adrobo_abst/fig) by extension 'colcon_meta'
[0.813s] Level 1:colcon.colcon_core.package_identification:_identify(Memo/tex/adrobo_abst/fig) by extensions ['ros']
[0.813s] Level 1:colcon.colcon_core.package_identification:_identify(Memo/tex/adrobo_abst/fig) by extension 'ros'
[0.813s] Level 1:colcon.colcon_core.package_identification:_identify(Memo/tex/adrobo_abst/fig) by extensions ['cmake', 'python']
[0.813s] Level 1:colcon.colcon_core.package_identification:_identify(Memo/tex/adrobo_abst/fig) by extension 'cmake'
[0.814s] Level 1:colcon.colcon_core.package_identification:_identify(Memo/tex/adrobo_abst/fig) by extension 'python'
[0.814s] Level 1:colcon.colcon_core.package_identification:_identify(Memo/tex/adrobo_abst/fig) by extensions ['python_setup_py']
[0.814s] Level 1:colcon.colcon_core.package_identification:_identify(Memo/tex/adrobo_abst/fig) by extension 'python_setup_py'
[0.814s] Level 1:colcon.colcon_core.package_identification:_identify(Memo/tex/adrobo_abst/sty) by extensions ['ignore', 'ignore_ament_install']
[0.814s] Level 1:colcon.colcon_core.package_identification:_identify(Memo/tex/adrobo_abst/sty) by extension 'ignore'
[0.814s] Level 1:colcon.colcon_core.package_identification:_identify(Memo/tex/adrobo_abst/sty) by extension 'ignore_ament_install'
[0.814s] Level 1:colcon.colcon_core.package_identification:_identify(Memo/tex/adrobo_abst/sty) by extensions ['colcon_pkg']
[0.814s] Level 1:colcon.colcon_core.package_identification:_identify(Memo/tex/adrobo_abst/sty) by extension 'colcon_pkg'
[0.814s] Level 1:colcon.colcon_core.package_identification:_identify(Memo/tex/adrobo_abst/sty) by extensions ['colcon_meta']
[0.814s] Level 1:colcon.colcon_core.package_identification:_identify(Memo/tex/adrobo_abst/sty) by extension 'colcon_meta'
[0.814s] Level 1:colcon.colcon_core.package_identification:_identify(Memo/tex/adrobo_abst/sty) by extensions ['ros']
[0.814s] Level 1:colcon.colcon_core.package_identification:_identify(Memo/tex/adrobo_abst/sty) by extension 'ros'
[0.814s] Level 1:colcon.colcon_core.package_identification:_identify(Memo/tex/adrobo_abst/sty) by extensions ['cmake', 'python']
[0.814s] Level 1:colcon.colcon_core.package_identification:_identify(Memo/tex/adrobo_abst/sty) by extension 'cmake'
[0.814s] Level 1:colcon.colcon_core.package_identification:_identify(Memo/tex/adrobo_abst/sty) by extension 'python'
[0.814s] Level 1:colcon.colcon_core.package_identification:_identify(Memo/tex/adrobo_abst/sty) by extensions ['python_setup_py']
[0.814s] Level 1:colcon.colcon_core.package_identification:_identify(Memo/tex/adrobo_abst/sty) by extension 'python_setup_py'
[0.814s] Level 1:colcon.colcon_core.package_identification:_identify(Memo/tex/adrobo_abst/word) by extensions ['ignore', 'ignore_ament_install']
[0.814s] Level 1:colcon.colcon_core.package_identification:_identify(Memo/tex/adrobo_abst/word) by extension 'ignore'
[0.814s] Level 1:colcon.colcon_core.package_identification:_identify(Memo/tex/adrobo_abst/word) by extension 'ignore_ament_install'
[0.814s] Level 1:colcon.colcon_core.package_identification:_identify(Memo/tex/adrobo_abst/word) by extensions ['colcon_pkg']
[0.814s] Level 1:colcon.colcon_core.package_identification:_identify(Memo/tex/adrobo_abst/word) by extension 'colcon_pkg'
[0.814s] Level 1:colcon.colcon_core.package_identification:_identify(Memo/tex/adrobo_abst/word) by extensions ['colcon_meta']
[0.814s] Level 1:colcon.colcon_core.package_identification:_identify(Memo/tex/adrobo_abst/word) by extension 'colcon_meta'
[0.815s] Level 1:colcon.colcon_core.package_identification:_identify(Memo/tex/adrobo_abst/word) by extensions ['ros']
[0.815s] Level 1:colcon.colcon_core.package_identification:_identify(Memo/tex/adrobo_abst/word) by extension 'ros'
[0.815s] Level 1:colcon.colcon_core.package_identification:_identify(Memo/tex/adrobo_abst/word) by extensions ['cmake', 'python']
[0.815s] Level 1:colcon.colcon_core.package_identification:_identify(Memo/tex/adrobo_abst/word) by extension 'cmake'
[0.815s] Level 1:colcon.colcon_core.package_identification:_identify(Memo/tex/adrobo_abst/word) by extension 'python'
[0.815s] Level 1:colcon.colcon_core.package_identification:_identify(Memo/tex/adrobo_abst/word) by extensions ['python_setup_py']
[0.815s] Level 1:colcon.colcon_core.package_identification:_identify(Memo/tex/adrobo_abst/word) by extension 'python_setup_py'
[0.815s] Level 1:colcon.colcon_core.package_identification:_identify(Memo/tex/img) by extensions ['ignore', 'ignore_ament_install']
[0.815s] Level 1:colcon.colcon_core.package_identification:_identify(Memo/tex/img) by extension 'ignore'
[0.815s] Level 1:colcon.colcon_core.package_identification:_identify(Memo/tex/img) by extension 'ignore_ament_install'
[0.815s] Level 1:colcon.colcon_core.package_identification:_identify(Memo/tex/img) by extensions ['colcon_pkg']
[0.815s] Level 1:colcon.colcon_core.package_identification:_identify(Memo/tex/img) by extension 'colcon_pkg'
[0.815s] Level 1:colcon.colcon_core.package_identification:_identify(Memo/tex/img) by extensions ['colcon_meta']
[0.815s] Level 1:colcon.colcon_core.package_identification:_identify(Memo/tex/img) by extension 'colcon_meta'
[0.815s] Level 1:colcon.colcon_core.package_identification:_identify(Memo/tex/img) by extensions ['ros']
[0.815s] Level 1:colcon.colcon_core.package_identification:_identify(Memo/tex/img) by extension 'ros'
[0.815s] Level 1:colcon.colcon_core.package_identification:_identify(Memo/tex/img) by extensions ['cmake', 'python']
[0.815s] Level 1:colcon.colcon_core.package_identification:_identify(Memo/tex/img) by extension 'cmake'
[0.815s] Level 1:colcon.colcon_core.package_identification:_identify(Memo/tex/img) by extension 'python'
[0.815s] Level 1:colcon.colcon_core.package_identification:_identify(Memo/tex/img) by extensions ['python_setup_py']
[0.815s] Level 1:colcon.colcon_core.package_identification:_identify(Memo/tex/img) by extension 'python_setup_py'
[0.815s] Level 1:colcon.colcon_core.package_identification:_identify(build) by extensions ['ignore', 'ignore_ament_install']
[0.815s] Level 1:colcon.colcon_core.package_identification:_identify(build) by extension 'ignore'
[0.815s] Level 1:colcon.colcon_core.package_identification:_identify(build) ignored
[0.816s] Level 1:colcon.colcon_core.package_identification:_identify(image) by extensions ['ignore', 'ignore_ament_install']
[0.816s] Level 1:colcon.colcon_core.package_identification:_identify(image) by extension 'ignore'
[0.816s] Level 1:colcon.colcon_core.package_identification:_identify(image) by extension 'ignore_ament_install'
[0.816s] Level 1:colcon.colcon_core.package_identification:_identify(image) by extensions ['colcon_pkg']
[0.816s] Level 1:colcon.colcon_core.package_identification:_identify(image) by extension 'colcon_pkg'
[0.816s] Level 1:colcon.colcon_core.package_identification:_identify(image) by extensions ['colcon_meta']
[0.816s] Level 1:colcon.colcon_core.package_identification:_identify(image) by extension 'colcon_meta'
[0.816s] Level 1:colcon.colcon_core.package_identification:_identify(image) by extensions ['ros']
[0.816s] Level 1:colcon.colcon_core.package_identification:_identify(image) by extension 'ros'
[0.816s] Level 1:colcon.colcon_core.package_identification:_identify(image) by extensions ['cmake', 'python']
[0.816s] Level 1:colcon.colcon_core.package_identification:_identify(image) by extension 'cmake'
[0.816s] Level 1:colcon.colcon_core.package_identification:_identify(image) by extension 'python'
[0.816s] Level 1:colcon.colcon_core.package_identification:_identify(image) by extensions ['python_setup_py']
[0.816s] Level 1:colcon.colcon_core.package_identification:_identify(image) by extension 'python_setup_py'
[0.817s] Level 1:colcon.colcon_core.package_identification:_identify(image/build) by extensions ['ignore', 'ignore_ament_install']
[0.817s] Level 1:colcon.colcon_core.package_identification:_identify(image/build) by extension 'ignore'
[0.817s] Level 1:colcon.colcon_core.package_identification:_identify(image/build) ignored
[0.817s] Level 1:colcon.colcon_core.package_identification:_identify(image/install) by extensions ['ignore', 'ignore_ament_install']
[0.817s] Level 1:colcon.colcon_core.package_identification:_identify(image/install) by extension 'ignore'
[0.817s] Level 1:colcon.colcon_core.package_identification:_identify(image/install) ignored
[0.817s] Level 1:colcon.colcon_core.package_identification:_identify(image/log) by extensions ['ignore', 'ignore_ament_install']
[0.817s] Level 1:colcon.colcon_core.package_identification:_identify(image/log) by extension 'ignore'
[0.817s] Level 1:colcon.colcon_core.package_identification:_identify(image/log) ignored
[0.817s] Level 1:colcon.colcon_core.package_identification:_identify(image/output) by extensions ['ignore', 'ignore_ament_install']
[0.818s] Level 1:colcon.colcon_core.package_identification:_identify(image/output) by extension 'ignore'
[0.818s] Level 1:colcon.colcon_core.package_identification:_identify(image/output) by extension 'ignore_ament_install'
[0.818s] Level 1:colcon.colcon_core.package_identification:_identify(image/output) by extensions ['colcon_pkg']
[0.818s] Level 1:colcon.colcon_core.package_identification:_identify(image/output) by extension 'colcon_pkg'
[0.818s] Level 1:colcon.colcon_core.package_identification:_identify(image/output) by extensions ['colcon_meta']
[0.818s] Level 1:colcon.colcon_core.package_identification:_identify(image/output) by extension 'colcon_meta'
[0.818s] Level 1:colcon.colcon_core.package_identification:_identify(image/output) by extensions ['ros']
[0.818s] Level 1:colcon.colcon_core.package_identification:_identify(image/output) by extension 'ros'
[0.818s] Level 1:colcon.colcon_core.package_identification:_identify(image/output) by extensions ['cmake', 'python']
[0.818s] Level 1:colcon.colcon_core.package_identification:_identify(image/output) by extension 'cmake'
[0.818s] Level 1:colcon.colcon_core.package_identification:_identify(image/output) by extension 'python'
[0.818s] Level 1:colcon.colcon_core.package_identification:_identify(image/output) by extensions ['python_setup_py']
[0.818s] Level 1:colcon.colcon_core.package_identification:_identify(image/output) by extension 'python_setup_py'
[0.818s] Level 1:colcon.colcon_core.package_identification:_identify(image/output/mypkg) by extensions ['ignore', 'ignore_ament_install']
[0.818s] Level 1:colcon.colcon_core.package_identification:_identify(image/output/mypkg) by extension 'ignore'
[0.818s] Level 1:colcon.colcon_core.package_identification:_identify(image/output/mypkg) by extension 'ignore_ament_install'
[0.818s] Level 1:colcon.colcon_core.package_identification:_identify(image/output/mypkg) by extensions ['colcon_pkg']
[0.818s] Level 1:colcon.colcon_core.package_identification:_identify(image/output/mypkg) by extension 'colcon_pkg'
[0.818s] Level 1:colcon.colcon_core.package_identification:_identify(image/output/mypkg) by extensions ['colcon_meta']
[0.818s] Level 1:colcon.colcon_core.package_identification:_identify(image/output/mypkg) by extension 'colcon_meta'
[0.818s] Level 1:colcon.colcon_core.package_identification:_identify(image/output/mypkg) by extensions ['ros']
[0.818s] Level 1:colcon.colcon_core.package_identification:_identify(image/output/mypkg) by extension 'ros'
[0.818s] Level 1:colcon.colcon_core.package_identification:_identify(image/output/mypkg) by extensions ['cmake', 'python']
[0.818s] Level 1:colcon.colcon_core.package_identification:_identify(image/output/mypkg) by extension 'cmake'
[0.819s] Level 1:colcon.colcon_core.package_identification:_identify(image/output/mypkg) by extension 'python'
[0.819s] Level 1:colcon.colcon_core.package_identification:_identify(image/output/mypkg) by extensions ['python_setup_py']
[0.819s] Level 1:colcon.colcon_core.package_identification:_identify(image/output/mypkg) by extension 'python_setup_py'
[0.819s] Level 1:colcon.colcon_core.package_identification:_identify(image/output/simple_drawing) by extensions ['ignore', 'ignore_ament_install']
[0.819s] Level 1:colcon.colcon_core.package_identification:_identify(image/output/simple_drawing) by extension 'ignore'
[0.819s] Level 1:colcon.colcon_core.package_identification:_identify(image/output/simple_drawing) by extension 'ignore_ament_install'
[0.819s] Level 1:colcon.colcon_core.package_identification:_identify(image/output/simple_drawing) by extensions ['colcon_pkg']
[0.819s] Level 1:colcon.colcon_core.package_identification:_identify(image/output/simple_drawing) by extension 'colcon_pkg'
[0.819s] Level 1:colcon.colcon_core.package_identification:_identify(image/output/simple_drawing) by extensions ['colcon_meta']
[0.819s] Level 1:colcon.colcon_core.package_identification:_identify(image/output/simple_drawing) by extension 'colcon_meta'
[0.819s] Level 1:colcon.colcon_core.package_identification:_identify(image/output/simple_drawing) by extensions ['ros']
[0.819s] Level 1:colcon.colcon_core.package_identification:_identify(image/output/simple_drawing) by extension 'ros'
[0.819s] Level 1:colcon.colcon_core.package_identification:_identify(image/output/simple_drawing) by extensions ['cmake', 'python']
[0.819s] Level 1:colcon.colcon_core.package_identification:_identify(image/output/simple_drawing) by extension 'cmake'
[0.819s] Level 1:colcon.colcon_core.package_identification:_identify(image/output/simple_drawing) by extension 'python'
[0.819s] Level 1:colcon.colcon_core.package_identification:_identify(image/output/simple_drawing) by extensions ['python_setup_py']
[0.819s] Level 1:colcon.colcon_core.package_identification:_identify(image/output/simple_drawing) by extension 'python_setup_py'
[0.819s] Level 1:colcon.colcon_core.package_identification:_identify(install) by extensions ['ignore', 'ignore_ament_install']
[0.819s] Level 1:colcon.colcon_core.package_identification:_identify(install) by extension 'ignore'
[0.819s] Level 1:colcon.colcon_core.package_identification:_identify(install) ignored
[0.819s] Level 1:colcon.colcon_core.package_identification:_identify(log) by extensions ['ignore', 'ignore_ament_install']
[0.819s] Level 1:colcon.colcon_core.package_identification:_identify(log) by extension 'ignore'
[0.820s] Level 1:colcon.colcon_core.package_identification:_identify(log) ignored
[0.820s] Level 1:colcon.colcon_core.package_identification:_identify(output) by extensions ['ignore', 'ignore_ament_install']
[0.820s] Level 1:colcon.colcon_core.package_identification:_identify(output) by extension 'ignore'
[0.820s] Level 1:colcon.colcon_core.package_identification:_identify(output) by extension 'ignore_ament_install'
[0.820s] Level 1:colcon.colcon_core.package_identification:_identify(output) by extensions ['colcon_pkg']
[0.820s] Level 1:colcon.colcon_core.package_identification:_identify(output) by extension 'colcon_pkg'
[0.820s] Level 1:colcon.colcon_core.package_identification:_identify(output) by extensions ['colcon_meta']
[0.820s] Level 1:colcon.colcon_core.package_identification:_identify(output) by extension 'colcon_meta'
[0.820s] Level 1:colcon.colcon_core.package_identification:_identify(output) by extensions ['ros']
[0.820s] Level 1:colcon.colcon_core.package_identification:_identify(output) by extension 'ros'
[0.820s] Level 1:colcon.colcon_core.package_identification:_identify(output) by extensions ['cmake', 'python']
[0.820s] Level 1:colcon.colcon_core.package_identification:_identify(output) by extension 'cmake'
[0.820s] Level 1:colcon.colcon_core.package_identification:_identify(output) by extension 'python'
[0.820s] Level 1:colcon.colcon_core.package_identification:_identify(output) by extensions ['python_setup_py']
[0.820s] Level 1:colcon.colcon_core.package_identification:_identify(output) by extension 'python_setup_py'
[0.820s] Level 1:colcon.colcon_core.package_identification:_identify(output/route) by extensions ['ignore', 'ignore_ament_install']
[0.820s] Level 1:colcon.colcon_core.package_identification:_identify(output/route) by extension 'ignore'
[0.820s] Level 1:colcon.colcon_core.package_identification:_identify(output/route) by extension 'ignore_ament_install'
[0.820s] Level 1:colcon.colcon_core.package_identification:_identify(output/route) by extensions ['colcon_pkg']
[0.820s] Level 1:colcon.colcon_core.package_identification:_identify(output/route) by extension 'colcon_pkg'
[0.820s] Level 1:colcon.colcon_core.package_identification:_identify(output/route) by extensions ['colcon_meta']
[0.820s] Level 1:colcon.colcon_core.package_identification:_identify(output/route) by extension 'colcon_meta'
[0.820s] Level 1:colcon.colcon_core.package_identification:_identify(output/route) by extensions ['ros']
[0.820s] Level 1:colcon.colcon_core.package_identification:_identify(output/route) by extension 'ros'
[0.821s] Level 1:colcon.colcon_core.package_identification:_identify(output/route) by extensions ['cmake', 'python']
[0.821s] Level 1:colcon.colcon_core.package_identification:_identify(output/route) by extension 'cmake'
[0.821s] Level 1:colcon.colcon_core.package_identification:_identify(output/route) by extension 'python'
[0.821s] Level 1:colcon.colcon_core.package_identification:_identify(output/route) by extensions ['python_setup_py']
[0.821s] Level 1:colcon.colcon_core.package_identification:_identify(output/route) by extension 'python_setup_py'
[0.821s] Level 1:colcon.colcon_core.package_identification:_identify(scripts) by extensions ['ignore', 'ignore_ament_install']
[0.821s] Level 1:colcon.colcon_core.package_identification:_identify(scripts) by extension 'ignore'
[0.821s] Level 1:colcon.colcon_core.package_identification:_identify(scripts) by extension 'ignore_ament_install'
[0.821s] Level 1:colcon.colcon_core.package_identification:_identify(scripts) by extensions ['colcon_pkg']
[0.821s] Level 1:colcon.colcon_core.package_identification:_identify(scripts) by extension 'colcon_pkg'
[0.821s] Level 1:colcon.colcon_core.package_identification:_identify(scripts) by extensions ['colcon_meta']
[0.821s] Level 1:colcon.colcon_core.package_identification:_identify(scripts) by extension 'colcon_meta'
[0.821s] Level 1:colcon.colcon_core.package_identification:_identify(scripts) by extensions ['ros']
[0.821s] Level 1:colcon.colcon_core.package_identification:_identify(scripts) by extension 'ros'
[0.821s] Level 1:colcon.colcon_core.package_identification:_identify(scripts) by extensions ['cmake', 'python']
[0.821s] Level 1:colcon.colcon_core.package_identification:_identify(scripts) by extension 'cmake'
[0.821s] Level 1:colcon.colcon_core.package_identification:_identify(scripts) by extension 'python'
[0.821s] Level 1:colcon.colcon_core.package_identification:_identify(scripts) by extensions ['python_setup_py']
[0.821s] Level 1:colcon.colcon_core.package_identification:_identify(scripts) by extension 'python_setup_py'
[0.821s] Level 1:colcon.colcon_core.package_identification:_identify(scripts/tmp_code) by extensions ['ignore', 'ignore_ament_install']
[0.821s] Level 1:colcon.colcon_core.package_identification:_identify(scripts/tmp_code) by extension 'ignore'
[0.821s] Level 1:colcon.colcon_core.package_identification:_identify(scripts/tmp_code) by extension 'ignore_ament_install'
[0.821s] Level 1:colcon.colcon_core.package_identification:_identify(scripts/tmp_code) by extensions ['colcon_pkg']
[0.821s] Level 1:colcon.colcon_core.package_identification:_identify(scripts/tmp_code) by extension 'colcon_pkg'
[0.822s] Level 1:colcon.colcon_core.package_identification:_identify(scripts/tmp_code) by extensions ['colcon_meta']
[0.822s] Level 1:colcon.colcon_core.package_identification:_identify(scripts/tmp_code) by extension 'colcon_meta'
[0.822s] Level 1:colcon.colcon_core.package_identification:_identify(scripts/tmp_code) by extensions ['ros']
[0.822s] Level 1:colcon.colcon_core.package_identification:_identify(scripts/tmp_code) by extension 'ros'
[0.822s] Level 1:colcon.colcon_core.package_identification:_identify(scripts/tmp_code) by extensions ['cmake', 'python']
[0.822s] Level 1:colcon.colcon_core.package_identification:_identify(scripts/tmp_code) by extension 'cmake'
[0.822s] Level 1:colcon.colcon_core.package_identification:_identify(scripts/tmp_code) by extension 'python'
[0.822s] Level 1:colcon.colcon_core.package_identification:_identify(scripts/tmp_code) by extensions ['python_setup_py']
[0.822s] Level 1:colcon.colcon_core.package_identification:_identify(scripts/tmp_code) by extension 'python_setup_py'
[0.822s] Level 1:colcon.colcon_core.package_identification:_identify(src) by extensions ['ignore', 'ignore_ament_install']
[0.822s] Level 1:colcon.colcon_core.package_identification:_identify(src) by extension 'ignore'
[0.822s] Level 1:colcon.colcon_core.package_identification:_identify(src) by extension 'ignore_ament_install'
[0.822s] Level 1:colcon.colcon_core.package_identification:_identify(src) by extensions ['colcon_pkg']
[0.822s] Level 1:colcon.colcon_core.package_identification:_identify(src) by extension 'colcon_pkg'
[0.822s] Level 1:colcon.colcon_core.package_identification:_identify(src) by extensions ['colcon_meta']
[0.822s] Level 1:colcon.colcon_core.package_identification:_identify(src) by extension 'colcon_meta'
[0.822s] Level 1:colcon.colcon_core.package_identification:_identify(src) by extensions ['ros']
[0.822s] Level 1:colcon.colcon_core.package_identification:_identify(src) by extension 'ros'
[0.822s] Level 1:colcon.colcon_core.package_identification:_identify(src) by extensions ['cmake', 'python']
[0.822s] Level 1:colcon.colcon_core.package_identification:_identify(src) by extension 'cmake'
[0.822s] Level 1:colcon.colcon_core.package_identification:_identify(src) by extension 'python'
[0.822s] Level 1:colcon.colcon_core.package_identification:_identify(src) by extensions ['python_setup_py']
[0.822s] Level 1:colcon.colcon_core.package_identification:_identify(src) by extension 'python_setup_py'
[0.822s] Level 1:colcon.colcon_core.package_identification:_identify(src/improved) by extensions ['ignore', 'ignore_ament_install']
[0.822s] Level 1:colcon.colcon_core.package_identification:_identify(src/improved) by extension 'ignore'
[0.823s] Level 1:colcon.colcon_core.package_identification:_identify(src/improved) by extension 'ignore_ament_install'
[0.823s] Level 1:colcon.colcon_core.package_identification:_identify(src/improved) by extensions ['colcon_pkg']
[0.823s] Level 1:colcon.colcon_core.package_identification:_identify(src/improved) by extension 'colcon_pkg'
[0.823s] Level 1:colcon.colcon_core.package_identification:_identify(src/improved) by extensions ['colcon_meta']
[0.823s] Level 1:colcon.colcon_core.package_identification:_identify(src/improved) by extension 'colcon_meta'
[0.823s] Level 1:colcon.colcon_core.package_identification:_identify(src/improved) by extensions ['ros']
[0.823s] Level 1:colcon.colcon_core.package_identification:_identify(src/improved) by extension 'ros'
[0.825s] DEBUG:colcon.colcon_core.package_identification:Package 'src/improved' with type 'ros.ament_cmake' and name 'improved'
[0.825s] Level 1:colcon.colcon_core.package_identification:_identify(src/mypkg) by extensions ['ignore', 'ignore_ament_install']
[0.825s] Level 1:colcon.colcon_core.package_identification:_identify(src/mypkg) by extension 'ignore'
[0.825s] Level 1:colcon.colcon_core.package_identification:_identify(src/mypkg) by extension 'ignore_ament_install'
[0.825s] Level 1:colcon.colcon_core.package_identification:_identify(src/mypkg) by extensions ['colcon_pkg']
[0.825s] Level 1:colcon.colcon_core.package_identification:_identify(src/mypkg) by extension 'colcon_pkg'
[0.825s] Level 1:colcon.colcon_core.package_identification:_identify(src/mypkg) by extensions ['colcon_meta']
[0.825s] Level 1:colcon.colcon_core.package_identification:_identify(src/mypkg) by extension 'colcon_meta'
[0.825s] Level 1:colcon.colcon_core.package_identification:_identify(src/mypkg) by extensions ['ros']
[0.826s] Level 1:colcon.colcon_core.package_identification:_identify(src/mypkg) by extension 'ros'
[0.826s] DEBUG:colcon.colcon_core.package_identification:Package 'src/mypkg' with type 'ros.ament_cmake' and name 'mypkg'
[0.827s] Level 1:colcon.colcon_core.package_identification:_identify(src/rectagletest) by extensions ['ignore', 'ignore_ament_install']
[0.827s] Level 1:colcon.colcon_core.package_identification:_identify(src/rectagletest) by extension 'ignore'
[0.827s] Level 1:colcon.colcon_core.package_identification:_identify(src/rectagletest) by extension 'ignore_ament_install'
[0.827s] Level 1:colcon.colcon_core.package_identification:_identify(src/rectagletest) by extensions ['colcon_pkg']
[0.827s] Level 1:colcon.colcon_core.package_identification:_identify(src/rectagletest) by extension 'colcon_pkg'
[0.827s] Level 1:colcon.colcon_core.package_identification:_identify(src/rectagletest) by extensions ['colcon_meta']
[0.827s] Level 1:colcon.colcon_core.package_identification:_identify(src/rectagletest) by extension 'colcon_meta'
[0.827s] Level 1:colcon.colcon_core.package_identification:_identify(src/rectagletest) by extensions ['ros']
[0.827s] Level 1:colcon.colcon_core.package_identification:_identify(src/rectagletest) by extension 'ros'
[0.827s] DEBUG:colcon.colcon_core.package_identification:Package 'src/rectagletest' with type 'ros.ament_cmake' and name 'rectagletest'
[0.828s] Level 1:colcon.colcon_core.package_discovery:discover_packages(recursive) using defaults
[0.828s] Level 1:colcon.colcon_core.package_discovery:discover_packages(ignore) discover
[0.828s] Level 1:colcon.colcon_core.package_discovery:discover_packages(ignore) using defaults
[0.828s] Level 1:colcon.colcon_core.package_discovery:discover_packages(path) discover
[0.828s] Level 1:colcon.colcon_core.package_discovery:discover_packages(path) using defaults
[0.900s] Level 1:colcon.colcon_core.package_discovery:discover_packages(prefix_path) check parameters
[0.900s] Level 1:colcon.colcon_core.package_discovery:discover_packages(prefix_path) discover
[0.922s] DEBUG:colcon.colcon_installed_package_information.package_discovery:Found 3 installed packages in /home/morita/ros2_ws/install
[0.933s] DEBUG:colcon.colcon_installed_package_information.package_discovery:Found 270 installed packages in /opt/ros/humble
[0.934s] Level 1:colcon.colcon_core.package_discovery:discover_packages(prefix_path) using defaults
[1.005s] Level 5:colcon.colcon_core.verb:set package 'improved' build argument 'cmake_args' from command line to 'None'
[1.005s] Level 5:colcon.colcon_core.verb:set package 'improved' build argument 'cmake_target' from command line to 'None'
[1.005s] Level 5:colcon.colcon_core.verb:set package 'improved' build argument 'cmake_target_skip_unavailable' from command line to 'False'
[1.005s] Level 5:colcon.colcon_core.verb:set package 'improved' build argument 'cmake_clean_cache' from command line to 'False'
[1.005s] Level 5:colcon.colcon_core.verb:set package 'improved' build argument 'cmake_clean_first' from command line to 'False'
[1.005s] Level 5:colcon.colcon_core.verb:set package 'improved' build argument 'cmake_force_configure' from command line to 'False'
[1.005s] Level 5:colcon.colcon_core.verb:set package 'improved' build argument 'ament_cmake_args' from command line to 'None'
[1.005s] Level 5:colcon.colcon_core.verb:set package 'improved' build argument 'catkin_cmake_args' from command line to 'None'
[1.005s] Level 5:colcon.colcon_core.verb:set package 'improved' build argument 'catkin_skip_building_tests' from command line to 'False'
[1.005s] DEBUG:colcon.colcon_core.verb:Building package 'improved' with the following arguments: {'ament_cmake_args': None, 'build_base': '/home/morita/ros2_ws/build/improved', 'catkin_cmake_args': None, 'catkin_skip_building_tests': False, 'cmake_args': None, 'cmake_clean_cache': False, 'cmake_clean_first': False, 'cmake_force_configure': False, 'cmake_target': None, 'cmake_target_skip_unavailable': False, 'install_base': '/home/morita/ros2_ws/install/improved', 'merge_install': False, 'path': '/home/morita/ros2_ws/src/improved', 'symlink_install': False, 'test_result_base': None}
[1.016s] Level 5:colcon.colcon_core.verb:set package 'mypkg' build argument 'cmake_args' from command line to 'None'
[1.016s] Level 5:colcon.colcon_core.verb:set package 'mypkg' build argument 'cmake_target' from command line to 'None'
[1.016s] Level 5:colcon.colcon_core.verb:set package 'mypkg' build argument 'cmake_target_skip_unavailable' from command line to 'False'
[1.016s] Level 5:colcon.colcon_core.verb:set package 'mypkg' build argument 'cmake_clean_cache' from command line to 'False'
[1.016s] Level 5:colcon.colcon_core.verb:set package 'mypkg' build argument 'cmake_clean_first' from command line to 'False'
[1.016s] Level 5:colcon.colcon_core.verb:set package 'mypkg' build argument 'cmake_force_configure' from command line to 'False'
[1.016s] Level 5:colcon.colcon_core.verb:set package 'mypkg' build argument 'ament_cmake_args' from command line to 'None'
[1.016s] Level 5:colcon.colcon_core.verb:set package 'mypkg' build argument 'catkin_cmake_args' from command line to 'None'
[1.016s] Level 5:colcon.colcon_core.verb:set package 'mypkg' build argument 'catkin_skip_building_tests' from command line to 'False'
[1.016s] DEBUG:colcon.colcon_core.verb:Building package 'mypkg' with the following arguments: {'ament_cmake_args': None, 'build_base': '/home/morita/ros2_ws/build/mypkg', 'catkin_cmake_args': None, 'catkin_skip_building_tests': False, 'cmake_args': None, 'cmake_clean_cache': False, 'cmake_clean_first': False, 'cmake_force_configure': False, 'cmake_target': None, 'cmake_target_skip_unavailable': False, 'install_base': '/home/morita/ros2_ws/install/mypkg', 'merge_install': False, 'path': '/home/morita/ros2_ws/src/mypkg', 'symlink_install': False, 'test_result_base': None}
[1.026s] Level 5:colcon.colcon_core.verb:set package 'rectagletest' build argument 'cmake_args' from command line to 'None'
[1.026s] Level 5:colcon.colcon_core.verb:set package 'rectagletest' build argument 'cmake_target' from command line to 'None'
[1.026s] Level 5:colcon.colcon_core.verb:set package 'rectagletest' build argument 'cmake_target_skip_unavailable' from command line to 'False'
[1.026s] Level 5:colcon.colcon_core.verb:set package 'rectagletest' build argument 'cmake_clean_cache' from command line to 'False'
[1.026s] Level 5:colcon.colcon_core.verb:set package 'rectagletest' build argument 'cmake_clean_first' from command line to 'False'
[1.026s] Level 5:colcon.colcon_core.verb:set package 'rectagletest' build argument 'cmake_force_configure' from command line to 'False'
[1.026s] Level 5:colcon.colcon_core.verb:set package 'rectagletest' build argument 'ament_cmake_args' from command line to 'None'
[1.026s] Level 5:colcon.colcon_core.verb:set package 'rectagletest' build argument 'catkin_cmake_args' from command line to 'None'
[1.026s] Level 5:colcon.colcon_core.verb:set package 'rectagletest' build argument 'catkin_skip_building_tests' from command line to 'False'
[1.026s] DEBUG:colcon.colcon_core.verb:Building package 'rectagletest' with the following arguments: {'ament_cmake_args': None, 'build_base': '/home/morita/ros2_ws/build/rectagletest', 'catkin_cmake_args': None, 'catkin_skip_building_tests': False, 'cmake_args': None, 'cmake_clean_cache': False, 'cmake_clean_first': False, 'cmake_force_configure': False, 'cmake_target': None, 'cmake_target_skip_unavailable': False, 'install_base': '/home/morita/ros2_ws/install/rectagletest', 'merge_install': False, 'path': '/home/morita/ros2_ws/src/rectagletest', 'symlink_install': False, 'test_result_base': None}
[1.037s] INFO:colcon.colcon_core.executor:Executing jobs using 'parallel' executor
[1.051s] DEBUG:colcon.colcon_parallel_executor.executor.parallel:run_until_complete
[1.052s] INFO:colcon.colcon_ros.task.ament_cmake.build:Building ROS package in '/home/morita/ros2_ws/src/improved' with build type 'ament_cmake'
[1.052s] INFO:colcon.colcon_cmake.task.cmake.build:Building CMake package in '/home/morita/ros2_ws/src/improved'
[1.064s] INFO:colcon.colcon_core.plugin_system:Skipping extension 'colcon_core.shell.bat': Not used on non-Windows systems
[1.065s] INFO:colcon.colcon_core.shell:Skip shell extension 'powershell' for command environment: Not usable outside of PowerShell
[1.065s] DEBUG:colcon.colcon_core.shell:Skip shell extension 'dsv' for command environment
[1.102s] INFO:colcon.colcon_ros.task.ament_cmake.build:Building ROS package in '/home/morita/ros2_ws/src/mypkg' with build type 'ament_cmake'
[1.102s] INFO:colcon.colcon_cmake.task.cmake.build:Building CMake package in '/home/morita/ros2_ws/src/mypkg'
[1.115s] INFO:colcon.colcon_core.shell:Skip shell extension 'powershell' for command environment: Not usable outside of PowerShell
[1.115s] DEBUG:colcon.colcon_core.shell:Skip shell extension 'dsv' for command environment
[1.151s] INFO:colcon.colcon_ros.task.ament_cmake.build:Building ROS package in '/home/morita/ros2_ws/src/rectagletest' with build type 'ament_cmake'
[1.151s] INFO:colcon.colcon_cmake.task.cmake.build:Building CMake package in '/home/morita/ros2_ws/src/rectagletest'
[1.163s] INFO:colcon.colcon_core.shell:Skip shell extension 'powershell' for command environment: Not usable outside of PowerShell
[1.163s] DEBUG:colcon.colcon_core.shell:Skip shell extension 'dsv' for command environment
[1.204s] DEBUG:colcon.colcon_core.event_handler.log_command:Invoking command in '/home/morita/ros2_ws/build/improved': CMAKE_PREFIX_PATH=${CMAKE_PREFIX_PATH}:/opt/ros/humble /usr/bin/cmake --build /home/morita/ros2_ws/build/improved -- -j8 -l8
[1.207s] DEBUG:colcon.colcon_core.event_handler.log_command:Invoking command in '/home/morita/ros2_ws/build/mypkg': CMAKE_PREFIX_PATH=${CMAKE_PREFIX_PATH}:/opt/ros/humble /usr/bin/cmake --build /home/morita/ros2_ws/build/mypkg -- -j8 -l8
[1.213s] DEBUG:colcon.colcon_core.event_handler.log_command:Invoking command in '/home/morita/ros2_ws/build/rectagletest': CMAKE_PREFIX_PATH=${CMAKE_PREFIX_PATH}:/opt/ros/humble /usr/bin/cmake --build /home/morita/ros2_ws/build/rectagletest -- -j8 -l8
[1.266s] DEBUG:colcon.colcon_core.event_handler.log_command:Invoked command in '/home/morita/ros2_ws/build/improved' returned '0': CMAKE_PREFIX_PATH=${CMAKE_PREFIX_PATH}:/opt/ros/humble /usr/bin/cmake --build /home/morita/ros2_ws/build/improved -- -j8 -l8
[1.270s] DEBUG:colcon.colcon_core.event_handler.log_command:Invoked command in '/home/morita/ros2_ws/build/mypkg' returned '0': CMAKE_PREFIX_PATH=${CMAKE_PREFIX_PATH}:/opt/ros/humble /usr/bin/cmake --build /home/morita/ros2_ws/build/mypkg -- -j8 -l8
[1.297s] DEBUG:colcon.colcon_core.event_handler.log_command:Invoking command in '/home/morita/ros2_ws/build/improved': CMAKE_PREFIX_PATH=${CMAKE_PREFIX_PATH}:/opt/ros/humble /usr/bin/cmake --install /home/morita/ros2_ws/build/improved
[1.300s] DEBUG:colcon.colcon_core.event_handler.log_command:Invoking command in '/home/morita/ros2_ws/build/mypkg': CMAKE_PREFIX_PATH=${CMAKE_PREFIX_PATH}:/opt/ros/humble /usr/bin/cmake --install /home/morita/ros2_ws/build/mypkg
[1.307s] Level 1:colcon.colcon_core.environment:create_environment_scripts_only(improved)
[1.308s] DEBUG:colcon.colcon_core.event_handler.log_command:Invoked command in '/home/morita/ros2_ws/build/improved' returned '0': CMAKE_PREFIX_PATH=${CMAKE_PREFIX_PATH}:/opt/ros/humble /usr/bin/cmake --install /home/morita/ros2_ws/build/improved
[1.324s] Level 1:colcon.colcon_core.environment:checking '/home/morita/ros2_ws/install/improved' for CMake module files
[1.325s] Level 1:colcon.colcon_core.environment:checking '/home/morita/ros2_ws/install/improved' for CMake config files
[1.325s] Level 1:colcon.colcon_core.shell:create_environment_hook('improved', 'cmake_prefix_path')
[1.337s] INFO:colcon.colcon_core.shell:Creating environment hook '/home/morita/ros2_ws/install/improved/share/improved/hook/cmake_prefix_path.ps1'
[1.337s] INFO:colcon.colcon_core.shell:Creating environment descriptor '/home/morita/ros2_ws/install/improved/share/improved/hook/cmake_prefix_path.dsv'
[1.338s] INFO:colcon.colcon_core.shell:Creating environment hook '/home/morita/ros2_ws/install/improved/share/improved/hook/cmake_prefix_path.sh'
[1.338s] Level 1:colcon.colcon_core.environment:checking '/home/morita/ros2_ws/install/improved/lib'
[1.339s] Level 1:colcon.colcon_core.environment:checking '/home/morita/ros2_ws/install/improved/bin'
[1.339s] Level 1:colcon.colcon_core.environment:checking '/home/morita/ros2_ws/install/improved/lib/pkgconfig/improved.pc'
[1.339s] Level 1:colcon.colcon_core.environment:checking '/home/morita/ros2_ws/install/improved/lib/python3.10/site-packages'
[1.339s] Level 1:colcon.colcon_core.environment:checking '/home/morita/ros2_ws/install/improved/bin'
[1.351s] INFO:colcon.colcon_core.shell:Creating package script '/home/morita/ros2_ws/install/improved/share/improved/package.ps1'
[1.351s] INFO:colcon.colcon_core.shell:Creating package descriptor '/home/morita/ros2_ws/install/improved/share/improved/package.dsv'
[1.352s] INFO:colcon.colcon_core.shell:Creating package script '/home/morita/ros2_ws/install/improved/share/improved/package.sh'
[1.353s] INFO:colcon.colcon_core.shell:Creating package script '/home/morita/ros2_ws/install/improved/share/improved/package.bash'
[1.353s] INFO:colcon.colcon_core.shell:Creating package script '/home/morita/ros2_ws/install/improved/share/improved/package.zsh'
[1.354s] Level 1:colcon.colcon_core.environment:create_file_with_runtime_dependencies(/home/morita/ros2_ws/install/improved/share/colcon-core/packages/improved)
[1.356s] Level 1:colcon.colcon_core.environment:create_environment_scripts_only(mypkg)
[1.357s] DEBUG:colcon.colcon_core.event_handler.log_command:Invoked command in '/home/morita/ros2_ws/build/mypkg' returned '0': CMAKE_PREFIX_PATH=${CMAKE_PREFIX_PATH}:/opt/ros/humble /usr/bin/cmake --install /home/morita/ros2_ws/build/mypkg
[1.372s] Level 1:colcon.colcon_core.environment:checking '/home/morita/ros2_ws/install/mypkg' for CMake module files
[1.372s] Level 1:colcon.colcon_core.environment:checking '/home/morita/ros2_ws/install/mypkg' for CMake config files
[1.372s] Level 1:colcon.colcon_core.shell:create_environment_hook('mypkg', 'cmake_prefix_path')
[1.387s] INFO:colcon.colcon_core.shell:Creating environment hook '/home/morita/ros2_ws/install/mypkg/share/mypkg/hook/cmake_prefix_path.ps1'
[1.387s] INFO:colcon.colcon_core.shell:Creating environment descriptor '/home/morita/ros2_ws/install/mypkg/share/mypkg/hook/cmake_prefix_path.dsv'
[1.387s] INFO:colcon.colcon_core.shell:Creating environment hook '/home/morita/ros2_ws/install/mypkg/share/mypkg/hook/cmake_prefix_path.sh'
[1.388s] Level 1:colcon.colcon_core.environment:checking '/home/morita/ros2_ws/install/mypkg/lib'
[1.388s] Level 1:colcon.colcon_core.environment:checking '/home/morita/ros2_ws/install/mypkg/bin'
[1.388s] Level 1:colcon.colcon_core.environment:checking '/home/morita/ros2_ws/install/mypkg/lib/pkgconfig/mypkg.pc'
[1.388s] Level 1:colcon.colcon_core.environment:checking '/home/morita/ros2_ws/install/mypkg/lib/python3.10/site-packages'
[1.388s] Level 1:colcon.colcon_core.environment:checking '/home/morita/ros2_ws/install/mypkg/bin'
[1.400s] INFO:colcon.colcon_core.shell:Creating package script '/home/morita/ros2_ws/install/mypkg/share/mypkg/package.ps1'
[1.401s] INFO:colcon.colcon_core.shell:Creating package descriptor '/home/morita/ros2_ws/install/mypkg/share/mypkg/package.dsv'
[1.401s] INFO:colcon.colcon_core.shell:Creating package script '/home/morita/ros2_ws/install/mypkg/share/mypkg/package.sh'
[1.402s] INFO:colcon.colcon_core.shell:Creating package script '/home/morita/ros2_ws/install/mypkg/share/mypkg/package.bash'
[1.402s] INFO:colcon.colcon_core.shell:Creating package script '/home/morita/ros2_ws/install/mypkg/share/mypkg/package.zsh'
[1.402s] Level 1:colcon.colcon_core.environment:create_file_with_runtime_dependencies(/home/morita/ros2_ws/install/mypkg/share/colcon-core/packages/mypkg)
[1.418s] Level 1:colcon.colcon_core.environment:create_environment_scripts_only(improved)
[1.432s] Level 1:colcon.colcon_core.environment:checking '/home/morita/ros2_ws/install/improved' for CMake module files
[1.432s] Level 1:colcon.colcon_core.environment:checking '/home/morita/ros2_ws/install/improved' for CMake config files
[1.432s] Level 1:colcon.colcon_core.shell:create_environment_hook('improved', 'cmake_prefix_path')
[1.444s] INFO:colcon.colcon_core.shell:Creating environment hook '/home/morita/ros2_ws/install/improved/share/improved/hook/cmake_prefix_path.ps1'
[1.444s] INFO:colcon.colcon_core.shell:Creating environment descriptor '/home/morita/ros2_ws/install/improved/share/improved/hook/cmake_prefix_path.dsv'
[1.444s] INFO:colcon.colcon_core.shell:Creating environment hook '/home/morita/ros2_ws/install/improved/share/improved/hook/cmake_prefix_path.sh'
[1.445s] Level 1:colcon.colcon_core.environment:checking '/home/morita/ros2_ws/install/improved/lib'
[1.445s] Level 1:colcon.colcon_core.environment:checking '/home/morita/ros2_ws/install/improved/bin'
[1.445s] Level 1:colcon.colcon_core.environment:checking '/home/morita/ros2_ws/install/improved/lib/pkgconfig/improved.pc'
[1.445s] Level 1:colcon.colcon_core.environment:checking '/home/morita/ros2_ws/install/improved/lib/python3.10/site-packages'
[1.445s] Level 1:colcon.colcon_core.environment:checking '/home/morita/ros2_ws/install/improved/bin'
[1.458s] INFO:colcon.colcon_core.shell:Creating package script '/home/morita/ros2_ws/install/improved/share/improved/package.ps1'
[1.458s] INFO:colcon.colcon_core.shell:Creating package descriptor '/home/morita/ros2_ws/install/improved/share/improved/package.dsv'
[1.459s] INFO:colcon.colcon_core.shell:Creating package script '/home/morita/ros2_ws/install/improved/share/improved/package.sh'
[1.459s] INFO:colcon.colcon_core.shell:Creating package script '/home/morita/ros2_ws/install/improved/share/improved/package.bash'
[1.460s] INFO:colcon.colcon_core.shell:Creating package script '/home/morita/ros2_ws/install/improved/share/improved/package.zsh'
[1.460s] Level 1:colcon.colcon_core.environment:create_file_with_runtime_dependencies(/home/morita/ros2_ws/install/improved/share/colcon-core/packages/improved)
[1.475s] Level 1:colcon.colcon_core.environment:create_environment_scripts_only(mypkg)
[1.488s] Level 1:colcon.colcon_core.environment:checking '/home/morita/ros2_ws/install/mypkg' for CMake module files
[1.488s] Level 1:colcon.colcon_core.environment:checking '/home/morita/ros2_ws/install/mypkg' for CMake config files
[1.488s] Level 1:colcon.colcon_core.shell:create_environment_hook('mypkg', 'cmake_prefix_path')
[1.515s] INFO:colcon.colcon_core.shell:Creating environment hook '/home/morita/ros2_ws/install/mypkg/share/mypkg/hook/cmake_prefix_path.ps1'
[1.515s] INFO:colcon.colcon_core.shell:Creating environment descriptor '/home/morita/ros2_ws/install/mypkg/share/mypkg/hook/cmake_prefix_path.dsv'
[1.515s] INFO:colcon.colcon_core.shell:Creating environment hook '/home/morita/ros2_ws/install/mypkg/share/mypkg/hook/cmake_prefix_path.sh'
[1.516s] Level 1:colcon.colcon_core.environment:checking '/home/morita/ros2_ws/install/mypkg/lib'
[1.516s] Level 1:colcon.colcon_core.environment:checking '/home/morita/ros2_ws/install/mypkg/bin'
[1.516s] Level 1:colcon.colcon_core.environment:checking '/home/morita/ros2_ws/install/mypkg/lib/pkgconfig/mypkg.pc'
[1.516s] Level 1:colcon.colcon_core.environment:checking '/home/morita/ros2_ws/install/mypkg/lib/python3.10/site-packages'
[1.516s] Level 1:colcon.colcon_core.environment:checking '/home/morita/ros2_ws/install/mypkg/bin'
[1.530s] INFO:colcon.colcon_core.shell:Creating package script '/home/morita/ros2_ws/install/mypkg/share/mypkg/package.ps1'
[1.531s] INFO:colcon.colcon_core.shell:Creating package descriptor '/home/morita/ros2_ws/install/mypkg/share/mypkg/package.dsv'
[1.531s] INFO:colcon.colcon_core.shell:Creating package script '/home/morita/ros2_ws/install/mypkg/share/mypkg/package.sh'
[1.532s] INFO:colcon.colcon_core.shell:Creating package script '/home/morita/ros2_ws/install/mypkg/share/mypkg/package.bash'
[1.532s] INFO:colcon.colcon_core.shell:Creating package script '/home/morita/ros2_ws/install/mypkg/share/mypkg/package.zsh'
[1.532s] Level 1:colcon.colcon_core.environment:create_file_with_runtime_dependencies(/home/morita/ros2_ws/install/mypkg/share/colcon-core/packages/mypkg)
[5.668s] DEBUG:colcon.colcon_core.event_handler.log_command:Invoked command in '/home/morita/ros2_ws/build/rectagletest' returned '0': CMAKE_PREFIX_PATH=${CMAKE_PREFIX_PATH}:/opt/ros/humble /usr/bin/cmake --build /home/morita/ros2_ws/build/rectagletest -- -j8 -l8
[5.691s] DEBUG:colcon.colcon_core.event_handler.log_command:Invoking command in '/home/morita/ros2_ws/build/rectagletest': CMAKE_PREFIX_PATH=${CMAKE_PREFIX_PATH}:/opt/ros/humble /usr/bin/cmake --install /home/morita/ros2_ws/build/rectagletest
[5.700s] Level 1:colcon.colcon_core.environment:create_environment_scripts_only(rectagletest)
[5.701s] DEBUG:colcon.colcon_core.event_handler.log_command:Invoked command in '/home/morita/ros2_ws/build/rectagletest' returned '0': CMAKE_PREFIX_PATH=${CMAKE_PREFIX_PATH}:/opt/ros/humble /usr/bin/cmake --install /home/morita/ros2_ws/build/rectagletest
[5.716s] Level 1:colcon.colcon_core.environment:checking '/home/morita/ros2_ws/install/rectagletest' for CMake module files
[5.716s] Level 1:colcon.colcon_core.environment:checking '/home/morita/ros2_ws/install/rectagletest' for CMake config files
[5.716s] Level 1:colcon.colcon_core.shell:create_environment_hook('rectagletest', 'cmake_prefix_path')
[5.730s] INFO:colcon.colcon_core.shell:Creating environment hook '/home/morita/ros2_ws/install/rectagletest/share/rectagletest/hook/cmake_prefix_path.ps1'
[5.730s] INFO:colcon.colcon_core.shell:Creating environment descriptor '/home/morita/ros2_ws/install/rectagletest/share/rectagletest/hook/cmake_prefix_path.dsv'
[5.730s] INFO:colcon.colcon_core.shell:Creating environment hook '/home/morita/ros2_ws/install/rectagletest/share/rectagletest/hook/cmake_prefix_path.sh'
[5.731s] Level 1:colcon.colcon_core.environment:checking '/home/morita/ros2_ws/install/rectagletest/lib'
[5.731s] Level 1:colcon.colcon_core.environment:checking '/home/morita/ros2_ws/install/rectagletest/bin'
[5.731s] Level 1:colcon.colcon_core.environment:checking '/home/morita/ros2_ws/install/rectagletest/lib/pkgconfig/rectagletest.pc'
[5.731s] Level 1:colcon.colcon_core.environment:checking '/home/morita/ros2_ws/install/rectagletest/lib/python3.10/site-packages'
[5.732s] Level 1:colcon.colcon_core.environment:checking '/home/morita/ros2_ws/install/rectagletest/bin'
[5.745s] INFO:colcon.colcon_core.shell:Creating package script '/home/morita/ros2_ws/install/rectagletest/share/rectagletest/package.ps1'
[5.745s] INFO:colcon.colcon_core.shell:Creating package descriptor '/home/morita/ros2_ws/install/rectagletest/share/rectagletest/package.dsv'
[5.746s] INFO:colcon.colcon_core.shell:Creating package script '/home/morita/ros2_ws/install/rectagletest/share/rectagletest/package.sh'
[5.746s] INFO:colcon.colcon_core.shell:Creating package script '/home/morita/ros2_ws/install/rectagletest/share/rectagletest/package.bash'
[5.746s] INFO:colcon.colcon_core.shell:Creating package script '/home/morita/ros2_ws/install/rectagletest/share/rectagletest/package.zsh'
[5.746s] Level 1:colcon.colcon_core.environment:create_file_with_runtime_dependencies(/home/morita/ros2_ws/install/rectagletest/share/colcon-core/packages/rectagletest)
[5.779s] Level 1:colcon.colcon_core.environment:create_environment_scripts_only(rectagletest)
[5.793s] Level 1:colcon.colcon_core.environment:checking '/home/morita/ros2_ws/install/rectagletest' for CMake module files
[5.793s] Level 1:colcon.colcon_core.environment:checking '/home/morita/ros2_ws/install/rectagletest' for CMake config files
[5.794s] Level 1:colcon.colcon_core.shell:create_environment_hook('rectagletest', 'cmake_prefix_path')
[5.807s] INFO:colcon.colcon_core.shell:Creating environment hook '/home/morita/ros2_ws/install/rectagletest/share/rectagletest/hook/cmake_prefix_path.ps1'
[5.807s] INFO:colcon.colcon_core.shell:Creating environment descriptor '/home/morita/ros2_ws/install/rectagletest/share/rectagletest/hook/cmake_prefix_path.dsv'
[5.807s] INFO:colcon.colcon_core.shell:Creating environment hook '/home/morita/ros2_ws/install/rectagletest/share/rectagletest/hook/cmake_prefix_path.sh'
[5.808s] Level 1:colcon.colcon_core.environment:checking '/home/morita/ros2_ws/install/rectagletest/lib'
[5.808s] Level 1:colcon.colcon_core.environment:checking '/home/morita/ros2_ws/install/rectagletest/bin'
[5.808s] Level 1:colcon.colcon_core.environment:checking '/home/morita/ros2_ws/install/rectagletest/lib/pkgconfig/rectagletest.pc'
[5.808s] Level 1:colcon.colcon_core.environment:checking '/home/morita/ros2_ws/install/rectagletest/lib/python3.10/site-packages'
[5.808s] Level 1:colcon.colcon_core.environment:checking '/home/morita/ros2_ws/install/rectagletest/bin'
[5.821s] INFO:colcon.colcon_core.shell:Creating package script '/home/morita/ros2_ws/install/rectagletest/share/rectagletest/package.ps1'
[5.822s] INFO:colcon.colcon_core.shell:Creating package descriptor '/home/morita/ros2_ws/install/rectagletest/share/rectagletest/package.dsv'
[5.822s] INFO:colcon.colcon_core.shell:Creating package script '/home/morita/ros2_ws/install/rectagletest/share/rectagletest/package.sh'
[5.823s] INFO:colcon.colcon_core.shell:Creating package script '/home/morita/ros2_ws/install/rectagletest/share/rectagletest/package.bash'
[5.823s] INFO:colcon.colcon_core.shell:Creating package script '/home/morita/ros2_ws/install/rectagletest/share/rectagletest/package.zsh'
[5.823s] Level 1:colcon.colcon_core.environment:create_file_with_runtime_dependencies(/home/morita/ros2_ws/install/rectagletest/share/colcon-core/packages/rectagletest)
[5.824s] DEBUG:colcon.colcon_parallel_executor.executor.parallel:closing loop
[5.824s] DEBUG:colcon.colcon_parallel_executor.executor.parallel:loop closed
[5.824s] DEBUG:colcon.colcon_parallel_executor.executor.parallel:run_until_complete finished with '0'
[5.824s] DEBUG:colcon.colcon_core.event_reactor:joining thread
[5.842s] INFO:colcon.colcon_core.plugin_system:Skipping extension 'colcon_notification.desktop_notification.terminal_notifier': Not used on non-Darwin systems
[5.842s] INFO:colcon.colcon_core.plugin_system:Skipping extension 'colcon_notification.desktop_notification.win32': Not used on non-Windows systems
[5.843s] INFO:colcon.colcon_notification.desktop_notification:Sending desktop notification using 'notify2'
[5.854s] DEBUG:colcon.colcon_core.event_reactor:joined thread
[5.870s] INFO:colcon.colcon_core.shell:Creating prefix script '/home/morita/ros2_ws/install/local_setup.ps1'
[5.871s] INFO:colcon.colcon_core.shell:Creating prefix util module '/home/morita/ros2_ws/install/_local_setup_util_ps1.py'
[5.872s] INFO:colcon.colcon_core.shell:Creating prefix chain script '/home/morita/ros2_ws/install/setup.ps1'
[5.888s] INFO:colcon.colcon_core.shell:Creating prefix script '/home/morita/ros2_ws/install/local_setup.sh'
[5.889s] INFO:colcon.colcon_core.shell:Creating prefix util module '/home/morita/ros2_ws/install/_local_setup_util_sh.py'
[5.889s] INFO:colcon.colcon_core.shell:Creating prefix chain script '/home/morita/ros2_ws/install/setup.sh'
[5.905s] INFO:colcon.colcon_core.shell:Creating prefix script '/home/morita/ros2_ws/install/local_setup.bash'
[5.905s] INFO:colcon.colcon_core.shell:Creating prefix chain script '/home/morita/ros2_ws/install/setup.bash'
[5.921s] INFO:colcon.colcon_core.shell:Creating prefix script '/home/morita/ros2_ws/install/local_setup.zsh'
[5.921s] INFO:colcon.colcon_core.shell:Creating prefix chain script '/home/morita/ros2_ws/install/setup.zsh'
