[0.022s] Invoking command in '/home/hiromasa/ros2_ws/build/mypkg': CMAKE_PREFIX_PATH=/opt/ros/humble /usr/bin/cmake --build /home/hiromasa/ros2_ws/build/mypkg -- -j8 -l8
[0.121s] [35m[1mConsolidate compiler generated dependencies of target mypkg[0m
[0.161s] [ 50%] [32mBuilding CXX object CMakeFiles/mypkg.dir/src/mypkg.cpp.o[0m
[4.671s] [100%] [32m[1mLinking CXX executable mypkg[0m
[5.244s] [100%] Built target mypkg
[5.256s] Invoked command in '/home/hiromasa/ros2_ws/build/mypkg' returned '0': CMAKE_PREFIX_PATH=/opt/ros/humble /usr/bin/cmake --build /home/hiromasa/ros2_ws/build/mypkg -- -j8 -l8
[5.281s] Invoking command in '/home/hiromasa/ros2_ws/build/mypkg': CMAKE_PREFIX_PATH=/opt/ros/humble /usr/bin/cmake --install /home/hiromasa/ros2_ws/build/mypkg
[5.289s] -- Install configuration: ""
[5.290s] -- Installing: /home/hiromasa/ros2_ws/install/mypkg/lib/mypkg/mypkg
[5.291s] -- Set runtime path of "/home/hiromasa/ros2_ws/install/mypkg/lib/mypkg/mypkg" to ""
[5.292s] -- Up-to-date: /home/hiromasa/ros2_ws/install/mypkg/share/ament_index/resource_index/package_run_dependencies/mypkg
[5.292s] -- Up-to-date: /home/hiromasa/ros2_ws/install/mypkg/share/ament_index/resource_index/parent_prefix_path/mypkg
[5.292s] -- Up-to-date: /home/hiromasa/ros2_ws/install/mypkg/share/mypkg/environment/ament_prefix_path.sh
[5.292s] -- Up-to-date: /home/hiromasa/ros2_ws/install/mypkg/share/mypkg/environment/ament_prefix_path.dsv
[5.293s] -- Up-to-date: /home/hiromasa/ros2_ws/install/mypkg/share/mypkg/environment/path.sh
[5.293s] -- Up-to-date: /home/hiromasa/ros2_ws/install/mypkg/share/mypkg/environment/path.dsv
[5.293s] -- Up-to-date: /home/hiromasa/ros2_ws/install/mypkg/share/mypkg/local_setup.bash
[5.293s] -- Up-to-date: /home/hiromasa/ros2_ws/install/mypkg/share/mypkg/local_setup.sh
[5.293s] -- Up-to-date: /home/hiromasa/ros2_ws/install/mypkg/share/mypkg/local_setup.zsh
[5.293s] -- Up-to-date: /home/hiromasa/ros2_ws/install/mypkg/share/mypkg/local_setup.dsv
[5.293s] -- Installing: /home/hiromasa/ros2_ws/install/mypkg/share/mypkg/package.dsv
[5.293s] -- Up-to-date: /home/hiromasa/ros2_ws/install/mypkg/share/ament_index/resource_index/packages/mypkg
[5.293s] -- Up-to-date: /home/hiromasa/ros2_ws/install/mypkg/share/mypkg/cmake/mypkgConfig.cmake
[5.293s] -- Up-to-date: /home/hiromasa/ros2_ws/install/mypkg/share/mypkg/cmake/mypkgConfig-version.cmake
[5.294s] -- Up-to-date: /home/hiromasa/ros2_ws/install/mypkg/share/mypkg/package.xml
[5.295s] Invoked command in '/home/hiromasa/ros2_ws/build/mypkg' returned '0': CMAKE_PREFIX_PATH=/opt/ros/humble /usr/bin/cmake --install /home/hiromasa/ros2_ws/build/mypkg
