[35m[1mConsolidate compiler generated dependencies of target robotvision_2023[0m
[100%] Built target robotvision_2023
-- Install configuration: ""
-- Installing: /home/hiromasa/ros2_ws/install/robotvision_2023/lib/robotvision_2023/robotvision_2023
-- Set runtime path of "/home/hiromasa/ros2_ws/install/robotvision_2023/lib/robotvision_2023/robotvision_2023" to ""
-- Up-to-date: /home/hiromasa/ros2_ws/install/robotvision_2023/share/ament_index/resource_index/package_run_dependencies/robotvision_2023
-- Up-to-date: /home/hiromasa/ros2_ws/install/robotvision_2023/share/ament_index/resource_index/parent_prefix_path/robotvision_2023
-- Up-to-date: /home/hiromasa/ros2_ws/install/robotvision_2023/share/robotvision_2023/environment/ament_prefix_path.sh
-- Up-to-date: /home/hiromasa/ros2_ws/install/robotvision_2023/share/robotvision_2023/environment/ament_prefix_path.dsv
-- Up-to-date: /home/hiromasa/ros2_ws/install/robotvision_2023/share/robotvision_2023/environment/path.sh
-- Up-to-date: /home/hiromasa/ros2_ws/install/robotvision_2023/share/robotvision_2023/environment/path.dsv
-- Up-to-date: /home/hiromasa/ros2_ws/install/robotvision_2023/share/robotvision_2023/local_setup.bash
-- Up-to-date: /home/hiromasa/ros2_ws/install/robotvision_2023/share/robotvision_2023/local_setup.sh
-- Up-to-date: /home/hiromasa/ros2_ws/install/robotvision_2023/share/robotvision_2023/local_setup.zsh
-- Up-to-date: /home/hiromasa/ros2_ws/install/robotvision_2023/share/robotvision_2023/local_setup.dsv
-- Installing: /home/hiromasa/ros2_ws/install/robotvision_2023/share/robotvision_2023/package.dsv
-- Up-to-date: /home/hiromasa/ros2_ws/install/robotvision_2023/share/ament_index/resource_index/packages/robotvision_2023
-- Up-to-date: /home/hiromasa/ros2_ws/install/robotvision_2023/share/robotvision_2023/cmake/robotvision_2023Config.cmake
-- Up-to-date: /home/hiromasa/ros2_ws/install/robotvision_2023/share/robotvision_2023/cmake/robotvision_2023Config-version.cmake
-- Up-to-date: /home/hiromasa/ros2_ws/install/robotvision_2023/share/robotvision_2023/package.xml
