[0.128s] Invoking command in '/home/morita/ros2_ws/build/mypkg': CMAKE_PREFIX_PATH=/opt/ros/humble /usr/bin/cmake --build /home/morita/ros2_ws/build/mypkg -- -j8 -l8
[0.165s] [35m[1mConsolidate compiler generated dependencies of target mypkg[0m
[0.183s] [ 50%] [32mBuilding CXX object CMakeFiles/mypkg.dir/src/mypkg.cpp.o[0m
[4.288s] [100%] [32m[1mLinking CXX executable mypkg[0m
[4.764s] [100%] Built target mypkg
[4.776s] Invoked command in '/home/morita/ros2_ws/build/mypkg' returned '0': CMAKE_PREFIX_PATH=/opt/ros/humble /usr/bin/cmake --build /home/morita/ros2_ws/build/mypkg -- -j8 -l8
[4.799s] Invoking command in '/home/morita/ros2_ws/build/mypkg': CMAKE_PREFIX_PATH=/opt/ros/humble /usr/bin/cmake --install /home/morita/ros2_ws/build/mypkg
[4.806s] -- Install configuration: ""
[4.807s] -- Installing: /home/morita/ros2_ws/install/mypkg/lib/mypkg/mypkg
[4.807s] -- Set runtime path of "/home/morita/ros2_ws/install/mypkg/lib/mypkg/mypkg" to ""
[4.808s] -- Up-to-date: /home/morita/ros2_ws/install/mypkg/share/ament_index/resource_index/package_run_dependencies/mypkg
[4.808s] -- Up-to-date: /home/morita/ros2_ws/install/mypkg/share/ament_index/resource_index/parent_prefix_path/mypkg
[4.809s] -- Up-to-date: /home/morita/ros2_ws/install/mypkg/share/mypkg/environment/ament_prefix_path.sh
[4.809s] -- Up-to-date: /home/morita/ros2_ws/install/mypkg/share/mypkg/environment/ament_prefix_path.dsv
[4.809s] -- Up-to-date: /home/morita/ros2_ws/install/mypkg/share/mypkg/environment/path.sh
[4.809s] -- Up-to-date: /home/morita/ros2_ws/install/mypkg/share/mypkg/environment/path.dsv
[4.809s] -- Up-to-date: /home/morita/ros2_ws/install/mypkg/share/mypkg/local_setup.bash
[4.809s] -- Up-to-date: /home/morita/ros2_ws/install/mypkg/share/mypkg/local_setup.sh
[4.809s] -- Up-to-date: /home/morita/ros2_ws/install/mypkg/share/mypkg/local_setup.zsh
[4.809s] -- Up-to-date: /home/morita/ros2_ws/install/mypkg/share/mypkg/local_setup.dsv
[4.809s] -- Installing: /home/morita/ros2_ws/install/mypkg/share/mypkg/package.dsv
[4.809s] -- Up-to-date: /home/morita/ros2_ws/install/mypkg/share/ament_index/resource_index/packages/mypkg
[4.809s] -- Up-to-date: /home/morita/ros2_ws/install/mypkg/share/mypkg/cmake/mypkgConfig.cmake
[4.810s] -- Up-to-date: /home/morita/ros2_ws/install/mypkg/share/mypkg/cmake/mypkgConfig-version.cmake
[4.810s] -- Up-to-date: /home/morita/ros2_ws/install/mypkg/share/mypkg/package.xml
[4.811s] Invoked command in '/home/morita/ros2_ws/build/mypkg' returned '0': CMAKE_PREFIX_PATH=/opt/ros/humble /usr/bin/cmake --install /home/morita/ros2_ws/build/mypkg
