[0.082s] Invoking command in '/home/morita/ros2_ws/build/improved': CMAKE_PREFIX_PATH=/opt/ros/humble /usr/bin/cmake --build /home/morita/ros2_ws/build/improved -- -j8 -l8
[0.108s] -- Found ament_cmake: 1.3.6 (/opt/ros/humble/share/ament_cmake/cmake)
[0.244s] -- Found rclcpp: 16.0.7 (/opt/ros/humble/share/rclcpp/cmake)
[0.272s] -- Found rosidl_generator_c: 3.1.5 (/opt/ros/humble/share/rosidl_generator_c/cmake)
[0.275s] -- Found rosidl_adapter: 3.1.5 (/opt/ros/humble/share/rosidl_adapter/cmake)
[0.280s] -- Found rosidl_generator_cpp: 3.1.5 (/opt/ros/humble/share/rosidl_generator_cpp/cmake)
[0.291s] -- Using all available rosidl_typesupport_c: rosidl_typesupport_fastrtps_c;rosidl_typesupport_introspection_c
[0.305s] -- Using all available rosidl_typesupport_cpp: rosidl_typesupport_fastrtps_cpp;rosidl_typesupport_introspection_cpp
[0.362s] -- Found rmw_implementation_cmake: 6.1.1 (/opt/ros/humble/share/rmw_implementation_cmake/cmake)
[0.363s] -- Found rmw_fastrtps_cpp: 6.2.5 (/opt/ros/humble/share/rmw_fastrtps_cpp/cmake)
[0.463s] -- Using RMW implementation 'rmw_fastrtps_cpp' as default
[0.617s] -- Found sensor_msgs: 4.2.3 (/opt/ros/humble/share/sensor_msgs/cmake)
[0.745s] -- Found image_transport: 3.1.7 (/opt/ros/humble/share/image_transport/cmake)
[0.780s] -- Found cv_bridge: 3.2.1 (/opt/ros/humble/share/cv_bridge/cmake)
[0.790s] -- Found ament_lint_auto: 0.12.9 (/opt/ros/humble/share/ament_lint_auto/cmake)
[0.856s] -- Added test 'cppcheck' to perform static code analysis on C / C++ code
[0.857s] -- Configured cppcheck include dirs: 
[0.857s] -- Configured cppcheck exclude dirs and/or files: 
[0.857s] -- Added test 'lint_cmake' to check CMake code style
[0.857s] -- Added test 'uncrustify' to check C / C++ code style
[0.858s] -- Configured uncrustify additional arguments: 
[0.858s] -- Added test 'xmllint' to check XML markup files
[0.859s] -- Configuring done
[0.874s] -- Generating done
[0.876s] -- Build files have been written to: /home/morita/ros2_ws/build/improved
[0.901s] [35m[1mConsolidate compiler generated dependencies of target improved[0m
[0.919s] [ 50%] [32mBuilding CXX object CMakeFiles/improved.dir/src/improved.cpp.o[0m
[5.092s] [100%] [32m[1mLinking CXX executable improved[0m
[5.530s] [100%] Built target improved
[5.545s] Invoked command in '/home/morita/ros2_ws/build/improved' returned '0': CMAKE_PREFIX_PATH=/opt/ros/humble /usr/bin/cmake --build /home/morita/ros2_ws/build/improved -- -j8 -l8
[5.583s] Invoking command in '/home/morita/ros2_ws/build/improved': CMAKE_PREFIX_PATH=/opt/ros/humble /usr/bin/cmake --install /home/morita/ros2_ws/build/improved
[5.591s] -- Install configuration: ""
[5.591s] -- Installing: /home/morita/ros2_ws/install/improved/lib/improved/improved
[5.592s] -- Set runtime path of "/home/morita/ros2_ws/install/improved/lib/improved/improved" to ""
[5.592s] -- Up-to-date: /home/morita/ros2_ws/install/improved/share/ament_index/resource_index/package_run_dependencies/improved
[5.592s] -- Up-to-date: /home/morita/ros2_ws/install/improved/share/ament_index/resource_index/parent_prefix_path/improved
[5.592s] -- Installing: /home/morita/ros2_ws/install/improved/share/improved/environment/ament_prefix_path.sh
[5.592s] -- Installing: /home/morita/ros2_ws/install/improved/share/improved/environment/ament_prefix_path.dsv
[5.592s] -- Installing: /home/morita/ros2_ws/install/improved/share/improved/environment/path.sh
[5.592s] -- Installing: /home/morita/ros2_ws/install/improved/share/improved/environment/path.dsv
[5.592s] -- Up-to-date: /home/morita/ros2_ws/install/improved/share/improved/local_setup.bash
[5.593s] -- Up-to-date: /home/morita/ros2_ws/install/improved/share/improved/local_setup.sh
[5.593s] -- Up-to-date: /home/morita/ros2_ws/install/improved/share/improved/local_setup.zsh
[5.593s] -- Installing: /home/morita/ros2_ws/install/improved/share/improved/local_setup.dsv
[5.593s] -- Installing: /home/morita/ros2_ws/install/improved/share/improved/package.dsv
[5.593s] -- Up-to-date: /home/morita/ros2_ws/install/improved/share/ament_index/resource_index/packages/improved
[5.593s] -- Up-to-date: /home/morita/ros2_ws/install/improved/share/improved/cmake/improvedConfig.cmake
[5.593s] -- Up-to-date: /home/morita/ros2_ws/install/improved/share/improved/cmake/improvedConfig-version.cmake
[5.593s] -- Up-to-date: /home/morita/ros2_ws/install/improved/share/improved/package.xml
[5.594s] Invoked command in '/home/morita/ros2_ws/build/improved' returned '0': CMAKE_PREFIX_PATH=/opt/ros/humble /usr/bin/cmake --install /home/morita/ros2_ws/build/improved
