[0.084s] Invoking command in '/home/morita/ros2_ws/build/improved': CMAKE_PREFIX_PATH=/opt/ros/humble /usr/bin/cmake --build /home/morita/ros2_ws/build/improved -- -j8 -l8
[0.121s] [35m[1mConsolidate compiler generated dependencies of target improved[0m
[0.137s] [ 50%] [32mBuilding CXX object CMakeFiles/improved.dir/src/improved.cpp.o[0m
[4.262s] [100%] [32m[1mLinking CXX executable improved[0m
[4.751s] [100%] Built target improved
[4.764s] Invoked command in '/home/morita/ros2_ws/build/improved' returned '0': CMAKE_PREFIX_PATH=/opt/ros/humble /usr/bin/cmake --build /home/morita/ros2_ws/build/improved -- -j8 -l8
[4.788s] Invoking command in '/home/morita/ros2_ws/build/improved': CMAKE_PREFIX_PATH=/opt/ros/humble /usr/bin/cmake --install /home/morita/ros2_ws/build/improved
[4.796s] -- Install configuration: ""
[4.796s] -- Installing: /home/morita/ros2_ws/install/improved/lib/improved/improved
[4.797s] -- Set runtime path of "/home/morita/ros2_ws/install/improved/lib/improved/improved" to ""
[4.797s] -- Up-to-date: /home/morita/ros2_ws/install/improved/share/ament_index/resource_index/package_run_dependencies/improved
[4.798s] -- Up-to-date: /home/morita/ros2_ws/install/improved/share/ament_index/resource_index/parent_prefix_path/improved
[4.798s] -- Up-to-date: /home/morita/ros2_ws/install/improved/share/improved/environment/ament_prefix_path.sh
[4.798s] -- Up-to-date: /home/morita/ros2_ws/install/improved/share/improved/environment/ament_prefix_path.dsv
[4.798s] -- Up-to-date: /home/morita/ros2_ws/install/improved/share/improved/environment/path.sh
[4.798s] -- Up-to-date: /home/morita/ros2_ws/install/improved/share/improved/environment/path.dsv
[4.798s] -- Up-to-date: /home/morita/ros2_ws/install/improved/share/improved/local_setup.bash
[4.798s] -- Up-to-date: /home/morita/ros2_ws/install/improved/share/improved/local_setup.sh
[4.798s] -- Up-to-date: /home/morita/ros2_ws/install/improved/share/improved/local_setup.zsh
[4.798s] -- Up-to-date: /home/morita/ros2_ws/install/improved/share/improved/local_setup.dsv
[4.798s] -- Installing: /home/morita/ros2_ws/install/improved/share/improved/package.dsv
[4.798s] -- Up-to-date: /home/morita/ros2_ws/install/improved/share/ament_index/resource_index/packages/improved
[4.799s] -- Up-to-date: /home/morita/ros2_ws/install/improved/share/improved/cmake/improvedConfig.cmake
[4.799s] -- Up-to-date: /home/morita/ros2_ws/install/improved/share/improved/cmake/improvedConfig-version.cmake
[4.799s] -- Up-to-date: /home/morita/ros2_ws/install/improved/share/improved/package.xml
[4.801s] Invoked command in '/home/morita/ros2_ws/build/improved' returned '0': CMAKE_PREFIX_PATH=/opt/ros/humble /usr/bin/cmake --install /home/morita/ros2_ws/build/improved
